I0404 10:48:41.701620 11848 caffe_double.cpp:211] Use CPU.
I0404 10:48:41.702165 11848 solver.cpp:44] Initializing solver from parameters: 
test_iter: 100
test_interval: 600
base_lr: 0.1
display: 600
max_iter: 18000
lr_policy: "inv"
gamma: 0.0001
power: 0.75
momentum: 0.9
solver_mode: CPU
net_param {
  name: "LeNet"
  layer {
    name: "mnist"
    type: "Data"
    top: "data"
    top: "label"
    include {
      phase: TRAIN
    }
    transform_param {
      scale: 0.00390625
    }
    data_param {
      source: "data/mnist_train_lmdb"
      batch_size: 100
      backend: LMDB
    }
  }
  layer {
    name: "mnist"
    type: "Data"
    top: "data"
    top: "label"
    include {
      phase: TEST
    }
    transform_param {
      scale: 0.00390625
    }
    data_param {
      source: "data/mnist_test_lmdb"
      batch_size: 100
      backend: LMDB
    }
  }
  layer {
    name: "ip1"
    type: "InnerProduct"
    bottom: "data"
    top: "ip1"
    inner_product_param {
      num_output: 1000
      weight_filler {
        type: "gaussian"
        mean: 0
        std: 0.01
      }
    }
    bias_param {
      filler {
        value: 0
      }
    }
    fixed_precision: true
    precision {
      enter: 0
      fraccio: 10
      rounding: "stochastic"
    }
  }
  layer {
    name: "relu1"
    type: "ReLU"
    bottom: "ip1"
    top: "ip1"
    fixed_precision: true
    precision {
      enter: 0
      fraccio: 10
      rounding: "stochastic"
    }
  }
  layer {
    name: "ip2"
    type: "InnerProduct"
    bottom: "ip1"
    top: "ip2"
    inner_product_param {
      num_output: 1000
      weight_filler {
        type: "gaussian"
        mean: 0
        std: 0.01
      }
    }
    bias_param {
      filler {
        value: 0
      }
    }
    fixed_precision: true
    precision {
      enter: 0
      fraccio: 10
      rounding: "stochastic"
    }
  }
  layer {
    name: "relu2"
    type: "ReLU"
    bottom: "ip2"
    top: "ip2"
    bias_param {
      filler {
        value: 0
      }
    }
    fixed_precision: true
    precision {
      enter: 0
      fraccio: 10
      rounding: "stochastic"
    }
  }
  layer {
    name: "ip3"
    type: "InnerProduct"
    bottom: "ip2"
    top: "ip3"
    inner_product_param {
      num_output: 10
      weight_filler {
        type: "gaussian"
        mean: 0
        std: 0.01
      }
    }
    bias_param {
      filler {
        value: 0
      }
    }
    fixed_precision: true
    precision {
      enter: 0
      fraccio: 10
      rounding: "stochastic"
    }
  }
  layer {
    name: "accuracy"
    type: "Accuracy"
    bottom: "ip3"
    bottom: "label"
    top: "accuracy"
  }
  layer {
    name: "loss"
    type: "SoftmaxWithLoss"
    bottom: "ip3"
    bottom: "label"
    top: "loss"
    fixed_precision: true
    precision {
      enter: 0
      fraccio: 10
      rounding: "stochastic"
    }
  }
}
train_state {
  level: 0
  stage: ""
}
fixed_precision: true
precision {
  enter: 1
  fraccio: 10
  rounding: "stochastic"
}
I0404 10:48:41.702226 11848 solver.cpp:82] Creating training net specified in net_param.
I0404 10:48:41.702286 11848 net.cpp:294] The NetState phase (0) differed from the phase (1) specified by a rule in layer mnist
I0404 10:48:41.702453 11848 net.cpp:51] Initializing net from parameters: 
name: "LeNet"
state {
  phase: TRAIN
  level: 0
  stage: ""
}
layer {
  name: "mnist"
  type: "Data"
  top: "data"
  top: "label"
  include {
    phase: TRAIN
  }
  transform_param {
    scale: 0.00390625
  }
  data_param {
    source: "data/mnist_train_lmdb"
    batch_size: 100
    backend: LMDB
  }
}
layer {
  name: "ip1"
  type: "InnerProduct"
  bottom: "data"
  top: "ip1"
  inner_product_param {
    num_output: 1000
    weight_filler {
      type: "gaussian"
      mean: 0
      std: 0.01
    }
  }
  bias_param {
    filler {
      value: 0
    }
  }
  fixed_precision: true
  precision {
    enter: 0
    fraccio: 10
    rounding: "stochastic"
  }
}
layer {
  name: "relu1"
  type: "ReLU"
  bottom: "ip1"
  top: "ip1"
  fixed_precision: true
  precision {
    enter: 0
    fraccio: 10
    rounding: "stochastic"
  }
}
layer {
  name: "ip2"
  type: "InnerProduct"
  bottom: "ip1"
  top: "ip2"
  inner_product_param {
    num_output: 1000
    weight_filler {
      type: "gaussian"
      mean: 0
      std: 0.01
    }
  }
  bias_param {
    filler {
      value: 0
    }
  }
  fixed_precision: true
  precision {
    enter: 0
    fraccio: 10
    rounding: "stochastic"
  }
}
layer {
  name: "relu2"
  type: "ReLU"
  bottom: "ip2"
  top: "ip2"
  bias_param {
    filler {
      value: 0
    }
  }
  fixed_precision: true
  precision {
    enter: 0
    fraccio: 10
    rounding: "stochastic"
  }
}
layer {
  name: "ip3"
  type: "InnerProduct"
  bottom: "ip2"
  top: "ip3"
  inner_product_param {
    num_output: 10
    weight_filler {
      type: "gaussian"
      mean: 0
      std: 0.01
    }
  }
  bias_param {
    filler {
      value: 0
    }
  }
  fixed_precision: true
  precision {
    enter: 0
    fraccio: 10
    rounding: "stochastic"
  }
}
layer {
  name: "accuracy"
  type: "Accuracy"
  bottom: "ip3"
  bottom: "label"
  top: "accuracy"
}
layer {
  name: "loss"
  type: "SoftmaxWithLoss"
  bottom: "ip3"
  bottom: "label"
  top: "loss"
  fixed_precision: true
  precision {
    enter: 0
    fraccio: 10
    rounding: "stochastic"
  }
}
I0404 10:48:41.702579 11848 layer_factory.hpp:77] Creating layer mnist
I0404 10:48:41.702695 11848 db_lmdb.cpp:35] Opened lmdb data/mnist_train_lmdb
I0404 10:48:41.702724 11848 net.cpp:84] Creating Layer mnist
I0404 10:48:41.702736 11848 net.cpp:380] mnist -> data
I0404 10:48:41.702764 11848 net.cpp:380] mnist -> label
I0404 10:48:41.702801 11848 data_layer.cpp:45] output data size: 100,1,28,28
I0404 10:48:41.704552 11848 net.cpp:122] Setting up mnist
I0404 10:48:41.704576 11848 net.cpp:129] Top shape: 100 1 28 28 (78400)
I0404 10:48:41.704586 11848 net.cpp:129] Top shape: 100 (100)
I0404 10:48:41.704594 11848 net.cpp:137] Memory required for data: 628000
I0404 10:48:41.704604 11848 layer_factory.hpp:77] Creating layer label_mnist_1_split
I0404 10:48:41.704622 11848 net.cpp:84] Creating Layer label_mnist_1_split
I0404 10:48:41.704630 11848 net.cpp:406] label_mnist_1_split <- label
I0404 10:48:41.704643 11848 net.cpp:380] label_mnist_1_split -> label_mnist_1_split_0
I0404 10:48:41.704656 11848 net.cpp:380] label_mnist_1_split -> label_mnist_1_split_1
I0404 10:48:41.704669 11848 net.cpp:122] Setting up label_mnist_1_split
I0404 10:48:41.704679 11848 net.cpp:129] Top shape: 100 (100)
I0404 10:48:41.704687 11848 net.cpp:129] Top shape: 100 (100)
I0404 10:48:41.704694 11848 net.cpp:137] Memory required for data: 629600
I0404 10:48:41.704701 11848 layer_factory.hpp:77] Creating layer ip1
I0404 10:48:41.704717 11848 net.cpp:84] Creating Layer ip1
I0404 10:48:41.704725 11848 net.cpp:406] ip1 <- data
I0404 10:48:41.704735 11848 net.cpp:380] ip1 -> ip1
I0404 10:48:41.816687 11848 net.cpp:122] Setting up ip1
I0404 10:48:41.816727 11848 net.cpp:129] Top shape: 100 1000 (100000)
I0404 10:48:41.816740 11848 net.cpp:137] Memory required for data: 1429600
I0404 10:48:41.816767 11848 layer_factory.hpp:77] Creating layer relu1
I0404 10:48:41.816788 11848 net.cpp:84] Creating Layer relu1
I0404 10:48:41.816800 11848 net.cpp:406] relu1 <- ip1
I0404 10:48:41.816814 11848 net.cpp:367] relu1 -> ip1 (in-place)
I0404 10:48:41.816838 11848 net.cpp:122] Setting up relu1
I0404 10:48:41.816848 11848 net.cpp:129] Top shape: 100 1000 (100000)
I0404 10:48:41.816855 11848 net.cpp:137] Memory required for data: 2229600
I0404 10:48:41.816864 11848 layer_factory.hpp:77] Creating layer ip2
I0404 10:48:41.816880 11848 net.cpp:84] Creating Layer ip2
I0404 10:48:41.816889 11848 net.cpp:406] ip2 <- ip1
I0404 10:48:41.816900 11848 net.cpp:380] ip2 -> ip2
I0404 10:48:41.917490 11848 net.cpp:122] Setting up ip2
I0404 10:48:41.917526 11848 net.cpp:129] Top shape: 100 1000 (100000)
I0404 10:48:41.917536 11848 net.cpp:137] Memory required for data: 3029600
I0404 10:48:41.917557 11848 layer_factory.hpp:77] Creating layer relu2
I0404 10:48:41.917577 11848 net.cpp:84] Creating Layer relu2
I0404 10:48:41.917587 11848 net.cpp:406] relu2 <- ip2
I0404 10:48:41.917598 11848 net.cpp:367] relu2 -> ip2 (in-place)
I0404 10:48:41.917624 11848 net.cpp:122] Setting up relu2
I0404 10:48:41.917644 11848 net.cpp:129] Top shape: 100 1000 (100000)
I0404 10:48:41.917652 11848 net.cpp:137] Memory required for data: 3829600
I0404 10:48:41.917659 11848 layer_factory.hpp:77] Creating layer ip3
I0404 10:48:41.917672 11848 net.cpp:84] Creating Layer ip3
I0404 10:48:41.917681 11848 net.cpp:406] ip3 <- ip2
I0404 10:48:41.917690 11848 net.cpp:380] ip3 -> ip3
I0404 10:48:41.918709 11848 net.cpp:122] Setting up ip3
I0404 10:48:41.918720 11848 net.cpp:129] Top shape: 100 10 (1000)
I0404 10:48:41.918727 11848 net.cpp:137] Memory required for data: 3837600
I0404 10:48:41.918741 11848 layer_factory.hpp:77] Creating layer ip3_ip3_0_split
I0404 10:48:41.918752 11848 net.cpp:84] Creating Layer ip3_ip3_0_split
I0404 10:48:41.918759 11848 net.cpp:406] ip3_ip3_0_split <- ip3
I0404 10:48:41.918768 11848 net.cpp:380] ip3_ip3_0_split -> ip3_ip3_0_split_0
I0404 10:48:41.918781 11848 net.cpp:380] ip3_ip3_0_split -> ip3_ip3_0_split_1
I0404 10:48:41.918797 11848 net.cpp:122] Setting up ip3_ip3_0_split
I0404 10:48:41.918807 11848 net.cpp:129] Top shape: 100 10 (1000)
I0404 10:48:41.918814 11848 net.cpp:129] Top shape: 100 10 (1000)
I0404 10:48:41.918822 11848 net.cpp:137] Memory required for data: 3853600
I0404 10:48:41.918828 11848 layer_factory.hpp:77] Creating layer accuracy
I0404 10:48:41.918840 11848 net.cpp:84] Creating Layer accuracy
I0404 10:48:41.918846 11848 net.cpp:406] accuracy <- ip3_ip3_0_split_0
I0404 10:48:41.918855 11848 net.cpp:406] accuracy <- label_mnist_1_split_0
I0404 10:48:41.918867 11848 net.cpp:380] accuracy -> accuracy
I0404 10:48:41.918879 11848 net.cpp:122] Setting up accuracy
I0404 10:48:41.918889 11848 net.cpp:129] Top shape: (1)
I0404 10:48:41.918896 11848 net.cpp:137] Memory required for data: 3853608
I0404 10:48:41.918903 11848 layer_factory.hpp:77] Creating layer loss
I0404 10:48:41.918920 11848 net.cpp:84] Creating Layer loss
I0404 10:48:41.918927 11848 net.cpp:406] loss <- ip3_ip3_0_split_1
I0404 10:48:41.918936 11848 net.cpp:406] loss <- label_mnist_1_split_1
I0404 10:48:41.918946 11848 net.cpp:380] loss -> loss
I0404 10:48:41.918965 11848 layer_factory.hpp:77] Creating layer loss
I0404 10:48:41.918988 11848 net.cpp:122] Setting up loss
I0404 10:48:41.918998 11848 net.cpp:129] Top shape: (1)
I0404 10:48:41.919004 11848 net.cpp:132]     with loss weight 1
I0404 10:48:41.919029 11848 net.cpp:137] Memory required for data: 3853616
I0404 10:48:41.919036 11848 net.cpp:198] loss needs backward computation.
I0404 10:48:41.919044 11848 net.cpp:200] accuracy does not need backward computation.
I0404 10:48:41.919052 11848 net.cpp:198] ip3_ip3_0_split needs backward computation.
I0404 10:48:41.919060 11848 net.cpp:198] ip3 needs backward computation.
I0404 10:48:41.919067 11848 net.cpp:198] relu2 needs backward computation.
I0404 10:48:41.919075 11848 net.cpp:198] ip2 needs backward computation.
I0404 10:48:41.919082 11848 net.cpp:198] relu1 needs backward computation.
I0404 10:48:41.919091 11848 net.cpp:198] ip1 needs backward computation.
I0404 10:48:41.919098 11848 net.cpp:200] label_mnist_1_split does not need backward computation.
I0404 10:48:41.919107 11848 net.cpp:200] mnist does not need backward computation.
I0404 10:48:41.919114 11848 net.cpp:242] This network produces output accuracy
I0404 10:48:41.919121 11848 net.cpp:242] This network produces output loss
I0404 10:48:41.919137 11848 net.cpp:255] Network initialization done.
I0404 10:48:41.919198 11848 solver.cpp:173] Creating test net (#0) specified by net_param
I0404 10:48:41.919224 11848 net.cpp:294] The NetState phase (1) differed from the phase (0) specified by a rule in layer mnist
I0404 10:48:41.919343 11848 net.cpp:51] Initializing net from parameters: 
name: "LeNet"
state {
  phase: TEST
}
layer {
  name: "mnist"
  type: "Data"
  top: "data"
  top: "label"
  include {
    phase: TEST
  }
  transform_param {
    scale: 0.00390625
  }
  data_param {
    source: "data/mnist_test_lmdb"
    batch_size: 100
    backend: LMDB
  }
}
layer {
  name: "ip1"
  type: "InnerProduct"
  bottom: "data"
  top: "ip1"
  inner_product_param {
    num_output: 1000
    weight_filler {
      type: "gaussian"
      mean: 0
      std: 0.01
    }
  }
  bias_param {
    filler {
      value: 0
    }
  }
  fixed_precision: true
  precision {
    enter: 0
    fraccio: 10
    rounding: "stochastic"
  }
}
layer {
  name: "relu1"
  type: "ReLU"
  bottom: "ip1"
  top: "ip1"
  fixed_precision: true
  precision {
    enter: 0
    fraccio: 10
    rounding: "stochastic"
  }
}
layer {
  name: "ip2"
  type: "InnerProduct"
  bottom: "ip1"
  top: "ip2"
  inner_product_param {
    num_output: 1000
    weight_filler {
      type: "gaussian"
      mean: 0
      std: 0.01
    }
  }
  bias_param {
    filler {
      value: 0
    }
  }
  fixed_precision: true
  precision {
    enter: 0
    fraccio: 10
    rounding: "stochastic"
  }
}
layer {
  name: "relu2"
  type: "ReLU"
  bottom: "ip2"
  top: "ip2"
  bias_param {
    filler {
      value: 0
    }
  }
  fixed_precision: true
  precision {
    enter: 0
    fraccio: 10
    rounding: "stochastic"
  }
}
layer {
  name: "ip3"
  type: "InnerProduct"
  bottom: "ip2"
  top: "ip3"
  inner_product_param {
    num_output: 10
    weight_filler {
      type: "gaussian"
      mean: 0
      std: 0.01
    }
  }
  bias_param {
    filler {
      value: 0
    }
  }
  fixed_precision: true
  precision {
    enter: 0
    fraccio: 10
    rounding: "stochastic"
  }
}
layer {
  name: "accuracy"
  type: "Accuracy"
  bottom: "ip3"
  bottom: "label"
  top: "accuracy"
}
layer {
  name: "loss"
  type: "SoftmaxWithLoss"
  bottom: "ip3"
  bottom: "label"
  top: "loss"
  fixed_precision: true
  precision {
    enter: 0
    fraccio: 10
    rounding: "stochastic"
  }
}
I0404 10:48:41.919414 11848 layer_factory.hpp:77] Creating layer mnist
I0404 10:48:41.919474 11848 db_lmdb.cpp:35] Opened lmdb data/mnist_test_lmdb
I0404 10:48:41.919493 11848 net.cpp:84] Creating Layer mnist
I0404 10:48:41.919504 11848 net.cpp:380] mnist -> data
I0404 10:48:41.919519 11848 net.cpp:380] mnist -> label
I0404 10:48:41.919539 11848 data_layer.cpp:45] output data size: 100,1,28,28
I0404 10:48:41.920318 11848 net.cpp:122] Setting up mnist
I0404 10:48:41.920331 11848 net.cpp:129] Top shape: 100 1 28 28 (78400)
I0404 10:48:41.920339 11848 net.cpp:129] Top shape: 100 (100)
I0404 10:48:41.920346 11848 net.cpp:137] Memory required for data: 628000
I0404 10:48:41.920353 11848 layer_factory.hpp:77] Creating layer label_mnist_1_split
I0404 10:48:41.920366 11848 net.cpp:84] Creating Layer label_mnist_1_split
I0404 10:48:41.920373 11848 net.cpp:406] label_mnist_1_split <- label
I0404 10:48:41.920385 11848 net.cpp:380] label_mnist_1_split -> label_mnist_1_split_0
I0404 10:48:41.920397 11848 net.cpp:380] label_mnist_1_split -> label_mnist_1_split_1
I0404 10:48:41.920410 11848 net.cpp:122] Setting up label_mnist_1_split
I0404 10:48:41.920423 11848 net.cpp:129] Top shape: 100 (100)
I0404 10:48:41.920433 11848 net.cpp:129] Top shape: 100 (100)
I0404 10:48:41.920439 11848 net.cpp:137] Memory required for data: 629600
I0404 10:48:41.920446 11848 layer_factory.hpp:77] Creating layer ip1
I0404 10:48:41.920459 11848 net.cpp:84] Creating Layer ip1
I0404 10:48:41.920466 11848 net.cpp:406] ip1 <- data
I0404 10:48:41.920476 11848 net.cpp:380] ip1 -> ip1
I0404 10:48:41.994382 11848 net.cpp:122] Setting up ip1
I0404 10:48:41.994421 11848 net.cpp:129] Top shape: 100 1000 (100000)
I0404 10:48:41.994427 11848 net.cpp:137] Memory required for data: 1429600
I0404 10:48:41.994444 11848 layer_factory.hpp:77] Creating layer relu1
I0404 10:48:41.994457 11848 net.cpp:84] Creating Layer relu1
I0404 10:48:41.994465 11848 net.cpp:406] relu1 <- ip1
I0404 10:48:41.994475 11848 net.cpp:367] relu1 -> ip1 (in-place)
I0404 10:48:41.994488 11848 net.cpp:122] Setting up relu1
I0404 10:48:41.994498 11848 net.cpp:129] Top shape: 100 1000 (100000)
I0404 10:48:41.994503 11848 net.cpp:137] Memory required for data: 2229600
I0404 10:48:41.994509 11848 layer_factory.hpp:77] Creating layer ip2
I0404 10:48:41.994524 11848 net.cpp:84] Creating Layer ip2
I0404 10:48:41.994535 11848 net.cpp:406] ip2 <- ip1
I0404 10:48:41.994555 11848 net.cpp:380] ip2 -> ip2
I0404 10:48:42.078498 11848 net.cpp:122] Setting up ip2
I0404 10:48:42.078534 11848 net.cpp:129] Top shape: 100 1000 (100000)
I0404 10:48:42.078541 11848 net.cpp:137] Memory required for data: 3029600
I0404 10:48:42.078557 11848 layer_factory.hpp:77] Creating layer relu2
I0404 10:48:42.078572 11848 net.cpp:84] Creating Layer relu2
I0404 10:48:42.078582 11848 net.cpp:406] relu2 <- ip2
I0404 10:48:42.078590 11848 net.cpp:367] relu2 -> ip2 (in-place)
I0404 10:48:42.078603 11848 net.cpp:122] Setting up relu2
I0404 10:48:42.078613 11848 net.cpp:129] Top shape: 100 1000 (100000)
I0404 10:48:42.078619 11848 net.cpp:137] Memory required for data: 3829600
I0404 10:48:42.078624 11848 layer_factory.hpp:77] Creating layer ip3
I0404 10:48:42.078634 11848 net.cpp:84] Creating Layer ip3
I0404 10:48:42.078639 11848 net.cpp:406] ip3 <- ip2
I0404 10:48:42.078647 11848 net.cpp:380] ip3 -> ip3
I0404 10:48:42.079529 11848 net.cpp:122] Setting up ip3
I0404 10:48:42.079545 11848 net.cpp:129] Top shape: 100 10 (1000)
I0404 10:48:42.079551 11848 net.cpp:137] Memory required for data: 3837600
I0404 10:48:42.079563 11848 layer_factory.hpp:77] Creating layer ip3_ip3_0_split
I0404 10:48:42.079576 11848 net.cpp:84] Creating Layer ip3_ip3_0_split
I0404 10:48:42.079583 11848 net.cpp:406] ip3_ip3_0_split <- ip3
I0404 10:48:42.079591 11848 net.cpp:380] ip3_ip3_0_split -> ip3_ip3_0_split_0
I0404 10:48:42.079601 11848 net.cpp:380] ip3_ip3_0_split -> ip3_ip3_0_split_1
I0404 10:48:42.079612 11848 net.cpp:122] Setting up ip3_ip3_0_split
I0404 10:48:42.079622 11848 net.cpp:129] Top shape: 100 10 (1000)
I0404 10:48:42.079630 11848 net.cpp:129] Top shape: 100 10 (1000)
I0404 10:48:42.079638 11848 net.cpp:137] Memory required for data: 3853600
I0404 10:48:42.079643 11848 layer_factory.hpp:77] Creating layer accuracy
I0404 10:48:42.079653 11848 net.cpp:84] Creating Layer accuracy
I0404 10:48:42.079659 11848 net.cpp:406] accuracy <- ip3_ip3_0_split_0
I0404 10:48:42.079666 11848 net.cpp:406] accuracy <- label_mnist_1_split_0
I0404 10:48:42.079674 11848 net.cpp:380] accuracy -> accuracy
I0404 10:48:42.079684 11848 net.cpp:122] Setting up accuracy
I0404 10:48:42.079692 11848 net.cpp:129] Top shape: (1)
I0404 10:48:42.079699 11848 net.cpp:137] Memory required for data: 3853608
I0404 10:48:42.079704 11848 layer_factory.hpp:77] Creating layer loss
I0404 10:48:42.079715 11848 net.cpp:84] Creating Layer loss
I0404 10:48:42.079722 11848 net.cpp:406] loss <- ip3_ip3_0_split_1
I0404 10:48:42.079730 11848 net.cpp:406] loss <- label_mnist_1_split_1
I0404 10:48:42.079737 11848 net.cpp:380] loss -> loss
I0404 10:48:42.079749 11848 layer_factory.hpp:77] Creating layer loss
I0404 10:48:42.079771 11848 net.cpp:122] Setting up loss
I0404 10:48:42.079779 11848 net.cpp:129] Top shape: (1)
I0404 10:48:42.079785 11848 net.cpp:132]     with loss weight 1
I0404 10:48:42.079798 11848 net.cpp:137] Memory required for data: 3853616
I0404 10:48:42.079804 11848 net.cpp:198] loss needs backward computation.
I0404 10:48:42.079810 11848 net.cpp:200] accuracy does not need backward computation.
I0404 10:48:42.079818 11848 net.cpp:198] ip3_ip3_0_split needs backward computation.
I0404 10:48:42.079823 11848 net.cpp:198] ip3 needs backward computation.
I0404 10:48:42.079829 11848 net.cpp:198] relu2 needs backward computation.
I0404 10:48:42.079835 11848 net.cpp:198] ip2 needs backward computation.
I0404 10:48:42.079843 11848 net.cpp:198] relu1 needs backward computation.
I0404 10:48:42.079859 11848 net.cpp:198] ip1 needs backward computation.
I0404 10:48:42.079865 11848 net.cpp:200] label_mnist_1_split does not need backward computation.
I0404 10:48:42.079875 11848 net.cpp:200] mnist does not need backward computation.
I0404 10:48:42.079882 11848 net.cpp:242] This network produces output accuracy
I0404 10:48:42.079890 11848 net.cpp:242] This network produces output loss
I0404 10:48:42.079911 11848 net.cpp:255] Network initialization done.
I0404 10:48:42.079952 11848 solver.cpp:56] Solver scaffolding done.
I0404 10:48:42.079980 11848 caffe_double.cpp:248] Starting Optimization
I0404 10:48:42.079994 11848 solver.cpp:273] Solving LeNet
I0404 10:48:42.080000 11848 solver.cpp:274] Learning Rate Policy: inv
I0404 10:48:42.082617 11848 solver.cpp:331] Iteration 0, Testing net (#0)
I0404 10:48:43.971868 11854 data_layer.cpp:73] Restarting data prefetching from start.
I0404 10:48:44.050385 11848 solver.cpp:398]     Test net output #0: accuracy = 0.102
I0404 10:48:44.050446 11848 solver.cpp:398]     Test net output #1: loss = 2.3023 (* 1 = 2.3023 loss)
I0404 10:48:44.091704 11848 solver.cpp:219] Iteration 0 (-1.4013e-45 iter/s, 2.011s/600 iters), loss = 2.30264
I0404 10:48:44.091765 11848 solver.cpp:238]     Train net output #0: accuracy = 0.1
I0404 10:48:44.091784 11848 solver.cpp:238]     Train net output #1: loss = 2.30264 (* 1 = 2.30264 loss)
I0404 10:48:44.091799 11848 sgd_solver.cpp:107] Iteration 0, lr = 0.1
I0404 10:49:53.331193 11852 data_layer.cpp:73] Restarting data prefetching from start.
I0404 10:49:53.791080 11848 solver.cpp:331] Iteration 600, Testing net (#0)
I0404 10:49:55.633307 11854 data_layer.cpp:73] Restarting data prefetching from start.
I0404 10:49:55.713418 11848 solver.cpp:398]     Test net output #0: accuracy = 0.9515
I0404 10:49:55.713477 11848 solver.cpp:398]     Test net output #1: loss = 0.157012 (* 1 = 0.157012 loss)
I0404 10:49:55.753125 11848 solver.cpp:219] Iteration 600 (8.37276 iter/s, 71.661s/600 iters), loss = 0.102448
I0404 10:49:55.753190 11848 solver.cpp:238]     Train net output #0: accuracy = 0.97
I0404 10:49:55.753207 11848 solver.cpp:238]     Train net output #1: loss = 0.102448 (* 1 = 0.102448 loss)
I0404 10:49:55.753221 11848 sgd_solver.cpp:107] Iteration 600, lr = 0.0957239
I0404 10:51:04.592167 11852 data_layer.cpp:73] Restarting data prefetching from start.
I0404 10:51:05.051301 11848 solver.cpp:331] Iteration 1200, Testing net (#0)
I0404 10:51:06.893492 11854 data_layer.cpp:73] Restarting data prefetching from start.
I0404 10:51:06.969027 11848 solver.cpp:398]     Test net output #0: accuracy = 0.9632
I0404 10:51:06.969084 11848 solver.cpp:398]     Test net output #1: loss = 0.113276 (* 1 = 0.113276 loss)
I0404 10:51:07.008726 11848 solver.cpp:219] Iteration 1200 (8.42046 iter/s, 71.255s/600 iters), loss = 0.0700735
I0404 10:51:07.008791 11848 solver.cpp:238]     Train net output #0: accuracy = 0.99
I0404 10:51:07.008810 11848 solver.cpp:238]     Train net output #1: loss = 0.0700735 (* 1 = 0.0700735 loss)
I0404 10:51:07.008826 11848 sgd_solver.cpp:107] Iteration 1200, lr = 0.0918516
I0404 10:52:15.701019 11852 data_layer.cpp:73] Restarting data prefetching from start.
I0404 10:52:16.158442 11848 solver.cpp:331] Iteration 1800, Testing net (#0)
I0404 10:52:18.006346 11854 data_layer.cpp:73] Restarting data prefetching from start.
I0404 10:52:18.081899 11848 solver.cpp:398]     Test net output #0: accuracy = 0.9604
I0404 10:52:18.081959 11848 solver.cpp:398]     Test net output #1: loss = 0.134632 (* 1 = 0.134632 loss)
I0404 10:52:18.121433 11848 solver.cpp:219] Iteration 1800 (8.43739 iter/s, 71.112s/600 iters), loss = 0.0520087
I0404 10:52:18.121493 11848 solver.cpp:238]     Train net output #0: accuracy = 0.98
I0404 10:52:18.121512 11848 solver.cpp:238]     Train net output #1: loss = 0.0520087 (* 1 = 0.0520087 loss)
I0404 10:52:18.121526 11848 sgd_solver.cpp:107] Iteration 1800, lr = 0.088326
I0404 10:53:26.624773 11852 data_layer.cpp:73] Restarting data prefetching from start.
I0404 10:53:27.086128 11848 solver.cpp:331] Iteration 2400, Testing net (#0)
I0404 10:53:28.929774 11854 data_layer.cpp:73] Restarting data prefetching from start.
I0404 10:53:29.005484 11848 solver.cpp:398]     Test net output #0: accuracy = 0.9685
I0404 10:53:29.005539 11848 solver.cpp:398]     Test net output #1: loss = 0.103922 (* 1 = 0.103922 loss)
I0404 10:53:29.045194 11848 solver.cpp:219] Iteration 2400 (8.45988 iter/s, 70.923s/600 iters), loss = 0.0629461
I0404 10:53:29.045258 11848 solver.cpp:238]     Train net output #0: accuracy = 0.98
I0404 10:53:29.045275 11848 solver.cpp:238]     Train net output #1: loss = 0.0629461 (* 1 = 0.0629461 loss)
I0404 10:53:29.045303 11848 sgd_solver.cpp:107] Iteration 2400, lr = 0.0851008
I0404 10:54:37.533829 11852 data_layer.cpp:73] Restarting data prefetching from start.
I0404 10:54:37.994107 11848 solver.cpp:331] Iteration 3000, Testing net (#0)
I0404 10:54:39.834101 11854 data_layer.cpp:73] Restarting data prefetching from start.
I0404 10:54:39.909724 11848 solver.cpp:398]     Test net output #0: accuracy = 0.9732
I0404 10:54:39.909781 11848 solver.cpp:398]     Test net output #1: loss = 0.0939618 (* 1 = 0.0939618 loss)
I0404 10:54:39.949390 11848 solver.cpp:219] Iteration 3000 (8.46215 iter/s, 70.904s/600 iters), loss = 0.0437684
I0404 10:54:39.949451 11848 solver.cpp:238]     Train net output #0: accuracy = 0.98
I0404 10:54:39.949470 11848 solver.cpp:238]     Train net output #1: loss = 0.0437684 (* 1 = 0.0437684 loss)
I0404 10:54:39.949484 11848 sgd_solver.cpp:107] Iteration 3000, lr = 0.0821377
I0404 10:55:48.358562 11852 data_layer.cpp:73] Restarting data prefetching from start.
I0404 10:55:48.814438 11848 solver.cpp:331] Iteration 3600, Testing net (#0)
I0404 10:55:50.654891 11854 data_layer.cpp:73] Restarting data prefetching from start.
I0404 10:55:50.733114 11848 solver.cpp:398]     Test net output #0: accuracy = 0.9765
I0404 10:55:50.733171 11848 solver.cpp:398]     Test net output #1: loss = 0.0827912 (* 1 = 0.0827912 loss)
I0404 10:55:50.772644 11848 solver.cpp:219] Iteration 3600 (8.47182 iter/s, 70.823s/600 iters), loss = 0.0360293
I0404 10:55:50.772708 11848 solver.cpp:238]     Train net output #0: accuracy = 0.97
I0404 10:55:50.772728 11848 solver.cpp:238]     Train net output #1: loss = 0.0360293 (* 1 = 0.0360293 loss)
I0404 10:55:50.772742 11848 sgd_solver.cpp:107] Iteration 3600, lr = 0.0794046
I0404 10:56:59.102371 11852 data_layer.cpp:73] Restarting data prefetching from start.
I0404 10:56:59.557785 11848 solver.cpp:331] Iteration 4200, Testing net (#0)
I0404 10:57:01.408704 11854 data_layer.cpp:73] Restarting data prefetching from start.
I0404 10:57:01.484155 11848 solver.cpp:398]     Test net output #0: accuracy = 0.9771
I0404 10:57:01.484215 11848 solver.cpp:398]     Test net output #1: loss = 0.0854382 (* 1 = 0.0854382 loss)
I0404 10:57:01.523773 11848 solver.cpp:219] Iteration 4200 (8.48045 iter/s, 70.751s/600 iters), loss = 0.00994367
I0404 10:57:01.523838 11848 solver.cpp:238]     Train net output #0: accuracy = 1
I0404 10:57:01.523856 11848 solver.cpp:238]     Train net output #1: loss = 0.00994367 (* 1 = 0.00994367 loss)
I0404 10:57:01.523870 11848 sgd_solver.cpp:107] Iteration 4200, lr = 0.0768748
I0404 10:58:09.868995 11852 data_layer.cpp:73] Restarting data prefetching from start.
I0404 10:58:10.326308 11848 solver.cpp:331] Iteration 4800, Testing net (#0)
I0404 10:58:12.159263 11854 data_layer.cpp:73] Restarting data prefetching from start.
I0404 10:58:12.238392 11848 solver.cpp:398]     Test net output #0: accuracy = 0.9808
I0404 10:58:12.238451 11848 solver.cpp:398]     Test net output #1: loss = 0.0756677 (* 1 = 0.0756677 loss)
I0404 10:58:12.277930 11848 solver.cpp:219] Iteration 4800 (8.48009 iter/s, 70.754s/600 iters), loss = 0.00301724
I0404 10:58:12.277992 11848 solver.cpp:238]     Train net output #0: accuracy = 1
I0404 10:58:12.278012 11848 solver.cpp:238]     Train net output #1: loss = 0.00301724 (* 1 = 0.00301724 loss)
I0404 10:58:12.278024 11848 sgd_solver.cpp:107] Iteration 4800, lr = 0.0745253
I0404 10:59:20.548478 11852 data_layer.cpp:73] Restarting data prefetching from start.
I0404 10:59:21.008128 11848 solver.cpp:331] Iteration 5400, Testing net (#0)
I0404 10:59:22.846248 11854 data_layer.cpp:73] Restarting data prefetching from start.
I0404 10:59:22.921901 11848 solver.cpp:398]     Test net output #0: accuracy = 0.9796
I0404 10:59:22.921959 11848 solver.cpp:398]     Test net output #1: loss = 0.0791747 (* 1 = 0.0791747 loss)
I0404 10:59:22.961472 11848 solver.cpp:219] Iteration 5400 (8.4886 iter/s, 70.683s/600 iters), loss = 0.00515552
I0404 10:59:22.961534 11848 solver.cpp:238]     Train net output #0: accuracy = 1
I0404 10:59:22.961566 11848 solver.cpp:238]     Train net output #1: loss = 0.00515552 (* 1 = 0.00515552 loss)
I0404 10:59:22.961580 11848 sgd_solver.cpp:107] Iteration 5400, lr = 0.0723368
I0404 11:00:31.225703 11852 data_layer.cpp:73] Restarting data prefetching from start.
I0404 11:00:31.680829 11848 solver.cpp:331] Iteration 6000, Testing net (#0)
I0404 11:00:33.513794 11854 data_layer.cpp:73] Restarting data prefetching from start.
I0404 11:00:33.589172 11848 solver.cpp:398]     Test net output #0: accuracy = 0.981
I0404 11:00:33.589232 11848 solver.cpp:398]     Test net output #1: loss = 0.0807672 (* 1 = 0.0807672 loss)
I0404 11:00:33.628689 11848 solver.cpp:219] Iteration 6000 (8.49053 iter/s, 70.667s/600 iters), loss = 0.00442752
I0404 11:00:33.628751 11848 solver.cpp:238]     Train net output #0: accuracy = 1
I0404 11:00:33.628769 11848 solver.cpp:238]     Train net output #1: loss = 0.00442752 (* 1 = 0.00442752 loss)
I0404 11:00:33.628783 11848 sgd_solver.cpp:107] Iteration 6000, lr = 0.0702927
I0404 11:01:41.801693 11852 data_layer.cpp:73] Restarting data prefetching from start.
I0404 11:01:42.260308 11848 solver.cpp:331] Iteration 6600, Testing net (#0)
I0404 11:01:44.092813 11854 data_layer.cpp:73] Restarting data prefetching from start.
I0404 11:01:44.172649 11848 solver.cpp:398]     Test net output #0: accuracy = 0.9794
I0404 11:01:44.172709 11848 solver.cpp:398]     Test net output #1: loss = 0.0826575 (* 1 = 0.0826575 loss)
I0404 11:01:44.212599 11848 solver.cpp:219] Iteration 6600 (8.50063 iter/s, 70.583s/600 iters), loss = 0.00716336
I0404 11:01:44.212662 11848 solver.cpp:238]     Train net output #0: accuracy = 1
I0404 11:01:44.212682 11848 solver.cpp:238]     Train net output #1: loss = 0.00716336 (* 1 = 0.00716336 loss)
I0404 11:01:44.212694 11848 sgd_solver.cpp:107] Iteration 6600, lr = 0.0683784
I0404 11:03:16.017714 11852 data_layer.cpp:73] Restarting data prefetching from start.
I0404 11:03:16.684942 11848 solver.cpp:331] Iteration 7200, Testing net (#0)
I0404 11:03:18.517458 11854 data_layer.cpp:73] Restarting data prefetching from start.
I0404 11:03:18.592787 11848 solver.cpp:398]     Test net output #0: accuracy = 0.9808
I0404 11:03:18.592846 11848 solver.cpp:398]     Test net output #1: loss = 0.0863529 (* 1 = 0.0863529 loss)
I0404 11:03:18.632365 11848 solver.cpp:219] Iteration 7200 (6.35465 iter/s, 94.419s/600 iters), loss = 0.00581758
I0404 11:03:18.632428 11848 solver.cpp:238]     Train net output #0: accuracy = 1
I0404 11:03:18.632447 11848 solver.cpp:238]     Train net output #1: loss = 0.00581758 (* 1 = 0.00581758 loss)
I0404 11:03:18.632460 11848 sgd_solver.cpp:107] Iteration 7200, lr = 0.0665815
I0404 11:05:01.495662 11852 data_layer.cpp:73] Restarting data prefetching from start.
I0404 11:05:02.207481 11848 solver.cpp:331] Iteration 7800, Testing net (#0)
I0404 11:05:04.039160 11854 data_layer.cpp:73] Restarting data prefetching from start.
I0404 11:05:04.114572 11848 solver.cpp:398]     Test net output #0: accuracy = 0.9821
I0404 11:05:04.114630 11848 solver.cpp:398]     Test net output #1: loss = 0.0752387 (* 1 = 0.0752387 loss)
I0404 11:05:04.154135 11848 solver.cpp:219] Iteration 7800 (5.68607 iter/s, 105.521s/600 iters), loss = 0.0015867
I0404 11:05:04.154194 11848 solver.cpp:238]     Train net output #0: accuracy = 1
I0404 11:05:04.154213 11848 solver.cpp:238]     Train net output #1: loss = 0.0015867 (* 1 = 0.0015867 loss)
I0404 11:05:04.154227 11848 sgd_solver.cpp:107] Iteration 7800, lr = 0.0648911
I0404 11:06:51.542372 11852 data_layer.cpp:73] Restarting data prefetching from start.
I0404 11:06:52.270967 11848 solver.cpp:331] Iteration 8400, Testing net (#0)
I0404 11:06:54.101140 11854 data_layer.cpp:73] Restarting data prefetching from start.
I0404 11:06:54.180402 11848 solver.cpp:398]     Test net output #0: accuracy = 0.9811
I0404 11:06:54.180464 11848 solver.cpp:398]     Test net output #1: loss = 0.0827023 (* 1 = 0.0827023 loss)
I0404 11:06:54.220197 11848 solver.cpp:219] Iteration 8400 (5.45132 iter/s, 110.065s/600 iters), loss = 0.0159822
I0404 11:06:54.220262 11848 solver.cpp:238]     Train net output #0: accuracy = 0.99
I0404 11:06:54.220294 11848 solver.cpp:238]     Train net output #1: loss = 0.0159822 (* 1 = 0.0159822 loss)
I0404 11:06:54.220309 11848 sgd_solver.cpp:107] Iteration 8400, lr = 0.0632975
I0404 11:08:44.869860 11852 data_layer.cpp:73] Restarting data prefetching from start.
I0404 11:08:45.624073 11848 solver.cpp:331] Iteration 9000, Testing net (#0)
I0404 11:08:47.477226 11854 data_layer.cpp:73] Restarting data prefetching from start.
I0404 11:08:47.553350 11848 solver.cpp:398]     Test net output #0: accuracy = 0.9807
I0404 11:08:47.553416 11848 solver.cpp:398]     Test net output #1: loss = 0.0848652 (* 1 = 0.0848652 loss)
I0404 11:08:47.593515 11848 solver.cpp:219] Iteration 9000 (5.29227 iter/s, 113.373s/600 iters), loss = 0.000471105
I0404 11:08:47.593578 11848 solver.cpp:238]     Train net output #0: accuracy = 1
I0404 11:08:47.593596 11848 solver.cpp:238]     Train net output #1: loss = 0.000471105 (* 1 = 0.000471105 loss)
I0404 11:08:47.593611 11848 sgd_solver.cpp:107] Iteration 9000, lr = 0.0617924
I0404 11:10:43.556475 11852 data_layer.cpp:73] Restarting data prefetching from start.
I0404 11:10:44.321591 11848 solver.cpp:331] Iteration 9600, Testing net (#0)
I0404 11:10:46.159528 11854 data_layer.cpp:73] Restarting data prefetching from start.
I0404 11:10:46.234913 11848 solver.cpp:398]     Test net output #0: accuracy = 0.9817
I0404 11:10:46.234979 11848 solver.cpp:398]     Test net output #1: loss = 0.0852685 (* 1 = 0.0852685 loss)
I0404 11:10:46.274662 11848 solver.cpp:219] Iteration 9600 (5.05557 iter/s, 118.681s/600 iters), loss = 0.00494301
I0404 11:10:46.274729 11848 solver.cpp:238]     Train net output #0: accuracy = 1
I0404 11:10:46.274747 11848 solver.cpp:238]     Train net output #1: loss = 0.00494301 (* 1 = 0.00494301 loss)
I0404 11:10:46.274761 11848 sgd_solver.cpp:107] Iteration 9600, lr = 0.0603682
I0404 11:12:47.878473 11852 data_layer.cpp:73] Restarting data prefetching from start.
I0404 11:12:48.652933 11848 solver.cpp:331] Iteration 10200, Testing net (#0)
I0404 11:12:50.629173 11854 data_layer.cpp:73] Restarting data prefetching from start.
I0404 11:12:50.710825 11848 solver.cpp:398]     Test net output #0: accuracy = 0.9822
I0404 11:12:50.710883 11848 solver.cpp:398]     Test net output #1: loss = 0.0832682 (* 1 = 0.0832682 loss)
I0404 11:12:50.762356 11848 solver.cpp:219] Iteration 10200 (4.81978 iter/s, 124.487s/600 iters), loss = 0.00030505
I0404 11:12:50.762419 11848 solver.cpp:238]     Train net output #0: accuracy = 1
I0404 11:12:50.762439 11848 solver.cpp:238]     Train net output #1: loss = 0.00030505 (* 1 = 0.00030505 loss)
I0404 11:12:50.762452 11848 sgd_solver.cpp:107] Iteration 10200, lr = 0.0590183
I0404 11:14:47.320596 11852 data_layer.cpp:73] Restarting data prefetching from start.
I0404 11:14:48.107532 11848 solver.cpp:331] Iteration 10800, Testing net (#0)
I0404 11:14:49.934363 11854 data_layer.cpp:73] Restarting data prefetching from start.
I0404 11:14:50.009395 11848 solver.cpp:398]     Test net output #0: accuracy = 0.9816
I0404 11:14:50.009461 11848 solver.cpp:398]     Test net output #1: loss = 0.0864317 (* 1 = 0.0864317 loss)
I0404 11:14:50.048688 11848 solver.cpp:219] Iteration 10800 (5.02993 iter/s, 119.286s/600 iters), loss = 0.00123214
I0404 11:14:50.048753 11848 solver.cpp:238]     Train net output #0: accuracy = 1
I0404 11:14:50.048771 11848 solver.cpp:238]     Train net output #1: loss = 0.00123214 (* 1 = 0.00123214 loss)
I0404 11:14:50.048785 11848 sgd_solver.cpp:107] Iteration 10800, lr = 0.0577368
I0404 11:16:48.064473 11852 data_layer.cpp:73] Restarting data prefetching from start.
I0404 11:16:48.857982 11848 solver.cpp:331] Iteration 11400, Testing net (#0)
I0404 11:16:50.680613 11854 data_layer.cpp:73] Restarting data prefetching from start.
I0404 11:16:50.755493 11848 solver.cpp:398]     Test net output #0: accuracy = 0.981
I0404 11:16:50.755559 11848 solver.cpp:398]     Test net output #1: loss = 0.0871037 (* 1 = 0.0871037 loss)
I0404 11:16:50.795070 11848 solver.cpp:219] Iteration 11400 (4.96911 iter/s, 120.746s/600 iters), loss = 0.000385816
I0404 11:16:50.795151 11848 solver.cpp:238]     Train net output #0: accuracy = 1
I0404 11:16:50.795171 11848 solver.cpp:238]     Train net output #1: loss = 0.000385816 (* 1 = 0.000385816 loss)
I0404 11:16:50.795183 11848 sgd_solver.cpp:107] Iteration 11400, lr = 0.0565184
I0404 11:18:50.090988 11852 data_layer.cpp:73] Restarting data prefetching from start.
I0404 11:18:50.890777 11848 solver.cpp:331] Iteration 12000, Testing net (#0)
I0404 11:18:52.762665 11854 data_layer.cpp:73] Restarting data prefetching from start.
I0404 11:18:52.845772 11848 solver.cpp:398]     Test net output #0: accuracy = 0.983
I0404 11:18:52.845840 11848 solver.cpp:398]     Test net output #1: loss = 0.0824494 (* 1 = 0.0824494 loss)
I0404 11:18:52.885442 11848 solver.cpp:219] Iteration 12000 (4.91441 iter/s, 122.09s/600 iters), loss = 0.00113762
I0404 11:18:52.885507 11848 solver.cpp:238]     Train net output #0: accuracy = 1
I0404 11:18:52.885527 11848 solver.cpp:238]     Train net output #1: loss = 0.00113762 (* 1 = 0.00113762 loss)
I0404 11:18:52.885541 11848 sgd_solver.cpp:107] Iteration 12000, lr = 0.0553583
I0404 11:20:53.011472 11852 data_layer.cpp:73] Restarting data prefetching from start.
I0404 11:20:53.819778 11848 solver.cpp:331] Iteration 12600, Testing net (#0)
I0404 11:20:55.642662 11854 data_layer.cpp:73] Restarting data prefetching from start.
I0404 11:20:55.721026 11848 solver.cpp:398]     Test net output #0: accuracy = 0.9817
I0404 11:20:55.721091 11848 solver.cpp:398]     Test net output #1: loss = 0.0855516 (* 1 = 0.0855516 loss)
I0404 11:20:55.760735 11848 solver.cpp:219] Iteration 12600 (4.88301 iter/s, 122.875s/600 iters), loss = 0.00303269
I0404 11:20:55.760799 11848 solver.cpp:238]     Train net output #0: accuracy = 1
I0404 11:20:55.760818 11848 solver.cpp:238]     Train net output #1: loss = 0.00303269 (* 1 = 0.00303269 loss)
I0404 11:20:55.760831 11848 sgd_solver.cpp:107] Iteration 12600, lr = 0.0542524
I0404 11:22:57.101763 11852 data_layer.cpp:73] Restarting data prefetching from start.
I0404 11:22:57.908116 11848 solver.cpp:331] Iteration 13200, Testing net (#0)
I0404 11:22:59.938151 11854 data_layer.cpp:73] Restarting data prefetching from start.
I0404 11:23:00.011945 11848 solver.cpp:398]     Test net output #0: accuracy = 0.9828
I0404 11:23:00.012006 11848 solver.cpp:398]     Test net output #1: loss = 0.0830297 (* 1 = 0.0830297 loss)
I0404 11:23:00.050709 11848 solver.cpp:219] Iteration 13200 (4.82746 iter/s, 124.289s/600 iters), loss = 0.00129168
I0404 11:23:00.050772 11848 solver.cpp:238]     Train net output #0: accuracy = 1
I0404 11:23:00.050791 11848 solver.cpp:238]     Train net output #1: loss = 0.00129168 (* 1 = 0.00129168 loss)
I0404 11:23:00.050804 11848 sgd_solver.cpp:107] Iteration 13200, lr = 0.0531966
I0404 11:25:01.831369 11852 data_layer.cpp:73] Restarting data prefetching from start.
I0404 11:25:02.653278 11848 solver.cpp:331] Iteration 13800, Testing net (#0)
I0404 11:25:04.472242 11854 data_layer.cpp:73] Restarting data prefetching from start.
I0404 11:25:04.547073 11848 solver.cpp:398]     Test net output #0: accuracy = 0.9828
I0404 11:25:04.547142 11848 solver.cpp:398]     Test net output #1: loss = 0.0842044 (* 1 = 0.0842044 loss)
I0404 11:25:04.586568 11848 solver.cpp:219] Iteration 13800 (4.81792 iter/s, 124.535s/600 iters), loss = 0.000721412
I0404 11:25:04.586632 11848 solver.cpp:238]     Train net output #0: accuracy = 1
I0404 11:25:04.586650 11848 solver.cpp:238]     Train net output #1: loss = 0.000721412 (* 1 = 0.000721412 loss)
I0404 11:25:04.586664 11848 sgd_solver.cpp:107] Iteration 13800, lr = 0.0521876
I0404 11:27:08.952594 11852 data_layer.cpp:73] Restarting data prefetching from start.
I0404 11:27:09.775998 11848 solver.cpp:331] Iteration 14400, Testing net (#0)
I0404 11:27:11.572595 11854 data_layer.cpp:73] Restarting data prefetching from start.
I0404 11:27:11.647231 11848 solver.cpp:398]     Test net output #0: accuracy = 0.9815
I0404 11:27:11.647300 11848 solver.cpp:398]     Test net output #1: loss = 0.0866848 (* 1 = 0.0866848 loss)
I0404 11:27:11.686688 11848 solver.cpp:219] Iteration 14400 (4.72069 iter/s, 127.1s/600 iters), loss = 0.00072675
I0404 11:27:11.686754 11848 solver.cpp:238]     Train net output #0: accuracy = 1
I0404 11:27:11.686772 11848 solver.cpp:238]     Train net output #1: loss = 0.00072675 (* 1 = 0.00072675 loss)
I0404 11:27:11.686785 11848 sgd_solver.cpp:107] Iteration 14400, lr = 0.0512221
I0404 11:29:17.027683 11852 data_layer.cpp:73] Restarting data prefetching from start.
I0404 11:29:17.862752 11848 solver.cpp:331] Iteration 15000, Testing net (#0)
I0404 11:29:19.703580 11854 data_layer.cpp:73] Restarting data prefetching from start.
I0404 11:29:19.781571 11848 solver.cpp:398]     Test net output #0: accuracy = 0.9817
I0404 11:29:19.781630 11848 solver.cpp:398]     Test net output #1: loss = 0.0885695 (* 1 = 0.0885695 loss)
I0404 11:29:19.822654 11848 solver.cpp:219] Iteration 15000 (4.68256 iter/s, 128.135s/600 iters), loss = 0.00122234
I0404 11:29:19.822715 11848 solver.cpp:238]     Train net output #0: accuracy = 1
I0404 11:29:19.822733 11848 solver.cpp:238]     Train net output #1: loss = 0.00122234 (* 1 = 0.00122234 loss)
I0404 11:29:19.822747 11848 sgd_solver.cpp:107] Iteration 15000, lr = 0.0502973
I0404 11:31:25.827735 11852 data_layer.cpp:73] Restarting data prefetching from start.
I0404 11:31:26.658176 11848 solver.cpp:331] Iteration 15600, Testing net (#0)
I0404 11:31:28.481367 11854 data_layer.cpp:73] Restarting data prefetching from start.
I0404 11:31:28.556762 11848 solver.cpp:398]     Test net output #0: accuracy = 0.981
I0404 11:31:28.556886 11848 solver.cpp:398]     Test net output #1: loss = 0.094108 (* 1 = 0.094108 loss)
I0404 11:31:28.596604 11848 solver.cpp:219] Iteration 15600 (4.65936 iter/s, 128.773s/600 iters), loss = 0.00113054
I0404 11:31:28.596730 11848 solver.cpp:238]     Train net output #0: accuracy = 1
I0404 11:31:28.596770 11848 solver.cpp:238]     Train net output #1: loss = 0.00113054 (* 1 = 0.00113054 loss)
I0404 11:31:28.596801 11848 sgd_solver.cpp:107] Iteration 15600, lr = 0.0494106
I0404 11:33:36.069541 11852 data_layer.cpp:73] Restarting data prefetching from start.
I0404 11:33:36.953150 11848 solver.cpp:331] Iteration 16200, Testing net (#0)
I0404 11:33:39.092363 11854 data_layer.cpp:73] Restarting data prefetching from start.
I0404 11:33:39.169255 11848 solver.cpp:398]     Test net output #0: accuracy = 0.982
I0404 11:33:39.169378 11848 solver.cpp:398]     Test net output #1: loss = 0.085687 (* 1 = 0.085687 loss)
I0404 11:33:39.209409 11848 solver.cpp:219] Iteration 16200 (4.59376 iter/s, 130.612s/600 iters), loss = 0.000747264
I0404 11:33:39.209535 11848 solver.cpp:238]     Train net output #0: accuracy = 1
I0404 11:33:39.209574 11848 solver.cpp:238]     Train net output #1: loss = 0.000747264 (* 1 = 0.000747264 loss)
I0404 11:33:39.209605 11848 sgd_solver.cpp:107] Iteration 16200, lr = 0.0485595
I0404 11:35:44.834183 11852 data_layer.cpp:73] Restarting data prefetching from start.
I0404 11:35:45.667316 11848 solver.cpp:331] Iteration 16800, Testing net (#0)
I0404 11:35:47.531464 11854 data_layer.cpp:73] Restarting data prefetching from start.
I0404 11:35:47.606168 11848 solver.cpp:398]     Test net output #0: accuracy = 0.9814
I0404 11:35:47.606276 11848 solver.cpp:398]     Test net output #1: loss = 0.0889211 (* 1 = 0.0889211 loss)
I0404 11:35:47.646719 11848 solver.cpp:219] Iteration 16800 (4.67155 iter/s, 128.437s/600 iters), loss = 0.0030552
I0404 11:35:47.646852 11848 solver.cpp:238]     Train net output #0: accuracy = 1
I0404 11:35:47.646893 11848 solver.cpp:238]     Train net output #1: loss = 0.0030552 (* 1 = 0.0030552 loss)
I0404 11:35:47.646924 11848 sgd_solver.cpp:107] Iteration 16800, lr = 0.0477418
I0404 11:37:55.222306 11852 data_layer.cpp:73] Restarting data prefetching from start.
I0404 11:37:56.055155 11848 solver.cpp:331] Iteration 17400, Testing net (#0)
I0404 11:37:58.019887 11854 data_layer.cpp:73] Restarting data prefetching from start.
I0404 11:37:58.095105 11848 solver.cpp:398]     Test net output #0: accuracy = 0.9803
I0404 11:37:58.095235 11848 solver.cpp:398]     Test net output #1: loss = 0.0937739 (* 1 = 0.0937739 loss)
I0404 11:37:58.134919 11848 solver.cpp:219] Iteration 17400 (4.59812 iter/s, 130.488s/600 iters), loss = 0.00195664
I0404 11:37:58.135047 11848 solver.cpp:238]     Train net output #0: accuracy = 1
I0404 11:37:58.135088 11848 solver.cpp:238]     Train net output #1: loss = 0.00195664 (* 1 = 0.00195664 loss)
I0404 11:37:58.135121 11848 sgd_solver.cpp:107] Iteration 17400, lr = 0.0469556
I0404 11:40:06.358021 11852 data_layer.cpp:73] Restarting data prefetching from start.
I0404 11:40:07.228168 11848 solver.cpp:448] Snapshotting to binary proto file _iter_18000.caffemodel
I0404 11:40:07.294257 11848 sgd_solver.cpp:287] Snapshotting solver state to binary proto file _iter_18000.solverstate
I0404 11:40:07.355473 11848 solver.cpp:311] Iteration 18000, loss = 0.00161911
I0404 11:40:07.355525 11848 solver.cpp:331] Iteration 18000, Testing net (#0)
I0404 11:40:09.479234 11854 data_layer.cpp:73] Restarting data prefetching from start.
I0404 11:40:09.566555 11848 solver.cpp:398]     Test net output #0: accuracy = 0.9805
I0404 11:40:09.566705 11848 solver.cpp:398]     Test net output #1: loss = 0.0925056 (* 1 = 0.0925056 loss)
I0404 11:40:09.566761 11848 solver.cpp:316] Optimization Done.
I0404 11:40:09.566795 11848 caffe_double.cpp:259] Optimization Done.
