I0404 08:17:00.022080  3184 caffe_double.cpp:211] Use CPU.
I0404 08:17:00.022620  3184 solver.cpp:44] Initializing solver from parameters: 
test_iter: 100
test_interval: 600
base_lr: 0.1
display: 600
max_iter: 18000
lr_policy: "inv"
gamma: 0.0001
power: 0.75
momentum: 0.9
solver_mode: CPU
net_param {
  name: "LeNet"
  layer {
    name: "mnist"
    type: "Data"
    top: "data"
    top: "label"
    include {
      phase: TRAIN
    }
    transform_param {
      scale: 0.00390625
    }
    data_param {
      source: "data/mnist_train_lmdb"
      batch_size: 100
      backend: LMDB
    }
  }
  layer {
    name: "mnist"
    type: "Data"
    top: "data"
    top: "label"
    include {
      phase: TEST
    }
    transform_param {
      scale: 0.00390625
    }
    data_param {
      source: "data/mnist_test_lmdb"
      batch_size: 100
      backend: LMDB
    }
  }
  layer {
    name: "ip1"
    type: "InnerProduct"
    bottom: "data"
    top: "ip1"
    inner_product_param {
      num_output: 1000
      weight_filler {
        type: "gaussian"
        mean: 0
        std: 0.01
      }
    }
    bias_param {
      filler {
        value: 0
      }
    }
    fixed_precision: true
    precision {
      enter: 0
      fraccio: 10
      rounding: "stochastic"
    }
  }
  layer {
    name: "relu1"
    type: "ReLU"
    bottom: "ip1"
    top: "ip1"
    fixed_precision: true
    precision {
      enter: 0
      fraccio: 10
      rounding: "stochastic"
    }
  }
  layer {
    name: "ip2"
    type: "InnerProduct"
    bottom: "ip1"
    top: "ip2"
    inner_product_param {
      num_output: 1000
      weight_filler {
        type: "gaussian"
        mean: 0
        std: 0.01
      }
    }
    bias_param {
      filler {
        value: 0
      }
    }
    fixed_precision: true
    precision {
      enter: 0
      fraccio: 10
      rounding: "stochastic"
    }
  }
  layer {
    name: "relu2"
    type: "ReLU"
    bottom: "ip2"
    top: "ip2"
    bias_param {
      filler {
        value: 0
      }
    }
    fixed_precision: true
    precision {
      enter: 0
      fraccio: 10
      rounding: "stochastic"
    }
  }
  layer {
    name: "ip3"
    type: "InnerProduct"
    bottom: "ip2"
    top: "ip3"
    inner_product_param {
      num_output: 10
      weight_filler {
        type: "gaussian"
        mean: 0
        std: 0.01
      }
    }
    bias_param {
      filler {
        value: 0
      }
    }
    fixed_precision: true
    precision {
      enter: 0
      fraccio: 10
      rounding: "stochastic"
    }
  }
  layer {
    name: "accuracy"
    type: "Accuracy"
    bottom: "ip3"
    bottom: "label"
    top: "accuracy"
  }
  layer {
    name: "loss"
    type: "SoftmaxWithLoss"
    bottom: "ip3"
    bottom: "label"
    top: "loss"
    fixed_precision: true
    precision {
      enter: 0
      fraccio: 10
      rounding: "stochastic"
    }
  }
}
train_state {
  level: 0
  stage: ""
}
fixed_precision: true
precision {
  enter: 1
  fraccio: 10
  rounding: "stochastic"
}
I0404 08:17:00.022683  3184 solver.cpp:82] Creating training net specified in net_param.
I0404 08:17:00.022747  3184 net.cpp:294] The NetState phase (0) differed from the phase (1) specified by a rule in layer mnist
I0404 08:17:00.022922  3184 net.cpp:51] Initializing net from parameters: 
name: "LeNet"
state {
  phase: TRAIN
  level: 0
  stage: ""
}
layer {
  name: "mnist"
  type: "Data"
  top: "data"
  top: "label"
  include {
    phase: TRAIN
  }
  transform_param {
    scale: 0.00390625
  }
  data_param {
    source: "data/mnist_train_lmdb"
    batch_size: 100
    backend: LMDB
  }
}
layer {
  name: "ip1"
  type: "InnerProduct"
  bottom: "data"
  top: "ip1"
  inner_product_param {
    num_output: 1000
    weight_filler {
      type: "gaussian"
      mean: 0
      std: 0.01
    }
  }
  bias_param {
    filler {
      value: 0
    }
  }
  fixed_precision: true
  precision {
    enter: 0
    fraccio: 10
    rounding: "stochastic"
  }
}
layer {
  name: "relu1"
  type: "ReLU"
  bottom: "ip1"
  top: "ip1"
  fixed_precision: true
  precision {
    enter: 0
    fraccio: 10
    rounding: "stochastic"
  }
}
layer {
  name: "ip2"
  type: "InnerProduct"
  bottom: "ip1"
  top: "ip2"
  inner_product_param {
    num_output: 1000
    weight_filler {
      type: "gaussian"
      mean: 0
      std: 0.01
    }
  }
  bias_param {
    filler {
      value: 0
    }
  }
  fixed_precision: true
  precision {
    enter: 0
    fraccio: 10
    rounding: "stochastic"
  }
}
layer {
  name: "relu2"
  type: "ReLU"
  bottom: "ip2"
  top: "ip2"
  bias_param {
    filler {
      value: 0
    }
  }
  fixed_precision: true
  precision {
    enter: 0
    fraccio: 10
    rounding: "stochastic"
  }
}
layer {
  name: "ip3"
  type: "InnerProduct"
  bottom: "ip2"
  top: "ip3"
  inner_product_param {
    num_output: 10
    weight_filler {
      type: "gaussian"
      mean: 0
      std: 0.01
    }
  }
  bias_param {
    filler {
      value: 0
    }
  }
  fixed_precision: true
  precision {
    enter: 0
    fraccio: 10
    rounding: "stochastic"
  }
}
layer {
  name: "accuracy"
  type: "Accuracy"
  bottom: "ip3"
  bottom: "label"
  top: "accuracy"
}
layer {
  name: "loss"
  type: "SoftmaxWithLoss"
  bottom: "ip3"
  bottom: "label"
  top: "loss"
  fixed_precision: true
  precision {
    enter: 0
    fraccio: 10
    rounding: "stochastic"
  }
}
I0404 08:17:00.023052  3184 layer_factory.hpp:77] Creating layer mnist
I0404 08:17:00.023175  3184 db_lmdb.cpp:35] Opened lmdb data/mnist_train_lmdb
I0404 08:17:00.023208  3184 net.cpp:84] Creating Layer mnist
I0404 08:17:00.023223  3184 net.cpp:380] mnist -> data
I0404 08:17:00.023255  3184 net.cpp:380] mnist -> label
I0404 08:17:00.023298  3184 data_layer.cpp:45] output data size: 100,1,28,28
I0404 08:17:00.025070  3184 net.cpp:122] Setting up mnist
I0404 08:17:00.025099  3184 net.cpp:129] Top shape: 100 1 28 28 (78400)
I0404 08:17:00.025110  3184 net.cpp:129] Top shape: 100 (100)
I0404 08:17:00.025120  3184 net.cpp:137] Memory required for data: 628000
I0404 08:17:00.025135  3184 layer_factory.hpp:77] Creating layer label_mnist_1_split
I0404 08:17:00.025153  3184 net.cpp:84] Creating Layer label_mnist_1_split
I0404 08:17:00.025166  3184 net.cpp:406] label_mnist_1_split <- label
I0404 08:17:00.025182  3184 net.cpp:380] label_mnist_1_split -> label_mnist_1_split_0
I0404 08:17:00.025197  3184 net.cpp:380] label_mnist_1_split -> label_mnist_1_split_1
I0404 08:17:00.025214  3184 net.cpp:122] Setting up label_mnist_1_split
I0404 08:17:00.025226  3184 net.cpp:129] Top shape: 100 (100)
I0404 08:17:00.025236  3184 net.cpp:129] Top shape: 100 (100)
I0404 08:17:00.025245  3184 net.cpp:137] Memory required for data: 629600
I0404 08:17:00.025254  3184 layer_factory.hpp:77] Creating layer ip1
I0404 08:17:00.025270  3184 net.cpp:84] Creating Layer ip1
I0404 08:17:00.025277  3184 net.cpp:406] ip1 <- data
I0404 08:17:00.025288  3184 net.cpp:380] ip1 -> ip1
I0404 08:17:00.136900  3184 net.cpp:122] Setting up ip1
I0404 08:17:00.136939  3184 net.cpp:129] Top shape: 100 1000 (100000)
I0404 08:17:00.136946  3184 net.cpp:137] Memory required for data: 1429600
I0404 08:17:00.136970  3184 layer_factory.hpp:77] Creating layer relu1
I0404 08:17:00.136987  3184 net.cpp:84] Creating Layer relu1
I0404 08:17:00.136998  3184 net.cpp:406] relu1 <- ip1
I0404 08:17:00.137011  3184 net.cpp:367] relu1 -> ip1 (in-place)
I0404 08:17:00.137037  3184 net.cpp:122] Setting up relu1
I0404 08:17:00.137048  3184 net.cpp:129] Top shape: 100 1000 (100000)
I0404 08:17:00.137055  3184 net.cpp:137] Memory required for data: 2229600
I0404 08:17:00.137063  3184 layer_factory.hpp:77] Creating layer ip2
I0404 08:17:00.137079  3184 net.cpp:84] Creating Layer ip2
I0404 08:17:00.137087  3184 net.cpp:406] ip2 <- ip1
I0404 08:17:00.137099  3184 net.cpp:380] ip2 -> ip2
I0404 08:17:00.238478  3184 net.cpp:122] Setting up ip2
I0404 08:17:00.238517  3184 net.cpp:129] Top shape: 100 1000 (100000)
I0404 08:17:00.238524  3184 net.cpp:137] Memory required for data: 3029600
I0404 08:17:00.238543  3184 layer_factory.hpp:77] Creating layer relu2
I0404 08:17:00.238561  3184 net.cpp:84] Creating Layer relu2
I0404 08:17:00.238569  3184 net.cpp:406] relu2 <- ip2
I0404 08:17:00.238581  3184 net.cpp:367] relu2 -> ip2 (in-place)
I0404 08:17:00.238607  3184 net.cpp:122] Setting up relu2
I0404 08:17:00.238629  3184 net.cpp:129] Top shape: 100 1000 (100000)
I0404 08:17:00.238637  3184 net.cpp:137] Memory required for data: 3829600
I0404 08:17:00.238644  3184 layer_factory.hpp:77] Creating layer ip3
I0404 08:17:00.238658  3184 net.cpp:84] Creating Layer ip3
I0404 08:17:00.238668  3184 net.cpp:406] ip3 <- ip2
I0404 08:17:00.238679  3184 net.cpp:380] ip3 -> ip3
I0404 08:17:00.239754  3184 net.cpp:122] Setting up ip3
I0404 08:17:00.239768  3184 net.cpp:129] Top shape: 100 10 (1000)
I0404 08:17:00.239776  3184 net.cpp:137] Memory required for data: 3837600
I0404 08:17:00.239790  3184 layer_factory.hpp:77] Creating layer ip3_ip3_0_split
I0404 08:17:00.239801  3184 net.cpp:84] Creating Layer ip3_ip3_0_split
I0404 08:17:00.239809  3184 net.cpp:406] ip3_ip3_0_split <- ip3
I0404 08:17:00.239821  3184 net.cpp:380] ip3_ip3_0_split -> ip3_ip3_0_split_0
I0404 08:17:00.239833  3184 net.cpp:380] ip3_ip3_0_split -> ip3_ip3_0_split_1
I0404 08:17:00.239850  3184 net.cpp:122] Setting up ip3_ip3_0_split
I0404 08:17:00.239861  3184 net.cpp:129] Top shape: 100 10 (1000)
I0404 08:17:00.239869  3184 net.cpp:129] Top shape: 100 10 (1000)
I0404 08:17:00.239877  3184 net.cpp:137] Memory required for data: 3853600
I0404 08:17:00.239886  3184 layer_factory.hpp:77] Creating layer accuracy
I0404 08:17:00.239898  3184 net.cpp:84] Creating Layer accuracy
I0404 08:17:00.239907  3184 net.cpp:406] accuracy <- ip3_ip3_0_split_0
I0404 08:17:00.239915  3184 net.cpp:406] accuracy <- label_mnist_1_split_0
I0404 08:17:00.239928  3184 net.cpp:380] accuracy -> accuracy
I0404 08:17:00.239941  3184 net.cpp:122] Setting up accuracy
I0404 08:17:00.239951  3184 net.cpp:129] Top shape: (1)
I0404 08:17:00.239959  3184 net.cpp:137] Memory required for data: 3853608
I0404 08:17:00.239965  3184 layer_factory.hpp:77] Creating layer loss
I0404 08:17:00.239981  3184 net.cpp:84] Creating Layer loss
I0404 08:17:00.239989  3184 net.cpp:406] loss <- ip3_ip3_0_split_1
I0404 08:17:00.239996  3184 net.cpp:406] loss <- label_mnist_1_split_1
I0404 08:17:00.240005  3184 net.cpp:380] loss -> loss
I0404 08:17:00.240027  3184 layer_factory.hpp:77] Creating layer loss
I0404 08:17:00.240061  3184 net.cpp:122] Setting up loss
I0404 08:17:00.240072  3184 net.cpp:129] Top shape: (1)
I0404 08:17:00.240078  3184 net.cpp:132]     with loss weight 1
I0404 08:17:00.240104  3184 net.cpp:137] Memory required for data: 3853616
I0404 08:17:00.240113  3184 net.cpp:198] loss needs backward computation.
I0404 08:17:00.240121  3184 net.cpp:200] accuracy does not need backward computation.
I0404 08:17:00.240131  3184 net.cpp:198] ip3_ip3_0_split needs backward computation.
I0404 08:17:00.240140  3184 net.cpp:198] ip3 needs backward computation.
I0404 08:17:00.240149  3184 net.cpp:198] relu2 needs backward computation.
I0404 08:17:00.240157  3184 net.cpp:198] ip2 needs backward computation.
I0404 08:17:00.240169  3184 net.cpp:198] relu1 needs backward computation.
I0404 08:17:00.240175  3184 net.cpp:198] ip1 needs backward computation.
I0404 08:17:00.240185  3184 net.cpp:200] label_mnist_1_split does not need backward computation.
I0404 08:17:00.240195  3184 net.cpp:200] mnist does not need backward computation.
I0404 08:17:00.240203  3184 net.cpp:242] This network produces output accuracy
I0404 08:17:00.240211  3184 net.cpp:242] This network produces output loss
I0404 08:17:00.240227  3184 net.cpp:255] Network initialization done.
I0404 08:17:00.240288  3184 solver.cpp:173] Creating test net (#0) specified by net_param
I0404 08:17:00.240314  3184 net.cpp:294] The NetState phase (1) differed from the phase (0) specified by a rule in layer mnist
I0404 08:17:00.240444  3184 net.cpp:51] Initializing net from parameters: 
name: "LeNet"
state {
  phase: TEST
}
layer {
  name: "mnist"
  type: "Data"
  top: "data"
  top: "label"
  include {
    phase: TEST
  }
  transform_param {
    scale: 0.00390625
  }
  data_param {
    source: "data/mnist_test_lmdb"
    batch_size: 100
    backend: LMDB
  }
}
layer {
  name: "ip1"
  type: "InnerProduct"
  bottom: "data"
  top: "ip1"
  inner_product_param {
    num_output: 1000
    weight_filler {
      type: "gaussian"
      mean: 0
      std: 0.01
    }
  }
  bias_param {
    filler {
      value: 0
    }
  }
  fixed_precision: true
  precision {
    enter: 0
    fraccio: 10
    rounding: "stochastic"
  }
}
layer {
  name: "relu1"
  type: "ReLU"
  bottom: "ip1"
  top: "ip1"
  fixed_precision: true
  precision {
    enter: 0
    fraccio: 10
    rounding: "stochastic"
  }
}
layer {
  name: "ip2"
  type: "InnerProduct"
  bottom: "ip1"
  top: "ip2"
  inner_product_param {
    num_output: 1000
    weight_filler {
      type: "gaussian"
      mean: 0
      std: 0.01
    }
  }
  bias_param {
    filler {
      value: 0
    }
  }
  fixed_precision: true
  precision {
    enter: 0
    fraccio: 10
    rounding: "stochastic"
  }
}
layer {
  name: "relu2"
  type: "ReLU"
  bottom: "ip2"
  top: "ip2"
  bias_param {
    filler {
      value: 0
    }
  }
  fixed_precision: true
  precision {
    enter: 0
    fraccio: 10
    rounding: "stochastic"
  }
}
layer {
  name: "ip3"
  type: "InnerProduct"
  bottom: "ip2"
  top: "ip3"
  inner_product_param {
    num_output: 10
    weight_filler {
      type: "gaussian"
      mean: 0
      std: 0.01
    }
  }
  bias_param {
    filler {
      value: 0
    }
  }
  fixed_precision: true
  precision {
    enter: 0
    fraccio: 10
    rounding: "stochastic"
  }
}
layer {
  name: "accuracy"
  type: "Accuracy"
  bottom: "ip3"
  bottom: "label"
  top: "accuracy"
}
layer {
  name: "loss"
  type: "SoftmaxWithLoss"
  bottom: "ip3"
  bottom: "label"
  top: "loss"
  fixed_precision: true
  precision {
    enter: 0
    fraccio: 10
    rounding: "stochastic"
  }
}
I0404 08:17:00.240516  3184 layer_factory.hpp:77] Creating layer mnist
I0404 08:17:00.240579  3184 db_lmdb.cpp:35] Opened lmdb data/mnist_test_lmdb
I0404 08:17:00.240598  3184 net.cpp:84] Creating Layer mnist
I0404 08:17:00.240609  3184 net.cpp:380] mnist -> data
I0404 08:17:00.240624  3184 net.cpp:380] mnist -> label
I0404 08:17:00.240648  3184 data_layer.cpp:45] output data size: 100,1,28,28
I0404 08:17:00.241456  3184 net.cpp:122] Setting up mnist
I0404 08:17:00.241472  3184 net.cpp:129] Top shape: 100 1 28 28 (78400)
I0404 08:17:00.241482  3184 net.cpp:129] Top shape: 100 (100)
I0404 08:17:00.241488  3184 net.cpp:137] Memory required for data: 628000
I0404 08:17:00.241497  3184 layer_factory.hpp:77] Creating layer label_mnist_1_split
I0404 08:17:00.241511  3184 net.cpp:84] Creating Layer label_mnist_1_split
I0404 08:17:00.241520  3184 net.cpp:406] label_mnist_1_split <- label
I0404 08:17:00.241538  3184 net.cpp:380] label_mnist_1_split -> label_mnist_1_split_0
I0404 08:17:00.241549  3184 net.cpp:380] label_mnist_1_split -> label_mnist_1_split_1
I0404 08:17:00.241565  3184 net.cpp:122] Setting up label_mnist_1_split
I0404 08:17:00.241578  3184 net.cpp:129] Top shape: 100 (100)
I0404 08:17:00.241588  3184 net.cpp:129] Top shape: 100 (100)
I0404 08:17:00.241596  3184 net.cpp:137] Memory required for data: 629600
I0404 08:17:00.241605  3184 layer_factory.hpp:77] Creating layer ip1
I0404 08:17:00.241618  3184 net.cpp:84] Creating Layer ip1
I0404 08:17:00.241629  3184 net.cpp:406] ip1 <- data
I0404 08:17:00.241641  3184 net.cpp:380] ip1 -> ip1
I0404 08:17:00.312649  3184 net.cpp:122] Setting up ip1
I0404 08:17:00.312688  3184 net.cpp:129] Top shape: 100 1000 (100000)
I0404 08:17:00.312695  3184 net.cpp:137] Memory required for data: 1429600
I0404 08:17:00.312711  3184 layer_factory.hpp:77] Creating layer relu1
I0404 08:17:00.312726  3184 net.cpp:84] Creating Layer relu1
I0404 08:17:00.312733  3184 net.cpp:406] relu1 <- ip1
I0404 08:17:00.312743  3184 net.cpp:367] relu1 -> ip1 (in-place)
I0404 08:17:00.312757  3184 net.cpp:122] Setting up relu1
I0404 08:17:00.312764  3184 net.cpp:129] Top shape: 100 1000 (100000)
I0404 08:17:00.312770  3184 net.cpp:137] Memory required for data: 2229600
I0404 08:17:00.312777  3184 layer_factory.hpp:77] Creating layer ip2
I0404 08:17:00.312793  3184 net.cpp:84] Creating Layer ip2
I0404 08:17:00.312804  3184 net.cpp:406] ip2 <- ip1
I0404 08:17:00.312825  3184 net.cpp:380] ip2 -> ip2
I0404 08:17:00.394882  3184 net.cpp:122] Setting up ip2
I0404 08:17:00.394919  3184 net.cpp:129] Top shape: 100 1000 (100000)
I0404 08:17:00.394925  3184 net.cpp:137] Memory required for data: 3029600
I0404 08:17:00.394942  3184 layer_factory.hpp:77] Creating layer relu2
I0404 08:17:00.394958  3184 net.cpp:84] Creating Layer relu2
I0404 08:17:00.394968  3184 net.cpp:406] relu2 <- ip2
I0404 08:17:00.394979  3184 net.cpp:367] relu2 -> ip2 (in-place)
I0404 08:17:00.394994  3184 net.cpp:122] Setting up relu2
I0404 08:17:00.395002  3184 net.cpp:129] Top shape: 100 1000 (100000)
I0404 08:17:00.395009  3184 net.cpp:137] Memory required for data: 3829600
I0404 08:17:00.395015  3184 layer_factory.hpp:77] Creating layer ip3
I0404 08:17:00.395025  3184 net.cpp:84] Creating Layer ip3
I0404 08:17:00.395031  3184 net.cpp:406] ip3 <- ip2
I0404 08:17:00.395040  3184 net.cpp:380] ip3 -> ip3
I0404 08:17:00.395908  3184 net.cpp:122] Setting up ip3
I0404 08:17:00.395926  3184 net.cpp:129] Top shape: 100 10 (1000)
I0404 08:17:00.395934  3184 net.cpp:137] Memory required for data: 3837600
I0404 08:17:00.395946  3184 layer_factory.hpp:77] Creating layer ip3_ip3_0_split
I0404 08:17:00.395958  3184 net.cpp:84] Creating Layer ip3_ip3_0_split
I0404 08:17:00.395965  3184 net.cpp:406] ip3_ip3_0_split <- ip3
I0404 08:17:00.395974  3184 net.cpp:380] ip3_ip3_0_split -> ip3_ip3_0_split_0
I0404 08:17:00.395985  3184 net.cpp:380] ip3_ip3_0_split -> ip3_ip3_0_split_1
I0404 08:17:00.395998  3184 net.cpp:122] Setting up ip3_ip3_0_split
I0404 08:17:00.396008  3184 net.cpp:129] Top shape: 100 10 (1000)
I0404 08:17:00.396016  3184 net.cpp:129] Top shape: 100 10 (1000)
I0404 08:17:00.396023  3184 net.cpp:137] Memory required for data: 3853600
I0404 08:17:00.396029  3184 layer_factory.hpp:77] Creating layer accuracy
I0404 08:17:00.396039  3184 net.cpp:84] Creating Layer accuracy
I0404 08:17:00.396044  3184 net.cpp:406] accuracy <- ip3_ip3_0_split_0
I0404 08:17:00.396051  3184 net.cpp:406] accuracy <- label_mnist_1_split_0
I0404 08:17:00.396060  3184 net.cpp:380] accuracy -> accuracy
I0404 08:17:00.396071  3184 net.cpp:122] Setting up accuracy
I0404 08:17:00.396080  3184 net.cpp:129] Top shape: (1)
I0404 08:17:00.396086  3184 net.cpp:137] Memory required for data: 3853608
I0404 08:17:00.396092  3184 layer_factory.hpp:77] Creating layer loss
I0404 08:17:00.396103  3184 net.cpp:84] Creating Layer loss
I0404 08:17:00.396111  3184 net.cpp:406] loss <- ip3_ip3_0_split_1
I0404 08:17:00.396117  3184 net.cpp:406] loss <- label_mnist_1_split_1
I0404 08:17:00.396126  3184 net.cpp:380] loss -> loss
I0404 08:17:00.396136  3184 layer_factory.hpp:77] Creating layer loss
I0404 08:17:00.396157  3184 net.cpp:122] Setting up loss
I0404 08:17:00.396165  3184 net.cpp:129] Top shape: (1)
I0404 08:17:00.396172  3184 net.cpp:132]     with loss weight 1
I0404 08:17:00.396185  3184 net.cpp:137] Memory required for data: 3853616
I0404 08:17:00.396191  3184 net.cpp:198] loss needs backward computation.
I0404 08:17:00.396198  3184 net.cpp:200] accuracy does not need backward computation.
I0404 08:17:00.396205  3184 net.cpp:198] ip3_ip3_0_split needs backward computation.
I0404 08:17:00.396211  3184 net.cpp:198] ip3 needs backward computation.
I0404 08:17:00.396217  3184 net.cpp:198] relu2 needs backward computation.
I0404 08:17:00.396224  3184 net.cpp:198] ip2 needs backward computation.
I0404 08:17:00.396229  3184 net.cpp:198] relu1 needs backward computation.
I0404 08:17:00.396235  3184 net.cpp:198] ip1 needs backward computation.
I0404 08:17:00.396242  3184 net.cpp:200] label_mnist_1_split does not need backward computation.
I0404 08:17:00.396251  3184 net.cpp:200] mnist does not need backward computation.
I0404 08:17:00.396257  3184 net.cpp:242] This network produces output accuracy
I0404 08:17:00.396265  3184 net.cpp:242] This network produces output loss
I0404 08:17:00.396277  3184 net.cpp:255] Network initialization done.
I0404 08:17:00.396318  3184 solver.cpp:56] Solver scaffolding done.
I0404 08:17:00.396347  3184 caffe_double.cpp:248] Starting Optimization
I0404 08:17:00.396361  3184 solver.cpp:273] Solving LeNet
I0404 08:17:00.396366  3184 solver.cpp:274] Learning Rate Policy: inv
I0404 08:17:00.399024  3184 solver.cpp:331] Iteration 0, Testing net (#0)
I0404 08:17:02.314335  3190 data_layer.cpp:73] Restarting data prefetching from start.
I0404 08:17:02.391955  3184 solver.cpp:398]     Test net output #0: accuracy = 0.1347
I0404 08:17:02.392020  3184 solver.cpp:398]     Test net output #1: loss = 2.30248 (* 1 = 2.30248 loss)
I0404 08:17:02.433032  3184 solver.cpp:219] Iteration 0 (-1.4013e-45 iter/s, 2.036s/600 iters), loss = 2.30234
I0404 08:17:02.433094  3184 solver.cpp:238]     Train net output #0: accuracy = 0.13
I0404 08:17:02.433112  3184 solver.cpp:238]     Train net output #1: loss = 2.30234 (* 1 = 2.30234 loss)
I0404 08:17:02.433126  3184 sgd_solver.cpp:107] Iteration 0, lr = 0.1
I0404 08:18:11.849436  3188 data_layer.cpp:73] Restarting data prefetching from start.
I0404 08:18:12.310178  3184 solver.cpp:331] Iteration 600, Testing net (#0)
I0404 08:18:14.138111  3190 data_layer.cpp:73] Restarting data prefetching from start.
I0404 08:18:14.218097  3184 solver.cpp:398]     Test net output #0: accuracy = 0.9416
I0404 08:18:14.218160  3184 solver.cpp:398]     Test net output #1: loss = 0.186956 (* 1 = 0.186956 loss)
I0404 08:18:14.257779  3184 solver.cpp:219] Iteration 600 (8.35375 iter/s, 71.824s/600 iters), loss = 0.136686
I0404 08:18:14.257845  3184 solver.cpp:238]     Train net output #0: accuracy = 0.97
I0404 08:18:14.257865  3184 solver.cpp:238]     Train net output #1: loss = 0.136686 (* 1 = 0.136686 loss)
I0404 08:18:14.257880  3184 sgd_solver.cpp:107] Iteration 600, lr = 0.0957239
I0404 08:19:23.012161  3188 data_layer.cpp:73] Restarting data prefetching from start.
I0404 08:19:23.474555  3184 solver.cpp:331] Iteration 1200, Testing net (#0)
I0404 08:19:25.299597  3190 data_layer.cpp:73] Restarting data prefetching from start.
I0404 08:19:25.374517  3184 solver.cpp:398]     Test net output #0: accuracy = 0.964
I0404 08:19:25.374579  3184 solver.cpp:398]     Test net output #1: loss = 0.117805 (* 1 = 0.117805 loss)
I0404 08:19:25.413976  3184 solver.cpp:219] Iteration 1200 (8.43218 iter/s, 71.156s/600 iters), loss = 0.094423
I0404 08:19:25.414043  3184 solver.cpp:238]     Train net output #0: accuracy = 0.98
I0404 08:19:25.414064  3184 solver.cpp:238]     Train net output #1: loss = 0.094423 (* 1 = 0.094423 loss)
I0404 08:19:25.414079  3184 sgd_solver.cpp:107] Iteration 1200, lr = 0.0918516
I0404 08:20:33.789451  3188 data_layer.cpp:73] Restarting data prefetching from start.
I0404 08:20:34.247949  3184 solver.cpp:331] Iteration 1800, Testing net (#0)
I0404 08:20:36.061691  3190 data_layer.cpp:73] Restarting data prefetching from start.
I0404 08:20:36.136253  3184 solver.cpp:398]     Test net output #0: accuracy = 0.9618
I0404 08:20:36.136317  3184 solver.cpp:398]     Test net output #1: loss = 0.131401 (* 1 = 0.131401 loss)
I0404 08:20:36.179837  3184 solver.cpp:219] Iteration 1800 (8.47877 iter/s, 70.765s/600 iters), loss = 0.0964043
I0404 08:20:36.179908  3184 solver.cpp:238]     Train net output #0: accuracy = 0.98
I0404 08:20:36.179930  3184 solver.cpp:238]     Train net output #1: loss = 0.0964043 (* 1 = 0.0964043 loss)
I0404 08:20:36.179944  3184 sgd_solver.cpp:107] Iteration 1800, lr = 0.088326
I0404 08:21:44.406505  3188 data_layer.cpp:73] Restarting data prefetching from start.
I0404 08:21:44.859467  3184 solver.cpp:331] Iteration 2400, Testing net (#0)
I0404 08:21:46.683372  3190 data_layer.cpp:73] Restarting data prefetching from start.
I0404 08:21:46.758396  3184 solver.cpp:398]     Test net output #0: accuracy = 0.9699
I0404 08:21:46.758460  3184 solver.cpp:398]     Test net output #1: loss = 0.0980096 (* 1 = 0.0980096 loss)
I0404 08:21:46.797871  3184 solver.cpp:219] Iteration 2400 (8.49654 iter/s, 70.617s/600 iters), loss = 0.0484308
I0404 08:21:46.797938  3184 solver.cpp:238]     Train net output #0: accuracy = 0.98
I0404 08:21:46.797960  3184 solver.cpp:238]     Train net output #1: loss = 0.0484308 (* 1 = 0.0484308 loss)
I0404 08:21:46.797992  3184 sgd_solver.cpp:107] Iteration 2400, lr = 0.0851008
I0404 08:22:54.974298  3188 data_layer.cpp:73] Restarting data prefetching from start.
I0404 08:22:55.432042  3184 solver.cpp:331] Iteration 3000, Testing net (#0)
I0404 08:22:57.249699  3190 data_layer.cpp:73] Restarting data prefetching from start.
I0404 08:22:57.326151  3184 solver.cpp:398]     Test net output #0: accuracy = 0.9754
I0404 08:22:57.326215  3184 solver.cpp:398]     Test net output #1: loss = 0.0865472 (* 1 = 0.0865472 loss)
I0404 08:22:57.365620  3184 solver.cpp:219] Iteration 3000 (8.50256 iter/s, 70.567s/600 iters), loss = 0.0159753
I0404 08:22:57.365686  3184 solver.cpp:238]     Train net output #0: accuracy = 0.99
I0404 08:22:57.365707  3184 solver.cpp:238]     Train net output #1: loss = 0.0159753 (* 1 = 0.0159753 loss)
I0404 08:22:57.365723  3184 sgd_solver.cpp:107] Iteration 3000, lr = 0.0821377
I0404 08:24:05.624775  3188 data_layer.cpp:73] Restarting data prefetching from start.
I0404 08:24:06.081252  3184 solver.cpp:331] Iteration 3600, Testing net (#0)
I0404 08:24:07.900496  3190 data_layer.cpp:73] Restarting data prefetching from start.
I0404 08:24:07.975498  3184 solver.cpp:398]     Test net output #0: accuracy = 0.9753
I0404 08:24:07.975558  3184 solver.cpp:398]     Test net output #1: loss = 0.0825656 (* 1 = 0.0825656 loss)
I0404 08:24:08.015506  3184 solver.cpp:219] Iteration 3600 (8.49269 iter/s, 70.649s/600 iters), loss = 0.0270343
I0404 08:24:08.015571  3184 solver.cpp:238]     Train net output #0: accuracy = 0.99
I0404 08:24:08.015594  3184 solver.cpp:238]     Train net output #1: loss = 0.0270343 (* 1 = 0.0270343 loss)
I0404 08:24:08.015609  3184 sgd_solver.cpp:107] Iteration 3600, lr = 0.0794046
I0404 08:25:16.045567  3188 data_layer.cpp:73] Restarting data prefetching from start.
I0404 08:25:16.502684  3184 solver.cpp:331] Iteration 4200, Testing net (#0)
I0404 08:25:18.327659  3190 data_layer.cpp:73] Restarting data prefetching from start.
I0404 08:25:18.402200  3184 solver.cpp:398]     Test net output #0: accuracy = 0.9802
I0404 08:25:18.402261  3184 solver.cpp:398]     Test net output #1: loss = 0.0740051 (* 1 = 0.0740051 loss)
I0404 08:25:18.441611  3184 solver.cpp:219] Iteration 4200 (8.51958 iter/s, 70.426s/600 iters), loss = 0.0289501
I0404 08:25:18.441678  3184 solver.cpp:238]     Train net output #0: accuracy = 0.99
I0404 08:25:18.441699  3184 solver.cpp:238]     Train net output #1: loss = 0.0289501 (* 1 = 0.0289501 loss)
I0404 08:25:18.441715  3184 sgd_solver.cpp:107] Iteration 4200, lr = 0.0768748
I0404 08:26:26.379281  3188 data_layer.cpp:73] Restarting data prefetching from start.
I0404 08:26:26.832289  3184 solver.cpp:331] Iteration 4800, Testing net (#0)
I0404 08:26:28.643162  3190 data_layer.cpp:73] Restarting data prefetching from start.
I0404 08:26:28.720468  3184 solver.cpp:398]     Test net output #0: accuracy = 0.9784
I0404 08:26:28.720542  3184 solver.cpp:398]     Test net output #1: loss = 0.0804314 (* 1 = 0.0804314 loss)
I0404 08:26:28.760110  3184 solver.cpp:219] Iteration 4800 (8.53267 iter/s, 70.318s/600 iters), loss = 0.0113765
I0404 08:26:28.760180  3184 solver.cpp:238]     Train net output #0: accuracy = 1
I0404 08:26:28.760201  3184 solver.cpp:238]     Train net output #1: loss = 0.0113765 (* 1 = 0.0113765 loss)
I0404 08:26:28.760217  3184 sgd_solver.cpp:107] Iteration 4800, lr = 0.0745253
I0404 08:27:36.633407  3188 data_layer.cpp:73] Restarting data prefetching from start.
I0404 08:27:37.090255  3184 solver.cpp:331] Iteration 5400, Testing net (#0)
I0404 08:27:38.899467  3190 data_layer.cpp:73] Restarting data prefetching from start.
I0404 08:27:38.973942  3184 solver.cpp:398]     Test net output #0: accuracy = 0.9794
I0404 08:27:38.974004  3184 solver.cpp:398]     Test net output #1: loss = 0.0809404 (* 1 = 0.0809404 loss)
I0404 08:27:39.013332  3184 solver.cpp:219] Iteration 5400 (8.54056 iter/s, 70.253s/600 iters), loss = 0.00385568
I0404 08:27:39.013398  3184 solver.cpp:238]     Train net output #0: accuracy = 1
I0404 08:27:39.013435  3184 solver.cpp:238]     Train net output #1: loss = 0.00385568 (* 1 = 0.00385568 loss)
I0404 08:27:39.013451  3184 sgd_solver.cpp:107] Iteration 5400, lr = 0.0723368
I0404 08:28:47.025756  3188 data_layer.cpp:73] Restarting data prefetching from start.
I0404 08:28:47.484359  3184 solver.cpp:331] Iteration 6000, Testing net (#0)
I0404 08:28:49.304922  3190 data_layer.cpp:73] Restarting data prefetching from start.
I0404 08:28:49.379231  3184 solver.cpp:398]     Test net output #0: accuracy = 0.9812
I0404 08:28:49.379294  3184 solver.cpp:398]     Test net output #1: loss = 0.0758751 (* 1 = 0.0758751 loss)
I0404 08:28:49.418750  3184 solver.cpp:219] Iteration 6000 (8.52212 iter/s, 70.405s/600 iters), loss = 0.0145149
I0404 08:28:49.418818  3184 solver.cpp:238]     Train net output #0: accuracy = 1
I0404 08:28:49.418839  3184 solver.cpp:238]     Train net output #1: loss = 0.0145149 (* 1 = 0.0145149 loss)
I0404 08:28:49.418854  3184 sgd_solver.cpp:107] Iteration 6000, lr = 0.0702927
I0404 08:29:57.265980  3188 data_layer.cpp:73] Restarting data prefetching from start.
I0404 08:29:57.720567  3184 solver.cpp:331] Iteration 6600, Testing net (#0)
I0404 08:29:59.531327  3190 data_layer.cpp:73] Restarting data prefetching from start.
I0404 08:29:59.605785  3184 solver.cpp:398]     Test net output #0: accuracy = 0.9808
I0404 08:29:59.605850  3184 solver.cpp:398]     Test net output #1: loss = 0.0808818 (* 1 = 0.0808818 loss)
I0404 08:29:59.645202  3184 solver.cpp:219] Iteration 6600 (8.54384 iter/s, 70.226s/600 iters), loss = 0.000969088
I0404 08:29:59.645268  3184 solver.cpp:238]     Train net output #0: accuracy = 1
I0404 08:29:59.645289  3184 solver.cpp:238]     Train net output #1: loss = 0.000969088 (* 1 = 0.000969088 loss)
I0404 08:29:59.645305  3184 sgd_solver.cpp:107] Iteration 6600, lr = 0.0683784
I0404 08:31:29.522969  3188 data_layer.cpp:73] Restarting data prefetching from start.
I0404 08:31:30.171555  3184 solver.cpp:331] Iteration 7200, Testing net (#0)
I0404 08:31:31.980731  3190 data_layer.cpp:73] Restarting data prefetching from start.
I0404 08:31:32.055063  3184 solver.cpp:398]     Test net output #0: accuracy = 0.9808
I0404 08:31:32.055127  3184 solver.cpp:398]     Test net output #1: loss = 0.0780583 (* 1 = 0.0780583 loss)
I0404 08:31:32.094414  3184 solver.cpp:219] Iteration 7200 (6.49007 iter/s, 92.449s/600 iters), loss = 0.00169355
I0404 08:31:32.094482  3184 solver.cpp:238]     Train net output #0: accuracy = 1
I0404 08:31:32.094503  3184 solver.cpp:238]     Train net output #1: loss = 0.00169355 (* 1 = 0.00169355 loss)
I0404 08:31:32.094519  3184 sgd_solver.cpp:107] Iteration 7200, lr = 0.0665815
I0404 08:33:11.476794  3188 data_layer.cpp:73] Restarting data prefetching from start.
I0404 08:33:12.158414  3184 solver.cpp:331] Iteration 7800, Testing net (#0)
I0404 08:33:13.962100  3190 data_layer.cpp:73] Restarting data prefetching from start.
I0404 08:33:14.036370  3184 solver.cpp:398]     Test net output #0: accuracy = 0.9829
I0404 08:33:14.036435  3184 solver.cpp:398]     Test net output #1: loss = 0.0738681 (* 1 = 0.0738681 loss)
I0404 08:33:14.075500  3184 solver.cpp:219] Iteration 7800 (5.88345 iter/s, 101.981s/600 iters), loss = 0.00262589
I0404 08:33:14.075568  3184 solver.cpp:238]     Train net output #0: accuracy = 1
I0404 08:33:14.075589  3184 solver.cpp:238]     Train net output #1: loss = 0.00262589 (* 1 = 0.00262589 loss)
I0404 08:33:14.075605  3184 sgd_solver.cpp:107] Iteration 7800, lr = 0.0648911
I0404 08:34:57.634240  3188 data_layer.cpp:73] Restarting data prefetching from start.
I0404 08:34:58.346477  3184 solver.cpp:331] Iteration 8400, Testing net (#0)
I0404 08:35:00.131453  3190 data_layer.cpp:73] Restarting data prefetching from start.
I0404 08:35:00.208061  3184 solver.cpp:398]     Test net output #0: accuracy = 0.9805
I0404 08:35:00.208128  3184 solver.cpp:398]     Test net output #1: loss = 0.0827243 (* 1 = 0.0827243 loss)
I0404 08:35:00.246543  3184 solver.cpp:219] Iteration 8400 (5.65131 iter/s, 106.17s/600 iters), loss = 0.0071821
I0404 08:35:00.246611  3184 solver.cpp:238]     Train net output #0: accuracy = 1
I0404 08:35:00.246647  3184 solver.cpp:238]     Train net output #1: loss = 0.0071821 (* 1 = 0.0071821 loss)
I0404 08:35:00.246662  3184 sgd_solver.cpp:107] Iteration 8400, lr = 0.0632975
I0404 08:36:46.596567  3188 data_layer.cpp:73] Restarting data prefetching from start.
I0404 08:36:47.320863  3184 solver.cpp:331] Iteration 9000, Testing net (#0)
I0404 08:36:49.122817  3190 data_layer.cpp:73] Restarting data prefetching from start.
I0404 08:36:49.201203  3184 solver.cpp:398]     Test net output #0: accuracy = 0.9826
I0404 08:36:49.201270  3184 solver.cpp:398]     Test net output #1: loss = 0.0777552 (* 1 = 0.0777552 loss)
I0404 08:36:49.240427  3184 solver.cpp:219] Iteration 9000 (5.50494 iter/s, 108.993s/600 iters), loss = 0.00204985
I0404 08:36:49.240495  3184 solver.cpp:238]     Train net output #0: accuracy = 1
I0404 08:36:49.240516  3184 solver.cpp:238]     Train net output #1: loss = 0.00204985 (* 1 = 0.00204985 loss)
I0404 08:36:49.240532  3184 sgd_solver.cpp:107] Iteration 9000, lr = 0.0617924
I0404 08:38:37.678534  3188 data_layer.cpp:73] Restarting data prefetching from start.
I0404 08:38:38.413390  3184 solver.cpp:331] Iteration 9600, Testing net (#0)
I0404 08:38:40.208497  3190 data_layer.cpp:73] Restarting data prefetching from start.
I0404 08:38:40.282449  3184 solver.cpp:398]     Test net output #0: accuracy = 0.982
I0404 08:38:40.282513  3184 solver.cpp:398]     Test net output #1: loss = 0.0799054 (* 1 = 0.0799054 loss)
I0404 08:38:40.321470  3184 solver.cpp:219] Iteration 9600 (5.40151 iter/s, 111.08s/600 iters), loss = 0.00204797
I0404 08:38:40.321534  3184 solver.cpp:238]     Train net output #0: accuracy = 1
I0404 08:38:40.321557  3184 solver.cpp:238]     Train net output #1: loss = 0.00204797 (* 1 = 0.00204797 loss)
I0404 08:38:40.321573  3184 sgd_solver.cpp:107] Iteration 9600, lr = 0.0603682
I0404 08:40:30.780246  3188 data_layer.cpp:73] Restarting data prefetching from start.
I0404 08:40:31.527236  3184 solver.cpp:331] Iteration 10200, Testing net (#0)
I0404 08:40:33.322717  3190 data_layer.cpp:73] Restarting data prefetching from start.
I0404 08:40:33.396605  3184 solver.cpp:398]     Test net output #0: accuracy = 0.9829
I0404 08:40:33.396669  3184 solver.cpp:398]     Test net output #1: loss = 0.0749047 (* 1 = 0.0749047 loss)
I0404 08:40:33.435808  3184 solver.cpp:219] Iteration 10200 (5.30438 iter/s, 113.114s/600 iters), loss = 0.00165537
I0404 08:40:33.435876  3184 solver.cpp:238]     Train net output #0: accuracy = 1
I0404 08:40:33.435897  3184 solver.cpp:238]     Train net output #1: loss = 0.00165537 (* 1 = 0.00165537 loss)
I0404 08:40:33.435914  3184 sgd_solver.cpp:107] Iteration 10200, lr = 0.0590183
I0404 08:42:25.586004  3188 data_layer.cpp:73] Restarting data prefetching from start.
I0404 08:42:26.347930  3184 solver.cpp:331] Iteration 10800, Testing net (#0)
I0404 08:42:28.136924  3190 data_layer.cpp:73] Restarting data prefetching from start.
I0404 08:42:28.215507  3184 solver.cpp:398]     Test net output #0: accuracy = 0.9829
I0404 08:42:28.215574  3184 solver.cpp:398]     Test net output #1: loss = 0.0780128 (* 1 = 0.0780128 loss)
I0404 08:42:28.254698  3184 solver.cpp:219] Iteration 10800 (5.22566 iter/s, 114.818s/600 iters), loss = 0.00100611
I0404 08:42:28.254766  3184 solver.cpp:238]     Train net output #0: accuracy = 1
I0404 08:42:28.254786  3184 solver.cpp:238]     Train net output #1: loss = 0.00100611 (* 1 = 0.00100611 loss)
I0404 08:42:28.254801  3184 sgd_solver.cpp:107] Iteration 10800, lr = 0.0577368
I0404 08:44:21.921869  3188 data_layer.cpp:73] Restarting data prefetching from start.
I0404 08:44:22.690472  3184 solver.cpp:331] Iteration 11400, Testing net (#0)
I0404 08:44:24.487063  3190 data_layer.cpp:73] Restarting data prefetching from start.
I0404 08:44:24.560997  3184 solver.cpp:398]     Test net output #0: accuracy = 0.9824
I0404 08:44:24.561069  3184 solver.cpp:398]     Test net output #1: loss = 0.077173 (* 1 = 0.077173 loss)
I0404 08:44:24.600214  3184 solver.cpp:219] Iteration 11400 (5.15708 iter/s, 116.345s/600 iters), loss = 0.00042195
I0404 08:44:24.600296  3184 solver.cpp:238]     Train net output #0: accuracy = 1
I0404 08:44:24.600317  3184 solver.cpp:238]     Train net output #1: loss = 0.00042195 (* 1 = 0.00042195 loss)
I0404 08:44:24.600332  3184 sgd_solver.cpp:107] Iteration 11400, lr = 0.0565184
I0404 08:46:20.147055  3188 data_layer.cpp:73] Restarting data prefetching from start.
I0404 08:46:20.927940  3184 solver.cpp:331] Iteration 12000, Testing net (#0)
I0404 08:46:22.724153  3190 data_layer.cpp:73] Restarting data prefetching from start.
I0404 08:46:22.798091  3184 solver.cpp:398]     Test net output #0: accuracy = 0.9824
I0404 08:46:22.798156  3184 solver.cpp:398]     Test net output #1: loss = 0.081514 (* 1 = 0.081514 loss)
I0404 08:46:22.837229  3184 solver.cpp:219] Iteration 12000 (5.0746 iter/s, 118.236s/600 iters), loss = 0.000670716
I0404 08:46:22.837294  3184 solver.cpp:238]     Train net output #0: accuracy = 1
I0404 08:46:22.837316  3184 solver.cpp:238]     Train net output #1: loss = 0.000670716 (* 1 = 0.000670716 loss)
I0404 08:46:22.837330  3184 sgd_solver.cpp:107] Iteration 12000, lr = 0.0553583
I0404 08:48:19.443866  3188 data_layer.cpp:73] Restarting data prefetching from start.
I0404 08:48:20.229781  3184 solver.cpp:331] Iteration 12600, Testing net (#0)
I0404 08:48:22.024082  3190 data_layer.cpp:73] Restarting data prefetching from start.
I0404 08:48:22.097916  3184 solver.cpp:398]     Test net output #0: accuracy = 0.983
I0404 08:48:22.097980  3184 solver.cpp:398]     Test net output #1: loss = 0.081327 (* 1 = 0.081327 loss)
I0404 08:48:22.137037  3184 solver.cpp:219] Iteration 12600 (5.02938 iter/s, 119.299s/600 iters), loss = 0.00138895
I0404 08:48:22.137104  3184 solver.cpp:238]     Train net output #0: accuracy = 1
I0404 08:48:22.137125  3184 solver.cpp:238]     Train net output #1: loss = 0.00138895 (* 1 = 0.00138895 loss)
I0404 08:48:22.137140  3184 sgd_solver.cpp:107] Iteration 12600, lr = 0.0542524
I0404 08:50:19.616704  3188 data_layer.cpp:73] Restarting data prefetching from start.
I0404 08:50:20.408617  3184 solver.cpp:331] Iteration 13200, Testing net (#0)
I0404 08:50:22.207012  3190 data_layer.cpp:73] Restarting data prefetching from start.
I0404 08:50:22.280764  3184 solver.cpp:398]     Test net output #0: accuracy = 0.9823
I0404 08:50:22.280829  3184 solver.cpp:398]     Test net output #1: loss = 0.0828982 (* 1 = 0.0828982 loss)
I0404 08:50:22.319864  3184 solver.cpp:219] Iteration 13200 (4.99243 iter/s, 120.182s/600 iters), loss = 0.00300781
I0404 08:50:22.319931  3184 solver.cpp:238]     Train net output #0: accuracy = 1
I0404 08:50:22.319952  3184 solver.cpp:238]     Train net output #1: loss = 0.00300781 (* 1 = 0.00300781 loss)
I0404 08:50:22.319967  3184 sgd_solver.cpp:107] Iteration 13200, lr = 0.0531966
I0404 08:52:20.840096  3188 data_layer.cpp:73] Restarting data prefetching from start.
I0404 08:52:21.634925  3184 solver.cpp:331] Iteration 13800, Testing net (#0)
I0404 08:52:23.438140  3190 data_layer.cpp:73] Restarting data prefetching from start.
I0404 08:52:23.512219  3184 solver.cpp:398]     Test net output #0: accuracy = 0.9826
I0404 08:52:23.512281  3184 solver.cpp:398]     Test net output #1: loss = 0.0801293 (* 1 = 0.0801293 loss)
I0404 08:52:23.551380  3184 solver.cpp:219] Iteration 13800 (4.94923 iter/s, 121.231s/600 iters), loss = 0.00335989
I0404 08:52:23.551445  3184 solver.cpp:238]     Train net output #0: accuracy = 1
I0404 08:52:23.551463  3184 solver.cpp:238]     Train net output #1: loss = 0.00335989 (* 1 = 0.00335989 loss)
I0404 08:52:23.551477  3184 sgd_solver.cpp:107] Iteration 13800, lr = 0.0521876
I0404 08:54:22.690863  3188 data_layer.cpp:73] Restarting data prefetching from start.
I0404 08:54:23.490936  3184 solver.cpp:331] Iteration 14400, Testing net (#0)
I0404 08:54:25.292690  3190 data_layer.cpp:73] Restarting data prefetching from start.
I0404 08:54:25.366624  3184 solver.cpp:398]     Test net output #0: accuracy = 0.9828
I0404 08:54:25.366686  3184 solver.cpp:398]     Test net output #1: loss = 0.0810026 (* 1 = 0.0810026 loss)
I0404 08:54:25.405604  3184 solver.cpp:219] Iteration 14400 (4.92393 iter/s, 121.854s/600 iters), loss = 0.000884836
I0404 08:54:25.405666  3184 solver.cpp:238]     Train net output #0: accuracy = 1
I0404 08:54:25.405684  3184 solver.cpp:238]     Train net output #1: loss = 0.000884836 (* 1 = 0.000884836 loss)
I0404 08:54:25.405697  3184 sgd_solver.cpp:107] Iteration 14400, lr = 0.0512221
I0404 08:56:25.000291  3188 data_layer.cpp:73] Restarting data prefetching from start.
I0404 08:56:25.804944  3184 solver.cpp:331] Iteration 15000, Testing net (#0)
I0404 08:56:27.598475  3190 data_layer.cpp:73] Restarting data prefetching from start.
I0404 08:56:27.677909  3184 solver.cpp:398]     Test net output #0: accuracy = 0.9815
I0404 08:56:27.677973  3184 solver.cpp:398]     Test net output #1: loss = 0.0831827 (* 1 = 0.0831827 loss)
I0404 08:56:27.717361  3184 solver.cpp:219] Iteration 15000 (4.90553 iter/s, 122.311s/600 iters), loss = 0.000763219
I0404 08:56:27.717425  3184 solver.cpp:238]     Train net output #0: accuracy = 1
I0404 08:56:27.717443  3184 solver.cpp:238]     Train net output #1: loss = 0.000763219 (* 1 = 0.000763219 loss)
I0404 08:56:27.717458  3184 sgd_solver.cpp:107] Iteration 15000, lr = 0.0502973
I0404 08:58:28.067839  3188 data_layer.cpp:73] Restarting data prefetching from start.
I0404 08:58:28.876197  3184 solver.cpp:331] Iteration 15600, Testing net (#0)
I0404 08:58:30.676460  3190 data_layer.cpp:73] Restarting data prefetching from start.
I0404 08:58:30.750794  3184 solver.cpp:398]     Test net output #0: accuracy = 0.9829
I0404 08:58:30.750855  3184 solver.cpp:398]     Test net output #1: loss = 0.0840237 (* 1 = 0.0840237 loss)
I0404 08:58:30.789959  3184 solver.cpp:219] Iteration 15600 (4.8752 iter/s, 123.072s/600 iters), loss = 0.000871555
I0404 08:58:30.790024  3184 solver.cpp:238]     Train net output #0: accuracy = 1
I0404 08:58:30.790042  3184 solver.cpp:238]     Train net output #1: loss = 0.000871555 (* 1 = 0.000871555 loss)
I0404 08:58:30.790056  3184 sgd_solver.cpp:107] Iteration 15600, lr = 0.0494106
I0404 09:00:31.674732  3188 data_layer.cpp:73] Restarting data prefetching from start.
I0404 09:00:32.484074  3184 solver.cpp:331] Iteration 16200, Testing net (#0)
I0404 09:00:34.282582  3190 data_layer.cpp:73] Restarting data prefetching from start.
I0404 09:00:34.356391  3184 solver.cpp:398]     Test net output #0: accuracy = 0.9824
I0404 09:00:34.356454  3184 solver.cpp:398]     Test net output #1: loss = 0.0840311 (* 1 = 0.0840311 loss)
I0404 09:00:34.395375  3184 solver.cpp:219] Iteration 16200 (4.85417 iter/s, 123.605s/600 iters), loss = 0.000918944
I0404 09:00:34.395440  3184 solver.cpp:238]     Train net output #0: accuracy = 1
I0404 09:00:34.395458  3184 solver.cpp:238]     Train net output #1: loss = 0.000918944 (* 1 = 0.000918944 loss)
I0404 09:00:34.395473  3184 sgd_solver.cpp:107] Iteration 16200, lr = 0.0485595
I0404 09:02:35.387797  3188 data_layer.cpp:73] Restarting data prefetching from start.
I0404 09:02:36.191830  3184 solver.cpp:331] Iteration 16800, Testing net (#0)
I0404 09:02:37.977133  3190 data_layer.cpp:73] Restarting data prefetching from start.
I0404 09:02:38.051611  3184 solver.cpp:398]     Test net output #0: accuracy = 0.9831
I0404 09:02:38.051676  3184 solver.cpp:398]     Test net output #1: loss = 0.0822298 (* 1 = 0.0822298 loss)
I0404 09:02:38.090678  3184 solver.cpp:219] Iteration 16800 (4.85064 iter/s, 123.695s/600 iters), loss = 0.00065848
I0404 09:02:38.090744  3184 solver.cpp:238]     Train net output #0: accuracy = 1
I0404 09:02:38.090762  3184 solver.cpp:238]     Train net output #1: loss = 0.00065848 (* 1 = 0.00065848 loss)
I0404 09:02:38.090776  3184 sgd_solver.cpp:107] Iteration 16800, lr = 0.0477418
I0404 09:04:39.150946  3188 data_layer.cpp:73] Restarting data prefetching from start.
I0404 09:04:39.966536  3184 solver.cpp:331] Iteration 17400, Testing net (#0)
I0404 09:04:41.764889  3190 data_layer.cpp:73] Restarting data prefetching from start.
I0404 09:04:41.838798  3184 solver.cpp:398]     Test net output #0: accuracy = 0.9822
I0404 09:04:41.838873  3184 solver.cpp:398]     Test net output #1: loss = 0.0862682 (* 1 = 0.0862682 loss)
I0404 09:04:41.877840  3184 solver.cpp:219] Iteration 17400 (4.84704 iter/s, 123.787s/600 iters), loss = 0.00163964
I0404 09:04:41.877902  3184 solver.cpp:238]     Train net output #0: accuracy = 1
I0404 09:04:41.877920  3184 solver.cpp:238]     Train net output #1: loss = 0.00163964 (* 1 = 0.00163964 loss)
I0404 09:04:41.877934  3184 sgd_solver.cpp:107] Iteration 17400, lr = 0.0469556
I0404 09:06:42.884660  3188 data_layer.cpp:73] Restarting data prefetching from start.
I0404 09:06:43.692740  3184 solver.cpp:448] Snapshotting to binary proto file _iter_18000.caffemodel
I0404 09:06:43.738509  3184 sgd_solver.cpp:287] Snapshotting solver state to binary proto file _iter_18000.solverstate
I0404 09:06:43.784442  3184 solver.cpp:311] Iteration 18000, loss = 0.000824771
I0404 09:06:43.784494  3184 solver.cpp:331] Iteration 18000, Testing net (#0)
I0404 09:06:45.579676  3190 data_layer.cpp:73] Restarting data prefetching from start.
I0404 09:06:45.653211  3184 solver.cpp:398]     Test net output #0: accuracy = 0.9806
I0404 09:06:45.653277  3184 solver.cpp:398]     Test net output #1: loss = 0.08907 (* 1 = 0.08907 loss)
I0404 09:06:45.653293  3184 solver.cpp:316] Optimization Done.
I0404 09:06:45.653302  3184 caffe_double.cpp:259] Optimization Done.
