I0404 09:57:40.593345  8896 caffe_double.cpp:211] Use CPU.
I0404 09:57:40.593902  8896 solver.cpp:44] Initializing solver from parameters: 
test_iter: 100
test_interval: 600
base_lr: 0.1
display: 600
max_iter: 18000
lr_policy: "inv"
gamma: 0.0001
power: 0.75
momentum: 0.9
solver_mode: CPU
net_param {
  name: "LeNet"
  layer {
    name: "mnist"
    type: "Data"
    top: "data"
    top: "label"
    include {
      phase: TRAIN
    }
    transform_param {
      scale: 0.00390625
    }
    data_param {
      source: "data/mnist_train_lmdb"
      batch_size: 100
      backend: LMDB
    }
  }
  layer {
    name: "mnist"
    type: "Data"
    top: "data"
    top: "label"
    include {
      phase: TEST
    }
    transform_param {
      scale: 0.00390625
    }
    data_param {
      source: "data/mnist_test_lmdb"
      batch_size: 100
      backend: LMDB
    }
  }
  layer {
    name: "ip1"
    type: "InnerProduct"
    bottom: "data"
    top: "ip1"
    inner_product_param {
      num_output: 1000
      weight_filler {
        type: "gaussian"
        mean: 0
        std: 0.01
      }
    }
    bias_param {
      filler {
        value: 0
      }
    }
    fixed_precision: true
    precision {
      enter: 0
      fraccio: 10
      rounding: "stochastic"
    }
  }
  layer {
    name: "relu1"
    type: "ReLU"
    bottom: "ip1"
    top: "ip1"
    fixed_precision: true
    precision {
      enter: 0
      fraccio: 10
      rounding: "stochastic"
    }
  }
  layer {
    name: "ip2"
    type: "InnerProduct"
    bottom: "ip1"
    top: "ip2"
    inner_product_param {
      num_output: 1000
      weight_filler {
        type: "gaussian"
        mean: 0
        std: 0.01
      }
    }
    bias_param {
      filler {
        value: 0
      }
    }
    fixed_precision: true
    precision {
      enter: 0
      fraccio: 10
      rounding: "stochastic"
    }
  }
  layer {
    name: "relu2"
    type: "ReLU"
    bottom: "ip2"
    top: "ip2"
    bias_param {
      filler {
        value: 0
      }
    }
    fixed_precision: true
    precision {
      enter: 0
      fraccio: 10
      rounding: "stochastic"
    }
  }
  layer {
    name: "ip3"
    type: "InnerProduct"
    bottom: "ip2"
    top: "ip3"
    inner_product_param {
      num_output: 10
      weight_filler {
        type: "gaussian"
        mean: 0
        std: 0.01
      }
    }
    bias_param {
      filler {
        value: 0
      }
    }
    fixed_precision: true
    precision {
      enter: 0
      fraccio: 10
      rounding: "stochastic"
    }
  }
  layer {
    name: "accuracy"
    type: "Accuracy"
    bottom: "ip3"
    bottom: "label"
    top: "accuracy"
  }
  layer {
    name: "loss"
    type: "SoftmaxWithLoss"
    bottom: "ip3"
    bottom: "label"
    top: "loss"
    fixed_precision: true
    precision {
      enter: 0
      fraccio: 10
      rounding: "stochastic"
    }
  }
}
train_state {
  level: 0
  stage: ""
}
fixed_precision: true
precision {
  enter: 1
  fraccio: 10
  rounding: "stochastic"
}
I0404 09:57:40.593963  8896 solver.cpp:82] Creating training net specified in net_param.
I0404 09:57:40.594023  8896 net.cpp:294] The NetState phase (0) differed from the phase (1) specified by a rule in layer mnist
I0404 09:57:40.594192  8896 net.cpp:51] Initializing net from parameters: 
name: "LeNet"
state {
  phase: TRAIN
  level: 0
  stage: ""
}
layer {
  name: "mnist"
  type: "Data"
  top: "data"
  top: "label"
  include {
    phase: TRAIN
  }
  transform_param {
    scale: 0.00390625
  }
  data_param {
    source: "data/mnist_train_lmdb"
    batch_size: 100
    backend: LMDB
  }
}
layer {
  name: "ip1"
  type: "InnerProduct"
  bottom: "data"
  top: "ip1"
  inner_product_param {
    num_output: 1000
    weight_filler {
      type: "gaussian"
      mean: 0
      std: 0.01
    }
  }
  bias_param {
    filler {
      value: 0
    }
  }
  fixed_precision: true
  precision {
    enter: 0
    fraccio: 10
    rounding: "stochastic"
  }
}
layer {
  name: "relu1"
  type: "ReLU"
  bottom: "ip1"
  top: "ip1"
  fixed_precision: true
  precision {
    enter: 0
    fraccio: 10
    rounding: "stochastic"
  }
}
layer {
  name: "ip2"
  type: "InnerProduct"
  bottom: "ip1"
  top: "ip2"
  inner_product_param {
    num_output: 1000
    weight_filler {
      type: "gaussian"
      mean: 0
      std: 0.01
    }
  }
  bias_param {
    filler {
      value: 0
    }
  }
  fixed_precision: true
  precision {
    enter: 0
    fraccio: 10
    rounding: "stochastic"
  }
}
layer {
  name: "relu2"
  type: "ReLU"
  bottom: "ip2"
  top: "ip2"
  bias_param {
    filler {
      value: 0
    }
  }
  fixed_precision: true
  precision {
    enter: 0
    fraccio: 10
    rounding: "stochastic"
  }
}
layer {
  name: "ip3"
  type: "InnerProduct"
  bottom: "ip2"
  top: "ip3"
  inner_product_param {
    num_output: 10
    weight_filler {
      type: "gaussian"
      mean: 0
      std: 0.01
    }
  }
  bias_param {
    filler {
      value: 0
    }
  }
  fixed_precision: true
  precision {
    enter: 0
    fraccio: 10
    rounding: "stochastic"
  }
}
layer {
  name: "accuracy"
  type: "Accuracy"
  bottom: "ip3"
  bottom: "label"
  top: "accuracy"
}
layer {
  name: "loss"
  type: "SoftmaxWithLoss"
  bottom: "ip3"
  bottom: "label"
  top: "loss"
  fixed_precision: true
  precision {
    enter: 0
    fraccio: 10
    rounding: "stochastic"
  }
}
I0404 09:57:40.594317  8896 layer_factory.hpp:77] Creating layer mnist
I0404 09:57:40.594440  8896 db_lmdb.cpp:35] Opened lmdb data/mnist_train_lmdb
I0404 09:57:40.594470  8896 net.cpp:84] Creating Layer mnist
I0404 09:57:40.594482  8896 net.cpp:380] mnist -> data
I0404 09:57:40.594511  8896 net.cpp:380] mnist -> label
I0404 09:57:40.594548  8896 data_layer.cpp:45] output data size: 100,1,28,28
I0404 09:57:40.596262  8896 net.cpp:122] Setting up mnist
I0404 09:57:40.596285  8896 net.cpp:129] Top shape: 100 1 28 28 (78400)
I0404 09:57:40.596295  8896 net.cpp:129] Top shape: 100 (100)
I0404 09:57:40.596302  8896 net.cpp:137] Memory required for data: 628000
I0404 09:57:40.596313  8896 layer_factory.hpp:77] Creating layer label_mnist_1_split
I0404 09:57:40.596328  8896 net.cpp:84] Creating Layer label_mnist_1_split
I0404 09:57:40.596338  8896 net.cpp:406] label_mnist_1_split <- label
I0404 09:57:40.596350  8896 net.cpp:380] label_mnist_1_split -> label_mnist_1_split_0
I0404 09:57:40.596364  8896 net.cpp:380] label_mnist_1_split -> label_mnist_1_split_1
I0404 09:57:40.596379  8896 net.cpp:122] Setting up label_mnist_1_split
I0404 09:57:40.596388  8896 net.cpp:129] Top shape: 100 (100)
I0404 09:57:40.596397  8896 net.cpp:129] Top shape: 100 (100)
I0404 09:57:40.596403  8896 net.cpp:137] Memory required for data: 629600
I0404 09:57:40.596410  8896 layer_factory.hpp:77] Creating layer ip1
I0404 09:57:40.596421  8896 net.cpp:84] Creating Layer ip1
I0404 09:57:40.596428  8896 net.cpp:406] ip1 <- data
I0404 09:57:40.596437  8896 net.cpp:380] ip1 -> ip1
I0404 09:57:40.709072  8896 net.cpp:122] Setting up ip1
I0404 09:57:40.709112  8896 net.cpp:129] Top shape: 100 1000 (100000)
I0404 09:57:40.709123  8896 net.cpp:137] Memory required for data: 1429600
I0404 09:57:40.709149  8896 layer_factory.hpp:77] Creating layer relu1
I0404 09:57:40.709170  8896 net.cpp:84] Creating Layer relu1
I0404 09:57:40.709182  8896 net.cpp:406] relu1 <- ip1
I0404 09:57:40.709192  8896 net.cpp:367] relu1 -> ip1 (in-place)
I0404 09:57:40.709215  8896 net.cpp:122] Setting up relu1
I0404 09:57:40.709224  8896 net.cpp:129] Top shape: 100 1000 (100000)
I0404 09:57:40.709231  8896 net.cpp:137] Memory required for data: 2229600
I0404 09:57:40.709239  8896 layer_factory.hpp:77] Creating layer ip2
I0404 09:57:40.709254  8896 net.cpp:84] Creating Layer ip2
I0404 09:57:40.709261  8896 net.cpp:406] ip2 <- ip1
I0404 09:57:40.709272  8896 net.cpp:380] ip2 -> ip2
I0404 09:57:40.811288  8896 net.cpp:122] Setting up ip2
I0404 09:57:40.811324  8896 net.cpp:129] Top shape: 100 1000 (100000)
I0404 09:57:40.811331  8896 net.cpp:137] Memory required for data: 3029600
I0404 09:57:40.811348  8896 layer_factory.hpp:77] Creating layer relu2
I0404 09:57:40.811364  8896 net.cpp:84] Creating Layer relu2
I0404 09:57:40.811373  8896 net.cpp:406] relu2 <- ip2
I0404 09:57:40.811384  8896 net.cpp:367] relu2 -> ip2 (in-place)
I0404 09:57:40.811409  8896 net.cpp:122] Setting up relu2
I0404 09:57:40.811430  8896 net.cpp:129] Top shape: 100 1000 (100000)
I0404 09:57:40.811437  8896 net.cpp:137] Memory required for data: 3829600
I0404 09:57:40.811444  8896 layer_factory.hpp:77] Creating layer ip3
I0404 09:57:40.811455  8896 net.cpp:84] Creating Layer ip3
I0404 09:57:40.811465  8896 net.cpp:406] ip3 <- ip2
I0404 09:57:40.811475  8896 net.cpp:380] ip3 -> ip3
I0404 09:57:40.812489  8896 net.cpp:122] Setting up ip3
I0404 09:57:40.812501  8896 net.cpp:129] Top shape: 100 10 (1000)
I0404 09:57:40.812507  8896 net.cpp:137] Memory required for data: 3837600
I0404 09:57:40.812521  8896 layer_factory.hpp:77] Creating layer ip3_ip3_0_split
I0404 09:57:40.812532  8896 net.cpp:84] Creating Layer ip3_ip3_0_split
I0404 09:57:40.812539  8896 net.cpp:406] ip3_ip3_0_split <- ip3
I0404 09:57:40.812549  8896 net.cpp:380] ip3_ip3_0_split -> ip3_ip3_0_split_0
I0404 09:57:40.812562  8896 net.cpp:380] ip3_ip3_0_split -> ip3_ip3_0_split_1
I0404 09:57:40.812577  8896 net.cpp:122] Setting up ip3_ip3_0_split
I0404 09:57:40.812587  8896 net.cpp:129] Top shape: 100 10 (1000)
I0404 09:57:40.812595  8896 net.cpp:129] Top shape: 100 10 (1000)
I0404 09:57:40.812602  8896 net.cpp:137] Memory required for data: 3853600
I0404 09:57:40.812609  8896 layer_factory.hpp:77] Creating layer accuracy
I0404 09:57:40.812621  8896 net.cpp:84] Creating Layer accuracy
I0404 09:57:40.812628  8896 net.cpp:406] accuracy <- ip3_ip3_0_split_0
I0404 09:57:40.812638  8896 net.cpp:406] accuracy <- label_mnist_1_split_0
I0404 09:57:40.812651  8896 net.cpp:380] accuracy -> accuracy
I0404 09:57:40.812662  8896 net.cpp:122] Setting up accuracy
I0404 09:57:40.812671  8896 net.cpp:129] Top shape: (1)
I0404 09:57:40.812680  8896 net.cpp:137] Memory required for data: 3853608
I0404 09:57:40.812686  8896 layer_factory.hpp:77] Creating layer loss
I0404 09:57:40.812702  8896 net.cpp:84] Creating Layer loss
I0404 09:57:40.812710  8896 net.cpp:406] loss <- ip3_ip3_0_split_1
I0404 09:57:40.812718  8896 net.cpp:406] loss <- label_mnist_1_split_1
I0404 09:57:40.812727  8896 net.cpp:380] loss -> loss
I0404 09:57:40.812748  8896 layer_factory.hpp:77] Creating layer loss
I0404 09:57:40.812775  8896 net.cpp:122] Setting up loss
I0404 09:57:40.812784  8896 net.cpp:129] Top shape: (1)
I0404 09:57:40.812790  8896 net.cpp:132]     with loss weight 1
I0404 09:57:40.812816  8896 net.cpp:137] Memory required for data: 3853616
I0404 09:57:40.812824  8896 net.cpp:198] loss needs backward computation.
I0404 09:57:40.812831  8896 net.cpp:200] accuracy does not need backward computation.
I0404 09:57:40.812840  8896 net.cpp:198] ip3_ip3_0_split needs backward computation.
I0404 09:57:40.812849  8896 net.cpp:198] ip3 needs backward computation.
I0404 09:57:40.812858  8896 net.cpp:198] relu2 needs backward computation.
I0404 09:57:40.812865  8896 net.cpp:198] ip2 needs backward computation.
I0404 09:57:40.812872  8896 net.cpp:198] relu1 needs backward computation.
I0404 09:57:40.812882  8896 net.cpp:198] ip1 needs backward computation.
I0404 09:57:40.812891  8896 net.cpp:200] label_mnist_1_split does not need backward computation.
I0404 09:57:40.812901  8896 net.cpp:200] mnist does not need backward computation.
I0404 09:57:40.812908  8896 net.cpp:242] This network produces output accuracy
I0404 09:57:40.812916  8896 net.cpp:242] This network produces output loss
I0404 09:57:40.812932  8896 net.cpp:255] Network initialization done.
I0404 09:57:40.812990  8896 solver.cpp:173] Creating test net (#0) specified by net_param
I0404 09:57:40.813016  8896 net.cpp:294] The NetState phase (1) differed from the phase (0) specified by a rule in layer mnist
I0404 09:57:40.813143  8896 net.cpp:51] Initializing net from parameters: 
name: "LeNet"
state {
  phase: TEST
}
layer {
  name: "mnist"
  type: "Data"
  top: "data"
  top: "label"
  include {
    phase: TEST
  }
  transform_param {
    scale: 0.00390625
  }
  data_param {
    source: "data/mnist_test_lmdb"
    batch_size: 100
    backend: LMDB
  }
}
layer {
  name: "ip1"
  type: "InnerProduct"
  bottom: "data"
  top: "ip1"
  inner_product_param {
    num_output: 1000
    weight_filler {
      type: "gaussian"
      mean: 0
      std: 0.01
    }
  }
  bias_param {
    filler {
      value: 0
    }
  }
  fixed_precision: true
  precision {
    enter: 0
    fraccio: 10
    rounding: "stochastic"
  }
}
layer {
  name: "relu1"
  type: "ReLU"
  bottom: "ip1"
  top: "ip1"
  fixed_precision: true
  precision {
    enter: 0
    fraccio: 10
    rounding: "stochastic"
  }
}
layer {
  name: "ip2"
  type: "InnerProduct"
  bottom: "ip1"
  top: "ip2"
  inner_product_param {
    num_output: 1000
    weight_filler {
      type: "gaussian"
      mean: 0
      std: 0.01
    }
  }
  bias_param {
    filler {
      value: 0
    }
  }
  fixed_precision: true
  precision {
    enter: 0
    fraccio: 10
    rounding: "stochastic"
  }
}
layer {
  name: "relu2"
  type: "ReLU"
  bottom: "ip2"
  top: "ip2"
  bias_param {
    filler {
      value: 0
    }
  }
  fixed_precision: true
  precision {
    enter: 0
    fraccio: 10
    rounding: "stochastic"
  }
}
layer {
  name: "ip3"
  type: "InnerProduct"
  bottom: "ip2"
  top: "ip3"
  inner_product_param {
    num_output: 10
    weight_filler {
      type: "gaussian"
      mean: 0
      std: 0.01
    }
  }
  bias_param {
    filler {
      value: 0
    }
  }
  fixed_precision: true
  precision {
    enter: 0
    fraccio: 10
    rounding: "stochastic"
  }
}
layer {
  name: "accuracy"
  type: "Accuracy"
  bottom: "ip3"
  bottom: "label"
  top: "accuracy"
}
layer {
  name: "loss"
  type: "SoftmaxWithLoss"
  bottom: "ip3"
  bottom: "label"
  top: "loss"
  fixed_precision: true
  precision {
    enter: 0
    fraccio: 10
    rounding: "stochastic"
  }
}
I0404 09:57:40.813213  8896 layer_factory.hpp:77] Creating layer mnist
I0404 09:57:40.813274  8896 db_lmdb.cpp:35] Opened lmdb data/mnist_test_lmdb
I0404 09:57:40.813293  8896 net.cpp:84] Creating Layer mnist
I0404 09:57:40.813303  8896 net.cpp:380] mnist -> data
I0404 09:57:40.813318  8896 net.cpp:380] mnist -> label
I0404 09:57:40.813338  8896 data_layer.cpp:45] output data size: 100,1,28,28
I0404 09:57:40.814240  8896 net.cpp:122] Setting up mnist
I0404 09:57:40.814265  8896 net.cpp:129] Top shape: 100 1 28 28 (78400)
I0404 09:57:40.814275  8896 net.cpp:129] Top shape: 100 (100)
I0404 09:57:40.814280  8896 net.cpp:137] Memory required for data: 628000
I0404 09:57:40.814288  8896 layer_factory.hpp:77] Creating layer label_mnist_1_split
I0404 09:57:40.814301  8896 net.cpp:84] Creating Layer label_mnist_1_split
I0404 09:57:40.814309  8896 net.cpp:406] label_mnist_1_split <- label
I0404 09:57:40.814322  8896 net.cpp:380] label_mnist_1_split -> label_mnist_1_split_0
I0404 09:57:40.814337  8896 net.cpp:380] label_mnist_1_split -> label_mnist_1_split_1
I0404 09:57:40.814350  8896 net.cpp:122] Setting up label_mnist_1_split
I0404 09:57:40.814363  8896 net.cpp:129] Top shape: 100 (100)
I0404 09:57:40.814371  8896 net.cpp:129] Top shape: 100 (100)
I0404 09:57:40.814379  8896 net.cpp:137] Memory required for data: 629600
I0404 09:57:40.814390  8896 layer_factory.hpp:77] Creating layer ip1
I0404 09:57:40.814404  8896 net.cpp:84] Creating Layer ip1
I0404 09:57:40.814411  8896 net.cpp:406] ip1 <- data
I0404 09:57:40.814421  8896 net.cpp:380] ip1 -> ip1
I0404 09:57:40.906678  8896 net.cpp:122] Setting up ip1
I0404 09:57:40.906721  8896 net.cpp:129] Top shape: 100 1000 (100000)
I0404 09:57:40.906728  8896 net.cpp:137] Memory required for data: 1429600
I0404 09:57:40.906745  8896 layer_factory.hpp:77] Creating layer relu1
I0404 09:57:40.906759  8896 net.cpp:84] Creating Layer relu1
I0404 09:57:40.906769  8896 net.cpp:406] relu1 <- ip1
I0404 09:57:40.906779  8896 net.cpp:367] relu1 -> ip1 (in-place)
I0404 09:57:40.906790  8896 net.cpp:122] Setting up relu1
I0404 09:57:40.906798  8896 net.cpp:129] Top shape: 100 1000 (100000)
I0404 09:57:40.906805  8896 net.cpp:137] Memory required for data: 2229600
I0404 09:57:40.906810  8896 layer_factory.hpp:77] Creating layer ip2
I0404 09:57:40.906824  8896 net.cpp:84] Creating Layer ip2
I0404 09:57:40.906836  8896 net.cpp:406] ip2 <- ip1
I0404 09:57:40.906855  8896 net.cpp:380] ip2 -> ip2
I0404 09:57:40.990774  8896 net.cpp:122] Setting up ip2
I0404 09:57:40.990810  8896 net.cpp:129] Top shape: 100 1000 (100000)
I0404 09:57:40.990816  8896 net.cpp:137] Memory required for data: 3029600
I0404 09:57:40.990831  8896 layer_factory.hpp:77] Creating layer relu2
I0404 09:57:40.990849  8896 net.cpp:84] Creating Layer relu2
I0404 09:57:40.990857  8896 net.cpp:406] relu2 <- ip2
I0404 09:57:40.990869  8896 net.cpp:367] relu2 -> ip2 (in-place)
I0404 09:57:40.990881  8896 net.cpp:122] Setting up relu2
I0404 09:57:40.990890  8896 net.cpp:129] Top shape: 100 1000 (100000)
I0404 09:57:40.990896  8896 net.cpp:137] Memory required for data: 3829600
I0404 09:57:40.990902  8896 layer_factory.hpp:77] Creating layer ip3
I0404 09:57:40.990912  8896 net.cpp:84] Creating Layer ip3
I0404 09:57:40.990918  8896 net.cpp:406] ip3 <- ip2
I0404 09:57:40.990926  8896 net.cpp:380] ip3 -> ip3
I0404 09:57:40.991832  8896 net.cpp:122] Setting up ip3
I0404 09:57:40.991847  8896 net.cpp:129] Top shape: 100 10 (1000)
I0404 09:57:40.991855  8896 net.cpp:137] Memory required for data: 3837600
I0404 09:57:40.991868  8896 layer_factory.hpp:77] Creating layer ip3_ip3_0_split
I0404 09:57:40.991879  8896 net.cpp:84] Creating Layer ip3_ip3_0_split
I0404 09:57:40.991888  8896 net.cpp:406] ip3_ip3_0_split <- ip3
I0404 09:57:40.991895  8896 net.cpp:380] ip3_ip3_0_split -> ip3_ip3_0_split_0
I0404 09:57:40.991906  8896 net.cpp:380] ip3_ip3_0_split -> ip3_ip3_0_split_1
I0404 09:57:40.991919  8896 net.cpp:122] Setting up ip3_ip3_0_split
I0404 09:57:40.991930  8896 net.cpp:129] Top shape: 100 10 (1000)
I0404 09:57:40.991937  8896 net.cpp:129] Top shape: 100 10 (1000)
I0404 09:57:40.991943  8896 net.cpp:137] Memory required for data: 3853600
I0404 09:57:40.991950  8896 layer_factory.hpp:77] Creating layer accuracy
I0404 09:57:40.991960  8896 net.cpp:84] Creating Layer accuracy
I0404 09:57:40.991966  8896 net.cpp:406] accuracy <- ip3_ip3_0_split_0
I0404 09:57:40.991972  8896 net.cpp:406] accuracy <- label_mnist_1_split_0
I0404 09:57:40.991981  8896 net.cpp:380] accuracy -> accuracy
I0404 09:57:40.991991  8896 net.cpp:122] Setting up accuracy
I0404 09:57:40.991999  8896 net.cpp:129] Top shape: (1)
I0404 09:57:40.992007  8896 net.cpp:137] Memory required for data: 3853608
I0404 09:57:40.992012  8896 layer_factory.hpp:77] Creating layer loss
I0404 09:57:40.992022  8896 net.cpp:84] Creating Layer loss
I0404 09:57:40.992028  8896 net.cpp:406] loss <- ip3_ip3_0_split_1
I0404 09:57:40.992034  8896 net.cpp:406] loss <- label_mnist_1_split_1
I0404 09:57:40.992043  8896 net.cpp:380] loss -> loss
I0404 09:57:40.992055  8896 layer_factory.hpp:77] Creating layer loss
I0404 09:57:40.992077  8896 net.cpp:122] Setting up loss
I0404 09:57:40.992085  8896 net.cpp:129] Top shape: (1)
I0404 09:57:40.992094  8896 net.cpp:132]     with loss weight 1
I0404 09:57:40.992106  8896 net.cpp:137] Memory required for data: 3853616
I0404 09:57:40.992112  8896 net.cpp:198] loss needs backward computation.
I0404 09:57:40.992120  8896 net.cpp:200] accuracy does not need backward computation.
I0404 09:57:40.992126  8896 net.cpp:198] ip3_ip3_0_split needs backward computation.
I0404 09:57:40.992132  8896 net.cpp:198] ip3 needs backward computation.
I0404 09:57:40.992139  8896 net.cpp:198] relu2 needs backward computation.
I0404 09:57:40.992144  8896 net.cpp:198] ip2 needs backward computation.
I0404 09:57:40.992151  8896 net.cpp:198] relu1 needs backward computation.
I0404 09:57:40.992156  8896 net.cpp:198] ip1 needs backward computation.
I0404 09:57:40.992163  8896 net.cpp:200] label_mnist_1_split does not need backward computation.
I0404 09:57:40.992172  8896 net.cpp:200] mnist does not need backward computation.
I0404 09:57:40.992178  8896 net.cpp:242] This network produces output accuracy
I0404 09:57:40.992184  8896 net.cpp:242] This network produces output loss
I0404 09:57:40.992197  8896 net.cpp:255] Network initialization done.
I0404 09:57:40.992238  8896 solver.cpp:56] Solver scaffolding done.
I0404 09:57:40.992266  8896 caffe_double.cpp:248] Starting Optimization
I0404 09:57:40.992280  8896 solver.cpp:273] Solving LeNet
I0404 09:57:40.992285  8896 solver.cpp:274] Learning Rate Policy: inv
I0404 09:57:40.994981  8896 solver.cpp:331] Iteration 0, Testing net (#0)
I0404 09:57:42.866369  8902 data_layer.cpp:73] Restarting data prefetching from start.
I0404 09:57:42.943766  8896 solver.cpp:398]     Test net output #0: accuracy = 0.1159
I0404 09:57:42.943833  8896 solver.cpp:398]     Test net output #1: loss = 2.30233 (* 1 = 2.30233 loss)
I0404 09:57:42.984874  8896 solver.cpp:219] Iteration 0 (-2.8026e-45 iter/s, 1.992s/600 iters), loss = 2.30329
I0404 09:57:42.984939  8896 solver.cpp:238]     Train net output #0: accuracy = 0.04
I0404 09:57:42.984961  8896 solver.cpp:238]     Train net output #1: loss = 2.30329 (* 1 = 2.30329 loss)
I0404 09:57:42.984977  8896 sgd_solver.cpp:107] Iteration 0, lr = 0.1
I0404 09:58:51.923612  8900 data_layer.cpp:73] Restarting data prefetching from start.
I0404 09:58:52.383618  8896 solver.cpp:331] Iteration 600, Testing net (#0)
I0404 09:58:54.208670  8902 data_layer.cpp:73] Restarting data prefetching from start.
I0404 09:58:54.283610  8896 solver.cpp:398]     Test net output #0: accuracy = 0.9357
I0404 09:58:54.283674  8896 solver.cpp:398]     Test net output #1: loss = 0.199742 (* 1 = 0.199742 loss)
I0404 09:58:54.322975  8896 solver.cpp:219] Iteration 600 (8.41066 iter/s, 71.338s/600 iters), loss = 0.144472
I0404 09:58:54.323042  8896 solver.cpp:238]     Train net output #0: accuracy = 0.96
I0404 09:58:54.323062  8896 solver.cpp:238]     Train net output #1: loss = 0.144472 (* 1 = 0.144472 loss)
I0404 09:58:54.323077  8896 sgd_solver.cpp:107] Iteration 600, lr = 0.0957239
I0404 10:00:02.869014  8900 data_layer.cpp:73] Restarting data prefetching from start.
I0404 10:00:03.326987  8896 solver.cpp:331] Iteration 1200, Testing net (#0)
I0404 10:00:05.144176  8902 data_layer.cpp:73] Restarting data prefetching from start.
I0404 10:00:05.221866  8896 solver.cpp:398]     Test net output #0: accuracy = 0.9686
I0404 10:00:05.221931  8896 solver.cpp:398]     Test net output #1: loss = 0.102206 (* 1 = 0.102206 loss)
I0404 10:00:05.261231  8896 solver.cpp:219] Iteration 1200 (8.45809 iter/s, 70.938s/600 iters), loss = 0.104472
I0404 10:00:05.261299  8896 solver.cpp:238]     Train net output #0: accuracy = 0.98
I0404 10:00:05.261320  8896 solver.cpp:238]     Train net output #1: loss = 0.104472 (* 1 = 0.104472 loss)
I0404 10:00:05.261335  8896 sgd_solver.cpp:107] Iteration 1200, lr = 0.0918516
I0404 10:01:13.625557  8900 data_layer.cpp:73] Restarting data prefetching from start.
I0404 10:01:14.085085  8896 solver.cpp:331] Iteration 1800, Testing net (#0)
I0404 10:01:15.913975  8902 data_layer.cpp:73] Restarting data prefetching from start.
I0404 10:01:15.988512  8896 solver.cpp:398]     Test net output #0: accuracy = 0.9645
I0404 10:01:15.988579  8896 solver.cpp:398]     Test net output #1: loss = 0.119682 (* 1 = 0.119682 loss)
I0404 10:01:16.027853  8896 solver.cpp:219] Iteration 1800 (8.47865 iter/s, 70.766s/600 iters), loss = 0.106803
I0404 10:01:16.027920  8896 solver.cpp:238]     Train net output #0: accuracy = 0.97
I0404 10:01:16.027941  8896 solver.cpp:238]     Train net output #1: loss = 0.106803 (* 1 = 0.106803 loss)
I0404 10:01:16.027957  8896 sgd_solver.cpp:107] Iteration 1800, lr = 0.088326
I0404 10:02:24.260012  8900 data_layer.cpp:73] Restarting data prefetching from start.
I0404 10:02:24.714644  8896 solver.cpp:331] Iteration 2400, Testing net (#0)
I0404 10:02:26.526676  8902 data_layer.cpp:73] Restarting data prefetching from start.
I0404 10:02:26.601104  8896 solver.cpp:398]     Test net output #0: accuracy = 0.9728
I0404 10:02:26.601166  8896 solver.cpp:398]     Test net output #1: loss = 0.0921225 (* 1 = 0.0921225 loss)
I0404 10:02:26.640292  8896 solver.cpp:219] Iteration 2400 (8.49714 iter/s, 70.612s/600 iters), loss = 0.0961115
I0404 10:02:26.640358  8896 solver.cpp:238]     Train net output #0: accuracy = 0.97
I0404 10:02:26.640382  8896 solver.cpp:238]     Train net output #1: loss = 0.0961115 (* 1 = 0.0961115 loss)
I0404 10:02:26.640411  8896 sgd_solver.cpp:107] Iteration 2400, lr = 0.0851008
I0404 10:03:34.761093  8900 data_layer.cpp:73] Restarting data prefetching from start.
I0404 10:03:35.215149  8896 solver.cpp:331] Iteration 3000, Testing net (#0)
I0404 10:03:37.030927  8902 data_layer.cpp:73] Restarting data prefetching from start.
I0404 10:03:37.105270  8896 solver.cpp:398]     Test net output #0: accuracy = 0.9758
I0404 10:03:37.105329  8896 solver.cpp:398]     Test net output #1: loss = 0.0868409 (* 1 = 0.0868409 loss)
I0404 10:03:37.144554  8896 solver.cpp:219] Iteration 3000 (8.51016 iter/s, 70.504s/600 iters), loss = 0.0769809
I0404 10:03:37.144621  8896 solver.cpp:238]     Train net output #0: accuracy = 0.98
I0404 10:03:37.144644  8896 solver.cpp:238]     Train net output #1: loss = 0.0769809 (* 1 = 0.0769809 loss)
I0404 10:03:37.144659  8896 sgd_solver.cpp:107] Iteration 3000, lr = 0.0821377
I0404 10:04:45.149998  8900 data_layer.cpp:73] Restarting data prefetching from start.
I0404 10:04:45.606565  8896 solver.cpp:331] Iteration 3600, Testing net (#0)
I0404 10:04:47.419703  8902 data_layer.cpp:73] Restarting data prefetching from start.
I0404 10:04:47.494177  8896 solver.cpp:398]     Test net output #0: accuracy = 0.9788
I0404 10:04:47.494240  8896 solver.cpp:398]     Test net output #1: loss = 0.0744109 (* 1 = 0.0744109 loss)
I0404 10:04:47.533416  8896 solver.cpp:219] Iteration 3600 (8.52418 iter/s, 70.388s/600 iters), loss = 0.0442228
I0404 10:04:47.533483  8896 solver.cpp:238]     Train net output #0: accuracy = 0.99
I0404 10:04:47.533506  8896 solver.cpp:238]     Train net output #1: loss = 0.0442228 (* 1 = 0.0442228 loss)
I0404 10:04:47.533522  8896 sgd_solver.cpp:107] Iteration 3600, lr = 0.0794046
I0404 10:05:55.471140  8900 data_layer.cpp:73] Restarting data prefetching from start.
I0404 10:05:55.924171  8896 solver.cpp:331] Iteration 4200, Testing net (#0)
I0404 10:05:57.736523  8902 data_layer.cpp:73] Restarting data prefetching from start.
I0404 10:05:57.811102  8896 solver.cpp:398]     Test net output #0: accuracy = 0.979
I0404 10:05:57.811163  8896 solver.cpp:398]     Test net output #1: loss = 0.074658 (* 1 = 0.074658 loss)
I0404 10:05:57.850217  8896 solver.cpp:219] Iteration 4200 (8.53291 iter/s, 70.316s/600 iters), loss = 0.0429831
I0404 10:05:57.850283  8896 solver.cpp:238]     Train net output #0: accuracy = 0.97
I0404 10:05:57.850306  8896 solver.cpp:238]     Train net output #1: loss = 0.0429831 (* 1 = 0.0429831 loss)
I0404 10:05:57.850320  8896 sgd_solver.cpp:107] Iteration 4200, lr = 0.0768748
I0404 10:07:05.760957  8900 data_layer.cpp:73] Restarting data prefetching from start.
I0404 10:07:06.214210  8896 solver.cpp:331] Iteration 4800, Testing net (#0)
I0404 10:07:08.026476  8902 data_layer.cpp:73] Restarting data prefetching from start.
I0404 10:07:08.100706  8896 solver.cpp:398]     Test net output #0: accuracy = 0.9777
I0404 10:07:08.100769  8896 solver.cpp:398]     Test net output #1: loss = 0.0777472 (* 1 = 0.0777472 loss)
I0404 10:07:08.139860  8896 solver.cpp:219] Iteration 4800 (8.53619 iter/s, 70.289s/600 iters), loss = 0.00572382
I0404 10:07:08.139927  8896 solver.cpp:238]     Train net output #0: accuracy = 1
I0404 10:07:08.139948  8896 solver.cpp:238]     Train net output #1: loss = 0.00572382 (* 1 = 0.00572382 loss)
I0404 10:07:08.139963  8896 sgd_solver.cpp:107] Iteration 4800, lr = 0.0745253
I0404 10:08:15.968443  8900 data_layer.cpp:73] Restarting data prefetching from start.
I0404 10:08:16.421111  8896 solver.cpp:331] Iteration 5400, Testing net (#0)
I0404 10:08:18.231379  8902 data_layer.cpp:73] Restarting data prefetching from start.
I0404 10:08:18.306093  8896 solver.cpp:398]     Test net output #0: accuracy = 0.9793
I0404 10:08:18.306156  8896 solver.cpp:398]     Test net output #1: loss = 0.0811867 (* 1 = 0.0811867 loss)
I0404 10:08:18.345230  8896 solver.cpp:219] Iteration 5400 (8.5464 iter/s, 70.205s/600 iters), loss = 0.00711848
I0404 10:08:18.345296  8896 solver.cpp:238]     Train net output #0: accuracy = 1
I0404 10:08:18.345333  8896 solver.cpp:238]     Train net output #1: loss = 0.00711848 (* 1 = 0.00711848 loss)
I0404 10:08:18.345350  8896 sgd_solver.cpp:107] Iteration 5400, lr = 0.0723368
I0404 10:09:26.441385  8900 data_layer.cpp:73] Restarting data prefetching from start.
I0404 10:09:26.900198  8896 solver.cpp:331] Iteration 6000, Testing net (#0)
I0404 10:09:28.728432  8902 data_layer.cpp:73] Restarting data prefetching from start.
I0404 10:09:28.803387  8896 solver.cpp:398]     Test net output #0: accuracy = 0.98
I0404 10:09:28.803447  8896 solver.cpp:398]     Test net output #1: loss = 0.0809607 (* 1 = 0.0809607 loss)
I0404 10:09:28.842510  8896 solver.cpp:219] Iteration 6000 (8.511 iter/s, 70.497s/600 iters), loss = 0.00336401
I0404 10:09:28.842577  8896 solver.cpp:238]     Train net output #0: accuracy = 1
I0404 10:09:28.842599  8896 solver.cpp:238]     Train net output #1: loss = 0.00336401 (* 1 = 0.00336401 loss)
I0404 10:09:28.842614  8896 sgd_solver.cpp:107] Iteration 6000, lr = 0.0702927
I0404 10:10:37.224783  8900 data_layer.cpp:73] Restarting data prefetching from start.
I0404 10:10:37.684643  8896 solver.cpp:331] Iteration 6600, Testing net (#0)
I0404 10:10:39.507401  8902 data_layer.cpp:73] Restarting data prefetching from start.
I0404 10:10:39.582198  8896 solver.cpp:398]     Test net output #0: accuracy = 0.9822
I0404 10:10:39.582258  8896 solver.cpp:398]     Test net output #1: loss = 0.0717294 (* 1 = 0.0717294 loss)
I0404 10:10:39.621342  8896 solver.cpp:219] Iteration 6600 (8.47721 iter/s, 70.778s/600 iters), loss = 0.00906354
I0404 10:10:39.621408  8896 solver.cpp:238]     Train net output #0: accuracy = 1
I0404 10:10:39.621431  8896 solver.cpp:238]     Train net output #1: loss = 0.00906354 (* 1 = 0.00906354 loss)
I0404 10:10:39.621446  8896 sgd_solver.cpp:107] Iteration 6600, lr = 0.0683784
I0404 10:12:12.930004  8900 data_layer.cpp:73] Restarting data prefetching from start.
I0404 10:12:13.603889  8896 solver.cpp:331] Iteration 7200, Testing net (#0)
I0404 10:12:15.429489  8902 data_layer.cpp:73] Restarting data prefetching from start.
I0404 10:12:15.504477  8896 solver.cpp:398]     Test net output #0: accuracy = 0.981
I0404 10:12:15.504532  8896 solver.cpp:398]     Test net output #1: loss = 0.0810267 (* 1 = 0.0810267 loss)
I0404 10:12:15.543570  8896 solver.cpp:219] Iteration 7200 (6.25508 iter/s, 95.922s/600 iters), loss = 0.0125727
I0404 10:12:15.543635  8896 solver.cpp:238]     Train net output #0: accuracy = 0.99
I0404 10:12:15.543658  8896 solver.cpp:238]     Train net output #1: loss = 0.0125727 (* 1 = 0.0125727 loss)
I0404 10:12:15.543673  8896 sgd_solver.cpp:107] Iteration 7200, lr = 0.0665815
I0404 10:13:59.773174  8900 data_layer.cpp:73] Restarting data prefetching from start.
I0404 10:14:00.488210  8896 solver.cpp:331] Iteration 7800, Testing net (#0)
I0404 10:14:02.359369  8902 data_layer.cpp:73] Restarting data prefetching from start.
I0404 10:14:02.434483  8896 solver.cpp:398]     Test net output #0: accuracy = 0.9803
I0404 10:14:02.434543  8896 solver.cpp:398]     Test net output #1: loss = 0.0803655 (* 1 = 0.0803655 loss)
I0404 10:14:02.473649  8896 solver.cpp:219] Iteration 7800 (5.61115 iter/s, 106.93s/600 iters), loss = 0.00281739
I0404 10:14:02.473716  8896 solver.cpp:238]     Train net output #0: accuracy = 1
I0404 10:14:02.473737  8896 solver.cpp:238]     Train net output #1: loss = 0.00281739 (* 1 = 0.00281739 loss)
I0404 10:14:02.473753  8896 sgd_solver.cpp:107] Iteration 7800, lr = 0.0648911
I0404 10:15:51.387022  8900 data_layer.cpp:73] Restarting data prefetching from start.
I0404 10:15:52.129283  8896 solver.cpp:331] Iteration 8400, Testing net (#0)
I0404 10:15:53.950103  8902 data_layer.cpp:73] Restarting data prefetching from start.
I0404 10:15:54.025219  8896 solver.cpp:398]     Test net output #0: accuracy = 0.9806
I0404 10:15:54.025281  8896 solver.cpp:398]     Test net output #1: loss = 0.080164 (* 1 = 0.080164 loss)
I0404 10:15:54.064347  8896 solver.cpp:219] Iteration 8400 (5.37683 iter/s, 111.59s/600 iters), loss = 0.00439971
I0404 10:15:54.064412  8896 solver.cpp:238]     Train net output #0: accuracy = 1
I0404 10:15:54.064453  8896 solver.cpp:238]     Train net output #1: loss = 0.00439971 (* 1 = 0.00439971 loss)
I0404 10:15:54.064469  8896 sgd_solver.cpp:107] Iteration 8400, lr = 0.0632975
I0404 10:17:45.750839  8900 data_layer.cpp:73] Restarting data prefetching from start.
I0404 10:17:46.509457  8896 solver.cpp:331] Iteration 9000, Testing net (#0)
I0404 10:17:48.330116  8902 data_layer.cpp:73] Restarting data prefetching from start.
I0404 10:17:48.407400  8896 solver.cpp:398]     Test net output #0: accuracy = 0.9814
I0404 10:17:48.407459  8896 solver.cpp:398]     Test net output #1: loss = 0.0853379 (* 1 = 0.0853379 loss)
I0404 10:17:48.446496  8896 solver.cpp:219] Iteration 9000 (5.24558 iter/s, 114.382s/600 iters), loss = 0.0111433
I0404 10:17:48.446563  8896 solver.cpp:238]     Train net output #0: accuracy = 0.99
I0404 10:17:48.446584  8896 solver.cpp:238]     Train net output #1: loss = 0.0111433 (* 1 = 0.0111433 loss)
I0404 10:17:48.446600  8896 sgd_solver.cpp:107] Iteration 9000, lr = 0.0617924
I0404 10:19:42.436112  8900 data_layer.cpp:73] Restarting data prefetching from start.
I0404 10:19:43.202924  8896 solver.cpp:331] Iteration 9600, Testing net (#0)
I0404 10:19:45.005758  8902 data_layer.cpp:73] Restarting data prefetching from start.
I0404 10:19:45.079849  8896 solver.cpp:398]     Test net output #0: accuracy = 0.9814
I0404 10:19:45.079913  8896 solver.cpp:398]     Test net output #1: loss = 0.0802765 (* 1 = 0.0802765 loss)
I0404 10:19:45.119078  8896 solver.cpp:219] Iteration 9600 (5.14262 iter/s, 116.672s/600 iters), loss = 0.00177369
I0404 10:19:45.119144  8896 solver.cpp:238]     Train net output #0: accuracy = 1
I0404 10:19:45.119165  8896 solver.cpp:238]     Train net output #1: loss = 0.00177369 (* 1 = 0.00177369 loss)
I0404 10:19:45.119180  8896 sgd_solver.cpp:107] Iteration 9600, lr = 0.0603682
I0404 10:21:40.898838  8900 data_layer.cpp:73] Restarting data prefetching from start.
I0404 10:21:41.675940  8896 solver.cpp:331] Iteration 10200, Testing net (#0)
I0404 10:21:43.480901  8902 data_layer.cpp:73] Restarting data prefetching from start.
I0404 10:21:43.554970  8896 solver.cpp:398]     Test net output #0: accuracy = 0.9798
I0404 10:21:43.555032  8896 solver.cpp:398]     Test net output #1: loss = 0.0880021 (* 1 = 0.0880021 loss)
I0404 10:21:43.594085  8896 solver.cpp:219] Iteration 10200 (5.0644 iter/s, 118.474s/600 iters), loss = 0.00333288
I0404 10:21:43.594151  8896 solver.cpp:238]     Train net output #0: accuracy = 1
I0404 10:21:43.594173  8896 solver.cpp:238]     Train net output #1: loss = 0.00333288 (* 1 = 0.00333288 loss)
I0404 10:21:43.594188  8896 sgd_solver.cpp:107] Iteration 10200, lr = 0.0590183
I0404 10:23:40.969565  8900 data_layer.cpp:73] Restarting data prefetching from start.
I0404 10:23:41.758204  8896 solver.cpp:331] Iteration 10800, Testing net (#0)
I0404 10:23:43.549579  8902 data_layer.cpp:73] Restarting data prefetching from start.
I0404 10:23:43.623467  8896 solver.cpp:398]     Test net output #0: accuracy = 0.9817
I0404 10:23:43.623531  8896 solver.cpp:398]     Test net output #1: loss = 0.0794398 (* 1 = 0.0794398 loss)
I0404 10:23:43.665230  8896 solver.cpp:219] Iteration 10800 (4.99704 iter/s, 120.071s/600 iters), loss = 0.00146108
I0404 10:23:43.665297  8896 solver.cpp:238]     Train net output #0: accuracy = 1
I0404 10:23:43.665318  8896 solver.cpp:238]     Train net output #1: loss = 0.00146108 (* 1 = 0.00146108 loss)
I0404 10:23:43.665335  8896 sgd_solver.cpp:107] Iteration 10800, lr = 0.0577368
I0404 10:25:41.895999  8900 data_layer.cpp:73] Restarting data prefetching from start.
I0404 10:25:42.691128  8896 solver.cpp:331] Iteration 11400, Testing net (#0)
I0404 10:25:44.467464  8902 data_layer.cpp:73] Restarting data prefetching from start.
I0404 10:25:44.541333  8896 solver.cpp:398]     Test net output #0: accuracy = 0.983
I0404 10:25:44.541396  8896 solver.cpp:398]     Test net output #1: loss = 0.0820326 (* 1 = 0.0820326 loss)
I0404 10:25:44.580394  8896 solver.cpp:219] Iteration 11400 (4.96216 iter/s, 120.915s/600 iters), loss = 0.00071439
I0404 10:25:44.580474  8896 solver.cpp:238]     Train net output #0: accuracy = 1
I0404 10:25:44.580497  8896 solver.cpp:238]     Train net output #1: loss = 0.00071439 (* 1 = 0.00071439 loss)
I0404 10:25:44.580510  8896 sgd_solver.cpp:107] Iteration 11400, lr = 0.0565184
I0404 10:27:43.885452  8900 data_layer.cpp:73] Restarting data prefetching from start.
I0404 10:27:44.685335  8896 solver.cpp:331] Iteration 12000, Testing net (#0)
I0404 10:27:46.477079  8902 data_layer.cpp:73] Restarting data prefetching from start.
I0404 10:27:46.550861  8896 solver.cpp:398]     Test net output #0: accuracy = 0.9821
I0404 10:27:46.550925  8896 solver.cpp:398]     Test net output #1: loss = 0.0840044 (* 1 = 0.0840044 loss)
I0404 10:27:46.590029  8896 solver.cpp:219] Iteration 12000 (4.91767 iter/s, 122.009s/600 iters), loss = 0.000511963
I0404 10:27:46.590095  8896 solver.cpp:238]     Train net output #0: accuracy = 1
I0404 10:27:46.590117  8896 solver.cpp:238]     Train net output #1: loss = 0.000511963 (* 1 = 0.000511963 loss)
I0404 10:27:46.590132  8896 sgd_solver.cpp:107] Iteration 12000, lr = 0.0553583
I0404 10:29:46.480880  8900 data_layer.cpp:73] Restarting data prefetching from start.
I0404 10:29:47.288105  8896 solver.cpp:331] Iteration 12600, Testing net (#0)
I0404 10:29:49.076917  8902 data_layer.cpp:73] Restarting data prefetching from start.
I0404 10:29:49.150691  8896 solver.cpp:398]     Test net output #0: accuracy = 0.9816
I0404 10:29:49.150753  8896 solver.cpp:398]     Test net output #1: loss = 0.0828809 (* 1 = 0.0828809 loss)
I0404 10:29:49.195034  8896 solver.cpp:219] Iteration 12600 (4.8938 iter/s, 122.604s/600 iters), loss = 0.0013851
I0404 10:29:49.195099  8896 solver.cpp:238]     Train net output #0: accuracy = 1
I0404 10:29:49.195122  8896 solver.cpp:238]     Train net output #1: loss = 0.0013851 (* 1 = 0.0013851 loss)
I0404 10:29:49.195137  8896 sgd_solver.cpp:107] Iteration 12600, lr = 0.0542524
I0404 10:31:50.199060  8900 data_layer.cpp:73] Restarting data prefetching from start.
I0404 10:31:51.005055  8896 solver.cpp:331] Iteration 13200, Testing net (#0)
I0404 10:31:52.793725  8902 data_layer.cpp:73] Restarting data prefetching from start.
I0404 10:31:52.868021  8896 solver.cpp:398]     Test net output #0: accuracy = 0.9811
I0404 10:31:52.868089  8896 solver.cpp:398]     Test net output #1: loss = 0.0859449 (* 1 = 0.0859449 loss)
I0404 10:31:52.906998  8896 solver.cpp:219] Iteration 13200 (4.85001 iter/s, 123.711s/600 iters), loss = 0.0014611
I0404 10:31:52.907066  8896 solver.cpp:238]     Train net output #0: accuracy = 1
I0404 10:31:52.907088  8896 solver.cpp:238]     Train net output #1: loss = 0.0014611 (* 1 = 0.0014611 loss)
I0404 10:31:52.907104  8896 sgd_solver.cpp:107] Iteration 13200, lr = 0.0531966
I0404 10:33:54.563011  8900 data_layer.cpp:73] Restarting data prefetching from start.
I0404 10:33:55.379715  8896 solver.cpp:331] Iteration 13800, Testing net (#0)
I0404 10:33:57.169329  8902 data_layer.cpp:73] Restarting data prefetching from start.
I0404 10:33:57.244158  8896 solver.cpp:398]     Test net output #0: accuracy = 0.9817
I0404 10:33:57.244221  8896 solver.cpp:398]     Test net output #1: loss = 0.0882304 (* 1 = 0.0882304 loss)
I0404 10:33:57.283133  8896 solver.cpp:219] Iteration 13800 (4.82408 iter/s, 124.376s/600 iters), loss = 0.00210986
I0404 10:33:57.283200  8896 solver.cpp:238]     Train net output #0: accuracy = 1
I0404 10:33:57.283221  8896 solver.cpp:238]     Train net output #1: loss = 0.00210986 (* 1 = 0.00210986 loss)
I0404 10:33:57.283237  8896 sgd_solver.cpp:107] Iteration 13800, lr = 0.0521876
I0404 10:35:59.676143  8900 data_layer.cpp:73] Restarting data prefetching from start.
I0404 10:36:00.499665  8896 solver.cpp:331] Iteration 14400, Testing net (#0)
I0404 10:36:02.324920  8902 data_layer.cpp:73] Restarting data prefetching from start.
I0404 10:36:02.399174  8896 solver.cpp:398]     Test net output #0: accuracy = 0.982
I0404 10:36:02.399235  8896 solver.cpp:398]     Test net output #1: loss = 0.0892559 (* 1 = 0.0892559 loss)
I0404 10:36:02.438282  8896 solver.cpp:219] Iteration 14400 (4.79406 iter/s, 125.155s/600 iters), loss = 0.00137788
I0404 10:36:02.438349  8896 solver.cpp:238]     Train net output #0: accuracy = 1
I0404 10:36:02.438369  8896 solver.cpp:238]     Train net output #1: loss = 0.00137788 (* 1 = 0.00137788 loss)
I0404 10:36:02.438385  8896 sgd_solver.cpp:107] Iteration 14400, lr = 0.0512221
I0404 10:38:05.516906  8900 data_layer.cpp:73] Restarting data prefetching from start.
I0404 10:38:06.348055  8896 solver.cpp:331] Iteration 15000, Testing net (#0)
I0404 10:38:08.133896  8902 data_layer.cpp:73] Restarting data prefetching from start.
I0404 10:38:08.211527  8896 solver.cpp:398]     Test net output #0: accuracy = 0.9819
I0404 10:38:08.211590  8896 solver.cpp:398]     Test net output #1: loss = 0.0924209 (* 1 = 0.0924209 loss)
I0404 10:38:08.250731  8896 solver.cpp:219] Iteration 15000 (4.76902 iter/s, 125.812s/600 iters), loss = 0.00115931
I0404 10:38:08.250799  8896 solver.cpp:238]     Train net output #0: accuracy = 1
I0404 10:38:08.250821  8896 solver.cpp:238]     Train net output #1: loss = 0.00115931 (* 1 = 0.00115931 loss)
I0404 10:38:08.250836  8896 sgd_solver.cpp:107] Iteration 15000, lr = 0.0502973
I0404 10:40:11.734083  8900 data_layer.cpp:73] Restarting data prefetching from start.
I0404 10:40:12.566534  8896 solver.cpp:331] Iteration 15600, Testing net (#0)
I0404 10:40:14.351338  8902 data_layer.cpp:73] Restarting data prefetching from start.
I0404 10:40:14.424876  8896 solver.cpp:398]     Test net output #0: accuracy = 0.9818
I0404 10:40:14.424942  8896 solver.cpp:398]     Test net output #1: loss = 0.091516 (* 1 = 0.091516 loss)
I0404 10:40:14.463907  8896 solver.cpp:219] Iteration 15600 (4.75387 iter/s, 126.213s/600 iters), loss = 0.00104801
I0404 10:40:14.463973  8896 solver.cpp:238]     Train net output #0: accuracy = 1
I0404 10:40:14.463995  8896 solver.cpp:238]     Train net output #1: loss = 0.00104801 (* 1 = 0.00104801 loss)
I0404 10:40:14.464010  8896 sgd_solver.cpp:107] Iteration 15600, lr = 0.0494106
I0404 10:42:18.217882  8900 data_layer.cpp:73] Restarting data prefetching from start.
I0404 10:42:19.051990  8896 solver.cpp:331] Iteration 16200, Testing net (#0)
I0404 10:42:20.832505  8902 data_layer.cpp:73] Restarting data prefetching from start.
I0404 10:42:20.905495  8896 solver.cpp:398]     Test net output #0: accuracy = 0.9817
I0404 10:42:20.905555  8896 solver.cpp:398]     Test net output #1: loss = 0.08917 (* 1 = 0.08917 loss)
I0404 10:42:20.944886  8896 solver.cpp:219] Iteration 16200 (4.74383 iter/s, 126.48s/600 iters), loss = 0.00107954
I0404 10:42:20.944957  8896 solver.cpp:238]     Train net output #0: accuracy = 1
I0404 10:42:20.944980  8896 solver.cpp:238]     Train net output #1: loss = 0.00107954 (* 1 = 0.00107954 loss)
I0404 10:42:20.944995  8896 sgd_solver.cpp:107] Iteration 16200, lr = 0.0485595
I0404 10:44:24.973193  8900 data_layer.cpp:73] Restarting data prefetching from start.
I0404 10:44:25.803164  8896 solver.cpp:331] Iteration 16800, Testing net (#0)
I0404 10:44:27.590629  8902 data_layer.cpp:73] Restarting data prefetching from start.
I0404 10:44:27.667376  8896 solver.cpp:398]     Test net output #0: accuracy = 0.9806
I0404 10:44:27.667440  8896 solver.cpp:398]     Test net output #1: loss = 0.093315 (* 1 = 0.093315 loss)
I0404 10:44:27.707805  8896 solver.cpp:219] Iteration 16800 (4.73328 iter/s, 126.762s/600 iters), loss = 0.000615736
I0404 10:44:27.707872  8896 solver.cpp:238]     Train net output #0: accuracy = 1
I0404 10:44:27.707893  8896 solver.cpp:238]     Train net output #1: loss = 0.000615736 (* 1 = 0.000615736 loss)
I0404 10:44:27.707908  8896 sgd_solver.cpp:107] Iteration 16800, lr = 0.0477418
I0404 10:46:31.880705  8900 data_layer.cpp:73] Restarting data prefetching from start.
I0404 10:46:32.712086  8896 solver.cpp:331] Iteration 17400, Testing net (#0)
I0404 10:46:34.498198  8902 data_layer.cpp:73] Restarting data prefetching from start.
I0404 10:46:34.571719  8896 solver.cpp:398]     Test net output #0: accuracy = 0.9824
I0404 10:46:34.571784  8896 solver.cpp:398]     Test net output #1: loss = 0.0881323 (* 1 = 0.0881323 loss)
I0404 10:46:34.610749  8896 solver.cpp:219] Iteration 17400 (4.72806 iter/s, 126.902s/600 iters), loss = 0.00123639
I0404 10:46:34.610817  8896 solver.cpp:238]     Train net output #0: accuracy = 1
I0404 10:46:34.610838  8896 solver.cpp:238]     Train net output #1: loss = 0.00123639 (* 1 = 0.00123639 loss)
I0404 10:46:34.610853  8896 sgd_solver.cpp:107] Iteration 17400, lr = 0.0469556
I0404 10:48:38.884449  8900 data_layer.cpp:73] Restarting data prefetching from start.
I0404 10:48:39.715976  8896 solver.cpp:448] Snapshotting to binary proto file _iter_18000.caffemodel
I0404 10:48:39.761993  8896 sgd_solver.cpp:287] Snapshotting solver state to binary proto file _iter_18000.solverstate
I0404 10:48:39.807512  8896 solver.cpp:311] Iteration 18000, loss = 0.0070104
I0404 10:48:39.807565  8896 solver.cpp:331] Iteration 18000, Testing net (#0)
I0404 10:48:41.597453  8902 data_layer.cpp:73] Restarting data prefetching from start.
I0404 10:48:41.673854  8896 solver.cpp:398]     Test net output #0: accuracy = 0.9809
I0404 10:48:41.673919  8896 solver.cpp:398]     Test net output #1: loss = 0.0954526 (* 1 = 0.0954526 loss)
I0404 10:48:41.673933  8896 solver.cpp:316] Optimization Done.
I0404 10:48:41.673943  8896 caffe_double.cpp:259] Optimization Done.
