I0504 12:33:32.887384 30060 caffe_double.cpp:214] Use CPU.
I0504 12:33:32.888289 30060 solver.cpp:44] Initializing solver from parameters: 
test_iter: 100
test_interval: 600
base_lr: 0.07
display: 600
max_iter: 18000
lr_policy: "inv"
gamma: 0.0001
power: 0.75
momentum: 0.9
weight_decay: 0.0005
snapshot: 6000
snapshot_prefix: "HEEEEY"
solver_mode: CPU
net_param {
  name: "LeNet"
  layer {
    name: "mnist"
    type: "Data"
    top: "data"
    top: "label"
    include {
      phase: TRAIN
    }
    transform_param {
      scale: 0.00390625
    }
    data_param {
      source: "data/mnist_train_lmdb"
      batch_size: 100
      backend: LMDB
    }
  }
  layer {
    name: "mnist"
    type: "Data"
    top: "data"
    top: "label"
    include {
      phase: TEST
    }
    transform_param {
      scale: 0.00390625
    }
    data_param {
      source: "data/mnist_test_lmdb"
      batch_size: 100
      backend: LMDB
    }
  }
  layer {
    name: "ip1"
    type: "InnerProduct"
    bottom: "data"
    top: "ip1"
    inner_product_param {
      num_output: 1000
      weight_filler {
        type: "gaussian"
        mean: 0
        std: 0.1
      }
    }
    bias_param {
      filler {
        value: 0
      }
    }
    floating_point: true
    fpoint {
      exp: 2
      mant: 5
      rounding: "stochastic"
    }
  }
  layer {
    name: "relu1"
    type: "ReLU"
    bottom: "ip1"
    top: "ip1"
    floating_point: true
    fpoint {
      exp: 2
      mant: 5
      rounding: "stochastic"
    }
  }
  layer {
    name: "ip2"
    type: "InnerProduct"
    bottom: "ip1"
    top: "ip2"
    inner_product_param {
      num_output: 1000
      weight_filler {
        type: "gaussian"
        mean: 0
        std: 0.1
      }
    }
    bias_param {
      filler {
        value: 0
      }
    }
    floating_point: true
    fpoint {
      exp: 2
      mant: 5
      rounding: "stochastic"
    }
  }
  layer {
    name: "relu2"
    type: "ReLU"
    bottom: "ip2"
    top: "ip2"
    bias_param {
      filler {
        value: 0
      }
    }
    floating_point: true
    fpoint {
      exp: 2
      mant: 5
      rounding: "stochastic"
    }
  }
  layer {
    name: "ip3"
    type: "InnerProduct"
    bottom: "ip2"
    top: "ip3"
    inner_product_param {
      num_output: 10
      weight_filler {
        type: "gaussian"
        mean: 0
        std: 0.1
      }
    }
    bias_param {
      filler {
        value: 0
      }
    }
    floating_point: true
    fpoint {
      exp: 2
      mant: 5
      rounding: "stochastic"
    }
  }
  layer {
    name: "accuracy"
    type: "Accuracy"
    bottom: "ip3"
    bottom: "label"
    top: "accuracy"
  }
  layer {
    name: "loss"
    type: "SoftmaxWithLoss"
    bottom: "ip3"
    bottom: "label"
    top: "loss"
    floating_point: true
    fpoint {
      exp: 2
      mant: 5
      rounding: "stochastic"
    }
  }
}
train_state {
  level: 0
  stage: ""
}
floating_point: true
fpoint {
  exp: 2
  mant: 5
  rounding: "stochastic"
}
I0504 12:33:32.892343 30060 solver.cpp:82] Creating training net specified in net_param.
I0504 12:33:32.892468 30060 net.cpp:294] The NetState phase (0) differed from the phase (1) specified by a rule in layer mnist
I0504 12:33:32.892632 30060 net.cpp:51] Initializing net from parameters: 
name: "LeNet"
state {
  phase: TRAIN
  level: 0
  stage: ""
}
layer {
  name: "mnist"
  type: "Data"
  top: "data"
  top: "label"
  include {
    phase: TRAIN
  }
  transform_param {
    scale: 0.00390625
  }
  data_param {
    source: "data/mnist_train_lmdb"
    batch_size: 100
    backend: LMDB
  }
}
layer {
  name: "ip1"
  type: "InnerProduct"
  bottom: "data"
  top: "ip1"
  inner_product_param {
    num_output: 1000
    weight_filler {
      type: "gaussian"
      mean: 0
      std: 0.1
    }
  }
  bias_param {
    filler {
      value: 0
    }
  }
  floating_point: true
  fpoint {
    exp: 2
    mant: 5
    rounding: "stochastic"
  }
}
layer {
  name: "relu1"
  type: "ReLU"
  bottom: "ip1"
  top: "ip1"
  floating_point: true
  fpoint {
    exp: 2
    mant: 5
    rounding: "stochastic"
  }
}
layer {
  name: "ip2"
  type: "InnerProduct"
  bottom: "ip1"
  top: "ip2"
  inner_product_param {
    num_output: 1000
    weight_filler {
      type: "gaussian"
      mean: 0
      std: 0.1
    }
  }
  bias_param {
    filler {
      value: 0
    }
  }
  floating_point: true
  fpoint {
    exp: 2
    mant: 5
    rounding: "stochastic"
  }
}
layer {
  name: "relu2"
  type: "ReLU"
  bottom: "ip2"
  top: "ip2"
  bias_param {
    filler {
      value: 0
    }
  }
  floating_point: true
  fpoint {
    exp: 2
    mant: 5
    rounding: "stochastic"
  }
}
layer {
  name: "ip3"
  type: "InnerProduct"
  bottom: "ip2"
  top: "ip3"
  inner_product_param {
    num_output: 10
    weight_filler {
      type: "gaussian"
      mean: 0
      std: 0.1
    }
  }
  bias_param {
    filler {
      value: 0
    }
  }
  floating_point: true
  fpoint {
    exp: 2
    mant: 5
    rounding: "stochastic"
  }
}
layer {
  name: "accuracy"
  type: "Accuracy"
  bottom: "ip3"
  bottom: "label"
  top: "accuracy"
}
layer {
  name: "loss"
  type: "SoftmaxWithLoss"
  bottom: "ip3"
  bottom: "label"
  top: "loss"
  floating_point: true
  fpoint {
    exp: 2
    mant: 5
    rounding: "stochastic"
  }
}
I0504 12:33:32.893244 30060 layer_factory.hpp:77] Creating layer mnist
I0504 12:33:32.981573 30060 db_lmdb.cpp:35] Opened lmdb data/mnist_train_lmdb
I0504 12:33:32.981999 30060 net.cpp:84] Creating Layer mnist
I0504 12:33:32.982051 30060 net.cpp:380] mnist -> data
I0504 12:33:32.982136 30060 net.cpp:380] mnist -> label
I0504 12:33:32.982290 30060 data_layer.cpp:45] output data size: 100,1,28,28
I0504 12:33:32.984125 30060 net.cpp:122] Setting up mnist
I0504 12:33:32.984181 30060 net.cpp:129] Top shape: 100 1 28 28 (78400)
I0504 12:33:32.984200 30060 net.cpp:129] Top shape: 100 (100)
I0504 12:33:32.984210 30060 net.cpp:137] Memory required for data: 628000
I0504 12:33:32.984226 30060 layer_factory.hpp:77] Creating layer label_mnist_1_split
I0504 12:33:32.984257 30060 net.cpp:84] Creating Layer label_mnist_1_split
I0504 12:33:32.984273 30060 net.cpp:406] label_mnist_1_split <- label
I0504 12:33:32.984293 30060 net.cpp:380] label_mnist_1_split -> label_mnist_1_split_0
I0504 12:33:32.984311 30060 net.cpp:380] label_mnist_1_split -> label_mnist_1_split_1
I0504 12:33:32.984329 30060 net.cpp:122] Setting up label_mnist_1_split
I0504 12:33:32.984344 30060 net.cpp:129] Top shape: 100 (100)
I0504 12:33:32.984354 30060 net.cpp:129] Top shape: 100 (100)
I0504 12:33:32.984364 30060 net.cpp:137] Memory required for data: 629600
I0504 12:33:32.984375 30060 layer_factory.hpp:77] Creating layer ip1
I0504 12:33:32.984412 30060 net.cpp:84] Creating Layer ip1
I0504 12:33:32.984428 30060 net.cpp:406] ip1 <- data
I0504 12:33:32.984443 30060 net.cpp:380] ip1 -> ip1
I0504 12:33:33.008385 30060 net.cpp:122] Setting up ip1
I0504 12:33:33.008424 30060 net.cpp:129] Top shape: 100 1000 (100000)
I0504 12:33:33.008435 30060 net.cpp:137] Memory required for data: 1429600
I0504 12:33:33.008473 30060 layer_factory.hpp:77] Creating layer relu1
I0504 12:33:33.008517 30060 net.cpp:84] Creating Layer relu1
I0504 12:33:33.008533 30060 net.cpp:406] relu1 <- ip1
I0504 12:33:33.008548 30060 net.cpp:367] relu1 -> ip1 (in-place)
I0504 12:33:33.008566 30060 net.cpp:122] Setting up relu1
I0504 12:33:33.008579 30060 net.cpp:129] Top shape: 100 1000 (100000)
I0504 12:33:33.008589 30060 net.cpp:137] Memory required for data: 2229600
I0504 12:33:33.008599 30060 layer_factory.hpp:77] Creating layer ip2
I0504 12:33:33.008616 30060 net.cpp:84] Creating Layer ip2
I0504 12:33:33.008627 30060 net.cpp:406] ip2 <- ip1
I0504 12:33:33.008641 30060 net.cpp:380] ip2 -> ip2
I0504 12:33:33.033843 30060 net.cpp:122] Setting up ip2
I0504 12:33:33.033881 30060 net.cpp:129] Top shape: 100 1000 (100000)
I0504 12:33:33.033891 30060 net.cpp:137] Memory required for data: 3029600
I0504 12:33:33.033911 30060 layer_factory.hpp:77] Creating layer relu2
I0504 12:33:33.033929 30060 net.cpp:84] Creating Layer relu2
I0504 12:33:33.033941 30060 net.cpp:406] relu2 <- ip2
I0504 12:33:33.033956 30060 net.cpp:367] relu2 -> ip2 (in-place)
I0504 12:33:33.033972 30060 net.cpp:122] Setting up relu2
I0504 12:33:33.033985 30060 net.cpp:129] Top shape: 100 1000 (100000)
I0504 12:33:33.034037 30060 net.cpp:137] Memory required for data: 3829600
I0504 12:33:33.034049 30060 layer_factory.hpp:77] Creating layer ip3
I0504 12:33:33.034065 30060 net.cpp:84] Creating Layer ip3
I0504 12:33:33.034075 30060 net.cpp:406] ip3 <- ip2
I0504 12:33:33.034090 30060 net.cpp:380] ip3 -> ip3
I0504 12:33:33.034379 30060 net.cpp:122] Setting up ip3
I0504 12:33:33.034400 30060 net.cpp:129] Top shape: 100 10 (1000)
I0504 12:33:33.034410 30060 net.cpp:137] Memory required for data: 3837600
I0504 12:33:33.034427 30060 layer_factory.hpp:77] Creating layer ip3_ip3_0_split
I0504 12:33:33.034443 30060 net.cpp:84] Creating Layer ip3_ip3_0_split
I0504 12:33:33.034454 30060 net.cpp:406] ip3_ip3_0_split <- ip3
I0504 12:33:33.034467 30060 net.cpp:380] ip3_ip3_0_split -> ip3_ip3_0_split_0
I0504 12:33:33.034482 30060 net.cpp:380] ip3_ip3_0_split -> ip3_ip3_0_split_1
I0504 12:33:33.034499 30060 net.cpp:122] Setting up ip3_ip3_0_split
I0504 12:33:33.034512 30060 net.cpp:129] Top shape: 100 10 (1000)
I0504 12:33:33.034524 30060 net.cpp:129] Top shape: 100 10 (1000)
I0504 12:33:33.034534 30060 net.cpp:137] Memory required for data: 3853600
I0504 12:33:33.034544 30060 layer_factory.hpp:77] Creating layer accuracy
I0504 12:33:33.034581 30060 net.cpp:84] Creating Layer accuracy
I0504 12:33:33.034597 30060 net.cpp:406] accuracy <- ip3_ip3_0_split_0
I0504 12:33:33.034610 30060 net.cpp:406] accuracy <- label_mnist_1_split_0
I0504 12:33:33.034621 30060 net.cpp:380] accuracy -> accuracy
I0504 12:33:33.034652 30060 net.cpp:122] Setting up accuracy
I0504 12:33:33.034669 30060 net.cpp:129] Top shape: (1)
I0504 12:33:33.034679 30060 net.cpp:137] Memory required for data: 3853608
I0504 12:33:33.034689 30060 layer_factory.hpp:77] Creating layer loss
I0504 12:33:33.034718 30060 net.cpp:84] Creating Layer loss
I0504 12:33:33.034732 30060 net.cpp:406] loss <- ip3_ip3_0_split_1
I0504 12:33:33.034744 30060 net.cpp:406] loss <- label_mnist_1_split_1
I0504 12:33:33.034757 30060 net.cpp:380] loss -> loss
I0504 12:33:33.034793 30060 layer_factory.hpp:77] Creating layer loss
I0504 12:33:33.034850 30060 net.cpp:122] Setting up loss
I0504 12:33:33.034868 30060 net.cpp:129] Top shape: (1)
I0504 12:33:33.034878 30060 net.cpp:132]     with loss weight 1
I0504 12:33:33.034922 30060 net.cpp:137] Memory required for data: 3853616
I0504 12:33:33.034934 30060 net.cpp:198] loss needs backward computation.
I0504 12:33:33.034945 30060 net.cpp:200] accuracy does not need backward computation.
I0504 12:33:33.034956 30060 net.cpp:198] ip3_ip3_0_split needs backward computation.
I0504 12:33:33.034966 30060 net.cpp:198] ip3 needs backward computation.
I0504 12:33:33.034978 30060 net.cpp:198] relu2 needs backward computation.
I0504 12:33:33.034988 30060 net.cpp:198] ip2 needs backward computation.
I0504 12:33:33.034998 30060 net.cpp:198] relu1 needs backward computation.
I0504 12:33:33.035007 30060 net.cpp:198] ip1 needs backward computation.
I0504 12:33:33.035018 30060 net.cpp:200] label_mnist_1_split does not need backward computation.
I0504 12:33:33.035033 30060 net.cpp:200] mnist does not need backward computation.
I0504 12:33:33.035044 30060 net.cpp:242] This network produces output accuracy
I0504 12:33:33.035058 30060 net.cpp:242] This network produces output loss
I0504 12:33:33.035079 30060 net.cpp:255] Network initialization done.
I0504 12:33:33.035190 30060 solver.cpp:173] Creating test net (#0) specified by net_param
I0504 12:33:33.035229 30060 net.cpp:294] The NetState phase (1) differed from the phase (0) specified by a rule in layer mnist
I0504 12:33:33.035380 30060 net.cpp:51] Initializing net from parameters: 
name: "LeNet"
state {
  phase: TEST
}
layer {
  name: "mnist"
  type: "Data"
  top: "data"
  top: "label"
  include {
    phase: TEST
  }
  transform_param {
    scale: 0.00390625
  }
  data_param {
    source: "data/mnist_test_lmdb"
    batch_size: 100
    backend: LMDB
  }
}
layer {
  name: "ip1"
  type: "InnerProduct"
  bottom: "data"
  top: "ip1"
  inner_product_param {
    num_output: 1000
    weight_filler {
      type: "gaussian"
      mean: 0
      std: 0.1
    }
  }
  bias_param {
    filler {
      value: 0
    }
  }
  floating_point: true
  fpoint {
    exp: 2
    mant: 5
    rounding: "stochastic"
  }
}
layer {
  name: "relu1"
  type: "ReLU"
  bottom: "ip1"
  top: "ip1"
  floating_point: true
  fpoint {
    exp: 2
    mant: 5
    rounding: "stochastic"
  }
}
layer {
  name: "ip2"
  type: "InnerProduct"
  bottom: "ip1"
  top: "ip2"
  inner_product_param {
    num_output: 1000
    weight_filler {
      type: "gaussian"
      mean: 0
      std: 0.1
    }
  }
  bias_param {
    filler {
      value: 0
    }
  }
  floating_point: true
  fpoint {
    exp: 2
    mant: 5
    rounding: "stochastic"
  }
}
layer {
  name: "relu2"
  type: "ReLU"
  bottom: "ip2"
  top: "ip2"
  bias_param {
    filler {
      value: 0
    }
  }
  floating_point: true
  fpoint {
    exp: 2
    mant: 5
    rounding: "stochastic"
  }
}
layer {
  name: "ip3"
  type: "InnerProduct"
  bottom: "ip2"
  top: "ip3"
  inner_product_param {
    num_output: 10
    weight_filler {
      type: "gaussian"
      mean: 0
      std: 0.1
    }
  }
  bias_param {
    filler {
      value: 0
    }
  }
  floating_point: true
  fpoint {
    exp: 2
    mant: 5
    rounding: "stochastic"
  }
}
layer {
  name: "accuracy"
  type: "Accuracy"
  bottom: "ip3"
  bottom: "label"
  top: "accuracy"
}
layer {
  name: "loss"
  type: "SoftmaxWithLoss"
  bottom: "ip3"
  bottom: "label"
  top: "loss"
  floating_point: true
  fpoint {
    exp: 2
    mant: 5
    rounding: "stochastic"
  }
}
I0504 12:33:33.035490 30060 layer_factory.hpp:77] Creating layer mnist
I0504 12:33:33.095587 30060 db_lmdb.cpp:35] Opened lmdb data/mnist_test_lmdb
I0504 12:33:33.096181 30060 net.cpp:84] Creating Layer mnist
I0504 12:33:33.096209 30060 net.cpp:380] mnist -> data
I0504 12:33:33.096230 30060 net.cpp:380] mnist -> label
I0504 12:33:33.096259 30060 data_layer.cpp:45] output data size: 100,1,28,28
I0504 12:33:33.097349 30060 net.cpp:122] Setting up mnist
I0504 12:33:33.097375 30060 net.cpp:129] Top shape: 100 1 28 28 (78400)
I0504 12:33:33.097388 30060 net.cpp:129] Top shape: 100 (100)
I0504 12:33:33.097398 30060 net.cpp:137] Memory required for data: 628000
I0504 12:33:33.097409 30060 layer_factory.hpp:77] Creating layer label_mnist_1_split
I0504 12:33:33.097422 30060 net.cpp:84] Creating Layer label_mnist_1_split
I0504 12:33:33.097434 30060 net.cpp:406] label_mnist_1_split <- label
I0504 12:33:33.097446 30060 net.cpp:380] label_mnist_1_split -> label_mnist_1_split_0
I0504 12:33:33.097465 30060 net.cpp:380] label_mnist_1_split -> label_mnist_1_split_1
I0504 12:33:33.097481 30060 net.cpp:122] Setting up label_mnist_1_split
I0504 12:33:33.097496 30060 net.cpp:129] Top shape: 100 (100)
I0504 12:33:33.097506 30060 net.cpp:129] Top shape: 100 (100)
I0504 12:33:33.097517 30060 net.cpp:137] Memory required for data: 629600
I0504 12:33:33.097527 30060 layer_factory.hpp:77] Creating layer ip1
I0504 12:33:33.097542 30060 net.cpp:84] Creating Layer ip1
I0504 12:33:33.097556 30060 net.cpp:406] ip1 <- data
I0504 12:33:33.097570 30060 net.cpp:380] ip1 -> ip1
I0504 12:33:33.120961 30060 net.cpp:122] Setting up ip1
I0504 12:33:33.120995 30060 net.cpp:129] Top shape: 100 1000 (100000)
I0504 12:33:33.121006 30060 net.cpp:137] Memory required for data: 1429600
I0504 12:33:33.121026 30060 layer_factory.hpp:77] Creating layer relu1
I0504 12:33:33.121045 30060 net.cpp:84] Creating Layer relu1
I0504 12:33:33.121057 30060 net.cpp:406] relu1 <- ip1
I0504 12:33:33.121071 30060 net.cpp:367] relu1 -> ip1 (in-place)
I0504 12:33:33.121088 30060 net.cpp:122] Setting up relu1
I0504 12:33:33.121106 30060 net.cpp:129] Top shape: 100 1000 (100000)
I0504 12:33:33.121116 30060 net.cpp:137] Memory required for data: 2229600
I0504 12:33:33.121126 30060 layer_factory.hpp:77] Creating layer ip2
I0504 12:33:33.121143 30060 net.cpp:84] Creating Layer ip2
I0504 12:33:33.121155 30060 net.cpp:406] ip2 <- ip1
I0504 12:33:33.121171 30060 net.cpp:380] ip2 -> ip2
I0504 12:33:33.146402 30060 net.cpp:122] Setting up ip2
I0504 12:33:33.146441 30060 net.cpp:129] Top shape: 100 1000 (100000)
I0504 12:33:33.146492 30060 net.cpp:137] Memory required for data: 3029600
I0504 12:33:33.146512 30060 layer_factory.hpp:77] Creating layer relu2
I0504 12:33:33.146531 30060 net.cpp:84] Creating Layer relu2
I0504 12:33:33.146543 30060 net.cpp:406] relu2 <- ip2
I0504 12:33:33.146560 30060 net.cpp:367] relu2 -> ip2 (in-place)
I0504 12:33:33.146579 30060 net.cpp:122] Setting up relu2
I0504 12:33:33.146591 30060 net.cpp:129] Top shape: 100 1000 (100000)
I0504 12:33:33.146601 30060 net.cpp:137] Memory required for data: 3829600
I0504 12:33:33.146611 30060 layer_factory.hpp:77] Creating layer ip3
I0504 12:33:33.146626 30060 net.cpp:84] Creating Layer ip3
I0504 12:33:33.146637 30060 net.cpp:406] ip3 <- ip2
I0504 12:33:33.146651 30060 net.cpp:380] ip3 -> ip3
I0504 12:33:33.146924 30060 net.cpp:122] Setting up ip3
I0504 12:33:33.146950 30060 net.cpp:129] Top shape: 100 10 (1000)
I0504 12:33:33.146961 30060 net.cpp:137] Memory required for data: 3837600
I0504 12:33:33.146978 30060 layer_factory.hpp:77] Creating layer ip3_ip3_0_split
I0504 12:33:33.146993 30060 net.cpp:84] Creating Layer ip3_ip3_0_split
I0504 12:33:33.147004 30060 net.cpp:406] ip3_ip3_0_split <- ip3
I0504 12:33:33.147020 30060 net.cpp:380] ip3_ip3_0_split -> ip3_ip3_0_split_0
I0504 12:33:33.147037 30060 net.cpp:380] ip3_ip3_0_split -> ip3_ip3_0_split_1
I0504 12:33:33.147055 30060 net.cpp:122] Setting up ip3_ip3_0_split
I0504 12:33:33.147068 30060 net.cpp:129] Top shape: 100 10 (1000)
I0504 12:33:33.147080 30060 net.cpp:129] Top shape: 100 10 (1000)
I0504 12:33:33.147089 30060 net.cpp:137] Memory required for data: 3853600
I0504 12:33:33.147105 30060 layer_factory.hpp:77] Creating layer accuracy
I0504 12:33:33.147125 30060 net.cpp:84] Creating Layer accuracy
I0504 12:33:33.147135 30060 net.cpp:406] accuracy <- ip3_ip3_0_split_0
I0504 12:33:33.147147 30060 net.cpp:406] accuracy <- label_mnist_1_split_0
I0504 12:33:33.147161 30060 net.cpp:380] accuracy -> accuracy
I0504 12:33:33.147176 30060 net.cpp:122] Setting up accuracy
I0504 12:33:33.147188 30060 net.cpp:129] Top shape: (1)
I0504 12:33:33.147198 30060 net.cpp:137] Memory required for data: 3853608
I0504 12:33:33.147208 30060 layer_factory.hpp:77] Creating layer loss
I0504 12:33:33.147224 30060 net.cpp:84] Creating Layer loss
I0504 12:33:33.147236 30060 net.cpp:406] loss <- ip3_ip3_0_split_1
I0504 12:33:33.147248 30060 net.cpp:406] loss <- label_mnist_1_split_1
I0504 12:33:33.147260 30060 net.cpp:380] loss -> loss
I0504 12:33:33.147277 30060 layer_factory.hpp:77] Creating layer loss
I0504 12:33:33.147310 30060 net.cpp:122] Setting up loss
I0504 12:33:33.147325 30060 net.cpp:129] Top shape: (1)
I0504 12:33:33.147334 30060 net.cpp:132]     with loss weight 1
I0504 12:33:33.147354 30060 net.cpp:137] Memory required for data: 3853616
I0504 12:33:33.147364 30060 net.cpp:198] loss needs backward computation.
I0504 12:33:33.147375 30060 net.cpp:200] accuracy does not need backward computation.
I0504 12:33:33.147385 30060 net.cpp:198] ip3_ip3_0_split needs backward computation.
I0504 12:33:33.147395 30060 net.cpp:198] ip3 needs backward computation.
I0504 12:33:33.147405 30060 net.cpp:198] relu2 needs backward computation.
I0504 12:33:33.147415 30060 net.cpp:198] ip2 needs backward computation.
I0504 12:33:33.147425 30060 net.cpp:198] relu1 needs backward computation.
I0504 12:33:33.147435 30060 net.cpp:198] ip1 needs backward computation.
I0504 12:33:33.147445 30060 net.cpp:200] label_mnist_1_split does not need backward computation.
I0504 12:33:33.147456 30060 net.cpp:200] mnist does not need backward computation.
I0504 12:33:33.147465 30060 net.cpp:242] This network produces output accuracy
I0504 12:33:33.147476 30060 net.cpp:242] This network produces output loss
I0504 12:33:33.147496 30060 net.cpp:255] Network initialization done.
I0504 12:33:33.147548 30060 solver.cpp:56] Solver scaffolding done.
I0504 12:33:33.147613 30060 caffe_double.cpp:251] Starting Optimization
I0504 12:33:33.147640 30060 solver.cpp:273] Solving LeNet
I0504 12:33:33.147652 30060 solver.cpp:274] Learning Rate Policy: inv
I0504 12:33:33.157310 30060 solver.cpp:331] Iteration 0, Testing net (#0)
I0504 12:34:00.615243 30077 data_layer.cpp:73] Restarting data prefetching from start.
I0504 12:34:01.756780 30060 solver.cpp:398]     Test net output #0: accuracy = 0.1134
I0504 12:34:01.756887 30060 solver.cpp:398]     Test net output #1: loss = 6.2194 (* 1 = 6.2194 loss)
I0504 12:34:02.148023 30060 solver.cpp:219] Iteration 0 (0 iter/s, 29s/600 iters), loss = 6.37725
I0504 12:34:02.148102 30060 solver.cpp:238]     Train net output #0: accuracy = 0.1
I0504 12:34:02.148124 30060 solver.cpp:238]     Train net output #1: loss = 6.37725 (* 1 = 6.37725 loss)
I0504 12:34:02.148170 30060 sgd_solver.cpp:107] Iteration 0, lr = 0.07
I0504 12:40:38.694527 30076 data_layer.cpp:73] Restarting data prefetching from start.
I0504 12:40:41.349638 30060 solver.cpp:331] Iteration 600, Testing net (#0)
I0504 12:41:08.411741 30077 data_layer.cpp:73] Restarting data prefetching from start.
I0504 12:41:09.538195 30060 solver.cpp:398]     Test net output #0: accuracy = 0.9632
I0504 12:41:09.538636 30060 solver.cpp:398]     Test net output #1: loss = 0.119443 (* 1 = 0.119443 loss)
I0504 12:41:09.932090 30060 solver.cpp:219] Iteration 600 (1.40258 iter/s, 427.783s/600 iters), loss = 0.142298
I0504 12:41:09.932232 30060 solver.cpp:238]     Train net output #0: accuracy = 0.96
I0504 12:41:09.932255 30060 solver.cpp:238]     Train net output #1: loss = 0.142298 (* 1 = 0.142298 loss)
I0504 12:41:09.932271 30060 sgd_solver.cpp:107] Iteration 600, lr = 0.0670068
I0504 12:47:45.435634 30076 data_layer.cpp:73] Restarting data prefetching from start.
I0504 12:47:48.089804 30060 solver.cpp:331] Iteration 1200, Testing net (#0)
I0504 12:48:15.160797 30077 data_layer.cpp:73] Restarting data prefetching from start.
I0504 12:48:16.287490 30060 solver.cpp:398]     Test net output #0: accuracy = 0.9709
I0504 12:48:16.287814 30060 solver.cpp:398]     Test net output #1: loss = 0.0969966 (* 1 = 0.0969966 loss)
I0504 12:48:16.672312 30060 solver.cpp:219] Iteration 1200 (1.40601 iter/s, 426.74s/600 iters), loss = 0.0830012
I0504 12:48:16.672397 30060 solver.cpp:238]     Train net output #0: accuracy = 0.98
I0504 12:48:16.672420 30060 solver.cpp:238]     Train net output #1: loss = 0.0830012 (* 1 = 0.0830012 loss)
I0504 12:48:16.672436 30060 sgd_solver.cpp:107] Iteration 1200, lr = 0.0642961
I0504 12:54:52.093155 30076 data_layer.cpp:73] Restarting data prefetching from start.
I0504 12:54:54.748452 30060 solver.cpp:331] Iteration 1800, Testing net (#0)
I0504 12:55:21.830801 30077 data_layer.cpp:73] Restarting data prefetching from start.
I0504 12:55:22.957928 30060 solver.cpp:398]     Test net output #0: accuracy = 0.9675
I0504 12:55:22.958217 30060 solver.cpp:398]     Test net output #1: loss = 0.104702 (* 1 = 0.104702 loss)
I0504 12:55:23.348186 30060 solver.cpp:219] Iteration 1800 (1.40622 iter/s, 426.675s/600 iters), loss = 0.0550897
I0504 12:55:23.348268 30060 solver.cpp:238]     Train net output #0: accuracy = 0.98
I0504 12:55:23.348290 30060 solver.cpp:238]     Train net output #1: loss = 0.0550897 (* 1 = 0.0550897 loss)
I0504 12:55:23.348307 30060 sgd_solver.cpp:107] Iteration 1800, lr = 0.0618282
I0504 13:01:59.393105 30076 data_layer.cpp:73] Restarting data prefetching from start.
I0504 13:02:02.061739 30060 solver.cpp:331] Iteration 2400, Testing net (#0)
I0504 13:02:29.259752 30077 data_layer.cpp:73] Restarting data prefetching from start.
I0504 13:02:30.389961 30060 solver.cpp:398]     Test net output #0: accuracy = 0.9735
I0504 13:02:30.390264 30060 solver.cpp:398]     Test net output #1: loss = 0.0935512 (* 1 = 0.0935512 loss)
I0504 13:02:30.775501 30060 solver.cpp:219] Iteration 2400 (1.40375 iter/s, 427.427s/600 iters), loss = 0.0262778
I0504 13:02:30.775586 30060 solver.cpp:238]     Train net output #0: accuracy = 0.99
I0504 13:02:30.775609 30060 solver.cpp:238]     Train net output #1: loss = 0.0262778 (* 1 = 0.0262778 loss)
I0504 13:02:30.775626 30060 sgd_solver.cpp:107] Iteration 2400, lr = 0.0595706
I0504 13:09:07.589694 30076 data_layer.cpp:73] Restarting data prefetching from start.
I0504 13:09:10.254498 30060 solver.cpp:331] Iteration 3000, Testing net (#0)
I0504 13:09:37.460649 30077 data_layer.cpp:73] Restarting data prefetching from start.
I0504 13:09:38.590734 30060 solver.cpp:398]     Test net output #0: accuracy = 0.9766
I0504 13:09:38.590991 30060 solver.cpp:398]     Test net output #1: loss = 0.077355 (* 1 = 0.077355 loss)
I0504 13:09:38.976332 30060 solver.cpp:219] Iteration 3000 (1.40121 iter/s, 428.2s/600 iters), loss = 0.0154548
I0504 13:09:38.976418 30060 solver.cpp:238]     Train net output #0: accuracy = 1
I0504 13:09:38.976439 30060 solver.cpp:238]     Train net output #1: loss = 0.0154548 (* 1 = 0.0154548 loss)
I0504 13:09:38.976459 30060 sgd_solver.cpp:107] Iteration 3000, lr = 0.0574964
I0504 13:16:15.683595 30076 data_layer.cpp:73] Restarting data prefetching from start.
I0504 13:16:18.346418 30060 solver.cpp:331] Iteration 3600, Testing net (#0)
I0504 13:16:45.497004 30077 data_layer.cpp:73] Restarting data prefetching from start.
I0504 13:16:46.626158 30060 solver.cpp:398]     Test net output #0: accuracy = 0.9782
I0504 13:16:46.626593 30060 solver.cpp:398]     Test net output #1: loss = 0.0676563 (* 1 = 0.0676563 loss)
I0504 13:16:47.011579 30060 solver.cpp:219] Iteration 3600 (1.40175 iter/s, 428.035s/600 iters), loss = 0.00534857
I0504 13:16:47.011663 30060 solver.cpp:238]     Train net output #0: accuracy = 1
I0504 13:16:47.011684 30060 solver.cpp:238]     Train net output #1: loss = 0.00534857 (* 1 = 0.00534857 loss)
I0504 13:16:47.011701 30060 sgd_solver.cpp:107] Iteration 3600, lr = 0.0555832
I0504 13:23:23.307359 30076 data_layer.cpp:73] Restarting data prefetching from start.
I0504 13:23:25.967978 30060 solver.cpp:331] Iteration 4200, Testing net (#0)
I0504 13:23:53.203876 30077 data_layer.cpp:73] Restarting data prefetching from start.
I0504 13:23:54.341555 30060 solver.cpp:398]     Test net output #0: accuracy = 0.9802
I0504 13:23:54.341837 30060 solver.cpp:398]     Test net output #1: loss = 0.0644576 (* 1 = 0.0644576 loss)
I0504 13:23:54.731259 30060 solver.cpp:219] Iteration 4200 (1.40279 iter/s, 427.719s/600 iters), loss = 0.00618242
I0504 13:23:54.731349 30060 solver.cpp:238]     Train net output #0: accuracy = 1
I0504 13:23:54.731370 30060 solver.cpp:238]     Train net output #1: loss = 0.00618242 (* 1 = 0.00618242 loss)
I0504 13:23:54.731389 30060 sgd_solver.cpp:107] Iteration 4200, lr = 0.0538123
I0504 13:30:31.255599 30076 data_layer.cpp:73] Restarting data prefetching from start.
I0504 13:30:33.913522 30060 solver.cpp:331] Iteration 4800, Testing net (#0)
I0504 13:31:01.149446 30077 data_layer.cpp:73] Restarting data prefetching from start.
I0504 13:31:02.282552 30060 solver.cpp:398]     Test net output #0: accuracy = 0.9812
I0504 13:31:02.282804 30060 solver.cpp:398]     Test net output #1: loss = 0.0642824 (* 1 = 0.0642824 loss)
I0504 13:31:02.669302 30060 solver.cpp:219] Iteration 4800 (1.40208 iter/s, 427.937s/600 iters), loss = 0.00463773
I0504 13:31:02.669387 30060 solver.cpp:238]     Train net output #0: accuracy = 1
I0504 13:31:02.669409 30060 solver.cpp:238]     Train net output #1: loss = 0.00463773 (* 1 = 0.00463773 loss)
I0504 13:31:02.669427 30060 sgd_solver.cpp:107] Iteration 4800, lr = 0.0521677
I0504 13:37:39.044070 30076 data_layer.cpp:73] Restarting data prefetching from start.
I0504 13:37:41.699924 30060 solver.cpp:331] Iteration 5400, Testing net (#0)
I0504 13:38:08.824829 30077 data_layer.cpp:73] Restarting data prefetching from start.
I0504 13:38:09.954233 30060 solver.cpp:398]     Test net output #0: accuracy = 0.9809
I0504 13:38:09.954519 30060 solver.cpp:398]     Test net output #1: loss = 0.0688932 (* 1 = 0.0688932 loss)
I0504 13:38:10.339622 30060 solver.cpp:219] Iteration 5400 (1.40295 iter/s, 427.67s/600 iters), loss = 0.00226476
I0504 13:38:10.339707 30060 solver.cpp:238]     Train net output #0: accuracy = 1
I0504 13:38:10.339728 30060 solver.cpp:238]     Train net output #1: loss = 0.00226476 (* 1 = 0.00226476 loss)
I0504 13:38:10.339745 30060 sgd_solver.cpp:107] Iteration 5400, lr = 0.0506358
I0504 13:44:45.498746 30076 data_layer.cpp:73] Restarting data prefetching from start.
I0504 13:44:48.121045 30060 solver.cpp:448] Snapshotting to binary proto file HEEEEY_iter_6000.caffemodel
I0504 13:44:48.359362 30060 sgd_solver.cpp:284] Snapshotting solver state to binary proto file HEEEEY_iter_6000.solverstate
I0504 13:44:48.384537 30060 solver.cpp:331] Iteration 6000, Testing net (#0)
I0504 13:45:15.606734 30077 data_layer.cpp:73] Restarting data prefetching from start.
I0504 13:45:16.740700 30060 solver.cpp:398]     Test net output #0: accuracy = 0.9823
I0504 13:45:16.740787 30060 solver.cpp:398]     Test net output #1: loss = 0.0627095 (* 1 = 0.0627095 loss)
I0504 13:45:17.128000 30060 solver.cpp:219] Iteration 6000 (1.40585 iter/s, 426.788s/600 iters), loss = 0.00439611
I0504 13:45:17.128087 30060 solver.cpp:238]     Train net output #0: accuracy = 1
I0504 13:45:17.128115 30060 solver.cpp:238]     Train net output #1: loss = 0.00439611 (* 1 = 0.00439611 loss)
I0504 13:45:17.128135 30060 sgd_solver.cpp:107] Iteration 6000, lr = 0.0492049
I0504 13:51:49.647605 30076 data_layer.cpp:73] Restarting data prefetching from start.
I0504 13:51:52.312516 30060 solver.cpp:331] Iteration 6600, Testing net (#0)
I0504 13:52:19.541669 30077 data_layer.cpp:73] Restarting data prefetching from start.
I0504 13:52:20.679440 30060 solver.cpp:398]     Test net output #0: accuracy = 0.9827
I0504 13:52:20.679800 30060 solver.cpp:398]     Test net output #1: loss = 0.062175 (* 1 = 0.062175 loss)
I0504 13:52:21.067952 30060 solver.cpp:219] Iteration 6600 (1.4153 iter/s, 423.939s/600 iters), loss = 0.00261567
I0504 13:52:21.068039 30060 solver.cpp:238]     Train net output #0: accuracy = 1
I0504 13:52:21.068061 30060 solver.cpp:238]     Train net output #1: loss = 0.00261567 (* 1 = 0.00261567 loss)
I0504 13:52:21.068079 30060 sgd_solver.cpp:107] Iteration 6600, lr = 0.0478649
I0504 13:58:56.064968 30076 data_layer.cpp:73] Restarting data prefetching from start.
I0504 13:58:58.717372 30060 solver.cpp:331] Iteration 7200, Testing net (#0)
I0504 13:59:25.847343 30077 data_layer.cpp:73] Restarting data prefetching from start.
I0504 13:59:26.976783 30060 solver.cpp:398]     Test net output #0: accuracy = 0.9831
I0504 13:59:26.977078 30060 solver.cpp:398]     Test net output #1: loss = 0.0604127 (* 1 = 0.0604127 loss)
I0504 13:59:27.362149 30060 solver.cpp:219] Iteration 7200 (1.40748 iter/s, 426.294s/600 iters), loss = 0.00225435
I0504 13:59:27.362236 30060 solver.cpp:238]     Train net output #0: accuracy = 1
I0504 13:59:27.362257 30060 solver.cpp:238]     Train net output #1: loss = 0.00225435 (* 1 = 0.00225435 loss)
I0504 13:59:27.362273 30060 sgd_solver.cpp:107] Iteration 7200, lr = 0.0466071
I0504 14:06:03.728912 30076 data_layer.cpp:73] Restarting data prefetching from start.
I0504 14:06:06.396211 30060 solver.cpp:331] Iteration 7800, Testing net (#0)
I0504 14:06:33.592288 30077 data_layer.cpp:73] Restarting data prefetching from start.
I0504 14:06:34.721735 30060 solver.cpp:398]     Test net output #0: accuracy = 0.9832
I0504 14:06:34.721988 30060 solver.cpp:398]     Test net output #1: loss = 0.0604837 (* 1 = 0.0604837 loss)
I0504 14:06:35.107138 30060 solver.cpp:219] Iteration 7800 (1.40271 iter/s, 427.744s/600 iters), loss = 0.00258225
I0504 14:06:35.107223 30060 solver.cpp:238]     Train net output #0: accuracy = 1
I0504 14:06:35.107244 30060 solver.cpp:238]     Train net output #1: loss = 0.00258225 (* 1 = 0.00258225 loss)
I0504 14:06:35.107260 30060 sgd_solver.cpp:107] Iteration 7800, lr = 0.0454238
I0504 14:13:11.122720 30076 data_layer.cpp:73] Restarting data prefetching from start.
I0504 14:13:13.784799 30060 solver.cpp:331] Iteration 8400, Testing net (#0)
I0504 14:13:41.021149 30077 data_layer.cpp:73] Restarting data prefetching from start.
I0504 14:13:42.154871 30060 solver.cpp:398]     Test net output #0: accuracy = 0.9835
I0504 14:13:42.155148 30060 solver.cpp:398]     Test net output #1: loss = 0.0602605 (* 1 = 0.0602605 loss)
I0504 14:13:42.541961 30060 solver.cpp:219] Iteration 8400 (1.40373 iter/s, 427.434s/600 iters), loss = 0.00191533
I0504 14:13:42.542068 30060 solver.cpp:238]     Train net output #0: accuracy = 1
I0504 14:13:42.542093 30060 solver.cpp:238]     Train net output #1: loss = 0.00191533 (* 1 = 0.00191533 loss)
I0504 14:13:42.542121 30060 sgd_solver.cpp:107] Iteration 8400, lr = 0.0443083
I0504 14:20:18.522032 30076 data_layer.cpp:73] Restarting data prefetching from start.
I0504 14:20:21.175240 30060 solver.cpp:331] Iteration 9000, Testing net (#0)
I0504 14:20:48.308877 30077 data_layer.cpp:73] Restarting data prefetching from start.
I0504 14:20:49.448048 30060 solver.cpp:398]     Test net output #0: accuracy = 0.9833
I0504 14:20:49.448470 30060 solver.cpp:398]     Test net output #1: loss = 0.0593796 (* 1 = 0.0593796 loss)
I0504 14:20:49.836629 30060 solver.cpp:219] Iteration 9000 (1.40419 iter/s, 427.294s/600 iters), loss = 0.00128036
I0504 14:20:49.836717 30060 solver.cpp:238]     Train net output #0: accuracy = 1
I0504 14:20:49.836740 30060 solver.cpp:238]     Train net output #1: loss = 0.00128036 (* 1 = 0.00128036 loss)
I0504 14:20:49.836757 30060 sgd_solver.cpp:107] Iteration 9000, lr = 0.0432547
I0504 14:27:25.953500 30076 data_layer.cpp:73] Restarting data prefetching from start.
I0504 14:27:28.599217 30060 solver.cpp:331] Iteration 9600, Testing net (#0)
I0504 14:27:55.828225 30077 data_layer.cpp:73] Restarting data prefetching from start.
I0504 14:27:56.962697 30060 solver.cpp:398]     Test net output #0: accuracy = 0.9836
I0504 14:27:56.963004 30060 solver.cpp:398]     Test net output #1: loss = 0.06026 (* 1 = 0.06026 loss)
I0504 14:27:57.350175 30060 solver.cpp:219] Iteration 9600 (1.40347 iter/s, 427.513s/600 iters), loss = 0.00126995
I0504 14:27:57.350261 30060 solver.cpp:238]     Train net output #0: accuracy = 1
I0504 14:27:57.350283 30060 solver.cpp:238]     Train net output #1: loss = 0.00126995 (* 1 = 0.00126995 loss)
I0504 14:27:57.350301 30060 sgd_solver.cpp:107] Iteration 9600, lr = 0.0422577
I0504 14:34:32.862843 30076 data_layer.cpp:73] Restarting data prefetching from start.
I0504 14:34:35.529820 30060 solver.cpp:331] Iteration 10200, Testing net (#0)
I0504 14:35:02.771781 30077 data_layer.cpp:73] Restarting data prefetching from start.
I0504 14:35:03.907203 30060 solver.cpp:398]     Test net output #0: accuracy = 0.9835
I0504 14:35:03.907496 30060 solver.cpp:398]     Test net output #1: loss = 0.0607748 (* 1 = 0.0607748 loss)
I0504 14:35:04.294816 30060 solver.cpp:219] Iteration 10200 (1.40534 iter/s, 426.944s/600 iters), loss = 0.00128036
I0504 14:35:04.294903 30060 solver.cpp:238]     Train net output #0: accuracy = 1
I0504 14:35:04.294924 30060 solver.cpp:238]     Train net output #1: loss = 0.00128036 (* 1 = 0.00128036 loss)
I0504 14:35:04.294942 30060 sgd_solver.cpp:107] Iteration 10200, lr = 0.0413128
I0504 14:41:40.259238 30076 data_layer.cpp:73] Restarting data prefetching from start.
I0504 14:41:42.917595 30060 solver.cpp:331] Iteration 10800, Testing net (#0)
I0504 14:42:10.063076 30077 data_layer.cpp:73] Restarting data prefetching from start.
I0504 14:42:11.193060 30060 solver.cpp:398]     Test net output #0: accuracy = 0.9837
I0504 14:42:11.193320 30060 solver.cpp:398]     Test net output #1: loss = 0.0607007 (* 1 = 0.0607007 loss)
I0504 14:42:11.579048 30060 solver.cpp:219] Iteration 10800 (1.40422 iter/s, 427.284s/600 iters), loss = 0.00126995
I0504 14:42:11.579138 30060 solver.cpp:238]     Train net output #0: accuracy = 1
I0504 14:42:11.579161 30060 solver.cpp:238]     Train net output #1: loss = 0.00126995 (* 1 = 0.00126995 loss)
I0504 14:42:11.579180 30060 sgd_solver.cpp:107] Iteration 10800, lr = 0.0404157
I0504 14:48:47.476227 30076 data_layer.cpp:73] Restarting data prefetching from start.
I0504 14:48:50.138092 30060 solver.cpp:331] Iteration 11400, Testing net (#0)
I0504 14:49:17.384943 30077 data_layer.cpp:73] Restarting data prefetching from start.
I0504 14:49:18.518436 30060 solver.cpp:398]     Test net output #0: accuracy = 0.9841
I0504 14:49:18.518788 30060 solver.cpp:398]     Test net output #1: loss = 0.0606665 (* 1 = 0.0606665 loss)
I0504 14:49:18.918112 30060 solver.cpp:219] Iteration 11400 (1.40404 iter/s, 427.338s/600 iters), loss = 0.000634974
I0504 14:49:18.918200 30060 solver.cpp:238]     Train net output #0: accuracy = 1
I0504 14:49:18.918222 30060 solver.cpp:238]     Train net output #1: loss = 0.000634974 (* 1 = 0.000634974 loss)
I0504 14:49:18.918241 30060 sgd_solver.cpp:107] Iteration 11400, lr = 0.0395629
I0504 14:55:55.316511 30076 data_layer.cpp:73] Restarting data prefetching from start.
I0504 14:55:57.994982 30060 solver.cpp:448] Snapshotting to binary proto file HEEEEY_iter_12000.caffemodel
I0504 14:56:01.475971 30060 sgd_solver.cpp:284] Snapshotting solver state to binary proto file HEEEEY_iter_12000.solverstate
I0504 14:56:01.791218 30060 solver.cpp:331] Iteration 12000, Testing net (#0)
I0504 14:56:29.142657 30077 data_layer.cpp:73] Restarting data prefetching from start.
I0504 14:56:30.277737 30060 solver.cpp:398]     Test net output #0: accuracy = 0.984
I0504 14:56:30.277822 30060 solver.cpp:398]     Test net output #1: loss = 0.0602646 (* 1 = 0.0602646 loss)
I0504 14:56:30.665747 30060 solver.cpp:219] Iteration 12000 (1.3897 iter/s, 431.747s/600 iters), loss = 0.00126995
I0504 14:56:30.665832 30060 solver.cpp:238]     Train net output #0: accuracy = 1
I0504 14:56:30.665854 30060 solver.cpp:238]     Train net output #1: loss = 0.00126995 (* 1 = 0.00126995 loss)
I0504 14:56:30.665873 30060 sgd_solver.cpp:107] Iteration 12000, lr = 0.0387508
I0504 15:03:07.009207 30076 data_layer.cpp:73] Restarting data prefetching from start.
I0504 15:03:09.669894 30060 solver.cpp:331] Iteration 12600, Testing net (#0)
I0504 15:03:36.916147 30077 data_layer.cpp:73] Restarting data prefetching from start.
I0504 15:03:38.047732 30060 solver.cpp:398]     Test net output #0: accuracy = 0.9839
I0504 15:03:38.047993 30060 solver.cpp:398]     Test net output #1: loss = 0.0609021 (* 1 = 0.0609021 loss)
I0504 15:03:38.433745 30060 solver.cpp:219] Iteration 12600 (1.40263 iter/s, 427.767s/600 iters), loss = 0.000952461
I0504 15:03:38.433833 30060 solver.cpp:238]     Train net output #0: accuracy = 1
I0504 15:03:38.433856 30060 solver.cpp:238]     Train net output #1: loss = 0.000952461 (* 1 = 0.000952461 loss)
I0504 15:03:38.433873 30060 sgd_solver.cpp:107] Iteration 12600, lr = 0.0379767
I0504 15:10:14.325891 30076 data_layer.cpp:73] Restarting data prefetching from start.
I0504 15:10:16.977597 30060 solver.cpp:331] Iteration 13200, Testing net (#0)
I0504 15:10:44.193285 30077 data_layer.cpp:73] Restarting data prefetching from start.
I0504 15:10:45.327092 30060 solver.cpp:398]     Test net output #0: accuracy = 0.984
I0504 15:10:45.327347 30060 solver.cpp:398]     Test net output #1: loss = 0.0615968 (* 1 = 0.0615968 loss)
I0504 15:10:45.714200 30060 solver.cpp:219] Iteration 13200 (1.40423 iter/s, 427.28s/600 iters), loss = 0.000634974
I0504 15:10:45.714285 30060 solver.cpp:238]     Train net output #0: accuracy = 1
I0504 15:10:45.714308 30060 solver.cpp:238]     Train net output #1: loss = 0.000634974 (* 1 = 0.000634974 loss)
I0504 15:10:45.714325 30060 sgd_solver.cpp:107] Iteration 13200, lr = 0.0372376
I0504 15:17:21.469250 30076 data_layer.cpp:73] Restarting data prefetching from start.
I0504 15:17:24.120913 30060 solver.cpp:331] Iteration 13800, Testing net (#0)
I0504 15:17:51.363979 30077 data_layer.cpp:73] Restarting data prefetching from start.
I0504 15:17:52.498781 30060 solver.cpp:398]     Test net output #0: accuracy = 0.9843
I0504 15:17:52.499092 30060 solver.cpp:398]     Test net output #1: loss = 0.0618348 (* 1 = 0.0618348 loss)
I0504 15:17:52.886185 30060 solver.cpp:219] Iteration 13800 (1.40459 iter/s, 427.171s/600 iters), loss = 0.000952461
I0504 15:17:52.886271 30060 solver.cpp:238]     Train net output #0: accuracy = 1
I0504 15:17:52.886293 30060 solver.cpp:238]     Train net output #1: loss = 0.000952461 (* 1 = 0.000952461 loss)
I0504 15:17:52.886312 30060 sgd_solver.cpp:107] Iteration 13800, lr = 0.0365313
I0504 15:24:28.708420 30076 data_layer.cpp:73] Restarting data prefetching from start.
I0504 15:24:31.373563 30060 solver.cpp:331] Iteration 14400, Testing net (#0)
I0504 15:24:58.610631 30077 data_layer.cpp:73] Restarting data prefetching from start.
I0504 15:24:59.745033 30060 solver.cpp:398]     Test net output #0: accuracy = 0.9843
I0504 15:24:59.745329 30060 solver.cpp:398]     Test net output #1: loss = 0.0623413 (* 1 = 0.0623413 loss)
I0504 15:25:00.132488 30060 solver.cpp:219] Iteration 14400 (1.40434 iter/s, 427.246s/600 iters), loss = 0.000317487
I0504 15:25:00.132575 30060 solver.cpp:238]     Train net output #0: accuracy = 1
I0504 15:25:00.132597 30060 solver.cpp:238]     Train net output #1: loss = 0.000317487 (* 1 = 0.000317487 loss)
I0504 15:25:00.132616 30060 sgd_solver.cpp:107] Iteration 14400, lr = 0.0358555
I0504 15:31:36.091318 30076 data_layer.cpp:73] Restarting data prefetching from start.
I0504 15:31:38.752507 30060 solver.cpp:331] Iteration 15000, Testing net (#0)
I0504 15:32:05.942656 30077 data_layer.cpp:73] Restarting data prefetching from start.
I0504 15:32:07.072490 30060 solver.cpp:398]     Test net output #0: accuracy = 0.9838
I0504 15:32:07.072749 30060 solver.cpp:398]     Test net output #1: loss = 0.0632154 (* 1 = 0.0632154 loss)
I0504 15:32:07.457916 30060 solver.cpp:219] Iteration 15000 (1.40408 iter/s, 427.325s/600 iters), loss = 0.000952461
I0504 15:32:07.458001 30060 solver.cpp:238]     Train net output #0: accuracy = 1
I0504 15:32:07.458022 30060 solver.cpp:238]     Train net output #1: loss = 0.000952461 (* 1 = 0.000952461 loss)
I0504 15:32:07.458039 30060 sgd_solver.cpp:107] Iteration 15000, lr = 0.0352081
I0504 15:38:43.214560 30076 data_layer.cpp:73] Restarting data prefetching from start.
I0504 15:38:45.882666 30060 solver.cpp:331] Iteration 15600, Testing net (#0)
I0504 15:39:13.109148 30077 data_layer.cpp:73] Restarting data prefetching from start.
I0504 15:39:14.243403 30060 solver.cpp:398]     Test net output #0: accuracy = 0.9841
I0504 15:39:14.243688 30060 solver.cpp:398]     Test net output #1: loss = 0.0633257 (* 1 = 0.0633257 loss)
I0504 15:39:14.630868 30060 solver.cpp:219] Iteration 15600 (1.40459 iter/s, 427.172s/600 iters), loss = 0.000317487
I0504 15:39:14.630956 30060 solver.cpp:238]     Train net output #0: accuracy = 1
I0504 15:39:14.630977 30060 solver.cpp:238]     Train net output #1: loss = 0.000317487 (* 1 = 0.000317487 loss)
I0504 15:39:14.630996 30060 sgd_solver.cpp:107] Iteration 15600, lr = 0.0345874
I0504 15:45:50.503813 30076 data_layer.cpp:73] Restarting data prefetching from start.
I0504 15:45:53.179158 30060 solver.cpp:331] Iteration 16200, Testing net (#0)
I0504 15:46:20.456876 30077 data_layer.cpp:73] Restarting data prefetching from start.
I0504 15:46:21.588505 30060 solver.cpp:398]     Test net output #0: accuracy = 0.9839
I0504 15:46:21.588834 30060 solver.cpp:398]     Test net output #1: loss = 0.063266 (* 1 = 0.063266 loss)
I0504 15:46:21.974520 30060 solver.cpp:219] Iteration 16200 (1.40402 iter/s, 427.343s/600 iters), loss = 0.000634974
I0504 15:46:21.974607 30060 solver.cpp:238]     Train net output #0: accuracy = 1
I0504 15:46:21.974628 30060 solver.cpp:238]     Train net output #1: loss = 0.000634974 (* 1 = 0.000634974 loss)
I0504 15:46:21.974647 30060 sgd_solver.cpp:107] Iteration 16200, lr = 0.0339916
I0504 15:52:57.843225 30076 data_layer.cpp:73] Restarting data prefetching from start.
I0504 15:53:00.501654 30060 solver.cpp:331] Iteration 16800, Testing net (#0)
I0504 15:53:27.755060 30077 data_layer.cpp:73] Restarting data prefetching from start.
I0504 15:53:28.889147 30060 solver.cpp:398]     Test net output #0: accuracy = 0.984
I0504 15:53:28.889547 30060 solver.cpp:398]     Test net output #1: loss = 0.0640335 (* 1 = 0.0640335 loss)
I0504 15:53:29.276273 30060 solver.cpp:219] Iteration 16800 (1.40416 iter/s, 427.301s/600 iters), loss = 0.000634974
I0504 15:53:29.276360 30060 solver.cpp:238]     Train net output #0: accuracy = 1
I0504 15:53:29.276382 30060 solver.cpp:238]     Train net output #1: loss = 0.000634974 (* 1 = 0.000634974 loss)
I0504 15:53:29.276401 30060 sgd_solver.cpp:107] Iteration 16800, lr = 0.0334193
I0504 16:00:05.097014 30076 data_layer.cpp:73] Restarting data prefetching from start.
I0504 16:00:07.748296 30060 solver.cpp:331] Iteration 17400, Testing net (#0)
I0504 16:00:34.931706 30077 data_layer.cpp:73] Restarting data prefetching from start.
I0504 16:00:36.063458 30060 solver.cpp:398]     Test net output #0: accuracy = 0.9837
I0504 16:00:36.063766 30060 solver.cpp:398]     Test net output #1: loss = 0.0643621 (* 1 = 0.0643621 loss)
I0504 16:00:36.449522 30060 solver.cpp:219] Iteration 17400 (1.40458 iter/s, 427.173s/600 iters), loss = 0.000317487
I0504 16:00:36.449607 30060 solver.cpp:238]     Train net output #0: accuracy = 1
I0504 16:00:36.449630 30060 solver.cpp:238]     Train net output #1: loss = 0.000317487 (* 1 = 0.000317487 loss)
I0504 16:00:36.449647 30060 sgd_solver.cpp:107] Iteration 17400, lr = 0.0328689
I0504 16:07:12.418933 30076 data_layer.cpp:73] Restarting data prefetching from start.
I0504 16:07:15.075532 30060 solver.cpp:448] Snapshotting to binary proto file HEEEEY_iter_18000.caffemodel
I0504 16:07:15.281777 30060 sgd_solver.cpp:284] Snapshotting solver state to binary proto file HEEEEY_iter_18000.solverstate
I0504 16:07:15.595893 30060 solver.cpp:311] Iteration 18000, loss = 0.000317487
I0504 16:07:15.595973 30060 solver.cpp:331] Iteration 18000, Testing net (#0)
I0504 16:07:43.013667 30077 data_layer.cpp:73] Restarting data prefetching from start.
I0504 16:07:44.165103 30060 solver.cpp:398]     Test net output #0: accuracy = 0.9837
I0504 16:07:44.165192 30060 solver.cpp:398]     Test net output #1: loss = 0.0643922 (* 1 = 0.0643922 loss)
I0504 16:07:44.165206 30060 solver.cpp:316] Optimization Done.
I0504 16:07:44.165217 30060 caffe_double.cpp:262] Optimization Done.
