I0509 14:11:15.872942 21747 caffe_double.cpp:214] Use CPU.
I0509 14:11:15.876188 21747 solver.cpp:44] Initializing solver from parameters: 
test_iter: 100
test_interval: 600
base_lr: 0.1
display: 600
max_iter: 18000
lr_policy: "inv"
gamma: 0.0001
power: 0.75
momentum: 0.9
solver_mode: CPU
net_param {
  name: "LeNet"
  layer {
    name: "mnist"
    type: "Data"
    top: "data"
    top: "label"
    include {
      phase: TRAIN
    }
    transform_param {
      scale: 0.00390625
    }
    data_param {
      source: "data/mnist_train_lmdb"
      batch_size: 100
      backend: LMDB
    }
  }
  layer {
    name: "mnist"
    type: "Data"
    top: "data"
    top: "label"
    include {
      phase: TEST
    }
    transform_param {
      scale: 0.00390625
    }
    data_param {
      source: "data/mnist_test_lmdb"
      batch_size: 100
      backend: LMDB
    }
  }
  layer {
    name: "ip1"
    type: "InnerProduct"
    bottom: "data"
    top: "ip1"
    inner_product_param {
      num_output: 1000
      weight_filler {
        type: "gaussian"
        mean: 0
        std: 0.01
      }
    }
    bias_param {
      filler {
        value: 0
      }
    }
    fixed_precision: true
    precision {
      enter: 2
      fraccio: 14
      rounding: "stochastic"
    }
  }
  layer {
    name: "relu1"
    type: "ReLU"
    bottom: "ip1"
    top: "ip1"
    fixed_precision: true
    precision {
      enter: 2
      fraccio: 14
      rounding: "stochastic"
    }
  }
  layer {
    name: "ip2"
    type: "InnerProduct"
    bottom: "ip1"
    top: "ip2"
    inner_product_param {
      num_output: 1000
      weight_filler {
        type: "gaussian"
        mean: 0
        std: 0.01
      }
    }
    bias_param {
      filler {
        value: 0
      }
    }
    fixed_precision: true
    precision {
      enter: 2
      fraccio: 14
      rounding: "stochastic"
    }
  }
  layer {
    name: "relu2"
    type: "ReLU"
    bottom: "ip2"
    top: "ip2"
    bias_param {
      filler {
        value: 0
      }
    }
    fixed_precision: true
    precision {
      enter: 2
      fraccio: 14
      rounding: "stochastic"
    }
  }
  layer {
    name: "ip3"
    type: "InnerProduct"
    bottom: "ip2"
    top: "ip3"
    inner_product_param {
      num_output: 10
      weight_filler {
        type: "gaussian"
        mean: 0
        std: 0.01
      }
    }
    bias_param {
      filler {
        value: 0
      }
    }
    fixed_precision: true
    precision {
      enter: 2
      fraccio: 14
      rounding: "stochastic"
    }
  }
  layer {
    name: "accuracy"
    type: "Accuracy"
    bottom: "ip3"
    bottom: "label"
    top: "accuracy"
  }
  layer {
    name: "loss"
    type: "SoftmaxWithLoss"
    bottom: "ip3"
    bottom: "label"
    top: "loss"
    fixed_precision: true
    precision {
      enter: 2
      fraccio: 14
      rounding: "stochastic"
    }
  }
}
train_state {
  level: 0
  stage: ""
}
fixed_precision: true
precision {
  enter: 2
  fraccio: 14
  rounding: "stochastic"
}
I0509 14:11:15.876440 21747 solver.cpp:82] Creating training net specified in net_param.
I0509 14:11:15.876564 21747 net.cpp:294] The NetState phase (0) differed from the phase (1) specified by a rule in layer mnist
I0509 14:11:15.876730 21747 net.cpp:51] Initializing net from parameters: 
name: "LeNet"
state {
  phase: TRAIN
  level: 0
  stage: ""
}
layer {
  name: "mnist"
  type: "Data"
  top: "data"
  top: "label"
  include {
    phase: TRAIN
  }
  transform_param {
    scale: 0.00390625
  }
  data_param {
    source: "data/mnist_train_lmdb"
    batch_size: 100
    backend: LMDB
  }
}
layer {
  name: "ip1"
  type: "InnerProduct"
  bottom: "data"
  top: "ip1"
  inner_product_param {
    num_output: 1000
    weight_filler {
      type: "gaussian"
      mean: 0
      std: 0.01
    }
  }
  bias_param {
    filler {
      value: 0
    }
  }
  fixed_precision: true
  precision {
    enter: 2
    fraccio: 14
    rounding: "stochastic"
  }
}
layer {
  name: "relu1"
  type: "ReLU"
  bottom: "ip1"
  top: "ip1"
  fixed_precision: true
  precision {
    enter: 2
    fraccio: 14
    rounding: "stochastic"
  }
}
layer {
  name: "ip2"
  type: "InnerProduct"
  bottom: "ip1"
  top: "ip2"
  inner_product_param {
    num_output: 1000
    weight_filler {
      type: "gaussian"
      mean: 0
      std: 0.01
    }
  }
  bias_param {
    filler {
      value: 0
    }
  }
  fixed_precision: true
  precision {
    enter: 2
    fraccio: 14
    rounding: "stochastic"
  }
}
layer {
  name: "relu2"
  type: "ReLU"
  bottom: "ip2"
  top: "ip2"
  bias_param {
    filler {
      value: 0
    }
  }
  fixed_precision: true
  precision {
    enter: 2
    fraccio: 14
    rounding: "stochastic"
  }
}
layer {
  name: "ip3"
  type: "InnerProduct"
  bottom: "ip2"
  top: "ip3"
  inner_product_param {
    num_output: 10
    weight_filler {
      type: "gaussian"
      mean: 0
      std: 0.01
    }
  }
  bias_param {
    filler {
      value: 0
    }
  }
  fixed_precision: true
  precision {
    enter: 2
    fraccio: 14
    rounding: "stochastic"
  }
}
layer {
  name: "accuracy"
  type: "Accuracy"
  bottom: "ip3"
  bottom: "label"
  top: "accuracy"
}
layer {
  name: "loss"
  type: "SoftmaxWithLoss"
  bottom: "ip3"
  bottom: "label"
  top: "loss"
  fixed_precision: true
  precision {
    enter: 2
    fraccio: 14
    rounding: "stochastic"
  }
}
I0509 14:11:15.878299 21747 layer_factory.hpp:77] Creating layer mnist
I0509 14:11:15.904379 21747 db_lmdb.cpp:35] Opened lmdb data/mnist_train_lmdb
I0509 14:11:15.904675 21747 net.cpp:84] Creating Layer mnist
I0509 14:11:15.904731 21747 net.cpp:380] mnist -> data
I0509 14:11:15.904814 21747 net.cpp:380] mnist -> label
I0509 14:11:15.904968 21747 data_layer.cpp:45] output data size: 100,1,28,28
I0509 14:11:15.906805 21747 net.cpp:122] Setting up mnist
I0509 14:11:15.906867 21747 net.cpp:129] Top shape: 100 1 28 28 (78400)
I0509 14:11:15.906888 21747 net.cpp:129] Top shape: 100 (100)
I0509 14:11:15.906898 21747 net.cpp:137] Memory required for data: 628000
I0509 14:11:15.906918 21747 layer_factory.hpp:77] Creating layer label_mnist_1_split
I0509 14:11:15.906950 21747 net.cpp:84] Creating Layer label_mnist_1_split
I0509 14:11:15.906966 21747 net.cpp:406] label_mnist_1_split <- label
I0509 14:11:15.906990 21747 net.cpp:380] label_mnist_1_split -> label_mnist_1_split_0
I0509 14:11:15.907008 21747 net.cpp:380] label_mnist_1_split -> label_mnist_1_split_1
I0509 14:11:15.907027 21747 net.cpp:122] Setting up label_mnist_1_split
I0509 14:11:15.907042 21747 net.cpp:129] Top shape: 100 (100)
I0509 14:11:15.907061 21747 net.cpp:129] Top shape: 100 (100)
I0509 14:11:15.907073 21747 net.cpp:137] Memory required for data: 629600
I0509 14:11:15.907083 21747 layer_factory.hpp:77] Creating layer ip1
I0509 14:11:15.907125 21747 net.cpp:84] Creating Layer ip1
I0509 14:11:15.907142 21747 net.cpp:406] ip1 <- data
I0509 14:11:15.907158 21747 net.cpp:380] ip1 -> ip1
I0509 14:11:15.958770 21747 net.cpp:122] Setting up ip1
I0509 14:11:15.958832 21747 net.cpp:129] Top shape: 100 1000 (100000)
I0509 14:11:15.958843 21747 net.cpp:137] Memory required for data: 1429600
I0509 14:11:15.958886 21747 layer_factory.hpp:77] Creating layer relu1
I0509 14:11:15.958935 21747 net.cpp:84] Creating Layer relu1
I0509 14:11:15.958952 21747 net.cpp:406] relu1 <- ip1
I0509 14:11:15.958969 21747 net.cpp:367] relu1 -> ip1 (in-place)
I0509 14:11:15.958991 21747 net.cpp:122] Setting up relu1
I0509 14:11:15.959004 21747 net.cpp:129] Top shape: 100 1000 (100000)
I0509 14:11:15.959014 21747 net.cpp:137] Memory required for data: 2229600
I0509 14:11:15.959025 21747 layer_factory.hpp:77] Creating layer ip2
I0509 14:11:15.959046 21747 net.cpp:84] Creating Layer ip2
I0509 14:11:15.959065 21747 net.cpp:406] ip2 <- ip1
I0509 14:11:15.959080 21747 net.cpp:380] ip2 -> ip2
I0509 14:11:16.021031 21747 net.cpp:122] Setting up ip2
I0509 14:11:16.021108 21747 net.cpp:129] Top shape: 100 1000 (100000)
I0509 14:11:16.021121 21747 net.cpp:137] Memory required for data: 3029600
I0509 14:11:16.021145 21747 layer_factory.hpp:77] Creating layer relu2
I0509 14:11:16.021172 21747 net.cpp:84] Creating Layer relu2
I0509 14:11:16.021184 21747 net.cpp:406] relu2 <- ip2
I0509 14:11:16.021200 21747 net.cpp:367] relu2 -> ip2 (in-place)
I0509 14:11:16.021222 21747 net.cpp:122] Setting up relu2
I0509 14:11:16.021284 21747 net.cpp:129] Top shape: 100 1000 (100000)
I0509 14:11:16.021296 21747 net.cpp:137] Memory required for data: 3829600
I0509 14:11:16.021307 21747 layer_factory.hpp:77] Creating layer ip3
I0509 14:11:16.021325 21747 net.cpp:84] Creating Layer ip3
I0509 14:11:16.021337 21747 net.cpp:406] ip3 <- ip2
I0509 14:11:16.021353 21747 net.cpp:380] ip3 -> ip3
I0509 14:11:16.022027 21747 net.cpp:122] Setting up ip3
I0509 14:11:16.022055 21747 net.cpp:129] Top shape: 100 10 (1000)
I0509 14:11:16.022068 21747 net.cpp:137] Memory required for data: 3837600
I0509 14:11:16.022085 21747 layer_factory.hpp:77] Creating layer ip3_ip3_0_split
I0509 14:11:16.022101 21747 net.cpp:84] Creating Layer ip3_ip3_0_split
I0509 14:11:16.022114 21747 net.cpp:406] ip3_ip3_0_split <- ip3
I0509 14:11:16.022126 21747 net.cpp:380] ip3_ip3_0_split -> ip3_ip3_0_split_0
I0509 14:11:16.022142 21747 net.cpp:380] ip3_ip3_0_split -> ip3_ip3_0_split_1
I0509 14:11:16.022161 21747 net.cpp:122] Setting up ip3_ip3_0_split
I0509 14:11:16.022176 21747 net.cpp:129] Top shape: 100 10 (1000)
I0509 14:11:16.022188 21747 net.cpp:129] Top shape: 100 10 (1000)
I0509 14:11:16.022198 21747 net.cpp:137] Memory required for data: 3853600
I0509 14:11:16.022210 21747 layer_factory.hpp:77] Creating layer accuracy
I0509 14:11:16.022264 21747 net.cpp:84] Creating Layer accuracy
I0509 14:11:16.022280 21747 net.cpp:406] accuracy <- ip3_ip3_0_split_0
I0509 14:11:16.022294 21747 net.cpp:406] accuracy <- label_mnist_1_split_0
I0509 14:11:16.022306 21747 net.cpp:380] accuracy -> accuracy
I0509 14:11:16.022337 21747 net.cpp:122] Setting up accuracy
I0509 14:11:16.022356 21747 net.cpp:129] Top shape: (1)
I0509 14:11:16.022367 21747 net.cpp:137] Memory required for data: 3853608
I0509 14:11:16.022377 21747 layer_factory.hpp:77] Creating layer loss
I0509 14:11:16.022406 21747 net.cpp:84] Creating Layer loss
I0509 14:11:16.022423 21747 net.cpp:406] loss <- ip3_ip3_0_split_1
I0509 14:11:16.022435 21747 net.cpp:406] loss <- label_mnist_1_split_1
I0509 14:11:16.022449 21747 net.cpp:380] loss -> loss
I0509 14:11:16.022485 21747 layer_factory.hpp:77] Creating layer loss
I0509 14:11:16.022545 21747 net.cpp:122] Setting up loss
I0509 14:11:16.022564 21747 net.cpp:129] Top shape: (1)
I0509 14:11:16.022574 21747 net.cpp:132]     with loss weight 1
I0509 14:11:16.022619 21747 net.cpp:137] Memory required for data: 3853616
I0509 14:11:16.022630 21747 net.cpp:198] loss needs backward computation.
I0509 14:11:16.022642 21747 net.cpp:200] accuracy does not need backward computation.
I0509 14:11:16.022655 21747 net.cpp:198] ip3_ip3_0_split needs backward computation.
I0509 14:11:16.022665 21747 net.cpp:198] ip3 needs backward computation.
I0509 14:11:16.022675 21747 net.cpp:198] relu2 needs backward computation.
I0509 14:11:16.022686 21747 net.cpp:198] ip2 needs backward computation.
I0509 14:11:16.022696 21747 net.cpp:198] relu1 needs backward computation.
I0509 14:11:16.022707 21747 net.cpp:198] ip1 needs backward computation.
I0509 14:11:16.022718 21747 net.cpp:200] label_mnist_1_split does not need backward computation.
I0509 14:11:16.022734 21747 net.cpp:200] mnist does not need backward computation.
I0509 14:11:16.022745 21747 net.cpp:242] This network produces output accuracy
I0509 14:11:16.022761 21747 net.cpp:242] This network produces output loss
I0509 14:11:16.022781 21747 net.cpp:255] Network initialization done.
I0509 14:11:16.022893 21747 solver.cpp:173] Creating test net (#0) specified by net_param
I0509 14:11:16.022933 21747 net.cpp:294] The NetState phase (1) differed from the phase (0) specified by a rule in layer mnist
I0509 14:11:16.023093 21747 net.cpp:51] Initializing net from parameters: 
name: "LeNet"
state {
  phase: TEST
}
layer {
  name: "mnist"
  type: "Data"
  top: "data"
  top: "label"
  include {
    phase: TEST
  }
  transform_param {
    scale: 0.00390625
  }
  data_param {
    source: "data/mnist_test_lmdb"
    batch_size: 100
    backend: LMDB
  }
}
layer {
  name: "ip1"
  type: "InnerProduct"
  bottom: "data"
  top: "ip1"
  inner_product_param {
    num_output: 1000
    weight_filler {
      type: "gaussian"
      mean: 0
      std: 0.01
    }
  }
  bias_param {
    filler {
      value: 0
    }
  }
  fixed_precision: true
  precision {
    enter: 2
    fraccio: 14
    rounding: "stochastic"
  }
}
layer {
  name: "relu1"
  type: "ReLU"
  bottom: "ip1"
  top: "ip1"
  fixed_precision: true
  precision {
    enter: 2
    fraccio: 14
    rounding: "stochastic"
  }
}
layer {
  name: "ip2"
  type: "InnerProduct"
  bottom: "ip1"
  top: "ip2"
  inner_product_param {
    num_output: 1000
    weight_filler {
      type: "gaussian"
      mean: 0
      std: 0.01
    }
  }
  bias_param {
    filler {
      value: 0
    }
  }
  fixed_precision: true
  precision {
    enter: 2
    fraccio: 14
    rounding: "stochastic"
  }
}
layer {
  name: "relu2"
  type: "ReLU"
  bottom: "ip2"
  top: "ip2"
  bias_param {
    filler {
      value: 0
    }
  }
  fixed_precision: true
  precision {
    enter: 2
    fraccio: 14
    rounding: "stochastic"
  }
}
layer {
  name: "ip3"
  type: "InnerProduct"
  bottom: "ip2"
  top: "ip3"
  inner_product_param {
    num_output: 10
    weight_filler {
      type: "gaussian"
      mean: 0
      std: 0.01
    }
  }
  bias_param {
    filler {
      value: 0
    }
  }
  fixed_precision: true
  precision {
    enter: 2
    fraccio: 14
    rounding: "stochastic"
  }
}
layer {
  name: "accuracy"
  type: "Accuracy"
  bottom: "ip3"
  bottom: "label"
  top: "accuracy"
}
layer {
  name: "loss"
  type: "SoftmaxWithLoss"
  bottom: "ip3"
  bottom: "label"
  top: "loss"
  fixed_precision: true
  precision {
    enter: 2
    fraccio: 14
    rounding: "stochastic"
  }
}
I0509 14:11:16.023197 21747 layer_factory.hpp:77] Creating layer mnist
I0509 14:11:16.029660 21747 db_lmdb.cpp:35] Opened lmdb data/mnist_test_lmdb
I0509 14:11:16.030057 21747 net.cpp:84] Creating Layer mnist
I0509 14:11:16.030089 21747 net.cpp:380] mnist -> data
I0509 14:11:16.030112 21747 net.cpp:380] mnist -> label
I0509 14:11:16.030143 21747 data_layer.cpp:45] output data size: 100,1,28,28
I0509 14:11:16.031234 21747 net.cpp:122] Setting up mnist
I0509 14:11:16.031261 21747 net.cpp:129] Top shape: 100 1 28 28 (78400)
I0509 14:11:16.031275 21747 net.cpp:129] Top shape: 100 (100)
I0509 14:11:16.031286 21747 net.cpp:137] Memory required for data: 628000
I0509 14:11:16.031298 21747 layer_factory.hpp:77] Creating layer label_mnist_1_split
I0509 14:11:16.031313 21747 net.cpp:84] Creating Layer label_mnist_1_split
I0509 14:11:16.031325 21747 net.cpp:406] label_mnist_1_split <- label
I0509 14:11:16.031339 21747 net.cpp:380] label_mnist_1_split -> label_mnist_1_split_0
I0509 14:11:16.031363 21747 net.cpp:380] label_mnist_1_split -> label_mnist_1_split_1
I0509 14:11:16.031380 21747 net.cpp:122] Setting up label_mnist_1_split
I0509 14:11:16.031395 21747 net.cpp:129] Top shape: 100 (100)
I0509 14:11:16.031407 21747 net.cpp:129] Top shape: 100 (100)
I0509 14:11:16.031417 21747 net.cpp:137] Memory required for data: 629600
I0509 14:11:16.031428 21747 layer_factory.hpp:77] Creating layer ip1
I0509 14:11:16.031445 21747 net.cpp:84] Creating Layer ip1
I0509 14:11:16.031461 21747 net.cpp:406] ip1 <- data
I0509 14:11:16.031476 21747 net.cpp:380] ip1 -> ip1
I0509 14:11:16.082772 21747 net.cpp:122] Setting up ip1
I0509 14:11:16.082846 21747 net.cpp:129] Top shape: 100 1000 (100000)
I0509 14:11:16.082859 21747 net.cpp:137] Memory required for data: 1429600
I0509 14:11:16.082883 21747 layer_factory.hpp:77] Creating layer relu1
I0509 14:11:16.082909 21747 net.cpp:84] Creating Layer relu1
I0509 14:11:16.082923 21747 net.cpp:406] relu1 <- ip1
I0509 14:11:16.082939 21747 net.cpp:367] relu1 -> ip1 (in-place)
I0509 14:11:16.082960 21747 net.cpp:122] Setting up relu1
I0509 14:11:16.082973 21747 net.cpp:129] Top shape: 100 1000 (100000)
I0509 14:11:16.082983 21747 net.cpp:137] Memory required for data: 2229600
I0509 14:11:16.082994 21747 layer_factory.hpp:77] Creating layer ip2
I0509 14:11:16.083014 21747 net.cpp:84] Creating Layer ip2
I0509 14:11:16.083026 21747 net.cpp:406] ip2 <- ip1
I0509 14:11:16.083098 21747 net.cpp:380] ip2 -> ip2
I0509 14:11:16.145437 21747 net.cpp:122] Setting up ip2
I0509 14:11:16.145509 21747 net.cpp:129] Top shape: 100 1000 (100000)
I0509 14:11:16.145519 21747 net.cpp:137] Memory required for data: 3029600
I0509 14:11:16.145545 21747 layer_factory.hpp:77] Creating layer relu2
I0509 14:11:16.145570 21747 net.cpp:84] Creating Layer relu2
I0509 14:11:16.145582 21747 net.cpp:406] relu2 <- ip2
I0509 14:11:16.145602 21747 net.cpp:367] relu2 -> ip2 (in-place)
I0509 14:11:16.145623 21747 net.cpp:122] Setting up relu2
I0509 14:11:16.145637 21747 net.cpp:129] Top shape: 100 1000 (100000)
I0509 14:11:16.145648 21747 net.cpp:137] Memory required for data: 3829600
I0509 14:11:16.145658 21747 layer_factory.hpp:77] Creating layer ip3
I0509 14:11:16.145675 21747 net.cpp:84] Creating Layer ip3
I0509 14:11:16.145687 21747 net.cpp:406] ip3 <- ip2
I0509 14:11:16.145702 21747 net.cpp:380] ip3 -> ip3
I0509 14:11:16.146373 21747 net.cpp:122] Setting up ip3
I0509 14:11:16.146405 21747 net.cpp:129] Top shape: 100 10 (1000)
I0509 14:11:16.146417 21747 net.cpp:137] Memory required for data: 3837600
I0509 14:11:16.146435 21747 layer_factory.hpp:77] Creating layer ip3_ip3_0_split
I0509 14:11:16.146451 21747 net.cpp:84] Creating Layer ip3_ip3_0_split
I0509 14:11:16.146463 21747 net.cpp:406] ip3_ip3_0_split <- ip3
I0509 14:11:16.146481 21747 net.cpp:380] ip3_ip3_0_split -> ip3_ip3_0_split_0
I0509 14:11:16.146497 21747 net.cpp:380] ip3_ip3_0_split -> ip3_ip3_0_split_1
I0509 14:11:16.146517 21747 net.cpp:122] Setting up ip3_ip3_0_split
I0509 14:11:16.146530 21747 net.cpp:129] Top shape: 100 10 (1000)
I0509 14:11:16.146543 21747 net.cpp:129] Top shape: 100 10 (1000)
I0509 14:11:16.146553 21747 net.cpp:137] Memory required for data: 3853600
I0509 14:11:16.146564 21747 layer_factory.hpp:77] Creating layer accuracy
I0509 14:11:16.146582 21747 net.cpp:84] Creating Layer accuracy
I0509 14:11:16.146595 21747 net.cpp:406] accuracy <- ip3_ip3_0_split_0
I0509 14:11:16.146606 21747 net.cpp:406] accuracy <- label_mnist_1_split_0
I0509 14:11:16.146620 21747 net.cpp:380] accuracy -> accuracy
I0509 14:11:16.146636 21747 net.cpp:122] Setting up accuracy
I0509 14:11:16.146649 21747 net.cpp:129] Top shape: (1)
I0509 14:11:16.146659 21747 net.cpp:137] Memory required for data: 3853608
I0509 14:11:16.146670 21747 layer_factory.hpp:77] Creating layer loss
I0509 14:11:16.146687 21747 net.cpp:84] Creating Layer loss
I0509 14:11:16.146699 21747 net.cpp:406] loss <- ip3_ip3_0_split_1
I0509 14:11:16.146711 21747 net.cpp:406] loss <- label_mnist_1_split_1
I0509 14:11:16.146725 21747 net.cpp:380] loss -> loss
I0509 14:11:16.146744 21747 layer_factory.hpp:77] Creating layer loss
I0509 14:11:16.146775 21747 net.cpp:122] Setting up loss
I0509 14:11:16.146790 21747 net.cpp:129] Top shape: (1)
I0509 14:11:16.146801 21747 net.cpp:132]     with loss weight 1
I0509 14:11:16.146823 21747 net.cpp:137] Memory required for data: 3853616
I0509 14:11:16.146833 21747 net.cpp:198] loss needs backward computation.
I0509 14:11:16.146845 21747 net.cpp:200] accuracy does not need backward computation.
I0509 14:11:16.146857 21747 net.cpp:198] ip3_ip3_0_split needs backward computation.
I0509 14:11:16.146867 21747 net.cpp:198] ip3 needs backward computation.
I0509 14:11:16.146878 21747 net.cpp:198] relu2 needs backward computation.
I0509 14:11:16.146888 21747 net.cpp:198] ip2 needs backward computation.
I0509 14:11:16.146899 21747 net.cpp:198] relu1 needs backward computation.
I0509 14:11:16.146909 21747 net.cpp:198] ip1 needs backward computation.
I0509 14:11:16.146920 21747 net.cpp:200] label_mnist_1_split does not need backward computation.
I0509 14:11:16.146932 21747 net.cpp:200] mnist does not need backward computation.
I0509 14:11:16.146942 21747 net.cpp:242] This network produces output accuracy
I0509 14:11:16.146953 21747 net.cpp:242] This network produces output loss
I0509 14:11:16.146975 21747 net.cpp:255] Network initialization done.
I0509 14:11:16.147028 21747 solver.cpp:56] Solver scaffolding done.
I0509 14:11:16.147110 21747 caffe_double.cpp:251] Starting Optimization
I0509 14:11:16.147178 21747 solver.cpp:273] Solving LeNet
I0509 14:11:16.147193 21747 solver.cpp:274] Learning Rate Policy: inv
I0509 14:11:16.156664 21747 solver.cpp:331] Iteration 0, Testing net (#0)
I0509 14:11:21.490562 21749 data_layer.cpp:73] Restarting data prefetching from start.
I0509 14:11:21.714602 21747 solver.cpp:398]     Test net output #0: accuracy = 0.0986
I0509 14:11:21.714694 21747 solver.cpp:398]     Test net output #1: loss = 2.30252 (* 1 = 2.30252 loss)
I0509 14:11:21.854930 21747 solver.cpp:219] Iteration 0 (0 iter/s, 5.707s/600 iters), loss = 2.30283
I0509 14:11:21.855000 21747 solver.cpp:238]     Train net output #0: accuracy = 0.12
I0509 14:11:21.855022 21747 solver.cpp:238]     Train net output #1: loss = 2.30283 (* 1 = 2.30283 loss)
I0509 14:11:21.855118 21747 sgd_solver.cpp:107] Iteration 0, lr = 0.1
I0509 14:13:28.360622 21748 data_layer.cpp:73] Restarting data prefetching from start.
I0509 14:13:29.201850 21747 solver.cpp:331] Iteration 600, Testing net (#0)
I0509 14:13:34.531612 21749 data_layer.cpp:73] Restarting data prefetching from start.
I0509 14:13:34.753361 21747 solver.cpp:398]     Test net output #0: accuracy = 0.9551
I0509 14:13:34.753442 21747 solver.cpp:398]     Test net output #1: loss = 0.149501 (* 1 = 0.149501 loss)
I0509 14:13:34.891559 21747 solver.cpp:219] Iteration 600 (4.51006 iter/s, 133.036s/600 iters), loss = 0.112679
I0509 14:13:34.891640 21747 solver.cpp:238]     Train net output #0: accuracy = 0.97
I0509 14:13:34.891662 21747 solver.cpp:238]     Train net output #1: loss = 0.112679 (* 1 = 0.112679 loss)
I0509 14:13:34.891680 21747 sgd_solver.cpp:107] Iteration 600, lr = 0.0957239
I0509 14:15:40.461694 21748 data_layer.cpp:73] Restarting data prefetching from start.
I0509 14:15:41.303231 21747 solver.cpp:331] Iteration 1200, Testing net (#0)
I0509 14:15:46.622697 21749 data_layer.cpp:73] Restarting data prefetching from start.
I0509 14:15:46.847188 21747 solver.cpp:398]     Test net output #0: accuracy = 0.9556
I0509 14:15:46.847271 21747 solver.cpp:398]     Test net output #1: loss = 0.15988 (* 1 = 0.15988 loss)
I0509 14:15:46.986733 21747 solver.cpp:219] Iteration 1200 (4.54219 iter/s, 132.095s/600 iters), loss = 0.0904441
I0509 14:15:46.986816 21747 solver.cpp:238]     Train net output #0: accuracy = 0.98
I0509 14:15:46.986838 21747 solver.cpp:238]     Train net output #1: loss = 0.0904441 (* 1 = 0.0904441 loss)
I0509 14:15:46.986858 21747 sgd_solver.cpp:107] Iteration 1200, lr = 0.0918516
I0509 14:17:51.807802 21748 data_layer.cpp:73] Restarting data prefetching from start.
I0509 14:17:52.633749 21747 solver.cpp:331] Iteration 1800, Testing net (#0)
I0509 14:17:57.894248 21749 data_layer.cpp:73] Restarting data prefetching from start.
I0509 14:17:58.113320 21747 solver.cpp:398]     Test net output #0: accuracy = 0.9522
I0509 14:17:58.113402 21747 solver.cpp:398]     Test net output #1: loss = 0.188668 (* 1 = 0.188668 loss)
I0509 14:17:58.249486 21747 solver.cpp:219] Iteration 1800 (4.57101 iter/s, 131.262s/600 iters), loss = 0.0930216
I0509 14:17:58.249569 21747 solver.cpp:238]     Train net output #0: accuracy = 0.97
I0509 14:17:58.249593 21747 solver.cpp:238]     Train net output #1: loss = 0.0930216 (* 1 = 0.0930216 loss)
I0509 14:17:58.249610 21747 sgd_solver.cpp:107] Iteration 1800, lr = 0.088326
I0509 14:20:01.560008 21748 data_layer.cpp:73] Restarting data prefetching from start.
I0509 14:20:02.384817 21747 solver.cpp:331] Iteration 2400, Testing net (#0)
I0509 14:20:07.644256 21749 data_layer.cpp:73] Restarting data prefetching from start.
I0509 14:20:07.862771 21747 solver.cpp:398]     Test net output #0: accuracy = 0.9682
I0509 14:20:07.862855 21747 solver.cpp:398]     Test net output #1: loss = 0.121723 (* 1 = 0.121723 loss)
I0509 14:20:07.999160 21747 solver.cpp:219] Iteration 2400 (4.62431 iter/s, 129.749s/600 iters), loss = 0.0653266
I0509 14:20:07.999260 21747 solver.cpp:238]     Train net output #0: accuracy = 0.99
I0509 14:20:07.999286 21747 solver.cpp:238]     Train net output #1: loss = 0.0653266 (* 1 = 0.0653266 loss)
I0509 14:20:07.999303 21747 sgd_solver.cpp:107] Iteration 2400, lr = 0.0851008
I0509 14:22:11.051940 21748 data_layer.cpp:73] Restarting data prefetching from start.
I0509 14:22:11.870810 21747 solver.cpp:331] Iteration 3000, Testing net (#0)
I0509 14:22:17.116365 21749 data_layer.cpp:73] Restarting data prefetching from start.
I0509 14:22:17.334400 21747 solver.cpp:398]     Test net output #0: accuracy = 0.9729
I0509 14:22:17.334483 21747 solver.cpp:398]     Test net output #1: loss = 0.10153 (* 1 = 0.10153 loss)
I0509 14:22:17.469945 21747 solver.cpp:219] Iteration 3000 (4.63428 iter/s, 129.47s/600 iters), loss = 0.0448112
I0509 14:22:17.470028 21747 solver.cpp:238]     Train net output #0: accuracy = 0.99
I0509 14:22:17.470057 21747 solver.cpp:238]     Train net output #1: loss = 0.0448112 (* 1 = 0.0448112 loss)
I0509 14:22:17.470077 21747 sgd_solver.cpp:107] Iteration 3000, lr = 0.0821377
I0509 14:24:20.254482 21748 data_layer.cpp:73] Restarting data prefetching from start.
I0509 14:24:21.075987 21747 solver.cpp:331] Iteration 3600, Testing net (#0)
I0509 14:24:26.337507 21749 data_layer.cpp:73] Restarting data prefetching from start.
I0509 14:24:26.556107 21747 solver.cpp:398]     Test net output #0: accuracy = 0.9802
I0509 14:24:26.556190 21747 solver.cpp:398]     Test net output #1: loss = 0.0765575 (* 1 = 0.0765575 loss)
I0509 14:24:26.691659 21747 solver.cpp:219] Iteration 3600 (4.64321 iter/s, 129.221s/600 iters), loss = 0.019487
I0509 14:24:26.691741 21747 solver.cpp:238]     Train net output #0: accuracy = 0.99
I0509 14:24:26.691763 21747 solver.cpp:238]     Train net output #1: loss = 0.019487 (* 1 = 0.019487 loss)
I0509 14:24:26.691781 21747 sgd_solver.cpp:107] Iteration 3600, lr = 0.0794046
I0509 14:26:29.065564 21748 data_layer.cpp:73] Restarting data prefetching from start.
I0509 14:26:29.880283 21747 solver.cpp:331] Iteration 4200, Testing net (#0)
I0509 14:26:35.143632 21749 data_layer.cpp:73] Restarting data prefetching from start.
I0509 14:26:35.362432 21747 solver.cpp:398]     Test net output #0: accuracy = 0.9811
I0509 14:26:35.362514 21747 solver.cpp:398]     Test net output #1: loss = 0.0814484 (* 1 = 0.0814484 loss)
I0509 14:26:35.498515 21747 solver.cpp:219] Iteration 4200 (4.65817 iter/s, 128.806s/600 iters), loss = 0.0048075
I0509 14:26:35.498598 21747 solver.cpp:238]     Train net output #0: accuracy = 1
I0509 14:26:35.498620 21747 solver.cpp:238]     Train net output #1: loss = 0.0048075 (* 1 = 0.0048075 loss)
I0509 14:26:35.498637 21747 sgd_solver.cpp:107] Iteration 4200, lr = 0.0768748
I0509 14:28:37.687341 21748 data_layer.cpp:73] Restarting data prefetching from start.
I0509 14:28:38.501700 21747 solver.cpp:331] Iteration 4800, Testing net (#0)
I0509 14:28:43.767037 21749 data_layer.cpp:73] Restarting data prefetching from start.
I0509 14:28:43.985774 21747 solver.cpp:398]     Test net output #0: accuracy = 0.9825
I0509 14:28:43.985857 21747 solver.cpp:398]     Test net output #1: loss = 0.0759553 (* 1 = 0.0759553 loss)
I0509 14:28:44.121803 21747 solver.cpp:219] Iteration 4800 (4.6648 iter/s, 128.623s/600 iters), loss = 0.003571
I0509 14:28:44.121891 21747 solver.cpp:238]     Train net output #0: accuracy = 1
I0509 14:28:44.121912 21747 solver.cpp:238]     Train net output #1: loss = 0.003571 (* 1 = 0.003571 loss)
I0509 14:28:44.121930 21747 sgd_solver.cpp:107] Iteration 4800, lr = 0.0745253
I0509 14:30:46.130031 21748 data_layer.cpp:73] Restarting data prefetching from start.
I0509 14:30:46.944082 21747 solver.cpp:331] Iteration 5400, Testing net (#0)
I0509 14:30:52.208953 21749 data_layer.cpp:73] Restarting data prefetching from start.
I0509 14:30:52.427690 21747 solver.cpp:398]     Test net output #0: accuracy = 0.9815
I0509 14:30:52.427773 21747 solver.cpp:398]     Test net output #1: loss = 0.0887522 (* 1 = 0.0887522 loss)
I0509 14:30:52.563485 21747 solver.cpp:219] Iteration 5400 (4.67141 iter/s, 128.441s/600 iters), loss = 0.00368445
I0509 14:30:52.563567 21747 solver.cpp:238]     Train net output #0: accuracy = 1
I0509 14:30:52.563590 21747 solver.cpp:238]     Train net output #1: loss = 0.00368445 (* 1 = 0.00368445 loss)
I0509 14:30:52.563608 21747 sgd_solver.cpp:107] Iteration 5400, lr = 0.0723368
I0509 14:32:54.259855 21748 data_layer.cpp:73] Restarting data prefetching from start.
I0509 14:32:55.069443 21747 solver.cpp:331] Iteration 6000, Testing net (#0)
I0509 14:33:00.337710 21749 data_layer.cpp:73] Restarting data prefetching from start.
I0509 14:33:00.556783 21747 solver.cpp:398]     Test net output #0: accuracy = 0.983
I0509 14:33:00.556866 21747 solver.cpp:398]     Test net output #1: loss = 0.0800987 (* 1 = 0.0800987 loss)
I0509 14:33:00.692482 21747 solver.cpp:219] Iteration 6000 (4.68282 iter/s, 128.128s/600 iters), loss = 0.000632005
I0509 14:33:00.692566 21747 solver.cpp:238]     Train net output #0: accuracy = 1
I0509 14:33:00.692589 21747 solver.cpp:238]     Train net output #1: loss = 0.000632005 (* 1 = 0.000632005 loss)
I0509 14:33:00.692606 21747 sgd_solver.cpp:107] Iteration 6000, lr = 0.0702927
I0509 14:35:02.158927 21748 data_layer.cpp:73] Restarting data prefetching from start.
I0509 14:35:02.976734 21747 solver.cpp:331] Iteration 6600, Testing net (#0)
I0509 14:35:08.246794 21749 data_layer.cpp:73] Restarting data prefetching from start.
I0509 14:35:08.465795 21747 solver.cpp:398]     Test net output #0: accuracy = 0.9824
I0509 14:35:08.465879 21747 solver.cpp:398]     Test net output #1: loss = 0.0913011 (* 1 = 0.0913011 loss)
I0509 14:35:08.601972 21747 solver.cpp:219] Iteration 6600 (4.69083 iter/s, 127.909s/600 iters), loss = 0.0146247
I0509 14:35:08.602077 21747 solver.cpp:238]     Train net output #0: accuracy = 0.99
I0509 14:35:08.602105 21747 solver.cpp:238]     Train net output #1: loss = 0.0146247 (* 1 = 0.0146247 loss)
I0509 14:35:08.602123 21747 sgd_solver.cpp:107] Iteration 6600, lr = 0.0683784
I0509 14:37:20.801399 21748 data_layer.cpp:73] Restarting data prefetching from start.
I0509 14:37:21.708207 21747 solver.cpp:331] Iteration 7200, Testing net (#0)
I0509 14:37:26.966583 21749 data_layer.cpp:73] Restarting data prefetching from start.
I0509 14:37:27.185691 21747 solver.cpp:398]     Test net output #0: accuracy = 0.9821
I0509 14:37:27.185777 21747 solver.cpp:398]     Test net output #1: loss = 0.0905209 (* 1 = 0.0905209 loss)
I0509 14:37:27.321825 21747 solver.cpp:219] Iteration 7200 (4.32529 iter/s, 138.719s/600 iters), loss = 0.00101863
I0509 14:37:27.321908 21747 solver.cpp:238]     Train net output #0: accuracy = 1
I0509 14:37:27.321930 21747 solver.cpp:238]     Train net output #1: loss = 0.00101863 (* 1 = 0.00101863 loss)
I0509 14:37:27.321949 21747 sgd_solver.cpp:107] Iteration 7200, lr = 0.0665815
I0509 14:39:44.747931 21748 data_layer.cpp:73] Restarting data prefetching from start.
I0509 14:39:45.671156 21747 solver.cpp:331] Iteration 7800, Testing net (#0)
I0509 14:39:50.927192 21749 data_layer.cpp:73] Restarting data prefetching from start.
I0509 14:39:51.145668 21747 solver.cpp:398]     Test net output #0: accuracy = 0.9833
I0509 14:39:51.145752 21747 solver.cpp:398]     Test net output #1: loss = 0.0920005 (* 1 = 0.0920005 loss)
I0509 14:39:51.281282 21747 solver.cpp:219] Iteration 7800 (4.16785 iter/s, 143.959s/600 iters), loss = 0.000715354
I0509 14:39:51.281364 21747 solver.cpp:238]     Train net output #0: accuracy = 1
I0509 14:39:51.281385 21747 solver.cpp:238]     Train net output #1: loss = 0.000715354 (* 1 = 0.000715354 loss)
I0509 14:39:51.281404 21747 sgd_solver.cpp:107] Iteration 7800, lr = 0.0648911
I0509 14:42:10.228147 21748 data_layer.cpp:73] Restarting data prefetching from start.
I0509 14:42:11.161598 21747 solver.cpp:331] Iteration 8400, Testing net (#0)
I0509 14:42:16.435739 21749 data_layer.cpp:73] Restarting data prefetching from start.
I0509 14:42:16.654667 21747 solver.cpp:398]     Test net output #0: accuracy = 0.9828
I0509 14:42:16.654753 21747 solver.cpp:398]     Test net output #1: loss = 0.105928 (* 1 = 0.105928 loss)
I0509 14:42:16.790458 21747 solver.cpp:219] Iteration 8400 (4.12346 iter/s, 145.509s/600 iters), loss = 0.0200404
I0509 14:42:16.790542 21747 solver.cpp:238]     Train net output #0: accuracy = 0.98
I0509 14:42:16.790565 21747 solver.cpp:238]     Train net output #1: loss = 0.0200404 (* 1 = 0.0200404 loss)
I0509 14:42:16.790580 21747 sgd_solver.cpp:107] Iteration 8400, lr = 0.0632975
I0509 14:44:36.443006 21748 data_layer.cpp:73] Restarting data prefetching from start.
I0509 14:44:37.377192 21747 solver.cpp:331] Iteration 9000, Testing net (#0)
I0509 14:44:42.652711 21749 data_layer.cpp:73] Restarting data prefetching from start.
I0509 14:44:42.872184 21747 solver.cpp:398]     Test net output #0: accuracy = 0.9826
I0509 14:44:42.872258 21747 solver.cpp:398]     Test net output #1: loss = 0.103763 (* 1 = 0.103763 loss)
I0509 14:44:43.008383 21747 solver.cpp:219] Iteration 9000 (4.10349 iter/s, 146.217s/600 iters), loss = 0.000473674
I0509 14:44:43.008464 21747 solver.cpp:238]     Train net output #0: accuracy = 1
I0509 14:44:43.008486 21747 solver.cpp:238]     Train net output #1: loss = 0.000473674 (* 1 = 0.000473674 loss)
I0509 14:44:43.008504 21747 sgd_solver.cpp:107] Iteration 9000, lr = 0.0617924
I0509 14:47:08.205613 21748 data_layer.cpp:73] Restarting data prefetching from start.
I0509 14:47:09.188460 21747 solver.cpp:331] Iteration 9600, Testing net (#0)
I0509 14:47:14.661041 21749 data_layer.cpp:73] Restarting data prefetching from start.
I0509 14:47:14.887893 21747 solver.cpp:398]     Test net output #0: accuracy = 0.9824
I0509 14:47:14.887979 21747 solver.cpp:398]     Test net output #1: loss = 0.108173 (* 1 = 0.108173 loss)
I0509 14:47:15.025894 21747 solver.cpp:219] Iteration 9600 (3.94693 iter/s, 152.017s/600 iters), loss = 0.00347059
I0509 14:47:15.025979 21747 solver.cpp:238]     Train net output #0: accuracy = 1
I0509 14:47:15.026001 21747 solver.cpp:238]     Train net output #1: loss = 0.00347059 (* 1 = 0.00347059 loss)
I0509 14:47:15.026017 21747 sgd_solver.cpp:107] Iteration 9600, lr = 0.0603682
I0509 14:49:42.184953 21748 data_layer.cpp:73] Restarting data prefetching from start.
I0509 14:49:43.187554 21747 solver.cpp:331] Iteration 10200, Testing net (#0)
I0509 14:49:48.648545 21749 data_layer.cpp:73] Restarting data prefetching from start.
I0509 14:49:48.875890 21747 solver.cpp:398]     Test net output #0: accuracy = 0.9817
I0509 14:49:48.875982 21747 solver.cpp:398]     Test net output #1: loss = 0.120244 (* 1 = 0.120244 loss)
I0509 14:49:49.017380 21747 solver.cpp:219] Iteration 10200 (3.89633 iter/s, 153.991s/600 iters), loss = 0.00355589
I0509 14:49:49.017465 21747 solver.cpp:238]     Train net output #0: accuracy = 1
I0509 14:49:49.017488 21747 solver.cpp:238]     Train net output #1: loss = 0.00355589 (* 1 = 0.00355589 loss)
I0509 14:49:49.017505 21747 sgd_solver.cpp:107] Iteration 10200, lr = 0.0590183
I0509 14:52:17.292599 21748 data_layer.cpp:73] Restarting data prefetching from start.
I0509 14:52:18.297531 21747 solver.cpp:331] Iteration 10800, Testing net (#0)
I0509 14:52:23.752260 21749 data_layer.cpp:73] Restarting data prefetching from start.
I0509 14:52:23.977941 21747 solver.cpp:398]     Test net output #0: accuracy = 0.9831
I0509 14:52:23.978031 21747 solver.cpp:398]     Test net output #1: loss = 0.0996524 (* 1 = 0.0996524 loss)
I0509 14:52:24.119004 21747 solver.cpp:219] Iteration 10800 (3.86845 iter/s, 155.101s/600 iters), loss = 0.000825188
I0509 14:52:24.119099 21747 solver.cpp:238]     Train net output #0: accuracy = 1
I0509 14:52:24.119123 21747 solver.cpp:238]     Train net output #1: loss = 0.000825188 (* 1 = 0.000825188 loss)
I0509 14:52:24.119141 21747 sgd_solver.cpp:107] Iteration 10800, lr = 0.0577368
I0509 14:54:52.088042 21748 data_layer.cpp:73] Restarting data prefetching from start.
I0509 14:54:53.089001 21747 solver.cpp:331] Iteration 11400, Testing net (#0)
I0509 14:54:58.550648 21749 data_layer.cpp:73] Restarting data prefetching from start.
I0509 14:54:58.774636 21747 solver.cpp:398]     Test net output #0: accuracy = 0.9852
I0509 14:54:58.774724 21747 solver.cpp:398]     Test net output #1: loss = 0.0869278 (* 1 = 0.0869278 loss)
I0509 14:54:58.912678 21747 solver.cpp:219] Iteration 11400 (3.87614 iter/s, 154.793s/600 iters), loss = 0.000628635
I0509 14:54:58.912766 21747 solver.cpp:238]     Train net output #0: accuracy = 1
I0509 14:54:58.912789 21747 solver.cpp:238]     Train net output #1: loss = 0.000628635 (* 1 = 0.000628635 loss)
I0509 14:54:58.912807 21747 sgd_solver.cpp:107] Iteration 11400, lr = 0.0565184
I0509 14:57:27.554574 21748 data_layer.cpp:73] Restarting data prefetching from start.
I0509 14:57:28.555805 21747 solver.cpp:331] Iteration 12000, Testing net (#0)
I0509 14:57:34.109503 21749 data_layer.cpp:73] Restarting data prefetching from start.
I0509 14:57:34.334234 21747 solver.cpp:398]     Test net output #0: accuracy = 0.986
I0509 14:57:34.334324 21747 solver.cpp:398]     Test net output #1: loss = 0.0919499 (* 1 = 0.0919499 loss)
I0509 14:57:34.472821 21747 solver.cpp:219] Iteration 12000 (3.85703 iter/s, 155.56s/600 iters), loss = 0.000702413
I0509 14:57:34.472905 21747 solver.cpp:238]     Train net output #0: accuracy = 1
I0509 14:57:34.472928 21747 solver.cpp:238]     Train net output #1: loss = 0.000702413 (* 1 = 0.000702413 loss)
I0509 14:57:34.472945 21747 sgd_solver.cpp:107] Iteration 12000, lr = 0.0553583
I0509 15:00:02.895478 21748 data_layer.cpp:73] Restarting data prefetching from start.
I0509 15:00:03.884035 21747 solver.cpp:331] Iteration 12600, Testing net (#0)
I0509 15:00:09.350584 21749 data_layer.cpp:73] Restarting data prefetching from start.
I0509 15:00:09.577610 21747 solver.cpp:398]     Test net output #0: accuracy = 0.9862
I0509 15:00:09.577702 21747 solver.cpp:398]     Test net output #1: loss = 0.0962908 (* 1 = 0.0962908 loss)
I0509 15:00:09.717203 21747 solver.cpp:219] Iteration 12600 (3.86488 iter/s, 155.244s/600 iters), loss = 0.00339439
I0509 15:00:09.717288 21747 solver.cpp:238]     Train net output #0: accuracy = 1
I0509 15:00:09.717310 21747 solver.cpp:238]     Train net output #1: loss = 0.00339439 (* 1 = 0.00339439 loss)
I0509 15:00:09.717327 21747 sgd_solver.cpp:107] Iteration 12600, lr = 0.0542524
I0509 15:02:38.389308 21748 data_layer.cpp:73] Restarting data prefetching from start.
I0509 15:02:39.391422 21747 solver.cpp:331] Iteration 13200, Testing net (#0)
I0509 15:02:44.858935 21749 data_layer.cpp:73] Restarting data prefetching from start.
I0509 15:02:45.084740 21747 solver.cpp:398]     Test net output #0: accuracy = 0.9853
I0509 15:02:45.084825 21747 solver.cpp:398]     Test net output #1: loss = 0.105476 (* 1 = 0.105476 loss)
I0509 15:02:45.225124 21747 solver.cpp:219] Iteration 13200 (3.85835 iter/s, 155.507s/600 iters), loss = 0.00054556
I0509 15:02:45.225234 21747 solver.cpp:238]     Train net output #0: accuracy = 1
I0509 15:02:45.225261 21747 solver.cpp:238]     Train net output #1: loss = 0.00054556 (* 1 = 0.00054556 loss)
I0509 15:02:45.225281 21747 sgd_solver.cpp:107] Iteration 13200, lr = 0.0531966
I0509 15:05:14.195173 21748 data_layer.cpp:73] Restarting data prefetching from start.
I0509 15:05:15.196251 21747 solver.cpp:331] Iteration 13800, Testing net (#0)
I0509 15:05:20.663300 21749 data_layer.cpp:73] Restarting data prefetching from start.
I0509 15:05:20.889191 21747 solver.cpp:398]     Test net output #0: accuracy = 0.9843
I0509 15:05:20.889283 21747 solver.cpp:398]     Test net output #1: loss = 0.112694 (* 1 = 0.112694 loss)
I0509 15:05:21.028409 21747 solver.cpp:219] Iteration 13800 (3.85102 iter/s, 155.803s/600 iters), loss = 0.000568183
I0509 15:05:21.028492 21747 solver.cpp:238]     Train net output #0: accuracy = 1
I0509 15:05:21.028515 21747 solver.cpp:238]     Train net output #1: loss = 0.000568183 (* 1 = 0.000568183 loss)
I0509 15:05:21.028532 21747 sgd_solver.cpp:107] Iteration 13800, lr = 0.0521876
I0509 15:07:48.299335 21748 data_layer.cpp:73] Restarting data prefetching from start.
I0509 15:07:49.273568 21747 solver.cpp:331] Iteration 14400, Testing net (#0)
I0509 15:07:54.635459 21749 data_layer.cpp:73] Restarting data prefetching from start.
I0509 15:07:54.859231 21747 solver.cpp:398]     Test net output #0: accuracy = 0.9843
I0509 15:07:54.859318 21747 solver.cpp:398]     Test net output #1: loss = 0.117849 (* 1 = 0.117849 loss)
I0509 15:07:54.997092 21747 solver.cpp:219] Iteration 14400 (3.89691 iter/s, 153.968s/600 iters), loss = 0.000653045
I0509 15:07:54.997174 21747 solver.cpp:238]     Train net output #0: accuracy = 1
I0509 15:07:54.997196 21747 solver.cpp:238]     Train net output #1: loss = 0.000653045 (* 1 = 0.000653045 loss)
I0509 15:07:54.997213 21747 sgd_solver.cpp:107] Iteration 14400, lr = 0.0512221
I0509 15:10:20.266705 21748 data_layer.cpp:73] Restarting data prefetching from start.
I0509 15:10:21.242962 21747 solver.cpp:331] Iteration 15000, Testing net (#0)
I0509 15:10:26.609045 21749 data_layer.cpp:73] Restarting data prefetching from start.
I0509 15:10:26.831223 21747 solver.cpp:398]     Test net output #0: accuracy = 0.9839
I0509 15:10:26.831315 21747 solver.cpp:398]     Test net output #1: loss = 0.122059 (* 1 = 0.122059 loss)
I0509 15:10:26.969151 21747 solver.cpp:219] Iteration 15000 (3.94812 iter/s, 151.971s/600 iters), loss = 0.000618959
I0509 15:10:26.969240 21747 solver.cpp:238]     Train net output #0: accuracy = 1
I0509 15:10:26.969262 21747 solver.cpp:238]     Train net output #1: loss = 0.000618959 (* 1 = 0.000618959 loss)
I0509 15:10:26.969280 21747 sgd_solver.cpp:107] Iteration 15000, lr = 0.0502973
I0509 15:12:52.553843 21748 data_layer.cpp:73] Restarting data prefetching from start.
I0509 15:12:53.535748 21747 solver.cpp:331] Iteration 15600, Testing net (#0)
I0509 15:12:58.890240 21749 data_layer.cpp:73] Restarting data prefetching from start.
I0509 15:12:59.111932 21747 solver.cpp:398]     Test net output #0: accuracy = 0.9836
I0509 15:12:59.112020 21747 solver.cpp:398]     Test net output #1: loss = 0.12559 (* 1 = 0.12559 loss)
I0509 15:12:59.250555 21747 solver.cpp:219] Iteration 15600 (3.94008 iter/s, 152.281s/600 iters), loss = 0.000396353
I0509 15:12:59.250636 21747 solver.cpp:238]     Train net output #0: accuracy = 1
I0509 15:12:59.250659 21747 solver.cpp:238]     Train net output #1: loss = 0.000396353 (* 1 = 0.000396353 loss)
I0509 15:12:59.250679 21747 sgd_solver.cpp:107] Iteration 15600, lr = 0.0494106
I0509 15:15:24.830961 21748 data_layer.cpp:73] Restarting data prefetching from start.
I0509 15:15:25.808694 21747 solver.cpp:331] Iteration 16200, Testing net (#0)
I0509 15:15:31.163712 21749 data_layer.cpp:73] Restarting data prefetching from start.
I0509 15:15:31.386193 21747 solver.cpp:398]     Test net output #0: accuracy = 0.9836
I0509 15:15:31.386281 21747 solver.cpp:398]     Test net output #1: loss = 0.126184 (* 1 = 0.126184 loss)
I0509 15:15:31.523893 21747 solver.cpp:219] Iteration 16200 (3.94029 iter/s, 152.273s/600 iters), loss = 0.000466504
I0509 15:15:31.523978 21747 solver.cpp:238]     Train net output #0: accuracy = 1
I0509 15:15:31.524001 21747 solver.cpp:238]     Train net output #1: loss = 0.000466504 (* 1 = 0.000466504 loss)
I0509 15:15:31.524019 21747 sgd_solver.cpp:107] Iteration 16200, lr = 0.0485595
I0509 15:17:58.229912 21748 data_layer.cpp:73] Restarting data prefetching from start.
I0509 15:17:59.218874 21747 solver.cpp:331] Iteration 16800, Testing net (#0)
I0509 15:18:04.606001 21749 data_layer.cpp:73] Restarting data prefetching from start.
I0509 15:18:04.829243 21747 solver.cpp:398]     Test net output #0: accuracy = 0.9834
I0509 15:18:04.829329 21747 solver.cpp:398]     Test net output #1: loss = 0.125789 (* 1 = 0.125789 loss)
I0509 15:18:04.968006 21747 solver.cpp:219] Iteration 16800 (3.91022 iter/s, 153.444s/600 iters), loss = 0.000442379
I0509 15:18:04.968096 21747 solver.cpp:238]     Train net output #0: accuracy = 1
I0509 15:18:04.968119 21747 solver.cpp:238]     Train net output #1: loss = 0.000442379 (* 1 = 0.000442379 loss)
I0509 15:18:04.968137 21747 sgd_solver.cpp:107] Iteration 16800, lr = 0.0477418
I0509 15:20:32.922287 21748 data_layer.cpp:73] Restarting data prefetching from start.
I0509 15:20:33.923296 21747 solver.cpp:331] Iteration 17400, Testing net (#0)
I0509 15:20:39.305774 21749 data_layer.cpp:73] Restarting data prefetching from start.
I0509 15:20:39.530714 21747 solver.cpp:398]     Test net output #0: accuracy = 0.9836
I0509 15:20:39.530800 21747 solver.cpp:398]     Test net output #1: loss = 0.12721 (* 1 = 0.12721 loss)
I0509 15:20:39.668874 21747 solver.cpp:219] Iteration 17400 (3.87847 iter/s, 154.7s/600 iters), loss = 0.000504972
I0509 15:20:39.668964 21747 solver.cpp:238]     Train net output #0: accuracy = 1
I0509 15:20:39.668987 21747 solver.cpp:238]     Train net output #1: loss = 0.000504972 (* 1 = 0.000504972 loss)
I0509 15:20:39.669003 21747 sgd_solver.cpp:107] Iteration 17400, lr = 0.0469556
I0509 15:23:08.242403 21748 data_layer.cpp:73] Restarting data prefetching from start.
I0509 15:23:09.233844 21747 solver.cpp:448] Snapshotting to binary proto file _iter_18000.caffemodel
I0509 15:23:09.326946 21747 sgd_solver.cpp:284] Snapshotting solver state to binary proto file _iter_18000.solverstate
I0509 15:23:09.607170 21747 solver.cpp:311] Iteration 18000, loss = 0.000603181
I0509 15:23:09.607254 21747 solver.cpp:331] Iteration 18000, Testing net (#0)
I0509 15:23:14.981961 21749 data_layer.cpp:73] Restarting data prefetching from start.
I0509 15:23:15.204838 21747 solver.cpp:398]     Test net output #0: accuracy = 0.9837
I0509 15:23:15.204927 21747 solver.cpp:398]     Test net output #1: loss = 0.12889 (* 1 = 0.12889 loss)
I0509 15:23:15.204942 21747 solver.cpp:316] Optimization Done.
I0509 15:23:15.204953 21747 caffe_double.cpp:262] Optimization Done.
