I0407 19:06:17.562388 19304 caffe_double.cpp:211] Use CPU.
I0407 19:06:17.562970 19304 solver.cpp:44] Initializing solver from parameters: 
test_iter: 100
test_interval: 600
base_lr: 0.1
display: 600
max_iter: 18000
lr_policy: "inv"
gamma: 0.0001
power: 0.75
momentum: 0.9
solver_mode: CPU
net_param {
  name: "LeNet"
  layer {
    name: "mnist"
    type: "Data"
    top: "data"
    top: "label"
    include {
      phase: TRAIN
    }
    transform_param {
      scale: 0.00390625
    }
    data_param {
      source: "data/mnist_train_lmdb"
      batch_size: 100
      backend: LMDB
    }
  }
  layer {
    name: "mnist"
    type: "Data"
    top: "data"
    top: "label"
    include {
      phase: TEST
    }
    transform_param {
      scale: 0.00390625
    }
    data_param {
      source: "data/mnist_test_lmdb"
      batch_size: 100
      backend: LMDB
    }
  }
  layer {
    name: "ip1"
    type: "InnerProduct"
    bottom: "data"
    top: "ip1"
    inner_product_param {
      num_output: 1000
      weight_filler {
        type: "gaussian"
        mean: 0
        std: 0.01
      }
    }
    bias_param {
      filler {
        value: 0
      }
    }
    fixed_precision: true
    precision {
      enter: 2
      fraccio: 14
      rounding: "withProb"
      prob: 0.5
    }
  }
  layer {
    name: "relu1"
    type: "ReLU"
    bottom: "ip1"
    top: "ip1"
    fixed_precision: true
    precision {
      enter: 2
      fraccio: 14
      rounding: "withProb"
      prob: 0.5
    }
  }
  layer {
    name: "ip2"
    type: "InnerProduct"
    bottom: "ip1"
    top: "ip2"
    inner_product_param {
      num_output: 1000
      weight_filler {
        type: "gaussian"
        mean: 0
        std: 0.01
      }
    }
    bias_param {
      filler {
        value: 0
      }
    }
    fixed_precision: true
    precision {
      enter: 2
      fraccio: 14
      rounding: "withProb"
      prob: 0.5
    }
  }
  layer {
    name: "relu2"
    type: "ReLU"
    bottom: "ip2"
    top: "ip2"
    bias_param {
      filler {
        value: 0
      }
    }
    fixed_precision: true
    precision {
      enter: 2
      fraccio: 14
      rounding: "withProb"
      prob: 0.5
    }
  }
  layer {
    name: "ip3"
    type: "InnerProduct"
    bottom: "ip2"
    top: "ip3"
    inner_product_param {
      num_output: 10
      weight_filler {
        type: "gaussian"
        mean: 0
        std: 0.01
      }
    }
    bias_param {
      filler {
        value: 0
      }
    }
    fixed_precision: true
    precision {
      enter: 2
      fraccio: 14
      rounding: "withProb"
      prob: 0.5
    }
  }
  layer {
    name: "accuracy"
    type: "Accuracy"
    bottom: "ip3"
    bottom: "label"
    top: "accuracy"
  }
  layer {
    name: "loss"
    type: "SoftmaxWithLoss"
    bottom: "ip3"
    bottom: "label"
    top: "loss"
    fixed_precision: true
    precision {
      enter: 2
      fraccio: 14
      rounding: "withProb"
      prob: 0.5
    }
  }
}
train_state {
  level: 0
  stage: ""
}
fixed_precision: true
precision {
  enter: 2
  fraccio: 14
  rounding: "withProb"
  prob: 0.5
}
I0407 19:06:17.563040 19304 solver.cpp:82] Creating training net specified in net_param.
I0407 19:06:17.563104 19304 net.cpp:294] The NetState phase (0) differed from the phase (1) specified by a rule in layer mnist
I0407 19:06:17.563292 19304 net.cpp:51] Initializing net from parameters: 
name: "LeNet"
state {
  phase: TRAIN
  level: 0
  stage: ""
}
layer {
  name: "mnist"
  type: "Data"
  top: "data"
  top: "label"
  include {
    phase: TRAIN
  }
  transform_param {
    scale: 0.00390625
  }
  data_param {
    source: "data/mnist_train_lmdb"
    batch_size: 100
    backend: LMDB
  }
}
layer {
  name: "ip1"
  type: "InnerProduct"
  bottom: "data"
  top: "ip1"
  inner_product_param {
    num_output: 1000
    weight_filler {
      type: "gaussian"
      mean: 0
      std: 0.01
    }
  }
  bias_param {
    filler {
      value: 0
    }
  }
  fixed_precision: true
  precision {
    enter: 2
    fraccio: 14
    rounding: "withProb"
    prob: 0.5
  }
}
layer {
  name: "relu1"
  type: "ReLU"
  bottom: "ip1"
  top: "ip1"
  fixed_precision: true
  precision {
    enter: 2
    fraccio: 14
    rounding: "withProb"
    prob: 0.5
  }
}
layer {
  name: "ip2"
  type: "InnerProduct"
  bottom: "ip1"
  top: "ip2"
  inner_product_param {
    num_output: 1000
    weight_filler {
      type: "gaussian"
      mean: 0
      std: 0.01
    }
  }
  bias_param {
    filler {
      value: 0
    }
  }
  fixed_precision: true
  precision {
    enter: 2
    fraccio: 14
    rounding: "withProb"
    prob: 0.5
  }
}
layer {
  name: "relu2"
  type: "ReLU"
  bottom: "ip2"
  top: "ip2"
  bias_param {
    filler {
      value: 0
    }
  }
  fixed_precision: true
  precision {
    enter: 2
    fraccio: 14
    rounding: "withProb"
    prob: 0.5
  }
}
layer {
  name: "ip3"
  type: "InnerProduct"
  bottom: "ip2"
  top: "ip3"
  inner_product_param {
    num_output: 10
    weight_filler {
      type: "gaussian"
      mean: 0
      std: 0.01
    }
  }
  bias_param {
    filler {
      value: 0
    }
  }
  fixed_precision: true
  precision {
    enter: 2
    fraccio: 14
    rounding: "withProb"
    prob: 0.5
  }
}
layer {
  name: "accuracy"
  type: "Accuracy"
  bottom: "ip3"
  bottom: "label"
  top: "accuracy"
}
layer {
  name: "loss"
  type: "SoftmaxWithLoss"
  bottom: "ip3"
  bottom: "label"
  top: "loss"
  fixed_precision: true
  precision {
    enter: 2
    fraccio: 14
    rounding: "withProb"
    prob: 0.5
  }
}
I0407 19:06:17.563429 19304 layer_factory.hpp:77] Creating layer mnist
I0407 19:06:17.563561 19304 db_lmdb.cpp:35] Opened lmdb data/mnist_train_lmdb
I0407 19:06:17.563596 19304 net.cpp:84] Creating Layer mnist
I0407 19:06:17.563611 19304 net.cpp:380] mnist -> data
I0407 19:06:17.563647 19304 net.cpp:380] mnist -> label
I0407 19:06:17.563688 19304 data_layer.cpp:45] output data size: 100,1,28,28
I0407 19:06:17.565456 19304 net.cpp:122] Setting up mnist
I0407 19:06:17.565482 19304 net.cpp:129] Top shape: 100 1 28 28 (78400)
I0407 19:06:17.565496 19304 net.cpp:129] Top shape: 100 (100)
I0407 19:06:17.565506 19304 net.cpp:137] Memory required for data: 628000
I0407 19:06:17.565521 19304 layer_factory.hpp:77] Creating layer label_mnist_1_split
I0407 19:06:17.565541 19304 net.cpp:84] Creating Layer label_mnist_1_split
I0407 19:06:17.565552 19304 net.cpp:406] label_mnist_1_split <- label
I0407 19:06:17.565569 19304 net.cpp:380] label_mnist_1_split -> label_mnist_1_split_0
I0407 19:06:17.565585 19304 net.cpp:380] label_mnist_1_split -> label_mnist_1_split_1
I0407 19:06:17.565599 19304 net.cpp:122] Setting up label_mnist_1_split
I0407 19:06:17.565610 19304 net.cpp:129] Top shape: 100 (100)
I0407 19:06:17.565621 19304 net.cpp:129] Top shape: 100 (100)
I0407 19:06:17.565629 19304 net.cpp:137] Memory required for data: 629600
I0407 19:06:17.565636 19304 layer_factory.hpp:77] Creating layer ip1
I0407 19:06:17.565654 19304 net.cpp:84] Creating Layer ip1
I0407 19:06:17.565661 19304 net.cpp:406] ip1 <- data
I0407 19:06:17.565671 19304 net.cpp:380] ip1 -> ip1
I0407 19:06:17.687944 19304 net.cpp:122] Setting up ip1
I0407 19:06:17.687984 19304 net.cpp:129] Top shape: 100 1000 (100000)
I0407 19:06:17.687993 19304 net.cpp:137] Memory required for data: 1429600
I0407 19:06:17.688011 19304 layer_factory.hpp:77] Creating layer relu1
I0407 19:06:17.688026 19304 net.cpp:84] Creating Layer relu1
I0407 19:06:17.688035 19304 net.cpp:406] relu1 <- ip1
I0407 19:06:17.688043 19304 net.cpp:367] relu1 -> ip1 (in-place)
I0407 19:06:17.688061 19304 net.cpp:122] Setting up relu1
I0407 19:06:17.688067 19304 net.cpp:129] Top shape: 100 1000 (100000)
I0407 19:06:17.688071 19304 net.cpp:137] Memory required for data: 2229600
I0407 19:06:17.688076 19304 layer_factory.hpp:77] Creating layer ip2
I0407 19:06:17.688087 19304 net.cpp:84] Creating Layer ip2
I0407 19:06:17.688092 19304 net.cpp:406] ip2 <- ip1
I0407 19:06:17.688099 19304 net.cpp:380] ip2 -> ip2
I0407 19:06:17.775502 19304 net.cpp:122] Setting up ip2
I0407 19:06:17.775550 19304 net.cpp:129] Top shape: 100 1000 (100000)
I0407 19:06:17.775557 19304 net.cpp:137] Memory required for data: 3029600
I0407 19:06:17.775573 19304 layer_factory.hpp:77] Creating layer relu2
I0407 19:06:17.775599 19304 net.cpp:84] Creating Layer relu2
I0407 19:06:17.775627 19304 net.cpp:406] relu2 <- ip2
I0407 19:06:17.775645 19304 net.cpp:367] relu2 -> ip2 (in-place)
I0407 19:06:17.775656 19304 net.cpp:122] Setting up relu2
I0407 19:06:17.775662 19304 net.cpp:129] Top shape: 100 1000 (100000)
I0407 19:06:17.775666 19304 net.cpp:137] Memory required for data: 3829600
I0407 19:06:17.775672 19304 layer_factory.hpp:77] Creating layer ip3
I0407 19:06:17.775679 19304 net.cpp:84] Creating Layer ip3
I0407 19:06:17.775684 19304 net.cpp:406] ip3 <- ip2
I0407 19:06:17.775691 19304 net.cpp:380] ip3 -> ip3
I0407 19:06:17.776573 19304 net.cpp:122] Setting up ip3
I0407 19:06:17.776582 19304 net.cpp:129] Top shape: 100 10 (1000)
I0407 19:06:17.776597 19304 net.cpp:137] Memory required for data: 3837600
I0407 19:06:17.776604 19304 layer_factory.hpp:77] Creating layer ip3_ip3_0_split
I0407 19:06:17.776612 19304 net.cpp:84] Creating Layer ip3_ip3_0_split
I0407 19:06:17.776615 19304 net.cpp:406] ip3_ip3_0_split <- ip3
I0407 19:06:17.776623 19304 net.cpp:380] ip3_ip3_0_split -> ip3_ip3_0_split_0
I0407 19:06:17.776630 19304 net.cpp:380] ip3_ip3_0_split -> ip3_ip3_0_split_1
I0407 19:06:17.776638 19304 net.cpp:122] Setting up ip3_ip3_0_split
I0407 19:06:17.776643 19304 net.cpp:129] Top shape: 100 10 (1000)
I0407 19:06:17.776648 19304 net.cpp:129] Top shape: 100 10 (1000)
I0407 19:06:17.776654 19304 net.cpp:137] Memory required for data: 3853600
I0407 19:06:17.776656 19304 layer_factory.hpp:77] Creating layer accuracy
I0407 19:06:17.776665 19304 net.cpp:84] Creating Layer accuracy
I0407 19:06:17.776670 19304 net.cpp:406] accuracy <- ip3_ip3_0_split_0
I0407 19:06:17.776675 19304 net.cpp:406] accuracy <- label_mnist_1_split_0
I0407 19:06:17.776680 19304 net.cpp:380] accuracy -> accuracy
I0407 19:06:17.776687 19304 net.cpp:122] Setting up accuracy
I0407 19:06:17.776692 19304 net.cpp:129] Top shape: (1)
I0407 19:06:17.776696 19304 net.cpp:137] Memory required for data: 3853608
I0407 19:06:17.776700 19304 layer_factory.hpp:77] Creating layer loss
I0407 19:06:17.776710 19304 net.cpp:84] Creating Layer loss
I0407 19:06:17.776715 19304 net.cpp:406] loss <- ip3_ip3_0_split_1
I0407 19:06:17.776720 19304 net.cpp:406] loss <- label_mnist_1_split_1
I0407 19:06:17.776724 19304 net.cpp:380] loss -> loss
I0407 19:06:17.776738 19304 layer_factory.hpp:77] Creating layer loss
I0407 19:06:17.776757 19304 net.cpp:122] Setting up loss
I0407 19:06:17.776763 19304 net.cpp:129] Top shape: (1)
I0407 19:06:17.776767 19304 net.cpp:132]     with loss weight 1
I0407 19:06:17.776789 19304 net.cpp:137] Memory required for data: 3853616
I0407 19:06:17.776793 19304 net.cpp:198] loss needs backward computation.
I0407 19:06:17.776798 19304 net.cpp:200] accuracy does not need backward computation.
I0407 19:06:17.776803 19304 net.cpp:198] ip3_ip3_0_split needs backward computation.
I0407 19:06:17.776806 19304 net.cpp:198] ip3 needs backward computation.
I0407 19:06:17.776810 19304 net.cpp:198] relu2 needs backward computation.
I0407 19:06:17.776813 19304 net.cpp:198] ip2 needs backward computation.
I0407 19:06:17.776818 19304 net.cpp:198] relu1 needs backward computation.
I0407 19:06:17.776821 19304 net.cpp:198] ip1 needs backward computation.
I0407 19:06:17.776826 19304 net.cpp:200] label_mnist_1_split does not need backward computation.
I0407 19:06:17.776831 19304 net.cpp:200] mnist does not need backward computation.
I0407 19:06:17.776835 19304 net.cpp:242] This network produces output accuracy
I0407 19:06:17.776839 19304 net.cpp:242] This network produces output loss
I0407 19:06:17.776849 19304 net.cpp:255] Network initialization done.
I0407 19:06:17.776907 19304 solver.cpp:173] Creating test net (#0) specified by net_param
I0407 19:06:17.776927 19304 net.cpp:294] The NetState phase (1) differed from the phase (0) specified by a rule in layer mnist
I0407 19:06:17.777050 19304 net.cpp:51] Initializing net from parameters: 
name: "LeNet"
state {
  phase: TEST
}
layer {
  name: "mnist"
  type: "Data"
  top: "data"
  top: "label"
  include {
    phase: TEST
  }
  transform_param {
    scale: 0.00390625
  }
  data_param {
    source: "data/mnist_test_lmdb"
    batch_size: 100
    backend: LMDB
  }
}
layer {
  name: "ip1"
  type: "InnerProduct"
  bottom: "data"
  top: "ip1"
  inner_product_param {
    num_output: 1000
    weight_filler {
      type: "gaussian"
      mean: 0
      std: 0.01
    }
  }
  bias_param {
    filler {
      value: 0
    }
  }
  fixed_precision: true
  precision {
    enter: 2
    fraccio: 14
    rounding: "withProb"
    prob: 0.5
  }
}
layer {
  name: "relu1"
  type: "ReLU"
  bottom: "ip1"
  top: "ip1"
  fixed_precision: true
  precision {
    enter: 2
    fraccio: 14
    rounding: "withProb"
    prob: 0.5
  }
}
layer {
  name: "ip2"
  type: "InnerProduct"
  bottom: "ip1"
  top: "ip2"
  inner_product_param {
    num_output: 1000
    weight_filler {
      type: "gaussian"
      mean: 0
      std: 0.01
    }
  }
  bias_param {
    filler {
      value: 0
    }
  }
  fixed_precision: true
  precision {
    enter: 2
    fraccio: 14
    rounding: "withProb"
    prob: 0.5
  }
}
layer {
  name: "relu2"
  type: "ReLU"
  bottom: "ip2"
  top: "ip2"
  bias_param {
    filler {
      value: 0
    }
  }
  fixed_precision: true
  precision {
    enter: 2
    fraccio: 14
    rounding: "withProb"
    prob: 0.5
  }
}
layer {
  name: "ip3"
  type: "InnerProduct"
  bottom: "ip2"
  top: "ip3"
  inner_product_param {
    num_output: 10
    weight_filler {
      type: "gaussian"
      mean: 0
      std: 0.01
    }
  }
  bias_param {
    filler {
      value: 0
    }
  }
  fixed_precision: true
  precision {
    enter: 2
    fraccio: 14
    rounding: "withProb"
    prob: 0.5
  }
}
layer {
  name: "accuracy"
  type: "Accuracy"
  bottom: "ip3"
  bottom: "label"
  top: "accuracy"
}
layer {
  name: "loss"
  type: "SoftmaxWithLoss"
  bottom: "ip3"
  bottom: "label"
  top: "loss"
  fixed_precision: true
  precision {
    enter: 2
    fraccio: 14
    rounding: "withProb"
    prob: 0.5
  }
}
I0407 19:06:17.777117 19304 layer_factory.hpp:77] Creating layer mnist
I0407 19:06:17.777178 19304 db_lmdb.cpp:35] Opened lmdb data/mnist_test_lmdb
I0407 19:06:17.777192 19304 net.cpp:84] Creating Layer mnist
I0407 19:06:17.777199 19304 net.cpp:380] mnist -> data
I0407 19:06:17.777207 19304 net.cpp:380] mnist -> label
I0407 19:06:17.777221 19304 data_layer.cpp:45] output data size: 100,1,28,28
I0407 19:06:17.778081 19304 net.cpp:122] Setting up mnist
I0407 19:06:17.778095 19304 net.cpp:129] Top shape: 100 1 28 28 (78400)
I0407 19:06:17.778103 19304 net.cpp:129] Top shape: 100 (100)
I0407 19:06:17.778110 19304 net.cpp:137] Memory required for data: 628000
I0407 19:06:17.778116 19304 layer_factory.hpp:77] Creating layer label_mnist_1_split
I0407 19:06:17.778131 19304 net.cpp:84] Creating Layer label_mnist_1_split
I0407 19:06:17.778138 19304 net.cpp:406] label_mnist_1_split <- label
I0407 19:06:17.778147 19304 net.cpp:380] label_mnist_1_split -> label_mnist_1_split_0
I0407 19:06:17.778159 19304 net.cpp:380] label_mnist_1_split -> label_mnist_1_split_1
I0407 19:06:17.778174 19304 net.cpp:122] Setting up label_mnist_1_split
I0407 19:06:17.778184 19304 net.cpp:129] Top shape: 100 (100)
I0407 19:06:17.778194 19304 net.cpp:129] Top shape: 100 (100)
I0407 19:06:17.778200 19304 net.cpp:137] Memory required for data: 629600
I0407 19:06:17.778206 19304 layer_factory.hpp:77] Creating layer ip1
I0407 19:06:17.778219 19304 net.cpp:84] Creating Layer ip1
I0407 19:06:17.778228 19304 net.cpp:406] ip1 <- data
I0407 19:06:17.778239 19304 net.cpp:380] ip1 -> ip1
I0407 19:06:17.843490 19304 net.cpp:122] Setting up ip1
I0407 19:06:17.843531 19304 net.cpp:129] Top shape: 100 1000 (100000)
I0407 19:06:17.843541 19304 net.cpp:137] Memory required for data: 1429600
I0407 19:06:17.843562 19304 layer_factory.hpp:77] Creating layer relu1
I0407 19:06:17.843580 19304 net.cpp:84] Creating Layer relu1
I0407 19:06:17.843591 19304 net.cpp:406] relu1 <- ip1
I0407 19:06:17.843605 19304 net.cpp:367] relu1 -> ip1 (in-place)
I0407 19:06:17.843621 19304 net.cpp:122] Setting up relu1
I0407 19:06:17.843631 19304 net.cpp:129] Top shape: 100 1000 (100000)
I0407 19:06:17.843647 19304 net.cpp:137] Memory required for data: 2229600
I0407 19:06:17.843665 19304 layer_factory.hpp:77] Creating layer ip2
I0407 19:06:17.843680 19304 net.cpp:84] Creating Layer ip2
I0407 19:06:17.843686 19304 net.cpp:406] ip2 <- ip1
I0407 19:06:17.843698 19304 net.cpp:380] ip2 -> ip2
I0407 19:06:17.925881 19304 net.cpp:122] Setting up ip2
I0407 19:06:17.925923 19304 net.cpp:129] Top shape: 100 1000 (100000)
I0407 19:06:17.925935 19304 net.cpp:137] Memory required for data: 3029600
I0407 19:06:17.925956 19304 layer_factory.hpp:77] Creating layer relu2
I0407 19:06:17.925976 19304 net.cpp:84] Creating Layer relu2
I0407 19:06:17.925987 19304 net.cpp:406] relu2 <- ip2
I0407 19:06:17.925998 19304 net.cpp:367] relu2 -> ip2 (in-place)
I0407 19:06:17.926014 19304 net.cpp:122] Setting up relu2
I0407 19:06:17.926025 19304 net.cpp:129] Top shape: 100 1000 (100000)
I0407 19:06:17.926031 19304 net.cpp:137] Memory required for data: 3829600
I0407 19:06:17.926038 19304 layer_factory.hpp:77] Creating layer ip3
I0407 19:06:17.926050 19304 net.cpp:84] Creating Layer ip3
I0407 19:06:17.926059 19304 net.cpp:406] ip3 <- ip2
I0407 19:06:17.926067 19304 net.cpp:380] ip3 -> ip3
I0407 19:06:17.926955 19304 net.cpp:122] Setting up ip3
I0407 19:06:17.926975 19304 net.cpp:129] Top shape: 100 10 (1000)
I0407 19:06:17.926985 19304 net.cpp:137] Memory required for data: 3837600
I0407 19:06:17.926996 19304 layer_factory.hpp:77] Creating layer ip3_ip3_0_split
I0407 19:06:17.927011 19304 net.cpp:84] Creating Layer ip3_ip3_0_split
I0407 19:06:17.927018 19304 net.cpp:406] ip3_ip3_0_split <- ip3
I0407 19:06:17.927028 19304 net.cpp:380] ip3_ip3_0_split -> ip3_ip3_0_split_0
I0407 19:06:17.927040 19304 net.cpp:380] ip3_ip3_0_split -> ip3_ip3_0_split_1
I0407 19:06:17.927052 19304 net.cpp:122] Setting up ip3_ip3_0_split
I0407 19:06:17.927062 19304 net.cpp:129] Top shape: 100 10 (1000)
I0407 19:06:17.927069 19304 net.cpp:129] Top shape: 100 10 (1000)
I0407 19:06:17.927076 19304 net.cpp:137] Memory required for data: 3853600
I0407 19:06:17.927083 19304 layer_factory.hpp:77] Creating layer accuracy
I0407 19:06:17.927094 19304 net.cpp:84] Creating Layer accuracy
I0407 19:06:17.927101 19304 net.cpp:406] accuracy <- ip3_ip3_0_split_0
I0407 19:06:17.927109 19304 net.cpp:406] accuracy <- label_mnist_1_split_0
I0407 19:06:17.927119 19304 net.cpp:380] accuracy -> accuracy
I0407 19:06:17.927130 19304 net.cpp:122] Setting up accuracy
I0407 19:06:17.927139 19304 net.cpp:129] Top shape: (1)
I0407 19:06:17.927145 19304 net.cpp:137] Memory required for data: 3853608
I0407 19:06:17.927150 19304 layer_factory.hpp:77] Creating layer loss
I0407 19:06:17.927160 19304 net.cpp:84] Creating Layer loss
I0407 19:06:17.927166 19304 net.cpp:406] loss <- ip3_ip3_0_split_1
I0407 19:06:17.927173 19304 net.cpp:406] loss <- label_mnist_1_split_1
I0407 19:06:17.927184 19304 net.cpp:380] loss -> loss
I0407 19:06:17.927197 19304 layer_factory.hpp:77] Creating layer loss
I0407 19:06:17.927218 19304 net.cpp:122] Setting up loss
I0407 19:06:17.927225 19304 net.cpp:129] Top shape: (1)
I0407 19:06:17.927232 19304 net.cpp:132]     with loss weight 1
I0407 19:06:17.927245 19304 net.cpp:137] Memory required for data: 3853616
I0407 19:06:17.927253 19304 net.cpp:198] loss needs backward computation.
I0407 19:06:17.927258 19304 net.cpp:200] accuracy does not need backward computation.
I0407 19:06:17.927265 19304 net.cpp:198] ip3_ip3_0_split needs backward computation.
I0407 19:06:17.927273 19304 net.cpp:198] ip3 needs backward computation.
I0407 19:06:17.927278 19304 net.cpp:198] relu2 needs backward computation.
I0407 19:06:17.927284 19304 net.cpp:198] ip2 needs backward computation.
I0407 19:06:17.927291 19304 net.cpp:198] relu1 needs backward computation.
I0407 19:06:17.927297 19304 net.cpp:198] ip1 needs backward computation.
I0407 19:06:17.927304 19304 net.cpp:200] label_mnist_1_split does not need backward computation.
I0407 19:06:17.927311 19304 net.cpp:200] mnist does not need backward computation.
I0407 19:06:17.927317 19304 net.cpp:242] This network produces output accuracy
I0407 19:06:17.927331 19304 net.cpp:242] This network produces output loss
I0407 19:06:17.927355 19304 net.cpp:255] Network initialization done.
I0407 19:06:17.927400 19304 solver.cpp:56] Solver scaffolding done.
I0407 19:06:17.927424 19304 caffe_double.cpp:248] Starting Optimization
I0407 19:06:17.927430 19304 solver.cpp:273] Solving LeNet
I0407 19:06:17.927436 19304 solver.cpp:274] Learning Rate Policy: inv
I0407 19:06:17.930136 19304 solver.cpp:331] Iteration 0, Testing net (#0)
I0407 19:06:19.995177 19309 data_layer.cpp:73] Restarting data prefetching from start.
I0407 19:06:20.081275 19304 solver.cpp:398]     Test net output #0: accuracy = 0.1072
I0407 19:06:20.081338 19304 solver.cpp:398]     Test net output #1: loss = 2.30271 (* 1 = 2.30271 loss)
I0407 19:06:20.127467 19304 solver.cpp:219] Iteration 0 (-3.57132e-38 iter/s, 2.2s/600 iters), loss = 2.30285
I0407 19:06:20.127539 19304 solver.cpp:238]     Train net output #0: accuracy = 0.12
I0407 19:06:20.127562 19304 solver.cpp:238]     Train net output #1: loss = 2.30285 (* 1 = 2.30285 loss)
I0407 19:06:20.127579 19304 sgd_solver.cpp:107] Iteration 0, lr = 0.1
I0407 19:07:40.091590 19308 data_layer.cpp:73] Restarting data prefetching from start.
I0407 19:07:40.627634 19304 solver.cpp:331] Iteration 600, Testing net (#0)
I0407 19:07:42.723901 19309 data_layer.cpp:73] Restarting data prefetching from start.
I0407 19:07:42.810187 19304 solver.cpp:398]     Test net output #0: accuracy = 0.9498
I0407 19:07:42.810258 19304 solver.cpp:398]     Test net output #1: loss = 0.164502 (* 1 = 0.164502 loss)
I0407 19:07:42.855634 19304 solver.cpp:219] Iteration 600 (7.25268 iter/s, 82.728s/600 iters), loss = 0.149998
I0407 19:07:42.855702 19304 solver.cpp:238]     Train net output #0: accuracy = 0.97
I0407 19:07:42.855726 19304 solver.cpp:238]     Train net output #1: loss = 0.149998 (* 1 = 0.149998 loss)
I0407 19:07:42.855741 19304 sgd_solver.cpp:107] Iteration 600, lr = 0.0957239
I0407 19:09:02.822847 19308 data_layer.cpp:73] Restarting data prefetching from start.
I0407 19:09:03.355020 19304 solver.cpp:331] Iteration 1200, Testing net (#0)
I0407 19:09:05.435041 19309 data_layer.cpp:73] Restarting data prefetching from start.
I0407 19:09:05.520601 19304 solver.cpp:398]     Test net output #0: accuracy = 0.9576
I0407 19:09:05.520668 19304 solver.cpp:398]     Test net output #1: loss = 0.153305 (* 1 = 0.153305 loss)
I0407 19:09:05.565706 19304 solver.cpp:219] Iteration 1200 (7.25435 iter/s, 82.709s/600 iters), loss = 0.110978
I0407 19:09:05.565775 19304 solver.cpp:238]     Train net output #0: accuracy = 0.98
I0407 19:09:05.565799 19304 solver.cpp:238]     Train net output #1: loss = 0.110978 (* 1 = 0.110978 loss)
I0407 19:09:05.565815 19304 sgd_solver.cpp:107] Iteration 1200, lr = 0.0918516
I0407 19:10:25.187299 19308 data_layer.cpp:73] Restarting data prefetching from start.
I0407 19:10:25.719053 19304 solver.cpp:331] Iteration 1800, Testing net (#0)
I0407 19:10:27.798171 19309 data_layer.cpp:73] Restarting data prefetching from start.
I0407 19:10:27.883703 19304 solver.cpp:398]     Test net output #0: accuracy = 0.9652
I0407 19:10:27.883772 19304 solver.cpp:398]     Test net output #1: loss = 0.120834 (* 1 = 0.120834 loss)
I0407 19:10:27.929085 19304 solver.cpp:219] Iteration 1800 (7.28482 iter/s, 82.363s/600 iters), loss = 0.0748726
I0407 19:10:27.929157 19304 solver.cpp:238]     Train net output #0: accuracy = 0.98
I0407 19:10:27.929181 19304 solver.cpp:238]     Train net output #1: loss = 0.0748726 (* 1 = 0.0748726 loss)
I0407 19:10:27.929198 19304 sgd_solver.cpp:107] Iteration 1800, lr = 0.088326
I0407 19:11:47.659219 19308 data_layer.cpp:73] Restarting data prefetching from start.
I0407 19:11:48.194170 19304 solver.cpp:331] Iteration 2400, Testing net (#0)
I0407 19:11:50.269843 19309 data_layer.cpp:73] Restarting data prefetching from start.
I0407 19:11:50.355506 19304 solver.cpp:398]     Test net output #0: accuracy = 0.9683
I0407 19:11:50.355576 19304 solver.cpp:398]     Test net output #1: loss = 0.121454 (* 1 = 0.121454 loss)
I0407 19:11:50.401053 19304 solver.cpp:219] Iteration 2400 (7.27528 iter/s, 82.471s/600 iters), loss = 0.0316077
I0407 19:11:50.401123 19304 solver.cpp:238]     Train net output #0: accuracy = 0.98
I0407 19:11:50.401146 19304 solver.cpp:238]     Train net output #1: loss = 0.0316077 (* 1 = 0.0316077 loss)
I0407 19:11:50.401162 19304 sgd_solver.cpp:107] Iteration 2400, lr = 0.0851008
I0407 19:13:10.055698 19308 data_layer.cpp:73] Restarting data prefetching from start.
I0407 19:13:10.581274 19304 solver.cpp:331] Iteration 3000, Testing net (#0)
I0407 19:13:12.654202 19309 data_layer.cpp:73] Restarting data prefetching from start.
I0407 19:13:12.743439 19304 solver.cpp:398]     Test net output #0: accuracy = 0.9764
I0407 19:13:12.743510 19304 solver.cpp:398]     Test net output #1: loss = 0.0995705 (* 1 = 0.0995705 loss)
I0407 19:13:12.788849 19304 solver.cpp:219] Iteration 3000 (7.2827 iter/s, 82.387s/600 iters), loss = 0.0220429
I0407 19:13:12.788915 19304 solver.cpp:238]     Train net output #0: accuracy = 0.99
I0407 19:13:12.788938 19304 solver.cpp:238]     Train net output #1: loss = 0.0220429 (* 1 = 0.0220429 loss)
I0407 19:13:12.788954 19304 sgd_solver.cpp:107] Iteration 3000, lr = 0.0821377
I0407 19:14:32.453688 19308 data_layer.cpp:73] Restarting data prefetching from start.
I0407 19:14:32.988584 19304 solver.cpp:331] Iteration 3600, Testing net (#0)
I0407 19:14:35.064957 19309 data_layer.cpp:73] Restarting data prefetching from start.
I0407 19:14:35.150728 19304 solver.cpp:398]     Test net output #0: accuracy = 0.9787
I0407 19:14:35.150794 19304 solver.cpp:398]     Test net output #1: loss = 0.0863424 (* 1 = 0.0863424 loss)
I0407 19:14:35.198875 19304 solver.cpp:219] Iteration 3600 (7.28076 iter/s, 82.409s/600 iters), loss = 0.0221525
I0407 19:14:35.198951 19304 solver.cpp:238]     Train net output #0: accuracy = 0.99
I0407 19:14:35.198976 19304 solver.cpp:238]     Train net output #1: loss = 0.0221525 (* 1 = 0.0221525 loss)
I0407 19:14:35.198995 19304 sgd_solver.cpp:107] Iteration 3600, lr = 0.0794046
I0407 19:15:54.507547 19308 data_layer.cpp:73] Restarting data prefetching from start.
I0407 19:15:55.035835 19304 solver.cpp:331] Iteration 4200, Testing net (#0)
I0407 19:15:57.088284 19309 data_layer.cpp:73] Restarting data prefetching from start.
I0407 19:15:57.172526 19304 solver.cpp:398]     Test net output #0: accuracy = 0.9823
I0407 19:15:57.172588 19304 solver.cpp:398]     Test net output #1: loss = 0.0789859 (* 1 = 0.0789859 loss)
I0407 19:15:57.219437 19304 solver.cpp:219] Iteration 4200 (7.31529 iter/s, 82.02s/600 iters), loss = 0.00433823
I0407 19:15:57.219504 19304 solver.cpp:238]     Train net output #0: accuracy = 1
I0407 19:15:57.219527 19304 solver.cpp:238]     Train net output #1: loss = 0.00433823 (* 1 = 0.00433823 loss)
I0407 19:15:57.219543 19304 sgd_solver.cpp:107] Iteration 4200, lr = 0.0768748
I0407 19:17:16.644327 19308 data_layer.cpp:73] Restarting data prefetching from start.
I0407 19:17:17.183866 19304 solver.cpp:331] Iteration 4800, Testing net (#0)
I0407 19:17:19.269487 19309 data_layer.cpp:73] Restarting data prefetching from start.
I0407 19:17:19.355062 19304 solver.cpp:398]     Test net output #0: accuracy = 0.9821
I0407 19:17:19.355134 19304 solver.cpp:398]     Test net output #1: loss = 0.0790589 (* 1 = 0.0790589 loss)
I0407 19:17:19.400529 19304 solver.cpp:219] Iteration 4800 (7.30096 iter/s, 82.181s/600 iters), loss = 0.0028508
I0407 19:17:19.400600 19304 solver.cpp:238]     Train net output #0: accuracy = 1
I0407 19:17:19.400624 19304 solver.cpp:238]     Train net output #1: loss = 0.0028508 (* 1 = 0.0028508 loss)
I0407 19:17:19.400640 19304 sgd_solver.cpp:107] Iteration 4800, lr = 0.0745253
I0407 19:18:39.371567 19308 data_layer.cpp:73] Restarting data prefetching from start.
I0407 19:18:39.909057 19304 solver.cpp:331] Iteration 5400, Testing net (#0)
I0407 19:18:41.989351 19309 data_layer.cpp:73] Restarting data prefetching from start.
I0407 19:18:42.075055 19304 solver.cpp:398]     Test net output #0: accuracy = 0.9832
I0407 19:18:42.075126 19304 solver.cpp:398]     Test net output #1: loss = 0.077623 (* 1 = 0.077623 loss)
I0407 19:18:42.120657 19304 solver.cpp:219] Iteration 5400 (7.25338 iter/s, 82.72s/600 iters), loss = 0.00162378
I0407 19:18:42.120724 19304 solver.cpp:238]     Train net output #0: accuracy = 1
I0407 19:18:42.120748 19304 solver.cpp:238]     Train net output #1: loss = 0.00162378 (* 1 = 0.00162378 loss)
I0407 19:18:42.120771 19304 sgd_solver.cpp:107] Iteration 5400, lr = 0.0723368
I0407 19:20:02.106801 19308 data_layer.cpp:73] Restarting data prefetching from start.
I0407 19:20:02.647234 19304 solver.cpp:331] Iteration 6000, Testing net (#0)
I0407 19:20:04.740046 19309 data_layer.cpp:73] Restarting data prefetching from start.
I0407 19:20:04.825403 19304 solver.cpp:398]     Test net output #0: accuracy = 0.982
I0407 19:20:04.825472 19304 solver.cpp:398]     Test net output #1: loss = 0.0838049 (* 1 = 0.0838049 loss)
I0407 19:20:04.870712 19304 solver.cpp:219] Iteration 6000 (7.25084 iter/s, 82.749s/600 iters), loss = 0.00332603
I0407 19:20:04.870777 19304 solver.cpp:238]     Train net output #0: accuracy = 1
I0407 19:20:04.870800 19304 solver.cpp:238]     Train net output #1: loss = 0.00332603 (* 1 = 0.00332603 loss)
I0407 19:20:04.870817 19304 sgd_solver.cpp:107] Iteration 6000, lr = 0.0702927
I0407 19:21:24.894227 19308 data_layer.cpp:73] Restarting data prefetching from start.
I0407 19:21:25.431242 19304 solver.cpp:331] Iteration 6600, Testing net (#0)
I0407 19:21:27.514353 19309 data_layer.cpp:73] Restarting data prefetching from start.
I0407 19:21:27.599910 19304 solver.cpp:398]     Test net output #0: accuracy = 0.9854
I0407 19:21:27.599984 19304 solver.cpp:398]     Test net output #1: loss = 0.0769519 (* 1 = 0.0769519 loss)
I0407 19:21:27.645176 19304 solver.cpp:219] Iteration 6600 (7.24865 iter/s, 82.774s/600 iters), loss = 0.000725697
I0407 19:21:27.645244 19304 solver.cpp:238]     Train net output #0: accuracy = 1
I0407 19:21:27.645268 19304 solver.cpp:238]     Train net output #1: loss = 0.000725697 (* 1 = 0.000725697 loss)
I0407 19:21:27.645284 19304 sgd_solver.cpp:107] Iteration 6600, lr = 0.0683784
I0407 19:22:47.861194 19308 data_layer.cpp:73] Restarting data prefetching from start.
I0407 19:22:48.399983 19304 solver.cpp:331] Iteration 7200, Testing net (#0)
I0407 19:22:50.478358 19309 data_layer.cpp:73] Restarting data prefetching from start.
I0407 19:22:50.564213 19304 solver.cpp:398]     Test net output #0: accuracy = 0.9843
I0407 19:22:50.564288 19304 solver.cpp:398]     Test net output #1: loss = 0.0818953 (* 1 = 0.0818953 loss)
I0407 19:22:50.609551 19304 solver.cpp:219] Iteration 7200 (7.23205 iter/s, 82.964s/600 iters), loss = 0.00121659
I0407 19:22:50.609622 19304 solver.cpp:238]     Train net output #0: accuracy = 1
I0407 19:22:50.609645 19304 solver.cpp:238]     Train net output #1: loss = 0.00121659 (* 1 = 0.00121659 loss)
I0407 19:22:50.609661 19304 sgd_solver.cpp:107] Iteration 7200, lr = 0.0665815
I0407 19:24:10.951560 19308 data_layer.cpp:73] Restarting data prefetching from start.
I0407 19:24:11.489729 19304 solver.cpp:331] Iteration 7800, Testing net (#0)
I0407 19:24:13.574045 19309 data_layer.cpp:73] Restarting data prefetching from start.
I0407 19:24:13.659812 19304 solver.cpp:398]     Test net output #0: accuracy = 0.9855
I0407 19:24:13.659881 19304 solver.cpp:398]     Test net output #1: loss = 0.0766014 (* 1 = 0.0766014 loss)
I0407 19:24:13.708376 19304 solver.cpp:219] Iteration 7800 (7.22039 iter/s, 83.098s/600 iters), loss = 0.000217472
I0407 19:24:13.708451 19304 solver.cpp:238]     Train net output #0: accuracy = 1
I0407 19:24:13.708475 19304 solver.cpp:238]     Train net output #1: loss = 0.000217472 (* 1 = 0.000217472 loss)
I0407 19:24:13.708494 19304 sgd_solver.cpp:107] Iteration 7800, lr = 0.0648911
I0407 19:25:34.184628 19308 data_layer.cpp:73] Restarting data prefetching from start.
I0407 19:25:34.725389 19304 solver.cpp:331] Iteration 8400, Testing net (#0)
I0407 19:25:36.804855 19309 data_layer.cpp:73] Restarting data prefetching from start.
I0407 19:25:36.890576 19304 solver.cpp:398]     Test net output #0: accuracy = 0.9857
I0407 19:25:36.890661 19304 solver.cpp:398]     Test net output #1: loss = 0.0806785 (* 1 = 0.0806785 loss)
I0407 19:25:36.935926 19304 solver.cpp:219] Iteration 8400 (7.2092 iter/s, 83.227s/600 iters), loss = 0.000933559
I0407 19:25:36.936002 19304 solver.cpp:238]     Train net output #0: accuracy = 1
I0407 19:25:36.936025 19304 solver.cpp:238]     Train net output #1: loss = 0.000933559 (* 1 = 0.000933559 loss)
I0407 19:25:36.936041 19304 sgd_solver.cpp:107] Iteration 8400, lr = 0.0632975
I0407 19:26:57.253991 19308 data_layer.cpp:73] Restarting data prefetching from start.
I0407 19:26:57.788249 19304 solver.cpp:331] Iteration 9000, Testing net (#0)
I0407 19:26:59.844563 19309 data_layer.cpp:73] Restarting data prefetching from start.
I0407 19:26:59.929309 19304 solver.cpp:398]     Test net output #0: accuracy = 0.9858
I0407 19:26:59.929376 19304 solver.cpp:398]     Test net output #1: loss = 0.0775063 (* 1 = 0.0775063 loss)
I0407 19:26:59.974179 19304 solver.cpp:219] Iteration 9000 (7.22561 iter/s, 83.038s/600 iters), loss = 0.000202863
I0407 19:26:59.974246 19304 solver.cpp:238]     Train net output #0: accuracy = 1
I0407 19:26:59.974267 19304 solver.cpp:238]     Train net output #1: loss = 0.000202863 (* 1 = 0.000202863 loss)
I0407 19:26:59.974283 19304 sgd_solver.cpp:107] Iteration 9000, lr = 0.0617924
I0407 19:28:19.555922 19308 data_layer.cpp:73] Restarting data prefetching from start.
I0407 19:28:20.087317 19304 solver.cpp:331] Iteration 9600, Testing net (#0)
I0407 19:28:22.144438 19309 data_layer.cpp:73] Restarting data prefetching from start.
I0407 19:28:22.233289 19304 solver.cpp:398]     Test net output #0: accuracy = 0.9857
I0407 19:28:22.233359 19304 solver.cpp:398]     Test net output #1: loss = 0.0801624 (* 1 = 0.0801624 loss)
I0407 19:28:22.278333 19304 solver.cpp:219] Iteration 9600 (7.29005 iter/s, 82.304s/600 iters), loss = 0.000157412
I0407 19:28:22.278403 19304 solver.cpp:238]     Train net output #0: accuracy = 1
I0407 19:28:22.278424 19304 solver.cpp:238]     Train net output #1: loss = 0.000157412 (* 1 = 0.000157412 loss)
I0407 19:28:22.278440 19304 sgd_solver.cpp:107] Iteration 9600, lr = 0.0603682
I0407 19:29:41.830852 19308 data_layer.cpp:73] Restarting data prefetching from start.
I0407 19:29:42.367641 19304 solver.cpp:331] Iteration 10200, Testing net (#0)
I0407 19:29:44.431208 19309 data_layer.cpp:73] Restarting data prefetching from start.
I0407 19:29:44.515838 19304 solver.cpp:398]     Test net output #0: accuracy = 0.9856
I0407 19:29:44.515908 19304 solver.cpp:398]     Test net output #1: loss = 0.0811928 (* 1 = 0.0811928 loss)
I0407 19:29:44.560739 19304 solver.cpp:219] Iteration 10200 (7.292 iter/s, 82.282s/600 iters), loss = 0.000140814
I0407 19:29:44.560807 19304 solver.cpp:238]     Train net output #0: accuracy = 1
I0407 19:29:44.560828 19304 solver.cpp:238]     Train net output #1: loss = 0.000140814 (* 1 = 0.000140814 loss)
I0407 19:29:44.560844 19304 sgd_solver.cpp:107] Iteration 10200, lr = 0.0590183
I0407 19:31:04.650856 19308 data_layer.cpp:73] Restarting data prefetching from start.
I0407 19:31:05.186506 19304 solver.cpp:331] Iteration 10800, Testing net (#0)
I0407 19:31:07.239115 19309 data_layer.cpp:73] Restarting data prefetching from start.
I0407 19:31:07.323827 19304 solver.cpp:398]     Test net output #0: accuracy = 0.9858
I0407 19:31:07.323894 19304 solver.cpp:398]     Test net output #1: loss = 0.0819562 (* 1 = 0.0819562 loss)
I0407 19:31:07.368600 19304 solver.cpp:219] Iteration 10800 (7.24576 iter/s, 82.807s/600 iters), loss = 0.000122535
I0407 19:31:07.368667 19304 solver.cpp:238]     Train net output #0: accuracy = 1
I0407 19:31:07.368690 19304 solver.cpp:238]     Train net output #1: loss = 0.000122535 (* 1 = 0.000122535 loss)
I0407 19:31:07.368706 19304 sgd_solver.cpp:107] Iteration 10800, lr = 0.0577368
I0407 19:32:27.318820 19308 data_layer.cpp:73] Restarting data prefetching from start.
I0407 19:32:27.854118 19304 solver.cpp:331] Iteration 11400, Testing net (#0)
I0407 19:32:29.915539 19309 data_layer.cpp:73] Restarting data prefetching from start.
I0407 19:32:29.999883 19304 solver.cpp:398]     Test net output #0: accuracy = 0.9857
I0407 19:32:29.999949 19304 solver.cpp:398]     Test net output #1: loss = 0.0825033 (* 1 = 0.0825033 loss)
I0407 19:32:30.043387 19304 solver.cpp:219] Iteration 11400 (7.25742 iter/s, 82.674s/600 iters), loss = 0.00011121
I0407 19:32:30.043452 19304 solver.cpp:238]     Train net output #0: accuracy = 1
I0407 19:32:30.043473 19304 solver.cpp:238]     Train net output #1: loss = 0.00011121 (* 1 = 0.00011121 loss)
I0407 19:32:30.043488 19304 sgd_solver.cpp:107] Iteration 11400, lr = 0.0565184
I0407 19:33:49.890560 19308 data_layer.cpp:73] Restarting data prefetching from start.
I0407 19:33:50.425148 19304 solver.cpp:331] Iteration 12000, Testing net (#0)
I0407 19:33:52.481057 19309 data_layer.cpp:73] Restarting data prefetching from start.
I0407 19:33:52.565780 19304 solver.cpp:398]     Test net output #0: accuracy = 0.986
I0407 19:33:52.565848 19304 solver.cpp:398]     Test net output #1: loss = 0.0828848 (* 1 = 0.0828848 loss)
I0407 19:33:52.610576 19304 solver.cpp:219] Iteration 12000 (7.26683 iter/s, 82.567s/600 iters), loss = 9.84667e-05
I0407 19:33:52.610646 19304 solver.cpp:238]     Train net output #0: accuracy = 1
I0407 19:33:52.610667 19304 solver.cpp:238]     Train net output #1: loss = 9.84667e-05 (* 1 = 9.84667e-05 loss)
I0407 19:33:52.610682 19304 sgd_solver.cpp:107] Iteration 12000, lr = 0.0553583
I0407 19:35:13.306735 19308 data_layer.cpp:73] Restarting data prefetching from start.
I0407 19:35:13.847120 19304 solver.cpp:331] Iteration 12600, Testing net (#0)
I0407 19:35:15.926537 19309 data_layer.cpp:73] Restarting data prefetching from start.
I0407 19:35:16.012135 19304 solver.cpp:398]     Test net output #0: accuracy = 0.986
I0407 19:35:16.012204 19304 solver.cpp:398]     Test net output #1: loss = 0.0832842 (* 1 = 0.0832842 loss)
I0407 19:35:16.057611 19304 solver.cpp:219] Iteration 12600 (7.19028 iter/s, 83.446s/600 iters), loss = 9.15121e-05
I0407 19:35:16.057682 19304 solver.cpp:238]     Train net output #0: accuracy = 1
I0407 19:35:16.057705 19304 solver.cpp:238]     Train net output #1: loss = 9.15121e-05 (* 1 = 9.15121e-05 loss)
I0407 19:35:16.057721 19304 sgd_solver.cpp:107] Iteration 12600, lr = 0.0542524
I0407 19:36:37.040400 19308 data_layer.cpp:73] Restarting data prefetching from start.
I0407 19:36:37.585875 19304 solver.cpp:331] Iteration 13200, Testing net (#0)
I0407 19:36:39.670189 19309 data_layer.cpp:73] Restarting data prefetching from start.
I0407 19:36:39.759214 19304 solver.cpp:398]     Test net output #0: accuracy = 0.9858
I0407 19:36:39.759281 19304 solver.cpp:398]     Test net output #1: loss = 0.0837049 (* 1 = 0.0837049 loss)
I0407 19:36:39.804409 19304 solver.cpp:219] Iteration 13200 (7.16452 iter/s, 83.746s/600 iters), loss = 8.67288e-05
I0407 19:36:39.804478 19304 solver.cpp:238]     Train net output #0: accuracy = 1
I0407 19:36:39.804502 19304 solver.cpp:238]     Train net output #1: loss = 8.67288e-05 (* 1 = 8.67288e-05 loss)
I0407 19:36:39.804517 19304 sgd_solver.cpp:107] Iteration 13200, lr = 0.0531966
I0407 19:38:00.860087 19308 data_layer.cpp:73] Restarting data prefetching from start.
I0407 19:38:01.403213 19304 solver.cpp:331] Iteration 13800, Testing net (#0)
I0407 19:38:03.522483 19309 data_layer.cpp:73] Restarting data prefetching from start.
I0407 19:38:03.608271 19304 solver.cpp:398]     Test net output #0: accuracy = 0.9857
I0407 19:38:03.608340 19304 solver.cpp:398]     Test net output #1: loss = 0.0840685 (* 1 = 0.0840685 loss)
I0407 19:38:03.653964 19304 solver.cpp:219] Iteration 13800 (7.15572 iter/s, 83.849s/600 iters), loss = 8.1012e-05
I0407 19:38:03.654037 19304 solver.cpp:238]     Train net output #0: accuracy = 1
I0407 19:38:03.654060 19304 solver.cpp:238]     Train net output #1: loss = 8.1012e-05 (* 1 = 8.1012e-05 loss)
I0407 19:38:03.654078 19304 sgd_solver.cpp:107] Iteration 13800, lr = 0.0521876
I0407 19:39:24.806521 19308 data_layer.cpp:73] Restarting data prefetching from start.
I0407 19:39:25.349653 19304 solver.cpp:331] Iteration 14400, Testing net (#0)
I0407 19:39:27.430616 19309 data_layer.cpp:73] Restarting data prefetching from start.
I0407 19:39:27.517837 19304 solver.cpp:398]     Test net output #0: accuracy = 0.9859
I0407 19:39:27.517905 19304 solver.cpp:398]     Test net output #1: loss = 0.0843585 (* 1 = 0.0843585 loss)
I0407 19:39:27.563285 19304 solver.cpp:219] Iteration 14400 (7.1506 iter/s, 83.909s/600 iters), loss = 7.51627e-05
I0407 19:39:27.563352 19304 solver.cpp:238]     Train net output #0: accuracy = 1
I0407 19:39:27.563374 19304 solver.cpp:238]     Train net output #1: loss = 7.51627e-05 (* 1 = 7.51627e-05 loss)
I0407 19:39:27.563391 19304 sgd_solver.cpp:107] Iteration 14400, lr = 0.0512221
I0407 19:40:48.824475 19308 data_layer.cpp:73] Restarting data prefetching from start.
I0407 19:40:49.369724 19304 solver.cpp:331] Iteration 15000, Testing net (#0)
I0407 19:40:51.449129 19309 data_layer.cpp:73] Restarting data prefetching from start.
I0407 19:40:51.534878 19304 solver.cpp:398]     Test net output #0: accuracy = 0.986
I0407 19:40:51.534950 19304 solver.cpp:398]     Test net output #1: loss = 0.0846135 (* 1 = 0.0846135 loss)
I0407 19:40:51.580059 19304 solver.cpp:219] Iteration 15000 (7.1415 iter/s, 84.016s/600 iters), loss = 7.10044e-05
I0407 19:40:51.580128 19304 solver.cpp:238]     Train net output #0: accuracy = 1
I0407 19:40:51.580152 19304 solver.cpp:238]     Train net output #1: loss = 7.10044e-05 (* 1 = 7.10044e-05 loss)
I0407 19:40:51.580169 19304 sgd_solver.cpp:107] Iteration 15000, lr = 0.0502973
I0407 19:42:12.916940 19308 data_layer.cpp:73] Restarting data prefetching from start.
I0407 19:42:13.458844 19304 solver.cpp:331] Iteration 15600, Testing net (#0)
I0407 19:42:15.599530 19309 data_layer.cpp:73] Restarting data prefetching from start.
I0407 19:42:15.688627 19304 solver.cpp:398]     Test net output #0: accuracy = 0.9861
I0407 19:42:15.688697 19304 solver.cpp:398]     Test net output #1: loss = 0.0848955 (* 1 = 0.0848955 loss)
I0407 19:42:15.734324 19304 solver.cpp:219] Iteration 15600 (7.12979 iter/s, 84.154s/600 iters), loss = 6.79107e-05
I0407 19:42:15.734396 19304 solver.cpp:238]     Train net output #0: accuracy = 1
I0407 19:42:15.734421 19304 solver.cpp:238]     Train net output #1: loss = 6.79107e-05 (* 1 = 6.79107e-05 loss)
I0407 19:42:15.734436 19304 sgd_solver.cpp:107] Iteration 15600, lr = 0.0494106
I0407 19:43:37.026463 19308 data_layer.cpp:73] Restarting data prefetching from start.
I0407 19:43:37.573050 19304 solver.cpp:331] Iteration 16200, Testing net (#0)
I0407 19:43:39.657579 19309 data_layer.cpp:73] Restarting data prefetching from start.
I0407 19:43:39.746085 19304 solver.cpp:398]     Test net output #0: accuracy = 0.9861
I0407 19:43:39.746152 19304 solver.cpp:398]     Test net output #1: loss = 0.0851819 (* 1 = 0.0851819 loss)
I0407 19:43:39.791613 19304 solver.cpp:219] Iteration 16200 (7.13801 iter/s, 84.057s/600 iters), loss = 6.51451e-05
I0407 19:43:39.791683 19304 solver.cpp:238]     Train net output #0: accuracy = 1
I0407 19:43:39.791707 19304 solver.cpp:238]     Train net output #1: loss = 6.51451e-05 (* 1 = 6.51451e-05 loss)
I0407 19:43:39.791723 19304 sgd_solver.cpp:107] Iteration 16200, lr = 0.0485595
I0407 19:45:01.054718 19308 data_layer.cpp:73] Restarting data prefetching from start.
I0407 19:45:01.595489 19304 solver.cpp:331] Iteration 16800, Testing net (#0)
I0407 19:45:03.820585 19309 data_layer.cpp:73] Restarting data prefetching from start.
I0407 19:45:03.905982 19304 solver.cpp:398]     Test net output #0: accuracy = 0.9861
I0407 19:45:03.906054 19304 solver.cpp:398]     Test net output #1: loss = 0.085416 (* 1 = 0.085416 loss)
I0407 19:45:03.951325 19304 solver.cpp:219] Iteration 16800 (7.12936 iter/s, 84.159s/600 iters), loss = 6.29463e-05
I0407 19:45:03.951397 19304 solver.cpp:238]     Train net output #0: accuracy = 1
I0407 19:45:03.951421 19304 solver.cpp:238]     Train net output #1: loss = 6.29463e-05 (* 1 = 6.29463e-05 loss)
I0407 19:45:03.951438 19304 sgd_solver.cpp:107] Iteration 16800, lr = 0.0477418
I0407 19:46:25.236977 19308 data_layer.cpp:73] Restarting data prefetching from start.
I0407 19:46:25.780797 19304 solver.cpp:331] Iteration 17400, Testing net (#0)
I0407 19:46:27.860105 19309 data_layer.cpp:73] Restarting data prefetching from start.
I0407 19:46:27.945847 19304 solver.cpp:398]     Test net output #0: accuracy = 0.9861
I0407 19:46:27.945914 19304 solver.cpp:398]     Test net output #1: loss = 0.0856257 (* 1 = 0.0856257 loss)
I0407 19:46:27.991207 19304 solver.cpp:219] Iteration 17400 (7.13954 iter/s, 84.039s/600 iters), loss = 6.07434e-05
I0407 19:46:27.991279 19304 solver.cpp:238]     Train net output #0: accuracy = 1
I0407 19:46:27.991303 19304 solver.cpp:238]     Train net output #1: loss = 6.07434e-05 (* 1 = 6.07434e-05 loss)
I0407 19:46:27.991320 19304 sgd_solver.cpp:107] Iteration 17400, lr = 0.0469556
I0407 19:47:49.232983 19308 data_layer.cpp:73] Restarting data prefetching from start.
I0407 19:47:49.779531 19304 solver.cpp:448] Snapshotting to binary proto file _iter_18000.caffemodel
I0407 19:47:49.827908 19304 sgd_solver.cpp:278] Snapshotting solver state to binary proto file _iter_18000.solverstate
I0407 19:47:49.876230 19304 solver.cpp:311] Iteration 18000, loss = 5.85716e-05
I0407 19:47:49.876282 19304 solver.cpp:331] Iteration 18000, Testing net (#0)
I0407 19:47:51.977120 19309 data_layer.cpp:73] Restarting data prefetching from start.
I0407 19:47:52.063434 19304 solver.cpp:398]     Test net output #0: accuracy = 0.986
I0407 19:47:52.063503 19304 solver.cpp:398]     Test net output #1: loss = 0.0858233 (* 1 = 0.0858233 loss)
I0407 19:47:52.063519 19304 solver.cpp:316] Optimization Done.
I0407 19:47:52.063529 19304 caffe_double.cpp:259] Optimization Done.
