I0408 00:17:51.515384  2899 caffe_double.cpp:211] Use CPU.
I0408 00:17:51.515935  2899 solver.cpp:44] Initializing solver from parameters: 
test_iter: 100
test_interval: 600
base_lr: 0.1
display: 600
max_iter: 18000
lr_policy: "inv"
gamma: 0.0001
power: 0.75
momentum: 0.9
solver_mode: CPU
net_param {
  name: "LeNet"
  layer {
    name: "mnist"
    type: "Data"
    top: "data"
    top: "label"
    include {
      phase: TRAIN
    }
    transform_param {
      scale: 0.00390625
    }
    data_param {
      source: "data/mnist_train_lmdb"
      batch_size: 100
      backend: LMDB
    }
  }
  layer {
    name: "mnist"
    type: "Data"
    top: "data"
    top: "label"
    include {
      phase: TEST
    }
    transform_param {
      scale: 0.00390625
    }
    data_param {
      source: "data/mnist_test_lmdb"
      batch_size: 100
      backend: LMDB
    }
  }
  layer {
    name: "ip1"
    type: "InnerProduct"
    bottom: "data"
    top: "ip1"
    inner_product_param {
      num_output: 1000
      weight_filler {
        type: "gaussian"
        mean: 0
        std: 0.01
      }
    }
    bias_param {
      filler {
        value: 0
      }
    }
    fixed_precision: true
    precision {
      enter: 2
      fraccio: 14
      rounding: "withProb"
      prob: 0.9
    }
  }
  layer {
    name: "relu1"
    type: "ReLU"
    bottom: "ip1"
    top: "ip1"
    fixed_precision: true
    precision {
      enter: 2
      fraccio: 14
      rounding: "withProb"
      prob: 0.9
    }
  }
  layer {
    name: "ip2"
    type: "InnerProduct"
    bottom: "ip1"
    top: "ip2"
    inner_product_param {
      num_output: 1000
      weight_filler {
        type: "gaussian"
        mean: 0
        std: 0.01
      }
    }
    bias_param {
      filler {
        value: 0
      }
    }
    fixed_precision: true
    precision {
      enter: 2
      fraccio: 14
      rounding: "withProb"
      prob: 0.9
    }
  }
  layer {
    name: "relu2"
    type: "ReLU"
    bottom: "ip2"
    top: "ip2"
    bias_param {
      filler {
        value: 0
      }
    }
    fixed_precision: true
    precision {
      enter: 2
      fraccio: 14
      rounding: "withProb"
      prob: 0.9
    }
  }
  layer {
    name: "ip3"
    type: "InnerProduct"
    bottom: "ip2"
    top: "ip3"
    inner_product_param {
      num_output: 10
      weight_filler {
        type: "gaussian"
        mean: 0
        std: 0.01
      }
    }
    bias_param {
      filler {
        value: 0
      }
    }
    fixed_precision: true
    precision {
      enter: 2
      fraccio: 14
      rounding: "withProb"
      prob: 0.9
    }
  }
  layer {
    name: "accuracy"
    type: "Accuracy"
    bottom: "ip3"
    bottom: "label"
    top: "accuracy"
  }
  layer {
    name: "loss"
    type: "SoftmaxWithLoss"
    bottom: "ip3"
    bottom: "label"
    top: "loss"
    fixed_precision: true
    precision {
      enter: 2
      fraccio: 14
      rounding: "withProb"
      prob: 0.9
    }
  }
}
train_state {
  level: 0
  stage: ""
}
fixed_precision: true
precision {
  enter: 2
  fraccio: 14
  rounding: "withProb"
  prob: 0.9
}
I0408 00:17:51.515992  2899 solver.cpp:82] Creating training net specified in net_param.
I0408 00:17:51.516049  2899 net.cpp:294] The NetState phase (0) differed from the phase (1) specified by a rule in layer mnist
I0408 00:17:51.516229  2899 net.cpp:51] Initializing net from parameters: 
name: "LeNet"
state {
  phase: TRAIN
  level: 0
  stage: ""
}
layer {
  name: "mnist"
  type: "Data"
  top: "data"
  top: "label"
  include {
    phase: TRAIN
  }
  transform_param {
    scale: 0.00390625
  }
  data_param {
    source: "data/mnist_train_lmdb"
    batch_size: 100
    backend: LMDB
  }
}
layer {
  name: "ip1"
  type: "InnerProduct"
  bottom: "data"
  top: "ip1"
  inner_product_param {
    num_output: 1000
    weight_filler {
      type: "gaussian"
      mean: 0
      std: 0.01
    }
  }
  bias_param {
    filler {
      value: 0
    }
  }
  fixed_precision: true
  precision {
    enter: 2
    fraccio: 14
    rounding: "withProb"
    prob: 0.9
  }
}
layer {
  name: "relu1"
  type: "ReLU"
  bottom: "ip1"
  top: "ip1"
  fixed_precision: true
  precision {
    enter: 2
    fraccio: 14
    rounding: "withProb"
    prob: 0.9
  }
}
layer {
  name: "ip2"
  type: "InnerProduct"
  bottom: "ip1"
  top: "ip2"
  inner_product_param {
    num_output: 1000
    weight_filler {
      type: "gaussian"
      mean: 0
      std: 0.01
    }
  }
  bias_param {
    filler {
      value: 0
    }
  }
  fixed_precision: true
  precision {
    enter: 2
    fraccio: 14
    rounding: "withProb"
    prob: 0.9
  }
}
layer {
  name: "relu2"
  type: "ReLU"
  bottom: "ip2"
  top: "ip2"
  bias_param {
    filler {
      value: 0
    }
  }
  fixed_precision: true
  precision {
    enter: 2
    fraccio: 14
    rounding: "withProb"
    prob: 0.9
  }
}
layer {
  name: "ip3"
  type: "InnerProduct"
  bottom: "ip2"
  top: "ip3"
  inner_product_param {
    num_output: 10
    weight_filler {
      type: "gaussian"
      mean: 0
      std: 0.01
    }
  }
  bias_param {
    filler {
      value: 0
    }
  }
  fixed_precision: true
  precision {
    enter: 2
    fraccio: 14
    rounding: "withProb"
    prob: 0.9
  }
}
layer {
  name: "accuracy"
  type: "Accuracy"
  bottom: "ip3"
  bottom: "label"
  top: "accuracy"
}
layer {
  name: "loss"
  type: "SoftmaxWithLoss"
  bottom: "ip3"
  bottom: "label"
  top: "loss"
  fixed_precision: true
  precision {
    enter: 2
    fraccio: 14
    rounding: "withProb"
    prob: 0.9
  }
}
I0408 00:17:51.516351  2899 layer_factory.hpp:77] Creating layer mnist
I0408 00:17:51.516463  2899 db_lmdb.cpp:35] Opened lmdb data/mnist_train_lmdb
I0408 00:17:51.516492  2899 net.cpp:84] Creating Layer mnist
I0408 00:17:51.516504  2899 net.cpp:380] mnist -> data
I0408 00:17:51.516530  2899 net.cpp:380] mnist -> label
I0408 00:17:51.516566  2899 data_layer.cpp:45] output data size: 100,1,28,28
I0408 00:17:51.518378  2899 net.cpp:122] Setting up mnist
I0408 00:17:51.518402  2899 net.cpp:129] Top shape: 100 1 28 28 (78400)
I0408 00:17:51.518412  2899 net.cpp:129] Top shape: 100 (100)
I0408 00:17:51.518419  2899 net.cpp:137] Memory required for data: 628000
I0408 00:17:51.518429  2899 layer_factory.hpp:77] Creating layer label_mnist_1_split
I0408 00:17:51.518445  2899 net.cpp:84] Creating Layer label_mnist_1_split
I0408 00:17:51.518455  2899 net.cpp:406] label_mnist_1_split <- label
I0408 00:17:51.518466  2899 net.cpp:380] label_mnist_1_split -> label_mnist_1_split_0
I0408 00:17:51.518479  2899 net.cpp:380] label_mnist_1_split -> label_mnist_1_split_1
I0408 00:17:51.518491  2899 net.cpp:122] Setting up label_mnist_1_split
I0408 00:17:51.518501  2899 net.cpp:129] Top shape: 100 (100)
I0408 00:17:51.518508  2899 net.cpp:129] Top shape: 100 (100)
I0408 00:17:51.518514  2899 net.cpp:137] Memory required for data: 629600
I0408 00:17:51.518522  2899 layer_factory.hpp:77] Creating layer ip1
I0408 00:17:51.518537  2899 net.cpp:84] Creating Layer ip1
I0408 00:17:51.518544  2899 net.cpp:406] ip1 <- data
I0408 00:17:51.518553  2899 net.cpp:380] ip1 -> ip1
I0408 00:17:51.626144  2899 net.cpp:122] Setting up ip1
I0408 00:17:51.626180  2899 net.cpp:129] Top shape: 100 1000 (100000)
I0408 00:17:51.626188  2899 net.cpp:137] Memory required for data: 1429600
I0408 00:17:51.626204  2899 layer_factory.hpp:77] Creating layer relu1
I0408 00:17:51.626216  2899 net.cpp:84] Creating Layer relu1
I0408 00:17:51.626222  2899 net.cpp:406] relu1 <- ip1
I0408 00:17:51.626230  2899 net.cpp:367] relu1 -> ip1 (in-place)
I0408 00:17:51.626243  2899 net.cpp:122] Setting up relu1
I0408 00:17:51.626248  2899 net.cpp:129] Top shape: 100 1000 (100000)
I0408 00:17:51.626252  2899 net.cpp:137] Memory required for data: 2229600
I0408 00:17:51.626256  2899 layer_factory.hpp:77] Creating layer ip2
I0408 00:17:51.626266  2899 net.cpp:84] Creating Layer ip2
I0408 00:17:51.626271  2899 net.cpp:406] ip2 <- ip1
I0408 00:17:51.626276  2899 net.cpp:380] ip2 -> ip2
I0408 00:17:51.725805  2899 net.cpp:122] Setting up ip2
I0408 00:17:51.725845  2899 net.cpp:129] Top shape: 100 1000 (100000)
I0408 00:17:51.725852  2899 net.cpp:137] Memory required for data: 3029600
I0408 00:17:51.725867  2899 layer_factory.hpp:77] Creating layer relu2
I0408 00:17:51.725890  2899 net.cpp:84] Creating Layer relu2
I0408 00:17:51.725909  2899 net.cpp:406] relu2 <- ip2
I0408 00:17:51.725917  2899 net.cpp:367] relu2 -> ip2 (in-place)
I0408 00:17:51.725929  2899 net.cpp:122] Setting up relu2
I0408 00:17:51.725934  2899 net.cpp:129] Top shape: 100 1000 (100000)
I0408 00:17:51.725939  2899 net.cpp:137] Memory required for data: 3829600
I0408 00:17:51.725944  2899 layer_factory.hpp:77] Creating layer ip3
I0408 00:17:51.725952  2899 net.cpp:84] Creating Layer ip3
I0408 00:17:51.725957  2899 net.cpp:406] ip3 <- ip2
I0408 00:17:51.725963  2899 net.cpp:380] ip3 -> ip3
I0408 00:17:51.727108  2899 net.cpp:122] Setting up ip3
I0408 00:17:51.727118  2899 net.cpp:129] Top shape: 100 10 (1000)
I0408 00:17:51.727123  2899 net.cpp:137] Memory required for data: 3837600
I0408 00:17:51.727133  2899 layer_factory.hpp:77] Creating layer ip3_ip3_0_split
I0408 00:17:51.727141  2899 net.cpp:84] Creating Layer ip3_ip3_0_split
I0408 00:17:51.727146  2899 net.cpp:406] ip3_ip3_0_split <- ip3
I0408 00:17:51.727152  2899 net.cpp:380] ip3_ip3_0_split -> ip3_ip3_0_split_0
I0408 00:17:51.727160  2899 net.cpp:380] ip3_ip3_0_split -> ip3_ip3_0_split_1
I0408 00:17:51.727169  2899 net.cpp:122] Setting up ip3_ip3_0_split
I0408 00:17:51.727175  2899 net.cpp:129] Top shape: 100 10 (1000)
I0408 00:17:51.727180  2899 net.cpp:129] Top shape: 100 10 (1000)
I0408 00:17:51.727185  2899 net.cpp:137] Memory required for data: 3853600
I0408 00:17:51.727190  2899 layer_factory.hpp:77] Creating layer accuracy
I0408 00:17:51.727200  2899 net.cpp:84] Creating Layer accuracy
I0408 00:17:51.727205  2899 net.cpp:406] accuracy <- ip3_ip3_0_split_0
I0408 00:17:51.727210  2899 net.cpp:406] accuracy <- label_mnist_1_split_0
I0408 00:17:51.727216  2899 net.cpp:380] accuracy -> accuracy
I0408 00:17:51.727223  2899 net.cpp:122] Setting up accuracy
I0408 00:17:51.727229  2899 net.cpp:129] Top shape: (1)
I0408 00:17:51.727233  2899 net.cpp:137] Memory required for data: 3853608
I0408 00:17:51.727237  2899 layer_factory.hpp:77] Creating layer loss
I0408 00:17:51.727249  2899 net.cpp:84] Creating Layer loss
I0408 00:17:51.727254  2899 net.cpp:406] loss <- ip3_ip3_0_split_1
I0408 00:17:51.727259  2899 net.cpp:406] loss <- label_mnist_1_split_1
I0408 00:17:51.727265  2899 net.cpp:380] loss -> loss
I0408 00:17:51.727280  2899 layer_factory.hpp:77] Creating layer loss
I0408 00:17:51.727303  2899 net.cpp:122] Setting up loss
I0408 00:17:51.727309  2899 net.cpp:129] Top shape: (1)
I0408 00:17:51.727313  2899 net.cpp:132]     with loss weight 1
I0408 00:17:51.727339  2899 net.cpp:137] Memory required for data: 3853616
I0408 00:17:51.727342  2899 net.cpp:198] loss needs backward computation.
I0408 00:17:51.727349  2899 net.cpp:200] accuracy does not need backward computation.
I0408 00:17:51.727354  2899 net.cpp:198] ip3_ip3_0_split needs backward computation.
I0408 00:17:51.727358  2899 net.cpp:198] ip3 needs backward computation.
I0408 00:17:51.727362  2899 net.cpp:198] relu2 needs backward computation.
I0408 00:17:51.727367  2899 net.cpp:198] ip2 needs backward computation.
I0408 00:17:51.727371  2899 net.cpp:198] relu1 needs backward computation.
I0408 00:17:51.727376  2899 net.cpp:198] ip1 needs backward computation.
I0408 00:17:51.727381  2899 net.cpp:200] label_mnist_1_split does not need backward computation.
I0408 00:17:51.727386  2899 net.cpp:200] mnist does not need backward computation.
I0408 00:17:51.727391  2899 net.cpp:242] This network produces output accuracy
I0408 00:17:51.727396  2899 net.cpp:242] This network produces output loss
I0408 00:17:51.727407  2899 net.cpp:255] Network initialization done.
I0408 00:17:51.727468  2899 solver.cpp:173] Creating test net (#0) specified by net_param
I0408 00:17:51.727489  2899 net.cpp:294] The NetState phase (1) differed from the phase (0) specified by a rule in layer mnist
I0408 00:17:51.727635  2899 net.cpp:51] Initializing net from parameters: 
name: "LeNet"
state {
  phase: TEST
}
layer {
  name: "mnist"
  type: "Data"
  top: "data"
  top: "label"
  include {
    phase: TEST
  }
  transform_param {
    scale: 0.00390625
  }
  data_param {
    source: "data/mnist_test_lmdb"
    batch_size: 100
    backend: LMDB
  }
}
layer {
  name: "ip1"
  type: "InnerProduct"
  bottom: "data"
  top: "ip1"
  inner_product_param {
    num_output: 1000
    weight_filler {
      type: "gaussian"
      mean: 0
      std: 0.01
    }
  }
  bias_param {
    filler {
      value: 0
    }
  }
  fixed_precision: true
  precision {
    enter: 2
    fraccio: 14
    rounding: "withProb"
    prob: 0.9
  }
}
layer {
  name: "relu1"
  type: "ReLU"
  bottom: "ip1"
  top: "ip1"
  fixed_precision: true
  precision {
    enter: 2
    fraccio: 14
    rounding: "withProb"
    prob: 0.9
  }
}
layer {
  name: "ip2"
  type: "InnerProduct"
  bottom: "ip1"
  top: "ip2"
  inner_product_param {
    num_output: 1000
    weight_filler {
      type: "gaussian"
      mean: 0
      std: 0.01
    }
  }
  bias_param {
    filler {
      value: 0
    }
  }
  fixed_precision: true
  precision {
    enter: 2
    fraccio: 14
    rounding: "withProb"
    prob: 0.9
  }
}
layer {
  name: "relu2"
  type: "ReLU"
  bottom: "ip2"
  top: "ip2"
  bias_param {
    filler {
      value: 0
    }
  }
  fixed_precision: true
  precision {
    enter: 2
    fraccio: 14
    rounding: "withProb"
    prob: 0.9
  }
}
layer {
  name: "ip3"
  type: "InnerProduct"
  bottom: "ip2"
  top: "ip3"
  inner_product_param {
    num_output: 10
    weight_filler {
      type: "gaussian"
      mean: 0
      std: 0.01
    }
  }
  bias_param {
    filler {
      value: 0
    }
  }
  fixed_precision: true
  precision {
    enter: 2
    fraccio: 14
    rounding: "withProb"
    prob: 0.9
  }
}
layer {
  name: "accuracy"
  type: "Accuracy"
  bottom: "ip3"
  bottom: "label"
  top: "accuracy"
}
layer {
  name: "loss"
  type: "SoftmaxWithLoss"
  bottom: "ip3"
  bottom: "label"
  top: "loss"
  fixed_precision: true
  precision {
    enter: 2
    fraccio: 14
    rounding: "withProb"
    prob: 0.9
  }
}
I0408 00:17:51.727706  2899 layer_factory.hpp:77] Creating layer mnist
I0408 00:17:51.727767  2899 db_lmdb.cpp:35] Opened lmdb data/mnist_test_lmdb
I0408 00:17:51.727783  2899 net.cpp:84] Creating Layer mnist
I0408 00:17:51.727789  2899 net.cpp:380] mnist -> data
I0408 00:17:51.727798  2899 net.cpp:380] mnist -> label
I0408 00:17:51.727815  2899 data_layer.cpp:45] output data size: 100,1,28,28
I0408 00:17:51.728770  2899 net.cpp:122] Setting up mnist
I0408 00:17:51.728792  2899 net.cpp:129] Top shape: 100 1 28 28 (78400)
I0408 00:17:51.728799  2899 net.cpp:129] Top shape: 100 (100)
I0408 00:17:51.728803  2899 net.cpp:137] Memory required for data: 628000
I0408 00:17:51.728811  2899 layer_factory.hpp:77] Creating layer label_mnist_1_split
I0408 00:17:51.728822  2899 net.cpp:84] Creating Layer label_mnist_1_split
I0408 00:17:51.728828  2899 net.cpp:406] label_mnist_1_split <- label
I0408 00:17:51.728837  2899 net.cpp:380] label_mnist_1_split -> label_mnist_1_split_0
I0408 00:17:51.728845  2899 net.cpp:380] label_mnist_1_split -> label_mnist_1_split_1
I0408 00:17:51.728857  2899 net.cpp:122] Setting up label_mnist_1_split
I0408 00:17:51.728863  2899 net.cpp:129] Top shape: 100 (100)
I0408 00:17:51.728869  2899 net.cpp:129] Top shape: 100 (100)
I0408 00:17:51.728873  2899 net.cpp:137] Memory required for data: 629600
I0408 00:17:51.728879  2899 layer_factory.hpp:77] Creating layer ip1
I0408 00:17:51.728888  2899 net.cpp:84] Creating Layer ip1
I0408 00:17:51.728894  2899 net.cpp:406] ip1 <- data
I0408 00:17:51.728902  2899 net.cpp:380] ip1 -> ip1
I0408 00:17:51.811605  2899 net.cpp:122] Setting up ip1
I0408 00:17:51.811638  2899 net.cpp:129] Top shape: 100 1000 (100000)
I0408 00:17:51.811643  2899 net.cpp:137] Memory required for data: 1429600
I0408 00:17:51.811660  2899 layer_factory.hpp:77] Creating layer relu1
I0408 00:17:51.811671  2899 net.cpp:84] Creating Layer relu1
I0408 00:17:51.811676  2899 net.cpp:406] relu1 <- ip1
I0408 00:17:51.811686  2899 net.cpp:367] relu1 -> ip1 (in-place)
I0408 00:17:51.811694  2899 net.cpp:122] Setting up relu1
I0408 00:17:51.811700  2899 net.cpp:129] Top shape: 100 1000 (100000)
I0408 00:17:51.811712  2899 net.cpp:137] Memory required for data: 2229600
I0408 00:17:51.811728  2899 layer_factory.hpp:77] Creating layer ip2
I0408 00:17:51.811738  2899 net.cpp:84] Creating Layer ip2
I0408 00:17:51.811743  2899 net.cpp:406] ip2 <- ip1
I0408 00:17:51.811751  2899 net.cpp:380] ip2 -> ip2
I0408 00:17:51.915768  2899 net.cpp:122] Setting up ip2
I0408 00:17:51.915802  2899 net.cpp:129] Top shape: 100 1000 (100000)
I0408 00:17:51.915805  2899 net.cpp:137] Memory required for data: 3029600
I0408 00:17:51.915820  2899 layer_factory.hpp:77] Creating layer relu2
I0408 00:17:51.915834  2899 net.cpp:84] Creating Layer relu2
I0408 00:17:51.915840  2899 net.cpp:406] relu2 <- ip2
I0408 00:17:51.915848  2899 net.cpp:367] relu2 -> ip2 (in-place)
I0408 00:17:51.915858  2899 net.cpp:122] Setting up relu2
I0408 00:17:51.915863  2899 net.cpp:129] Top shape: 100 1000 (100000)
I0408 00:17:51.915868  2899 net.cpp:137] Memory required for data: 3829600
I0408 00:17:51.915871  2899 layer_factory.hpp:77] Creating layer ip3
I0408 00:17:51.915880  2899 net.cpp:84] Creating Layer ip3
I0408 00:17:51.915884  2899 net.cpp:406] ip3 <- ip2
I0408 00:17:51.915890  2899 net.cpp:380] ip3 -> ip3
I0408 00:17:51.916968  2899 net.cpp:122] Setting up ip3
I0408 00:17:51.916983  2899 net.cpp:129] Top shape: 100 10 (1000)
I0408 00:17:51.916987  2899 net.cpp:137] Memory required for data: 3837600
I0408 00:17:51.916997  2899 layer_factory.hpp:77] Creating layer ip3_ip3_0_split
I0408 00:17:51.917006  2899 net.cpp:84] Creating Layer ip3_ip3_0_split
I0408 00:17:51.917011  2899 net.cpp:406] ip3_ip3_0_split <- ip3
I0408 00:17:51.917017  2899 net.cpp:380] ip3_ip3_0_split -> ip3_ip3_0_split_0
I0408 00:17:51.917024  2899 net.cpp:380] ip3_ip3_0_split -> ip3_ip3_0_split_1
I0408 00:17:51.917032  2899 net.cpp:122] Setting up ip3_ip3_0_split
I0408 00:17:51.917038  2899 net.cpp:129] Top shape: 100 10 (1000)
I0408 00:17:51.917044  2899 net.cpp:129] Top shape: 100 10 (1000)
I0408 00:17:51.917048  2899 net.cpp:137] Memory required for data: 3853600
I0408 00:17:51.917052  2899 layer_factory.hpp:77] Creating layer accuracy
I0408 00:17:51.917060  2899 net.cpp:84] Creating Layer accuracy
I0408 00:17:51.917065  2899 net.cpp:406] accuracy <- ip3_ip3_0_split_0
I0408 00:17:51.917070  2899 net.cpp:406] accuracy <- label_mnist_1_split_0
I0408 00:17:51.917078  2899 net.cpp:380] accuracy -> accuracy
I0408 00:17:51.917084  2899 net.cpp:122] Setting up accuracy
I0408 00:17:51.917089  2899 net.cpp:129] Top shape: (1)
I0408 00:17:51.917094  2899 net.cpp:137] Memory required for data: 3853608
I0408 00:17:51.917098  2899 layer_factory.hpp:77] Creating layer loss
I0408 00:17:51.917104  2899 net.cpp:84] Creating Layer loss
I0408 00:17:51.917109  2899 net.cpp:406] loss <- ip3_ip3_0_split_1
I0408 00:17:51.917114  2899 net.cpp:406] loss <- label_mnist_1_split_1
I0408 00:17:51.917122  2899 net.cpp:380] loss -> loss
I0408 00:17:51.917131  2899 layer_factory.hpp:77] Creating layer loss
I0408 00:17:51.917148  2899 net.cpp:122] Setting up loss
I0408 00:17:51.917155  2899 net.cpp:129] Top shape: (1)
I0408 00:17:51.917158  2899 net.cpp:132]     with loss weight 1
I0408 00:17:51.917171  2899 net.cpp:137] Memory required for data: 3853616
I0408 00:17:51.917176  2899 net.cpp:198] loss needs backward computation.
I0408 00:17:51.917179  2899 net.cpp:200] accuracy does not need backward computation.
I0408 00:17:51.917184  2899 net.cpp:198] ip3_ip3_0_split needs backward computation.
I0408 00:17:51.917189  2899 net.cpp:198] ip3 needs backward computation.
I0408 00:17:51.917193  2899 net.cpp:198] relu2 needs backward computation.
I0408 00:17:51.917197  2899 net.cpp:198] ip2 needs backward computation.
I0408 00:17:51.917201  2899 net.cpp:198] relu1 needs backward computation.
I0408 00:17:51.917206  2899 net.cpp:198] ip1 needs backward computation.
I0408 00:17:51.917210  2899 net.cpp:200] label_mnist_1_split does not need backward computation.
I0408 00:17:51.917215  2899 net.cpp:200] mnist does not need backward computation.
I0408 00:17:51.917220  2899 net.cpp:242] This network produces output accuracy
I0408 00:17:51.917232  2899 net.cpp:242] This network produces output loss
I0408 00:17:51.917251  2899 net.cpp:255] Network initialization done.
I0408 00:17:51.917296  2899 solver.cpp:56] Solver scaffolding done.
I0408 00:17:51.917320  2899 caffe_double.cpp:248] Starting Optimization
I0408 00:17:51.917325  2899 solver.cpp:273] Solving LeNet
I0408 00:17:51.917330  2899 solver.cpp:274] Learning Rate Policy: inv
I0408 00:17:51.920155  2899 solver.cpp:331] Iteration 0, Testing net (#0)
I0408 00:17:53.956620  2904 data_layer.cpp:73] Restarting data prefetching from start.
I0408 00:17:54.038540  2899 solver.cpp:398]     Test net output #0: accuracy = 0.0878
I0408 00:17:54.038600  2899 solver.cpp:398]     Test net output #1: loss = 2.3022 (* 1 = 2.3022 loss)
I0408 00:17:54.082334  2899 solver.cpp:219] Iteration 0 (-1.37772e-38 iter/s, 2.164s/600 iters), loss = 2.30245
I0408 00:17:54.082391  2899 solver.cpp:238]     Train net output #0: accuracy = 0.06
I0408 00:17:54.082409  2899 solver.cpp:238]     Train net output #1: loss = 2.30245 (* 1 = 2.30245 loss)
I0408 00:17:54.082423  2899 sgd_solver.cpp:107] Iteration 0, lr = 0.1
I0408 00:19:11.052078  2903 data_layer.cpp:73] Restarting data prefetching from start.
I0408 00:19:11.569730  2899 solver.cpp:331] Iteration 600, Testing net (#0)
I0408 00:19:13.632246  2904 data_layer.cpp:73] Restarting data prefetching from start.
I0408 00:19:13.740533  2899 solver.cpp:398]     Test net output #0: accuracy = 0.9537
I0408 00:19:13.740592  2899 solver.cpp:398]     Test net output #1: loss = 0.166893 (* 1 = 0.166893 loss)
I0408 00:19:13.783038  2899 solver.cpp:219] Iteration 600 (7.52823 iter/s, 79.7s/600 iters), loss = 0.113979
I0408 00:19:13.783092  2899 solver.cpp:238]     Train net output #0: accuracy = 0.96
I0408 00:19:13.783110  2899 solver.cpp:238]     Train net output #1: loss = 0.113979 (* 1 = 0.113979 loss)
I0408 00:19:13.783123  2899 sgd_solver.cpp:107] Iteration 600, lr = 0.0957239
I0408 00:20:30.288981  2903 data_layer.cpp:73] Restarting data prefetching from start.
I0408 00:20:30.807929  2899 solver.cpp:331] Iteration 1200, Testing net (#0)
I0408 00:20:32.823917  2904 data_layer.cpp:73] Restarting data prefetching from start.
I0408 00:20:32.902714  2899 solver.cpp:398]     Test net output #0: accuracy = 0.9745
I0408 00:20:32.902767  2899 solver.cpp:398]     Test net output #1: loss = 0.0901868 (* 1 = 0.0901868 loss)
I0408 00:20:32.945088  2899 solver.cpp:219] Iteration 1200 (7.57949 iter/s, 79.161s/600 iters), loss = 0.0714815
I0408 00:20:32.945143  2899 solver.cpp:238]     Train net output #0: accuracy = 0.98
I0408 00:20:32.945160  2899 solver.cpp:238]     Train net output #1: loss = 0.0714815 (* 1 = 0.0714815 loss)
I0408 00:20:32.945173  2899 sgd_solver.cpp:107] Iteration 1200, lr = 0.0918516
I0408 00:21:49.661487  2903 data_layer.cpp:73] Restarting data prefetching from start.
I0408 00:21:50.206951  2899 solver.cpp:331] Iteration 1800, Testing net (#0)
I0408 00:21:52.275601  2904 data_layer.cpp:73] Restarting data prefetching from start.
I0408 00:21:52.356467  2899 solver.cpp:398]     Test net output #0: accuracy = 0.9637
I0408 00:21:52.356520  2899 solver.cpp:398]     Test net output #1: loss = 0.151746 (* 1 = 0.151746 loss)
I0408 00:21:52.399150  2899 solver.cpp:219] Iteration 1800 (7.55163 iter/s, 79.453s/600 iters), loss = 0.0514131
I0408 00:21:52.399204  2899 solver.cpp:238]     Train net output #0: accuracy = 0.99
I0408 00:21:52.399221  2899 solver.cpp:238]     Train net output #1: loss = 0.0514131 (* 1 = 0.0514131 loss)
I0408 00:21:52.399235  2899 sgd_solver.cpp:107] Iteration 1800, lr = 0.088326
I0408 00:23:09.501327  2903 data_layer.cpp:73] Restarting data prefetching from start.
I0408 00:23:10.020527  2899 solver.cpp:331] Iteration 2400, Testing net (#0)
I0408 00:23:12.103592  2904 data_layer.cpp:73] Restarting data prefetching from start.
I0408 00:23:12.213361  2899 solver.cpp:398]     Test net output #0: accuracy = 0.9668
I0408 00:23:12.213418  2899 solver.cpp:398]     Test net output #1: loss = 0.13128 (* 1 = 0.13128 loss)
I0408 00:23:12.255679  2899 solver.cpp:219] Iteration 2400 (7.51352 iter/s, 79.856s/600 iters), loss = 0.0263505
I0408 00:23:12.255735  2899 solver.cpp:238]     Train net output #0: accuracy = 0.99
I0408 00:23:12.255753  2899 solver.cpp:238]     Train net output #1: loss = 0.0263505 (* 1 = 0.0263505 loss)
I0408 00:23:12.255765  2899 sgd_solver.cpp:107] Iteration 2400, lr = 0.0851008
I0408 00:24:28.960815  2903 data_layer.cpp:73] Restarting data prefetching from start.
I0408 00:24:29.461571  2899 solver.cpp:331] Iteration 3000, Testing net (#0)
I0408 00:24:31.484813  2904 data_layer.cpp:73] Restarting data prefetching from start.
I0408 00:24:31.565800  2899 solver.cpp:398]     Test net output #0: accuracy = 0.9782
I0408 00:24:31.565855  2899 solver.cpp:398]     Test net output #1: loss = 0.0855641 (* 1 = 0.0855641 loss)
I0408 00:24:31.608520  2899 solver.cpp:219] Iteration 3000 (7.56125 iter/s, 79.352s/600 iters), loss = 0.0173238
I0408 00:24:31.608579  2899 solver.cpp:238]     Train net output #0: accuracy = 1
I0408 00:24:31.608597  2899 solver.cpp:238]     Train net output #1: loss = 0.0173238 (* 1 = 0.0173238 loss)
I0408 00:24:31.608609  2899 sgd_solver.cpp:107] Iteration 3000, lr = 0.0821377
I0408 00:25:49.081176  2903 data_layer.cpp:73] Restarting data prefetching from start.
I0408 00:25:49.600862  2899 solver.cpp:331] Iteration 3600, Testing net (#0)
I0408 00:25:51.672080  2904 data_layer.cpp:73] Restarting data prefetching from start.
I0408 00:25:51.782567  2899 solver.cpp:398]     Test net output #0: accuracy = 0.9808
I0408 00:25:51.782626  2899 solver.cpp:398]     Test net output #1: loss = 0.0806676 (* 1 = 0.0806676 loss)
I0408 00:25:51.825307  2899 solver.cpp:219] Iteration 3600 (7.4798 iter/s, 80.216s/600 iters), loss = 0.0520986
I0408 00:25:51.825363  2899 solver.cpp:238]     Train net output #0: accuracy = 0.97
I0408 00:25:51.825381  2899 solver.cpp:238]     Train net output #1: loss = 0.0520986 (* 1 = 0.0520986 loss)
I0408 00:25:51.825393  2899 sgd_solver.cpp:107] Iteration 3600, lr = 0.0794046
I0408 00:27:09.407618  2903 data_layer.cpp:73] Restarting data prefetching from start.
I0408 00:27:09.928129  2899 solver.cpp:331] Iteration 4200, Testing net (#0)
I0408 00:27:11.993969  2904 data_layer.cpp:73] Restarting data prefetching from start.
I0408 00:27:12.074828  2899 solver.cpp:398]     Test net output #0: accuracy = 0.9823
I0408 00:27:12.074882  2899 solver.cpp:398]     Test net output #1: loss = 0.0823158 (* 1 = 0.0823158 loss)
I0408 00:27:12.117467  2899 solver.cpp:219] Iteration 4200 (7.47272 iter/s, 80.292s/600 iters), loss = 0.00346602
I0408 00:27:12.117524  2899 solver.cpp:238]     Train net output #0: accuracy = 1
I0408 00:27:12.117540  2899 solver.cpp:238]     Train net output #1: loss = 0.00346602 (* 1 = 0.00346602 loss)
I0408 00:27:12.117553  2899 sgd_solver.cpp:107] Iteration 4200, lr = 0.0768748
I0408 00:28:27.992522  2903 data_layer.cpp:73] Restarting data prefetching from start.
I0408 00:28:28.503314  2899 solver.cpp:331] Iteration 4800, Testing net (#0)
I0408 00:28:30.573719  2904 data_layer.cpp:73] Restarting data prefetching from start.
I0408 00:28:30.654637  2899 solver.cpp:398]     Test net output #0: accuracy = 0.9818
I0408 00:28:30.654695  2899 solver.cpp:398]     Test net output #1: loss = 0.0771212 (* 1 = 0.0771212 loss)
I0408 00:28:30.726934  2899 solver.cpp:219] Iteration 4800 (7.63271 iter/s, 78.609s/600 iters), loss = 0.00115068
I0408 00:28:30.726994  2899 solver.cpp:238]     Train net output #0: accuracy = 1
I0408 00:28:30.727010  2899 solver.cpp:238]     Train net output #1: loss = 0.00115068 (* 1 = 0.00115068 loss)
I0408 00:28:30.727023  2899 sgd_solver.cpp:107] Iteration 4800, lr = 0.0745253
I0408 00:29:48.215364  2903 data_layer.cpp:73] Restarting data prefetching from start.
I0408 00:29:48.736910  2899 solver.cpp:331] Iteration 5400, Testing net (#0)
I0408 00:29:50.804041  2904 data_layer.cpp:73] Restarting data prefetching from start.
I0408 00:29:50.884779  2899 solver.cpp:398]     Test net output #0: accuracy = 0.9824
I0408 00:29:50.884834  2899 solver.cpp:398]     Test net output #1: loss = 0.0922108 (* 1 = 0.0922108 loss)
I0408 00:29:50.927474  2899 solver.cpp:219] Iteration 5400 (7.4813 iter/s, 80.2s/600 iters), loss = 0.00070683
I0408 00:29:50.927531  2899 solver.cpp:238]     Train net output #0: accuracy = 1
I0408 00:29:50.927547  2899 solver.cpp:238]     Train net output #1: loss = 0.00070683 (* 1 = 0.00070683 loss)
I0408 00:29:50.927561  2899 sgd_solver.cpp:107] Iteration 5400, lr = 0.0723368
I0408 00:31:08.217862  2903 data_layer.cpp:73] Restarting data prefetching from start.
I0408 00:31:08.739580  2899 solver.cpp:331] Iteration 6000, Testing net (#0)
I0408 00:31:10.819839  2904 data_layer.cpp:73] Restarting data prefetching from start.
I0408 00:31:10.900658  2899 solver.cpp:398]     Test net output #0: accuracy = 0.9794
I0408 00:31:10.900713  2899 solver.cpp:398]     Test net output #1: loss = 0.0994817 (* 1 = 0.0994817 loss)
I0408 00:31:10.943331  2899 solver.cpp:219] Iteration 6000 (7.49859 iter/s, 80.015s/600 iters), loss = 0.00669123
I0408 00:31:10.943387  2899 solver.cpp:238]     Train net output #0: accuracy = 1
I0408 00:31:10.943404  2899 solver.cpp:238]     Train net output #1: loss = 0.00669123 (* 1 = 0.00669123 loss)
I0408 00:31:10.943418  2899 sgd_solver.cpp:107] Iteration 6000, lr = 0.0702927
I0408 00:32:28.305943  2903 data_layer.cpp:73] Restarting data prefetching from start.
I0408 00:32:28.828868  2899 solver.cpp:331] Iteration 6600, Testing net (#0)
I0408 00:32:30.904690  2904 data_layer.cpp:73] Restarting data prefetching from start.
I0408 00:32:30.985523  2899 solver.cpp:398]     Test net output #0: accuracy = 0.985
I0408 00:32:30.985579  2899 solver.cpp:398]     Test net output #1: loss = 0.0709258 (* 1 = 0.0709258 loss)
I0408 00:32:31.028213  2899 solver.cpp:219] Iteration 6600 (7.49213 iter/s, 80.084s/600 iters), loss = 0.00280232
I0408 00:32:31.028270  2899 solver.cpp:238]     Train net output #0: accuracy = 1
I0408 00:32:31.028286  2899 solver.cpp:238]     Train net output #1: loss = 0.00280232 (* 1 = 0.00280232 loss)
I0408 00:32:31.028300  2899 sgd_solver.cpp:107] Iteration 6600, lr = 0.0683784
I0408 00:33:48.956773  2903 data_layer.cpp:73] Restarting data prefetching from start.
I0408 00:33:49.457968  2899 solver.cpp:331] Iteration 7200, Testing net (#0)
I0408 00:33:51.531571  2904 data_layer.cpp:73] Restarting data prefetching from start.
I0408 00:33:51.613234  2899 solver.cpp:398]     Test net output #0: accuracy = 0.9859
I0408 00:33:51.613286  2899 solver.cpp:398]     Test net output #1: loss = 0.0780466 (* 1 = 0.0780466 loss)
I0408 00:33:51.656229  2899 solver.cpp:219] Iteration 7200 (7.44168 iter/s, 80.627s/600 iters), loss = 0.000820576
I0408 00:33:51.656286  2899 solver.cpp:238]     Train net output #0: accuracy = 1
I0408 00:33:51.656301  2899 solver.cpp:238]     Train net output #1: loss = 0.000820576 (* 1 = 0.000820576 loss)
I0408 00:33:51.656314  2899 sgd_solver.cpp:107] Iteration 7200, lr = 0.0665815
I0408 00:35:09.870640  2903 data_layer.cpp:73] Restarting data prefetching from start.
I0408 00:35:10.375934  2899 solver.cpp:331] Iteration 7800, Testing net (#0)
I0408 00:35:12.433171  2904 data_layer.cpp:73] Restarting data prefetching from start.
I0408 00:35:12.513993  2899 solver.cpp:398]     Test net output #0: accuracy = 0.9851
I0408 00:35:12.514047  2899 solver.cpp:398]     Test net output #1: loss = 0.0789257 (* 1 = 0.0789257 loss)
I0408 00:35:12.556684  2899 solver.cpp:219] Iteration 7800 (7.41656 iter/s, 80.9s/600 iters), loss = 0.00208578
I0408 00:35:12.556743  2899 solver.cpp:238]     Train net output #0: accuracy = 1
I0408 00:35:12.556759  2899 solver.cpp:238]     Train net output #1: loss = 0.00208578 (* 1 = 0.00208578 loss)
I0408 00:35:12.556773  2899 sgd_solver.cpp:107] Iteration 7800, lr = 0.0648911
I0408 00:36:30.566715  2903 data_layer.cpp:73] Restarting data prefetching from start.
I0408 00:36:31.099467  2899 solver.cpp:331] Iteration 8400, Testing net (#0)
I0408 00:36:33.200212  2904 data_layer.cpp:73] Restarting data prefetching from start.
I0408 00:36:33.286422  2899 solver.cpp:398]     Test net output #0: accuracy = 0.9864
I0408 00:36:33.286497  2899 solver.cpp:398]     Test net output #1: loss = 0.0758439 (* 1 = 0.0758439 loss)
I0408 00:36:33.328958  2899 solver.cpp:219] Iteration 8400 (7.42832 iter/s, 80.772s/600 iters), loss = 0.000225749
I0408 00:36:33.329012  2899 solver.cpp:238]     Train net output #0: accuracy = 1
I0408 00:36:33.329028  2899 solver.cpp:238]     Train net output #1: loss = 0.000225749 (* 1 = 0.000225749 loss)
I0408 00:36:33.329041  2899 sgd_solver.cpp:107] Iteration 8400, lr = 0.0632975
I0408 00:37:52.442090  2903 data_layer.cpp:73] Restarting data prefetching from start.
I0408 00:37:52.975352  2899 solver.cpp:331] Iteration 9000, Testing net (#0)
I0408 00:37:55.074440  2904 data_layer.cpp:73] Restarting data prefetching from start.
I0408 00:37:55.155918  2899 solver.cpp:398]     Test net output #0: accuracy = 0.9862
I0408 00:37:55.155974  2899 solver.cpp:398]     Test net output #1: loss = 0.0789192 (* 1 = 0.0789192 loss)
I0408 00:37:55.228186  2899 solver.cpp:219] Iteration 9000 (7.3261 iter/s, 81.899s/600 iters), loss = 0.00017857
I0408 00:37:55.228246  2899 solver.cpp:238]     Train net output #0: accuracy = 1
I0408 00:37:55.228265  2899 solver.cpp:238]     Train net output #1: loss = 0.00017857 (* 1 = 0.00017857 loss)
I0408 00:37:55.228277  2899 sgd_solver.cpp:107] Iteration 9000, lr = 0.0617924
I0408 00:39:14.099644  2903 data_layer.cpp:73] Restarting data prefetching from start.
I0408 00:39:14.629844  2899 solver.cpp:331] Iteration 9600, Testing net (#0)
I0408 00:39:16.719671  2904 data_layer.cpp:73] Restarting data prefetching from start.
I0408 00:39:16.800549  2899 solver.cpp:398]     Test net output #0: accuracy = 0.9863
I0408 00:39:16.800602  2899 solver.cpp:398]     Test net output #1: loss = 0.0779145 (* 1 = 0.0779145 loss)
I0408 00:39:16.843233  2899 solver.cpp:219] Iteration 9600 (7.35168 iter/s, 81.614s/600 iters), loss = 0.000179495
I0408 00:39:16.843289  2899 solver.cpp:238]     Train net output #0: accuracy = 1
I0408 00:39:16.843307  2899 solver.cpp:238]     Train net output #1: loss = 0.000179495 (* 1 = 0.000179495 loss)
I0408 00:39:16.843319  2899 sgd_solver.cpp:107] Iteration 9600, lr = 0.0603682
I0408 00:40:35.526561  2903 data_layer.cpp:73] Restarting data prefetching from start.
I0408 00:40:36.062543  2899 solver.cpp:331] Iteration 10200, Testing net (#0)
I0408 00:40:38.145639  2904 data_layer.cpp:73] Restarting data prefetching from start.
I0408 00:40:38.259752  2899 solver.cpp:398]     Test net output #0: accuracy = 0.9867
I0408 00:40:38.259809  2899 solver.cpp:398]     Test net output #1: loss = 0.0788858 (* 1 = 0.0788858 loss)
I0408 00:40:38.302223  2899 solver.cpp:219] Iteration 10200 (7.36576 iter/s, 81.458s/600 iters), loss = 0.000140637
I0408 00:40:38.302279  2899 solver.cpp:238]     Train net output #0: accuracy = 1
I0408 00:40:38.302297  2899 solver.cpp:238]     Train net output #1: loss = 0.000140637 (* 1 = 0.000140637 loss)
I0408 00:40:38.302311  2899 sgd_solver.cpp:107] Iteration 10200, lr = 0.0590183
I0408 00:41:57.162312  2903 data_layer.cpp:73] Restarting data prefetching from start.
I0408 00:41:57.707468  2899 solver.cpp:331] Iteration 10800, Testing net (#0)
I0408 00:41:59.787670  2904 data_layer.cpp:73] Restarting data prefetching from start.
I0408 00:41:59.868585  2899 solver.cpp:398]     Test net output #0: accuracy = 0.9865
I0408 00:41:59.868639  2899 solver.cpp:398]     Test net output #1: loss = 0.0793478 (* 1 = 0.0793478 loss)
I0408 00:41:59.911213  2899 solver.cpp:219] Iteration 10800 (7.35222 iter/s, 81.608s/600 iters), loss = 0.000113834
I0408 00:41:59.911268  2899 solver.cpp:238]     Train net output #0: accuracy = 1
I0408 00:41:59.911284  2899 solver.cpp:238]     Train net output #1: loss = 0.000113834 (* 1 = 0.000113834 loss)
I0408 00:41:59.911298  2899 sgd_solver.cpp:107] Iteration 10800, lr = 0.0577368
I0408 00:43:17.662953  2903 data_layer.cpp:73] Restarting data prefetching from start.
I0408 00:43:18.208812  2899 solver.cpp:331] Iteration 11400, Testing net (#0)
I0408 00:43:20.284782  2904 data_layer.cpp:73] Restarting data prefetching from start.
I0408 00:43:20.365619  2899 solver.cpp:398]     Test net output #0: accuracy = 0.9867
I0408 00:43:20.365687  2899 solver.cpp:398]     Test net output #1: loss = 0.0797999 (* 1 = 0.0797999 loss)
I0408 00:43:20.408316  2899 solver.cpp:219] Iteration 11400 (7.45369 iter/s, 80.497s/600 iters), loss = 9.58506e-05
I0408 00:43:20.408370  2899 solver.cpp:238]     Train net output #0: accuracy = 1
I0408 00:43:20.408386  2899 solver.cpp:238]     Train net output #1: loss = 9.58506e-05 (* 1 = 9.58506e-05 loss)
I0408 00:43:20.408398  2899 sgd_solver.cpp:107] Iteration 11400, lr = 0.0565184
I0408 00:44:38.471974  2903 data_layer.cpp:73] Restarting data prefetching from start.
I0408 00:44:39.011633  2899 solver.cpp:331] Iteration 12000, Testing net (#0)
I0408 00:44:41.097790  2904 data_layer.cpp:73] Restarting data prefetching from start.
I0408 00:44:41.205691  2899 solver.cpp:398]     Test net output #0: accuracy = 0.9868
I0408 00:44:41.205751  2899 solver.cpp:398]     Test net output #1: loss = 0.0802599 (* 1 = 0.0802599 loss)
I0408 00:44:41.257248  2899 solver.cpp:219] Iteration 12000 (7.42133 iter/s, 80.848s/600 iters), loss = 8.29769e-05
I0408 00:44:41.257308  2899 solver.cpp:238]     Train net output #0: accuracy = 1
I0408 00:44:41.257324  2899 solver.cpp:238]     Train net output #1: loss = 8.29769e-05 (* 1 = 8.29769e-05 loss)
I0408 00:44:41.257338  2899 sgd_solver.cpp:107] Iteration 12000, lr = 0.0553583
I0408 00:46:01.131734  2903 data_layer.cpp:73] Restarting data prefetching from start.
I0408 00:46:01.670375  2899 solver.cpp:331] Iteration 12600, Testing net (#0)
I0408 00:46:03.787266  2904 data_layer.cpp:73] Restarting data prefetching from start.
I0408 00:46:03.867959  2899 solver.cpp:398]     Test net output #0: accuracy = 0.9869
I0408 00:46:03.868012  2899 solver.cpp:398]     Test net output #1: loss = 0.0806705 (* 1 = 0.0806705 loss)
I0408 00:46:03.910622  2899 solver.cpp:219] Iteration 12600 (7.25926 iter/s, 82.653s/600 iters), loss = 7.1839e-05
I0408 00:46:03.910681  2899 solver.cpp:238]     Train net output #0: accuracy = 1
I0408 00:46:03.910706  2899 solver.cpp:238]     Train net output #1: loss = 7.1839e-05 (* 1 = 7.1839e-05 loss)
I0408 00:46:03.910720  2899 sgd_solver.cpp:107] Iteration 12600, lr = 0.0542524
I0408 00:47:23.164952  2903 data_layer.cpp:73] Restarting data prefetching from start.
I0408 00:47:23.708297  2899 solver.cpp:331] Iteration 13200, Testing net (#0)
I0408 00:47:25.786948  2904 data_layer.cpp:73] Restarting data prefetching from start.
I0408 00:47:25.867867  2899 solver.cpp:398]     Test net output #0: accuracy = 0.9869
I0408 00:47:25.867921  2899 solver.cpp:398]     Test net output #1: loss = 0.0810394 (* 1 = 0.0810394 loss)
I0408 00:47:25.910588  2899 solver.cpp:219] Iteration 13200 (7.31716 iter/s, 81.999s/600 iters), loss = 6.41142e-05
I0408 00:47:25.910645  2899 solver.cpp:238]     Train net output #0: accuracy = 1
I0408 00:47:25.910661  2899 solver.cpp:238]     Train net output #1: loss = 6.41142e-05 (* 1 = 6.41142e-05 loss)
I0408 00:47:25.910673  2899 sgd_solver.cpp:107] Iteration 13200, lr = 0.0531966
I0408 00:48:45.790473  2903 data_layer.cpp:73] Restarting data prefetching from start.
I0408 00:48:46.332448  2899 solver.cpp:331] Iteration 13800, Testing net (#0)
I0408 00:48:48.421895  2904 data_layer.cpp:73] Restarting data prefetching from start.
I0408 00:48:48.502845  2899 solver.cpp:398]     Test net output #0: accuracy = 0.987
I0408 00:48:48.502900  2899 solver.cpp:398]     Test net output #1: loss = 0.0813685 (* 1 = 0.0813685 loss)
I0408 00:48:48.545574  2899 solver.cpp:219] Iteration 13800 (7.26093 iter/s, 82.634s/600 iters), loss = 5.7283e-05
I0408 00:48:48.545631  2899 solver.cpp:238]     Train net output #0: accuracy = 1
I0408 00:48:48.545647  2899 solver.cpp:238]     Train net output #1: loss = 5.7283e-05 (* 1 = 5.7283e-05 loss)
I0408 00:48:48.545660  2899 sgd_solver.cpp:107] Iteration 13800, lr = 0.0521876
I0408 00:50:08.880595  2903 data_layer.cpp:73] Restarting data prefetching from start.
I0408 00:50:09.423862  2899 solver.cpp:331] Iteration 14400, Testing net (#0)
I0408 00:50:11.511693  2904 data_layer.cpp:73] Restarting data prefetching from start.
I0408 00:50:11.592818  2899 solver.cpp:398]     Test net output #0: accuracy = 0.987
I0408 00:50:11.592872  2899 solver.cpp:398]     Test net output #1: loss = 0.08165 (* 1 = 0.08165 loss)
I0408 00:50:11.635742  2899 solver.cpp:219] Iteration 14400 (7.22109 iter/s, 83.09s/600 iters), loss = 5.23015e-05
I0408 00:50:11.635799  2899 solver.cpp:238]     Train net output #0: accuracy = 1
I0408 00:50:11.635817  2899 solver.cpp:238]     Train net output #1: loss = 5.23015e-05 (* 1 = 5.23015e-05 loss)
I0408 00:50:11.635828  2899 sgd_solver.cpp:107] Iteration 14400, lr = 0.0512221
I0408 00:51:30.638965  2903 data_layer.cpp:73] Restarting data prefetching from start.
I0408 00:51:31.207947  2899 solver.cpp:331] Iteration 15000, Testing net (#0)
I0408 00:51:33.298362  2904 data_layer.cpp:73] Restarting data prefetching from start.
I0408 00:51:33.379122  2899 solver.cpp:398]     Test net output #0: accuracy = 0.9871
I0408 00:51:33.379175  2899 solver.cpp:398]     Test net output #1: loss = 0.0818888 (* 1 = 0.0818888 loss)
I0408 00:51:33.421661  2899 solver.cpp:219] Iteration 15000 (7.33631 iter/s, 81.785s/600 iters), loss = 4.77348e-05
I0408 00:51:33.421716  2899 solver.cpp:238]     Train net output #0: accuracy = 1
I0408 00:51:33.421732  2899 solver.cpp:238]     Train net output #1: loss = 4.77348e-05 (* 1 = 4.77348e-05 loss)
I0408 00:51:33.421746  2899 sgd_solver.cpp:107] Iteration 15000, lr = 0.0502973
I0408 00:52:53.598449  2903 data_layer.cpp:73] Restarting data prefetching from start.
I0408 00:52:54.135505  2899 solver.cpp:331] Iteration 15600, Testing net (#0)
I0408 00:52:56.246134  2904 data_layer.cpp:73] Restarting data prefetching from start.
I0408 00:52:56.327028  2899 solver.cpp:398]     Test net output #0: accuracy = 0.9872
I0408 00:52:56.327083  2899 solver.cpp:398]     Test net output #1: loss = 0.0821714 (* 1 = 0.0821714 loss)
I0408 00:52:56.369810  2899 solver.cpp:219] Iteration 15600 (7.23345 iter/s, 82.948s/600 iters), loss = 4.47058e-05
I0408 00:52:56.369865  2899 solver.cpp:238]     Train net output #0: accuracy = 1
I0408 00:52:56.369882  2899 solver.cpp:238]     Train net output #1: loss = 4.47058e-05 (* 1 = 4.47058e-05 loss)
I0408 00:52:56.369894  2899 sgd_solver.cpp:107] Iteration 15600, lr = 0.0494106
I0408 00:54:15.967663  2903 data_layer.cpp:73] Restarting data prefetching from start.
I0408 00:54:16.489159  2899 solver.cpp:331] Iteration 16200, Testing net (#0)
I0408 00:54:18.564057  2904 data_layer.cpp:73] Restarting data prefetching from start.
I0408 00:54:18.645581  2899 solver.cpp:398]     Test net output #0: accuracy = 0.9872
I0408 00:54:18.645634  2899 solver.cpp:398]     Test net output #1: loss = 0.0824296 (* 1 = 0.0824296 loss)
I0408 00:54:18.733067  2899 solver.cpp:219] Iteration 16200 (7.28482 iter/s, 82.363s/600 iters), loss = 4.17872e-05
I0408 00:54:18.733122  2899 solver.cpp:238]     Train net output #0: accuracy = 1
I0408 00:54:18.733139  2899 solver.cpp:238]     Train net output #1: loss = 4.17872e-05 (* 1 = 4.17872e-05 loss)
I0408 00:54:18.733150  2899 sgd_solver.cpp:107] Iteration 16200, lr = 0.0485595
I0408 00:55:38.338727  2903 data_layer.cpp:73] Restarting data prefetching from start.
I0408 00:55:38.857647  2899 solver.cpp:331] Iteration 16800, Testing net (#0)
I0408 00:55:40.930961  2904 data_layer.cpp:73] Restarting data prefetching from start.
I0408 00:55:41.012204  2899 solver.cpp:398]     Test net output #0: accuracy = 0.9871
I0408 00:55:41.012259  2899 solver.cpp:398]     Test net output #1: loss = 0.08266 (* 1 = 0.08266 loss)
I0408 00:55:41.055030  2899 solver.cpp:219] Iteration 16800 (7.28854 iter/s, 82.321s/600 iters), loss = 3.93009e-05
I0408 00:55:41.055086  2899 solver.cpp:238]     Train net output #0: accuracy = 1
I0408 00:55:41.055104  2899 solver.cpp:238]     Train net output #1: loss = 3.93009e-05 (* 1 = 3.93009e-05 loss)
I0408 00:55:41.055116  2899 sgd_solver.cpp:107] Iteration 16800, lr = 0.0477418
I0408 00:57:00.717767  2903 data_layer.cpp:73] Restarting data prefetching from start.
I0408 00:57:01.249070  2899 solver.cpp:331] Iteration 17400, Testing net (#0)
I0408 00:57:03.332571  2904 data_layer.cpp:73] Restarting data prefetching from start.
I0408 00:57:03.413425  2899 solver.cpp:398]     Test net output #0: accuracy = 0.9871
I0408 00:57:03.413480  2899 solver.cpp:398]     Test net output #1: loss = 0.0828625 (* 1 = 0.0828625 loss)
I0408 00:57:03.456102  2899 solver.cpp:219] Iteration 17400 (7.28147 iter/s, 82.401s/600 iters), loss = 3.72714e-05
I0408 00:57:03.456158  2899 solver.cpp:238]     Train net output #0: accuracy = 1
I0408 00:57:03.456174  2899 solver.cpp:238]     Train net output #1: loss = 3.72714e-05 (* 1 = 3.72714e-05 loss)
I0408 00:57:03.456187  2899 sgd_solver.cpp:107] Iteration 17400, lr = 0.0469556
I0408 00:58:23.377084  2903 data_layer.cpp:73] Restarting data prefetching from start.
I0408 00:58:23.914016  2899 solver.cpp:448] Snapshotting to binary proto file _iter_18000.caffemodel
I0408 00:58:23.960530  2899 sgd_solver.cpp:278] Snapshotting solver state to binary proto file _iter_18000.solverstate
I0408 00:58:24.006712  2899 solver.cpp:311] Iteration 18000, loss = 3.53296e-05
I0408 00:58:24.006759  2899 solver.cpp:331] Iteration 18000, Testing net (#0)
I0408 00:58:26.097913  2904 data_layer.cpp:73] Restarting data prefetching from start.
I0408 00:58:26.208547  2899 solver.cpp:398]     Test net output #0: accuracy = 0.9871
I0408 00:58:26.208601  2899 solver.cpp:398]     Test net output #1: loss = 0.0830598 (* 1 = 0.0830598 loss)
I0408 00:58:26.208612  2899 solver.cpp:316] Optimization Done.
I0408 00:58:26.208619  2899 caffe_double.cpp:259] Optimization Done.
