I0404 14:26:11.896369 28216 caffe_double.cpp:211] Use CPU.
I0404 14:26:11.896895 28216 solver.cpp:44] Initializing solver from parameters: 
test_iter: 100
test_interval: 600
base_lr: 0.1
display: 600
max_iter: 18000
lr_policy: "inv"
gamma: 0.0001
power: 0.75
momentum: 0.9
solver_mode: CPU
net_param {
  name: "LeNet"
  layer {
    name: "mnist"
    type: "Data"
    top: "data"
    top: "label"
    include {
      phase: TRAIN
    }
    transform_param {
      scale: 0.00390625
    }
    data_param {
      source: "data/mnist_train_lmdb"
      batch_size: 100
      backend: LMDB
    }
  }
  layer {
    name: "mnist"
    type: "Data"
    top: "data"
    top: "label"
    include {
      phase: TEST
    }
    transform_param {
      scale: 0.00390625
    }
    data_param {
      source: "data/mnist_test_lmdb"
      batch_size: 100
      backend: LMDB
    }
  }
  layer {
    name: "ip1"
    type: "InnerProduct"
    bottom: "data"
    top: "ip1"
    inner_product_param {
      num_output: 1000
      weight_filler {
        type: "gaussian"
        mean: 0
        std: 0.01
      }
    }
    bias_param {
      filler {
        value: 0
      }
    }
    fixed_precision: true
    precision {
      enter: 1
      fraccio: 9
      rounding: "stochastic"
    }
  }
  layer {
    name: "relu1"
    type: "ReLU"
    bottom: "ip1"
    top: "ip1"
    fixed_precision: true
    precision {
      enter: 1
      fraccio: 9
      rounding: "stochastic"
    }
  }
  layer {
    name: "ip2"
    type: "InnerProduct"
    bottom: "ip1"
    top: "ip2"
    inner_product_param {
      num_output: 1000
      weight_filler {
        type: "gaussian"
        mean: 0
        std: 0.01
      }
    }
    bias_param {
      filler {
        value: 0
      }
    }
    fixed_precision: true
    precision {
      enter: 1
      fraccio: 9
      rounding: "stochastic"
    }
  }
  layer {
    name: "relu2"
    type: "ReLU"
    bottom: "ip2"
    top: "ip2"
    bias_param {
      filler {
        value: 0
      }
    }
    fixed_precision: true
    precision {
      enter: 1
      fraccio: 9
      rounding: "stochastic"
    }
  }
  layer {
    name: "ip3"
    type: "InnerProduct"
    bottom: "ip2"
    top: "ip3"
    inner_product_param {
      num_output: 10
      weight_filler {
        type: "gaussian"
        mean: 0
        std: 0.01
      }
    }
    bias_param {
      filler {
        value: 0
      }
    }
    fixed_precision: true
    precision {
      enter: 1
      fraccio: 9
      rounding: "stochastic"
    }
  }
  layer {
    name: "accuracy"
    type: "Accuracy"
    bottom: "ip3"
    bottom: "label"
    top: "accuracy"
  }
  layer {
    name: "loss"
    type: "SoftmaxWithLoss"
    bottom: "ip3"
    bottom: "label"
    top: "loss"
    fixed_precision: true
    precision {
      enter: 1
      fraccio: 9
      rounding: "stochastic"
    }
  }
}
train_state {
  level: 0
  stage: ""
}
fixed_precision: true
precision {
  enter: 1
  fraccio: 9
  rounding: "stochastic"
}
I0404 14:26:11.896953 28216 solver.cpp:82] Creating training net specified in net_param.
I0404 14:26:11.897012 28216 net.cpp:294] The NetState phase (0) differed from the phase (1) specified by a rule in layer mnist
I0404 14:26:11.897181 28216 net.cpp:51] Initializing net from parameters: 
name: "LeNet"
state {
  phase: TRAIN
  level: 0
  stage: ""
}
layer {
  name: "mnist"
  type: "Data"
  top: "data"
  top: "label"
  include {
    phase: TRAIN
  }
  transform_param {
    scale: 0.00390625
  }
  data_param {
    source: "data/mnist_train_lmdb"
    batch_size: 100
    backend: LMDB
  }
}
layer {
  name: "ip1"
  type: "InnerProduct"
  bottom: "data"
  top: "ip1"
  inner_product_param {
    num_output: 1000
    weight_filler {
      type: "gaussian"
      mean: 0
      std: 0.01
    }
  }
  bias_param {
    filler {
      value: 0
    }
  }
  fixed_precision: true
  precision {
    enter: 1
    fraccio: 9
    rounding: "stochastic"
  }
}
layer {
  name: "relu1"
  type: "ReLU"
  bottom: "ip1"
  top: "ip1"
  fixed_precision: true
  precision {
    enter: 1
    fraccio: 9
    rounding: "stochastic"
  }
}
layer {
  name: "ip2"
  type: "InnerProduct"
  bottom: "ip1"
  top: "ip2"
  inner_product_param {
    num_output: 1000
    weight_filler {
      type: "gaussian"
      mean: 0
      std: 0.01
    }
  }
  bias_param {
    filler {
      value: 0
    }
  }
  fixed_precision: true
  precision {
    enter: 1
    fraccio: 9
    rounding: "stochastic"
  }
}
layer {
  name: "relu2"
  type: "ReLU"
  bottom: "ip2"
  top: "ip2"
  bias_param {
    filler {
      value: 0
    }
  }
  fixed_precision: true
  precision {
    enter: 1
    fraccio: 9
    rounding: "stochastic"
  }
}
layer {
  name: "ip3"
  type: "InnerProduct"
  bottom: "ip2"
  top: "ip3"
  inner_product_param {
    num_output: 10
    weight_filler {
      type: "gaussian"
      mean: 0
      std: 0.01
    }
  }
  bias_param {
    filler {
      value: 0
    }
  }
  fixed_precision: true
  precision {
    enter: 1
    fraccio: 9
    rounding: "stochastic"
  }
}
layer {
  name: "accuracy"
  type: "Accuracy"
  bottom: "ip3"
  bottom: "label"
  top: "accuracy"
}
layer {
  name: "loss"
  type: "SoftmaxWithLoss"
  bottom: "ip3"
  bottom: "label"
  top: "loss"
  fixed_precision: true
  precision {
    enter: 1
    fraccio: 9
    rounding: "stochastic"
  }
}
I0404 14:26:11.897306 28216 layer_factory.hpp:77] Creating layer mnist
I0404 14:26:11.897425 28216 db_lmdb.cpp:35] Opened lmdb data/mnist_train_lmdb
I0404 14:26:11.897454 28216 net.cpp:84] Creating Layer mnist
I0404 14:26:11.897465 28216 net.cpp:380] mnist -> data
I0404 14:26:11.897493 28216 net.cpp:380] mnist -> label
I0404 14:26:11.897532 28216 data_layer.cpp:45] output data size: 100,1,28,28
I0404 14:26:11.899201 28216 net.cpp:122] Setting up mnist
I0404 14:26:11.899229 28216 net.cpp:129] Top shape: 100 1 28 28 (78400)
I0404 14:26:11.899238 28216 net.cpp:129] Top shape: 100 (100)
I0404 14:26:11.899245 28216 net.cpp:137] Memory required for data: 628000
I0404 14:26:11.899256 28216 layer_factory.hpp:77] Creating layer label_mnist_1_split
I0404 14:26:11.899273 28216 net.cpp:84] Creating Layer label_mnist_1_split
I0404 14:26:11.899282 28216 net.cpp:406] label_mnist_1_split <- label
I0404 14:26:11.899296 28216 net.cpp:380] label_mnist_1_split -> label_mnist_1_split_0
I0404 14:26:11.899308 28216 net.cpp:380] label_mnist_1_split -> label_mnist_1_split_1
I0404 14:26:11.899322 28216 net.cpp:122] Setting up label_mnist_1_split
I0404 14:26:11.899330 28216 net.cpp:129] Top shape: 100 (100)
I0404 14:26:11.899338 28216 net.cpp:129] Top shape: 100 (100)
I0404 14:26:11.899345 28216 net.cpp:137] Memory required for data: 629600
I0404 14:26:11.899351 28216 layer_factory.hpp:77] Creating layer ip1
I0404 14:26:11.899364 28216 net.cpp:84] Creating Layer ip1
I0404 14:26:11.899371 28216 net.cpp:406] ip1 <- data
I0404 14:26:11.899380 28216 net.cpp:380] ip1 -> ip1
I0404 14:26:12.013934 28216 net.cpp:122] Setting up ip1
I0404 14:26:12.013972 28216 net.cpp:129] Top shape: 100 1000 (100000)
I0404 14:26:12.013978 28216 net.cpp:137] Memory required for data: 1429600
I0404 14:26:12.013996 28216 layer_factory.hpp:77] Creating layer relu1
I0404 14:26:12.014012 28216 net.cpp:84] Creating Layer relu1
I0404 14:26:12.014022 28216 net.cpp:406] relu1 <- ip1
I0404 14:26:12.014031 28216 net.cpp:367] relu1 -> ip1 (in-place)
I0404 14:26:12.014048 28216 net.cpp:122] Setting up relu1
I0404 14:26:12.014055 28216 net.cpp:129] Top shape: 100 1000 (100000)
I0404 14:26:12.014058 28216 net.cpp:137] Memory required for data: 2229600
I0404 14:26:12.014062 28216 layer_factory.hpp:77] Creating layer ip2
I0404 14:26:12.014072 28216 net.cpp:84] Creating Layer ip2
I0404 14:26:12.014076 28216 net.cpp:406] ip2 <- ip1
I0404 14:26:12.014082 28216 net.cpp:380] ip2 -> ip2
I0404 14:26:12.103703 28216 net.cpp:122] Setting up ip2
I0404 14:26:12.103735 28216 net.cpp:129] Top shape: 100 1000 (100000)
I0404 14:26:12.103741 28216 net.cpp:137] Memory required for data: 3029600
I0404 14:26:12.103754 28216 layer_factory.hpp:77] Creating layer relu2
I0404 14:26:12.103766 28216 net.cpp:84] Creating Layer relu2
I0404 14:26:12.103771 28216 net.cpp:406] relu2 <- ip2
I0404 14:26:12.103778 28216 net.cpp:367] relu2 -> ip2 (in-place)
I0404 14:26:12.103798 28216 net.cpp:122] Setting up relu2
I0404 14:26:12.103813 28216 net.cpp:129] Top shape: 100 1000 (100000)
I0404 14:26:12.103816 28216 net.cpp:137] Memory required for data: 3829600
I0404 14:26:12.103821 28216 layer_factory.hpp:77] Creating layer ip3
I0404 14:26:12.103828 28216 net.cpp:84] Creating Layer ip3
I0404 14:26:12.103832 28216 net.cpp:406] ip3 <- ip2
I0404 14:26:12.103838 28216 net.cpp:380] ip3 -> ip3
I0404 14:26:12.104794 28216 net.cpp:122] Setting up ip3
I0404 14:26:12.104801 28216 net.cpp:129] Top shape: 100 10 (1000)
I0404 14:26:12.104806 28216 net.cpp:137] Memory required for data: 3837600
I0404 14:26:12.104813 28216 layer_factory.hpp:77] Creating layer ip3_ip3_0_split
I0404 14:26:12.104820 28216 net.cpp:84] Creating Layer ip3_ip3_0_split
I0404 14:26:12.104823 28216 net.cpp:406] ip3_ip3_0_split <- ip3
I0404 14:26:12.104828 28216 net.cpp:380] ip3_ip3_0_split -> ip3_ip3_0_split_0
I0404 14:26:12.104835 28216 net.cpp:380] ip3_ip3_0_split -> ip3_ip3_0_split_1
I0404 14:26:12.104845 28216 net.cpp:122] Setting up ip3_ip3_0_split
I0404 14:26:12.104849 28216 net.cpp:129] Top shape: 100 10 (1000)
I0404 14:26:12.104853 28216 net.cpp:129] Top shape: 100 10 (1000)
I0404 14:26:12.104857 28216 net.cpp:137] Memory required for data: 3853600
I0404 14:26:12.104861 28216 layer_factory.hpp:77] Creating layer accuracy
I0404 14:26:12.104868 28216 net.cpp:84] Creating Layer accuracy
I0404 14:26:12.104872 28216 net.cpp:406] accuracy <- ip3_ip3_0_split_0
I0404 14:26:12.104877 28216 net.cpp:406] accuracy <- label_mnist_1_split_0
I0404 14:26:12.104883 28216 net.cpp:380] accuracy -> accuracy
I0404 14:26:12.104890 28216 net.cpp:122] Setting up accuracy
I0404 14:26:12.104895 28216 net.cpp:129] Top shape: (1)
I0404 14:26:12.104898 28216 net.cpp:137] Memory required for data: 3853608
I0404 14:26:12.104902 28216 layer_factory.hpp:77] Creating layer loss
I0404 14:26:12.104912 28216 net.cpp:84] Creating Layer loss
I0404 14:26:12.104915 28216 net.cpp:406] loss <- ip3_ip3_0_split_1
I0404 14:26:12.104920 28216 net.cpp:406] loss <- label_mnist_1_split_1
I0404 14:26:12.104925 28216 net.cpp:380] loss -> loss
I0404 14:26:12.104943 28216 layer_factory.hpp:77] Creating layer loss
I0404 14:26:12.104960 28216 net.cpp:122] Setting up loss
I0404 14:26:12.104966 28216 net.cpp:129] Top shape: (1)
I0404 14:26:12.104969 28216 net.cpp:132]     with loss weight 1
I0404 14:26:12.104991 28216 net.cpp:137] Memory required for data: 3853616
I0404 14:26:12.104995 28216 net.cpp:198] loss needs backward computation.
I0404 14:26:12.105000 28216 net.cpp:200] accuracy does not need backward computation.
I0404 14:26:12.105003 28216 net.cpp:198] ip3_ip3_0_split needs backward computation.
I0404 14:26:12.105007 28216 net.cpp:198] ip3 needs backward computation.
I0404 14:26:12.105010 28216 net.cpp:198] relu2 needs backward computation.
I0404 14:26:12.105015 28216 net.cpp:198] ip2 needs backward computation.
I0404 14:26:12.105017 28216 net.cpp:198] relu1 needs backward computation.
I0404 14:26:12.105028 28216 net.cpp:198] ip1 needs backward computation.
I0404 14:26:12.105037 28216 net.cpp:200] label_mnist_1_split does not need backward computation.
I0404 14:26:12.105041 28216 net.cpp:200] mnist does not need backward computation.
I0404 14:26:12.105044 28216 net.cpp:242] This network produces output accuracy
I0404 14:26:12.105048 28216 net.cpp:242] This network produces output loss
I0404 14:26:12.105058 28216 net.cpp:255] Network initialization done.
I0404 14:26:12.105111 28216 solver.cpp:173] Creating test net (#0) specified by net_param
I0404 14:26:12.105129 28216 net.cpp:294] The NetState phase (1) differed from the phase (0) specified by a rule in layer mnist
I0404 14:26:12.105235 28216 net.cpp:51] Initializing net from parameters: 
name: "LeNet"
state {
  phase: TEST
}
layer {
  name: "mnist"
  type: "Data"
  top: "data"
  top: "label"
  include {
    phase: TEST
  }
  transform_param {
    scale: 0.00390625
  }
  data_param {
    source: "data/mnist_test_lmdb"
    batch_size: 100
    backend: LMDB
  }
}
layer {
  name: "ip1"
  type: "InnerProduct"
  bottom: "data"
  top: "ip1"
  inner_product_param {
    num_output: 1000
    weight_filler {
      type: "gaussian"
      mean: 0
      std: 0.01
    }
  }
  bias_param {
    filler {
      value: 0
    }
  }
  fixed_precision: true
  precision {
    enter: 1
    fraccio: 9
    rounding: "stochastic"
  }
}
layer {
  name: "relu1"
  type: "ReLU"
  bottom: "ip1"
  top: "ip1"
  fixed_precision: true
  precision {
    enter: 1
    fraccio: 9
    rounding: "stochastic"
  }
}
layer {
  name: "ip2"
  type: "InnerProduct"
  bottom: "ip1"
  top: "ip2"
  inner_product_param {
    num_output: 1000
    weight_filler {
      type: "gaussian"
      mean: 0
      std: 0.01
    }
  }
  bias_param {
    filler {
      value: 0
    }
  }
  fixed_precision: true
  precision {
    enter: 1
    fraccio: 9
    rounding: "stochastic"
  }
}
layer {
  name: "relu2"
  type: "ReLU"
  bottom: "ip2"
  top: "ip2"
  bias_param {
    filler {
      value: 0
    }
  }
  fixed_precision: true
  precision {
    enter: 1
    fraccio: 9
    rounding: "stochastic"
  }
}
layer {
  name: "ip3"
  type: "InnerProduct"
  bottom: "ip2"
  top: "ip3"
  inner_product_param {
    num_output: 10
    weight_filler {
      type: "gaussian"
      mean: 0
      std: 0.01
    }
  }
  bias_param {
    filler {
      value: 0
    }
  }
  fixed_precision: true
  precision {
    enter: 1
    fraccio: 9
    rounding: "stochastic"
  }
}
layer {
  name: "accuracy"
  type: "Accuracy"
  bottom: "ip3"
  bottom: "label"
  top: "accuracy"
}
layer {
  name: "loss"
  type: "SoftmaxWithLoss"
  bottom: "ip3"
  bottom: "label"
  top: "loss"
  fixed_precision: true
  precision {
    enter: 1
    fraccio: 9
    rounding: "stochastic"
  }
}
I0404 14:26:12.105295 28216 layer_factory.hpp:77] Creating layer mnist
I0404 14:26:12.105352 28216 db_lmdb.cpp:35] Opened lmdb data/mnist_test_lmdb
I0404 14:26:12.105366 28216 net.cpp:84] Creating Layer mnist
I0404 14:26:12.105373 28216 net.cpp:380] mnist -> data
I0404 14:26:12.105382 28216 net.cpp:380] mnist -> label
I0404 14:26:12.105396 28216 data_layer.cpp:45] output data size: 100,1,28,28
I0404 14:26:12.106153 28216 net.cpp:122] Setting up mnist
I0404 14:26:12.106171 28216 net.cpp:129] Top shape: 100 1 28 28 (78400)
I0404 14:26:12.106176 28216 net.cpp:129] Top shape: 100 (100)
I0404 14:26:12.106179 28216 net.cpp:137] Memory required for data: 628000
I0404 14:26:12.106184 28216 layer_factory.hpp:77] Creating layer label_mnist_1_split
I0404 14:26:12.106194 28216 net.cpp:84] Creating Layer label_mnist_1_split
I0404 14:26:12.106197 28216 net.cpp:406] label_mnist_1_split <- label
I0404 14:26:12.106205 28216 net.cpp:380] label_mnist_1_split -> label_mnist_1_split_0
I0404 14:26:12.106214 28216 net.cpp:380] label_mnist_1_split -> label_mnist_1_split_1
I0404 14:26:12.106221 28216 net.cpp:122] Setting up label_mnist_1_split
I0404 14:26:12.106228 28216 net.cpp:129] Top shape: 100 (100)
I0404 14:26:12.106232 28216 net.cpp:129] Top shape: 100 (100)
I0404 14:26:12.106236 28216 net.cpp:137] Memory required for data: 629600
I0404 14:26:12.106240 28216 layer_factory.hpp:77] Creating layer ip1
I0404 14:26:12.106250 28216 net.cpp:84] Creating Layer ip1
I0404 14:26:12.106253 28216 net.cpp:406] ip1 <- data
I0404 14:26:12.106258 28216 net.cpp:380] ip1 -> ip1
I0404 14:26:12.175274 28216 net.cpp:122] Setting up ip1
I0404 14:26:12.175307 28216 net.cpp:129] Top shape: 100 1000 (100000)
I0404 14:26:12.175312 28216 net.cpp:137] Memory required for data: 1429600
I0404 14:26:12.175325 28216 layer_factory.hpp:77] Creating layer relu1
I0404 14:26:12.175338 28216 net.cpp:84] Creating Layer relu1
I0404 14:26:12.175343 28216 net.cpp:406] relu1 <- ip1
I0404 14:26:12.175348 28216 net.cpp:367] relu1 -> ip1 (in-place)
I0404 14:26:12.175357 28216 net.cpp:122] Setting up relu1
I0404 14:26:12.175362 28216 net.cpp:129] Top shape: 100 1000 (100000)
I0404 14:26:12.175365 28216 net.cpp:137] Memory required for data: 2229600
I0404 14:26:12.175369 28216 layer_factory.hpp:77] Creating layer ip2
I0404 14:26:12.175379 28216 net.cpp:84] Creating Layer ip2
I0404 14:26:12.175382 28216 net.cpp:406] ip2 <- ip1
I0404 14:26:12.175397 28216 net.cpp:380] ip2 -> ip2
I0404 14:26:12.261308 28216 net.cpp:122] Setting up ip2
I0404 14:26:12.261340 28216 net.cpp:129] Top shape: 100 1000 (100000)
I0404 14:26:12.261345 28216 net.cpp:137] Memory required for data: 3029600
I0404 14:26:12.261358 28216 layer_factory.hpp:77] Creating layer relu2
I0404 14:26:12.261370 28216 net.cpp:84] Creating Layer relu2
I0404 14:26:12.261375 28216 net.cpp:406] relu2 <- ip2
I0404 14:26:12.261382 28216 net.cpp:367] relu2 -> ip2 (in-place)
I0404 14:26:12.261391 28216 net.cpp:122] Setting up relu2
I0404 14:26:12.261395 28216 net.cpp:129] Top shape: 100 1000 (100000)
I0404 14:26:12.261399 28216 net.cpp:137] Memory required for data: 3829600
I0404 14:26:12.261402 28216 layer_factory.hpp:77] Creating layer ip3
I0404 14:26:12.261409 28216 net.cpp:84] Creating Layer ip3
I0404 14:26:12.261412 28216 net.cpp:406] ip3 <- ip2
I0404 14:26:12.261417 28216 net.cpp:380] ip3 -> ip3
I0404 14:26:12.262363 28216 net.cpp:122] Setting up ip3
I0404 14:26:12.262375 28216 net.cpp:129] Top shape: 100 10 (1000)
I0404 14:26:12.262379 28216 net.cpp:137] Memory required for data: 3837600
I0404 14:26:12.262387 28216 layer_factory.hpp:77] Creating layer ip3_ip3_0_split
I0404 14:26:12.262394 28216 net.cpp:84] Creating Layer ip3_ip3_0_split
I0404 14:26:12.262398 28216 net.cpp:406] ip3_ip3_0_split <- ip3
I0404 14:26:12.262403 28216 net.cpp:380] ip3_ip3_0_split -> ip3_ip3_0_split_0
I0404 14:26:12.262410 28216 net.cpp:380] ip3_ip3_0_split -> ip3_ip3_0_split_1
I0404 14:26:12.262419 28216 net.cpp:122] Setting up ip3_ip3_0_split
I0404 14:26:12.262425 28216 net.cpp:129] Top shape: 100 10 (1000)
I0404 14:26:12.262430 28216 net.cpp:129] Top shape: 100 10 (1000)
I0404 14:26:12.262434 28216 net.cpp:137] Memory required for data: 3853600
I0404 14:26:12.262436 28216 layer_factory.hpp:77] Creating layer accuracy
I0404 14:26:12.262444 28216 net.cpp:84] Creating Layer accuracy
I0404 14:26:12.262446 28216 net.cpp:406] accuracy <- ip3_ip3_0_split_0
I0404 14:26:12.262451 28216 net.cpp:406] accuracy <- label_mnist_1_split_0
I0404 14:26:12.262455 28216 net.cpp:380] accuracy -> accuracy
I0404 14:26:12.262462 28216 net.cpp:122] Setting up accuracy
I0404 14:26:12.262466 28216 net.cpp:129] Top shape: (1)
I0404 14:26:12.262470 28216 net.cpp:137] Memory required for data: 3853608
I0404 14:26:12.262473 28216 layer_factory.hpp:77] Creating layer loss
I0404 14:26:12.262480 28216 net.cpp:84] Creating Layer loss
I0404 14:26:12.262485 28216 net.cpp:406] loss <- ip3_ip3_0_split_1
I0404 14:26:12.262488 28216 net.cpp:406] loss <- label_mnist_1_split_1
I0404 14:26:12.262493 28216 net.cpp:380] loss -> loss
I0404 14:26:12.262501 28216 layer_factory.hpp:77] Creating layer loss
I0404 14:26:12.262516 28216 net.cpp:122] Setting up loss
I0404 14:26:12.262522 28216 net.cpp:129] Top shape: (1)
I0404 14:26:12.262526 28216 net.cpp:132]     with loss weight 1
I0404 14:26:12.262537 28216 net.cpp:137] Memory required for data: 3853616
I0404 14:26:12.262540 28216 net.cpp:198] loss needs backward computation.
I0404 14:26:12.262544 28216 net.cpp:200] accuracy does not need backward computation.
I0404 14:26:12.262548 28216 net.cpp:198] ip3_ip3_0_split needs backward computation.
I0404 14:26:12.262552 28216 net.cpp:198] ip3 needs backward computation.
I0404 14:26:12.262555 28216 net.cpp:198] relu2 needs backward computation.
I0404 14:26:12.262558 28216 net.cpp:198] ip2 needs backward computation.
I0404 14:26:12.262562 28216 net.cpp:198] relu1 needs backward computation.
I0404 14:26:12.262565 28216 net.cpp:198] ip1 needs backward computation.
I0404 14:26:12.262568 28216 net.cpp:200] label_mnist_1_split does not need backward computation.
I0404 14:26:12.262573 28216 net.cpp:200] mnist does not need backward computation.
I0404 14:26:12.262576 28216 net.cpp:242] This network produces output accuracy
I0404 14:26:12.262580 28216 net.cpp:242] This network produces output loss
I0404 14:26:12.262589 28216 net.cpp:255] Network initialization done.
I0404 14:26:12.262626 28216 solver.cpp:56] Solver scaffolding done.
I0404 14:26:12.262647 28216 caffe_double.cpp:248] Starting Optimization
I0404 14:26:12.262665 28216 solver.cpp:273] Solving LeNet
I0404 14:26:12.262668 28216 solver.cpp:274] Learning Rate Policy: inv
I0404 14:26:12.265676 28216 solver.cpp:331] Iteration 0, Testing net (#0)
I0404 14:26:14.364946 28221 data_layer.cpp:73] Restarting data prefetching from start.
I0404 14:26:14.447286 28216 solver.cpp:398]     Test net output #0: accuracy = 0.0559
I0404 14:26:14.447347 28216 solver.cpp:398]     Test net output #1: loss = 2.30285 (* 1 = 2.30285 loss)
I0404 14:26:14.489511 28216 solver.cpp:219] Iteration 0 (-5.04467e-44 iter/s, 2.226s/600 iters), loss = 2.30309
I0404 14:26:14.489574 28216 solver.cpp:238]     Train net output #0: accuracy = 0.02
I0404 14:26:14.489593 28216 solver.cpp:238]     Train net output #1: loss = 2.30309 (* 1 = 2.30309 loss)
I0404 14:26:14.489608 28216 sgd_solver.cpp:107] Iteration 0, lr = 0.1
I0404 14:27:24.413614 28220 data_layer.cpp:73] Restarting data prefetching from start.
I0404 14:27:24.871371 28216 solver.cpp:331] Iteration 600, Testing net (#0)
I0404 14:27:26.720378 28221 data_layer.cpp:73] Restarting data prefetching from start.
I0404 14:27:26.796535 28216 solver.cpp:398]     Test net output #0: accuracy = 0.9553
I0404 14:27:26.796592 28216 solver.cpp:398]     Test net output #1: loss = 0.147863 (* 1 = 0.147863 loss)
I0404 14:27:26.836441 28216 solver.cpp:219] Iteration 600 (8.29348 iter/s, 72.346s/600 iters), loss = 0.134103
I0404 14:27:26.836509 28216 solver.cpp:238]     Train net output #0: accuracy = 0.96
I0404 14:27:26.836532 28216 solver.cpp:238]     Train net output #1: loss = 0.134103 (* 1 = 0.134103 loss)
I0404 14:27:26.836547 28216 sgd_solver.cpp:107] Iteration 600, lr = 0.0957239
I0404 14:28:40.119022 28220 data_layer.cpp:73] Restarting data prefetching from start.
I0404 14:28:40.587342 28216 solver.cpp:331] Iteration 1200, Testing net (#0)
I0404 14:28:42.465628 28221 data_layer.cpp:73] Restarting data prefetching from start.
I0404 14:28:42.541831 28216 solver.cpp:398]     Test net output #0: accuracy = 0.9536
I0404 14:28:42.541893 28216 solver.cpp:398]     Test net output #1: loss = 0.146401 (* 1 = 0.146401 loss)
I0404 14:28:42.581709 28216 solver.cpp:219] Iteration 1200 (7.92131 iter/s, 75.745s/600 iters), loss = 0.114274
I0404 14:28:42.581773 28216 solver.cpp:238]     Train net output #0: accuracy = 0.96
I0404 14:28:42.581790 28216 solver.cpp:238]     Train net output #1: loss = 0.114274 (* 1 = 0.114274 loss)
I0404 14:28:42.581804 28216 sgd_solver.cpp:107] Iteration 1200, lr = 0.0918516
I0404 14:29:51.775396 28220 data_layer.cpp:73] Restarting data prefetching from start.
I0404 14:29:52.233428 28216 solver.cpp:331] Iteration 1800, Testing net (#0)
I0404 14:29:54.082175 28221 data_layer.cpp:73] Restarting data prefetching from start.
I0404 14:29:54.158743 28216 solver.cpp:398]     Test net output #0: accuracy = 0.9697
I0404 14:29:54.158805 28216 solver.cpp:398]     Test net output #1: loss = 0.104723 (* 1 = 0.104723 loss)
I0404 14:29:54.198778 28216 solver.cpp:219] Iteration 1800 (8.37802 iter/s, 71.616s/600 iters), loss = 0.106959
I0404 14:29:54.198843 28216 solver.cpp:238]     Train net output #0: accuracy = 0.97
I0404 14:29:54.198863 28216 solver.cpp:238]     Train net output #1: loss = 0.106959 (* 1 = 0.106959 loss)
I0404 14:29:54.198875 28216 sgd_solver.cpp:107] Iteration 1800, lr = 0.088326
I0404 14:31:03.429469 28220 data_layer.cpp:73] Restarting data prefetching from start.
I0404 14:31:03.893239 28216 solver.cpp:331] Iteration 2400, Testing net (#0)
I0404 14:31:05.803984 28221 data_layer.cpp:73] Restarting data prefetching from start.
I0404 14:31:05.880044 28216 solver.cpp:398]     Test net output #0: accuracy = 0.9711
I0404 14:31:05.880108 28216 solver.cpp:398]     Test net output #1: loss = 0.102186 (* 1 = 0.102186 loss)
I0404 14:31:05.919958 28216 solver.cpp:219] Iteration 2400 (8.36575 iter/s, 71.721s/600 iters), loss = 0.0861377
I0404 14:31:05.920024 28216 solver.cpp:238]     Train net output #0: accuracy = 0.97
I0404 14:31:05.920042 28216 solver.cpp:238]     Train net output #1: loss = 0.0861377 (* 1 = 0.0861377 loss)
I0404 14:31:05.920073 28216 sgd_solver.cpp:107] Iteration 2400, lr = 0.0851008
I0404 14:32:14.433761 28220 data_layer.cpp:73] Restarting data prefetching from start.
I0404 14:32:14.895033 28216 solver.cpp:331] Iteration 3000, Testing net (#0)
I0404 14:32:16.748229 28221 data_layer.cpp:73] Restarting data prefetching from start.
I0404 14:32:16.824617 28216 solver.cpp:398]     Test net output #0: accuracy = 0.9736
I0404 14:32:16.824678 28216 solver.cpp:398]     Test net output #1: loss = 0.0907285 (* 1 = 0.0907285 loss)
I0404 14:32:16.864593 28216 solver.cpp:219] Iteration 3000 (8.45737 iter/s, 70.944s/600 iters), loss = 0.0634474
I0404 14:32:16.864658 28216 solver.cpp:238]     Train net output #0: accuracy = 0.97
I0404 14:32:16.864676 28216 solver.cpp:238]     Train net output #1: loss = 0.0634474 (* 1 = 0.0634474 loss)
I0404 14:32:16.864691 28216 sgd_solver.cpp:107] Iteration 3000, lr = 0.0821377
I0404 14:33:26.177759 28220 data_layer.cpp:73] Restarting data prefetching from start.
I0404 14:33:26.636842 28216 solver.cpp:331] Iteration 3600, Testing net (#0)
I0404 14:33:28.468120 28221 data_layer.cpp:73] Restarting data prefetching from start.
I0404 14:33:28.542788 28216 solver.cpp:398]     Test net output #0: accuracy = 0.976
I0404 14:33:28.542850 28216 solver.cpp:398]     Test net output #1: loss = 0.0927684 (* 1 = 0.0927684 loss)
I0404 14:33:28.582080 28216 solver.cpp:219] Iteration 3600 (8.36622 iter/s, 71.717s/600 iters), loss = 0.0423677
I0404 14:33:28.582144 28216 solver.cpp:238]     Train net output #0: accuracy = 0.99
I0404 14:33:28.582161 28216 solver.cpp:238]     Train net output #1: loss = 0.0423677 (* 1 = 0.0423677 loss)
I0404 14:33:28.582175 28216 sgd_solver.cpp:107] Iteration 3600, lr = 0.0794046
I0404 14:34:37.878054 28220 data_layer.cpp:73] Restarting data prefetching from start.
I0404 14:34:38.336405 28216 solver.cpp:331] Iteration 4200, Testing net (#0)
I0404 14:34:40.264291 28221 data_layer.cpp:73] Restarting data prefetching from start.
I0404 14:34:40.343868 28216 solver.cpp:398]     Test net output #0: accuracy = 0.9793
I0404 14:34:40.343930 28216 solver.cpp:398]     Test net output #1: loss = 0.0879622 (* 1 = 0.0879622 loss)
I0404 14:34:40.383842 28216 solver.cpp:219] Iteration 4200 (8.35643 iter/s, 71.801s/600 iters), loss = 0.0252596
I0404 14:34:40.383913 28216 solver.cpp:238]     Train net output #0: accuracy = 0.99
I0404 14:34:40.383935 28216 solver.cpp:238]     Train net output #1: loss = 0.0252596 (* 1 = 0.0252596 loss)
I0404 14:34:40.383951 28216 sgd_solver.cpp:107] Iteration 4200, lr = 0.0768748
I0404 14:35:49.793496 28220 data_layer.cpp:73] Restarting data prefetching from start.
I0404 14:35:50.260160 28216 solver.cpp:331] Iteration 4800, Testing net (#0)
I0404 14:35:52.561498 28221 data_layer.cpp:73] Restarting data prefetching from start.
I0404 14:35:52.646630 28216 solver.cpp:398]     Test net output #0: accuracy = 0.9787
I0404 14:35:52.646699 28216 solver.cpp:398]     Test net output #1: loss = 0.0864005 (* 1 = 0.0864005 loss)
I0404 14:35:52.686311 28216 solver.cpp:219] Iteration 4800 (8.29853 iter/s, 72.302s/600 iters), loss = 0.00756207
I0404 14:35:52.686380 28216 solver.cpp:238]     Train net output #0: accuracy = 1
I0404 14:35:52.686403 28216 solver.cpp:238]     Train net output #1: loss = 0.00756207 (* 1 = 0.00756207 loss)
I0404 14:35:52.686420 28216 sgd_solver.cpp:107] Iteration 4800, lr = 0.0745253
I0404 14:37:01.586496 28220 data_layer.cpp:73] Restarting data prefetching from start.
I0404 14:37:02.041673 28216 solver.cpp:331] Iteration 5400, Testing net (#0)
I0404 14:37:03.893729 28221 data_layer.cpp:73] Restarting data prefetching from start.
I0404 14:37:03.969032 28216 solver.cpp:398]     Test net output #0: accuracy = 0.9793
I0404 14:37:03.969094 28216 solver.cpp:398]     Test net output #1: loss = 0.0874629 (* 1 = 0.0874629 loss)
I0404 14:37:04.008667 28216 solver.cpp:219] Iteration 5400 (8.41255 iter/s, 71.322s/600 iters), loss = 0.0110068
I0404 14:37:04.008735 28216 solver.cpp:238]     Train net output #0: accuracy = 0.99
I0404 14:37:04.008759 28216 solver.cpp:238]     Train net output #1: loss = 0.0110068 (* 1 = 0.0110068 loss)
I0404 14:37:04.008790 28216 sgd_solver.cpp:107] Iteration 5400, lr = 0.0723368
I0404 14:38:12.002815 28220 data_layer.cpp:73] Restarting data prefetching from start.
I0404 14:38:12.458189 28216 solver.cpp:331] Iteration 6000, Testing net (#0)
I0404 14:38:14.275159 28221 data_layer.cpp:73] Restarting data prefetching from start.
I0404 14:38:14.350186 28216 solver.cpp:398]     Test net output #0: accuracy = 0.9794
I0404 14:38:14.350253 28216 solver.cpp:398]     Test net output #1: loss = 0.0878796 (* 1 = 0.0878796 loss)
I0404 14:38:14.389546 28216 solver.cpp:219] Iteration 6000 (8.52515 iter/s, 70.38s/600 iters), loss = 0.0042972
I0404 14:38:14.389616 28216 solver.cpp:238]     Train net output #0: accuracy = 1
I0404 14:38:14.389638 28216 solver.cpp:238]     Train net output #1: loss = 0.0042972 (* 1 = 0.0042972 loss)
I0404 14:38:14.389653 28216 sgd_solver.cpp:107] Iteration 6000, lr = 0.0702927
I0404 14:39:22.380538 28220 data_layer.cpp:73] Restarting data prefetching from start.
I0404 14:39:22.841074 28216 solver.cpp:331] Iteration 6600, Testing net (#0)
I0404 14:39:24.647917 28221 data_layer.cpp:73] Restarting data prefetching from start.
I0404 14:39:24.719959 28216 solver.cpp:398]     Test net output #0: accuracy = 0.9792
I0404 14:39:24.720023 28216 solver.cpp:398]     Test net output #1: loss = 0.0960707 (* 1 = 0.0960707 loss)
I0404 14:39:24.758213 28216 solver.cpp:219] Iteration 6600 (8.5266 iter/s, 70.368s/600 iters), loss = 0.0115031
I0404 14:39:24.758283 28216 solver.cpp:238]     Train net output #0: accuracy = 1
I0404 14:39:24.758306 28216 solver.cpp:238]     Train net output #1: loss = 0.0115031 (* 1 = 0.0115031 loss)
I0404 14:39:24.758322 28216 sgd_solver.cpp:107] Iteration 6600, lr = 0.0683784
I0404 14:41:28.960799 28220 data_layer.cpp:73] Restarting data prefetching from start.
I0404 14:41:29.877243 28216 solver.cpp:331] Iteration 7200, Testing net (#0)
I0404 14:41:31.696190 28221 data_layer.cpp:73] Restarting data prefetching from start.
I0404 14:41:31.771399 28216 solver.cpp:398]     Test net output #0: accuracy = 0.9796
I0404 14:41:31.771466 28216 solver.cpp:398]     Test net output #1: loss = 0.0897223 (* 1 = 0.0897223 loss)
I0404 14:41:31.810899 28216 solver.cpp:219] Iteration 7200 (4.72248 iter/s, 127.052s/600 iters), loss = 0.0118974
I0404 14:41:31.810966 28216 solver.cpp:238]     Train net output #0: accuracy = 1
I0404 14:41:31.810989 28216 solver.cpp:238]     Train net output #1: loss = 0.0118974 (* 1 = 0.0118974 loss)
I0404 14:41:31.811005 28216 sgd_solver.cpp:107] Iteration 7200, lr = 0.0665815
I0404 14:43:52.286001 28220 data_layer.cpp:73] Restarting data prefetching from start.
I0404 14:43:53.236428 28216 solver.cpp:331] Iteration 7800, Testing net (#0)
I0404 14:43:55.065321 28221 data_layer.cpp:73] Restarting data prefetching from start.
I0404 14:43:55.140188 28216 solver.cpp:398]     Test net output #0: accuracy = 0.98
I0404 14:43:55.140255 28216 solver.cpp:398]     Test net output #1: loss = 0.0949375 (* 1 = 0.0949375 loss)
I0404 14:43:55.180037 28216 solver.cpp:219] Iteration 7800 (4.18501 iter/s, 143.369s/600 iters), loss = 0.00800366
I0404 14:43:55.180109 28216 solver.cpp:238]     Train net output #0: accuracy = 1
I0404 14:43:55.180131 28216 solver.cpp:238]     Train net output #1: loss = 0.00800366 (* 1 = 0.00800366 loss)
I0404 14:43:55.180147 28216 sgd_solver.cpp:107] Iteration 7800, lr = 0.0648911
I0404 14:46:19.993677 28220 data_layer.cpp:73] Restarting data prefetching from start.
I0404 14:46:20.964098 28216 solver.cpp:331] Iteration 8400, Testing net (#0)
I0404 14:46:22.793406 28221 data_layer.cpp:73] Restarting data prefetching from start.
I0404 14:46:22.868384 28216 solver.cpp:398]     Test net output #0: accuracy = 0.9803
I0404 14:46:22.868455 28216 solver.cpp:398]     Test net output #1: loss = 0.0962071 (* 1 = 0.0962071 loss)
I0404 14:46:22.907783 28216 solver.cpp:219] Iteration 8400 (4.06155 iter/s, 147.727s/600 iters), loss = 0.0014918
I0404 14:46:22.907852 28216 solver.cpp:238]     Train net output #0: accuracy = 1
I0404 14:46:22.907889 28216 solver.cpp:238]     Train net output #1: loss = 0.0014918 (* 1 = 0.0014918 loss)
I0404 14:46:22.907904 28216 sgd_solver.cpp:107] Iteration 8400, lr = 0.0632975
I0404 14:48:52.478426 28220 data_layer.cpp:73] Restarting data prefetching from start.
I0404 14:48:53.463111 28216 solver.cpp:331] Iteration 9000, Testing net (#0)
I0404 14:48:55.277959 28221 data_layer.cpp:73] Restarting data prefetching from start.
I0404 14:48:55.354856 28216 solver.cpp:398]     Test net output #0: accuracy = 0.9784
I0404 14:48:55.354928 28216 solver.cpp:398]     Test net output #1: loss = 0.104004 (* 1 = 0.104004 loss)
I0404 14:48:55.394436 28216 solver.cpp:219] Iteration 9000 (3.93479 iter/s, 152.486s/600 iters), loss = 0.00648757
I0404 14:48:55.394505 28216 solver.cpp:238]     Train net output #0: accuracy = 1
I0404 14:48:55.394527 28216 solver.cpp:238]     Train net output #1: loss = 0.00648757 (* 1 = 0.00648757 loss)
I0404 14:48:55.394542 28216 sgd_solver.cpp:107] Iteration 9000, lr = 0.0617924
I0404 14:51:23.725711 28220 data_layer.cpp:73] Restarting data prefetching from start.
I0404 14:51:24.729413 28216 solver.cpp:331] Iteration 9600, Testing net (#0)
I0404 14:51:26.545362 28221 data_layer.cpp:73] Restarting data prefetching from start.
I0404 14:51:26.620641 28216 solver.cpp:398]     Test net output #0: accuracy = 0.9791
I0404 14:51:26.620704 28216 solver.cpp:398]     Test net output #1: loss = 0.103989 (* 1 = 0.103989 loss)
I0404 14:51:26.660022 28216 solver.cpp:219] Iteration 9600 (3.96655 iter/s, 151.265s/600 iters), loss = 0.00178432
I0404 14:51:26.660092 28216 solver.cpp:238]     Train net output #0: accuracy = 1
I0404 14:51:26.660110 28216 solver.cpp:238]     Train net output #1: loss = 0.00178432 (* 1 = 0.00178432 loss)
I0404 14:51:26.660125 28216 sgd_solver.cpp:107] Iteration 9600, lr = 0.0603682
I0404 14:53:56.090912 28220 data_layer.cpp:73] Restarting data prefetching from start.
I0404 14:53:57.095217 28216 solver.cpp:331] Iteration 10200, Testing net (#0)
I0404 14:53:58.906939 28221 data_layer.cpp:73] Restarting data prefetching from start.
I0404 14:53:58.982153 28216 solver.cpp:398]     Test net output #0: accuracy = 0.9811
I0404 14:53:58.982221 28216 solver.cpp:398]     Test net output #1: loss = 0.0945073 (* 1 = 0.0945073 loss)
I0404 14:53:59.021505 28216 solver.cpp:219] Iteration 10200 (3.93802 iter/s, 152.361s/600 iters), loss = 0.00133991
I0404 14:53:59.021576 28216 solver.cpp:238]     Train net output #0: accuracy = 1
I0404 14:53:59.021598 28216 solver.cpp:238]     Train net output #1: loss = 0.00133991 (* 1 = 0.00133991 loss)
I0404 14:53:59.021615 28216 sgd_solver.cpp:107] Iteration 10200, lr = 0.0590183
I0404 14:56:29.151718 28220 data_layer.cpp:73] Restarting data prefetching from start.
I0404 14:56:30.163056 28216 solver.cpp:331] Iteration 10800, Testing net (#0)
I0404 14:56:32.012500 28221 data_layer.cpp:73] Restarting data prefetching from start.
I0404 14:56:32.091228 28216 solver.cpp:398]     Test net output #0: accuracy = 0.9803
I0404 14:56:32.091290 28216 solver.cpp:398]     Test net output #1: loss = 0.104751 (* 1 = 0.104751 loss)
I0404 14:56:32.131534 28216 solver.cpp:219] Iteration 10800 (3.91878 iter/s, 153.109s/600 iters), loss = 0.000486568
I0404 14:56:32.131603 28216 solver.cpp:238]     Train net output #0: accuracy = 1
I0404 14:56:32.131625 28216 solver.cpp:238]     Train net output #1: loss = 0.000486568 (* 1 = 0.000486568 loss)
I0404 14:56:32.131641 28216 sgd_solver.cpp:107] Iteration 10800, lr = 0.0577368
I0404 14:59:07.507437 28220 data_layer.cpp:73] Restarting data prefetching from start.
I0404 14:59:08.529537 28216 solver.cpp:331] Iteration 11400, Testing net (#0)
I0404 14:59:11.315915 28221 data_layer.cpp:73] Restarting data prefetching from start.
I0404 14:59:11.392714 28216 solver.cpp:398]     Test net output #0: accuracy = 0.9812
I0404 14:59:11.392783 28216 solver.cpp:398]     Test net output #1: loss = 0.104127 (* 1 = 0.104127 loss)
I0404 14:59:11.441066 28216 solver.cpp:219] Iteration 11400 (3.76627 iter/s, 159.309s/600 iters), loss = 0.000431576
I0404 14:59:11.441155 28216 solver.cpp:238]     Train net output #0: accuracy = 1
I0404 14:59:11.441176 28216 solver.cpp:238]     Train net output #1: loss = 0.000431576 (* 1 = 0.000431576 loss)
I0404 14:59:11.441190 28216 sgd_solver.cpp:107] Iteration 11400, lr = 0.0565184
I0404 15:01:45.422538 28220 data_layer.cpp:73] Restarting data prefetching from start.
I0404 15:01:46.457505 28216 solver.cpp:331] Iteration 12000, Testing net (#0)
I0404 15:01:48.400895 28221 data_layer.cpp:73] Restarting data prefetching from start.
I0404 15:01:48.478929 28216 solver.cpp:398]     Test net output #0: accuracy = 0.98
I0404 15:01:48.478994 28216 solver.cpp:398]     Test net output #1: loss = 0.108984 (* 1 = 0.108984 loss)
I0404 15:01:48.519388 28216 solver.cpp:219] Iteration 12000 (3.81976 iter/s, 157.078s/600 iters), loss = 0.00249872
I0404 15:01:48.519451 28216 solver.cpp:238]     Train net output #0: accuracy = 1
I0404 15:01:48.519474 28216 solver.cpp:238]     Train net output #1: loss = 0.00249872 (* 1 = 0.00249872 loss)
I0404 15:01:48.519489 28216 sgd_solver.cpp:107] Iteration 12000, lr = 0.0553583
I0404 15:04:22.354925 28220 data_layer.cpp:73] Restarting data prefetching from start.
I0404 15:04:23.384982 28216 solver.cpp:331] Iteration 12600, Testing net (#0)
I0404 15:04:25.223565 28221 data_layer.cpp:73] Restarting data prefetching from start.
I0404 15:04:25.304859 28216 solver.cpp:398]     Test net output #0: accuracy = 0.9828
I0404 15:04:25.304927 28216 solver.cpp:398]     Test net output #1: loss = 0.0990771 (* 1 = 0.0990771 loss)
I0404 15:04:25.369164 28216 solver.cpp:219] Iteration 12600 (3.82534 iter/s, 156.849s/600 iters), loss = 0.00042673
I0404 15:04:25.369232 28216 solver.cpp:238]     Train net output #0: accuracy = 1
I0404 15:04:25.369254 28216 solver.cpp:238]     Train net output #1: loss = 0.00042673 (* 1 = 0.00042673 loss)
I0404 15:04:25.369271 28216 sgd_solver.cpp:107] Iteration 12600, lr = 0.0542524
I0404 15:06:59.869130 28220 data_layer.cpp:73] Restarting data prefetching from start.
I0404 15:07:00.904570 28216 solver.cpp:331] Iteration 13200, Testing net (#0)
I0404 15:07:02.748816 28221 data_layer.cpp:73] Restarting data prefetching from start.
I0404 15:07:02.823909 28216 solver.cpp:398]     Test net output #0: accuracy = 0.982
I0404 15:07:02.823982 28216 solver.cpp:398]     Test net output #1: loss = 0.103576 (* 1 = 0.103576 loss)
I0404 15:07:02.863355 28216 solver.cpp:219] Iteration 13200 (3.80967 iter/s, 157.494s/600 iters), loss = 0.00128165
I0404 15:07:02.863426 28216 solver.cpp:238]     Train net output #0: accuracy = 1
I0404 15:07:02.863448 28216 solver.cpp:238]     Train net output #1: loss = 0.00128165 (* 1 = 0.00128165 loss)
I0404 15:07:02.863463 28216 sgd_solver.cpp:107] Iteration 13200, lr = 0.0531966
I0404 15:09:37.660660 28220 data_layer.cpp:73] Restarting data prefetching from start.
I0404 15:09:38.705940 28216 solver.cpp:331] Iteration 13800, Testing net (#0)
I0404 15:09:40.616765 28221 data_layer.cpp:73] Restarting data prefetching from start.
I0404 15:09:40.697598 28216 solver.cpp:398]     Test net output #0: accuracy = 0.981
I0404 15:09:40.697661 28216 solver.cpp:398]     Test net output #1: loss = 0.104973 (* 1 = 0.104973 loss)
I0404 15:09:40.741938 28216 solver.cpp:219] Iteration 13800 (3.8004 iter/s, 157.878s/600 iters), loss = 0.000149054
I0404 15:09:40.742008 28216 solver.cpp:238]     Train net output #0: accuracy = 1
I0404 15:09:40.742030 28216 solver.cpp:238]     Train net output #1: loss = 0.000149054 (* 1 = 0.000149054 loss)
I0404 15:09:40.742048 28216 sgd_solver.cpp:107] Iteration 13800, lr = 0.0521876
I0404 15:12:16.882874 28220 data_layer.cpp:73] Restarting data prefetching from start.
I0404 15:12:17.920693 28216 solver.cpp:331] Iteration 14400, Testing net (#0)
I0404 15:12:19.803949 28221 data_layer.cpp:73] Restarting data prefetching from start.
I0404 15:12:19.878859 28216 solver.cpp:398]     Test net output #0: accuracy = 0.9812
I0404 15:12:19.878990 28216 solver.cpp:398]     Test net output #1: loss = 0.102589 (* 1 = 0.102589 loss)
I0404 15:12:19.918401 28216 solver.cpp:219] Iteration 14400 (3.76941 iter/s, 159.176s/600 iters), loss = 0.000611812
I0404 15:12:19.918552 28216 solver.cpp:238]     Train net output #0: accuracy = 1
I0404 15:12:19.918603 28216 solver.cpp:238]     Train net output #1: loss = 0.000611812 (* 1 = 0.000611812 loss)
I0404 15:12:19.918640 28216 sgd_solver.cpp:107] Iteration 14400, lr = 0.0512221
I0404 15:14:56.103492 28220 data_layer.cpp:73] Restarting data prefetching from start.
I0404 15:14:57.144129 28216 solver.cpp:331] Iteration 15000, Testing net (#0)
I0404 15:14:58.909502 28221 data_layer.cpp:73] Restarting data prefetching from start.
I0404 15:14:58.984432 28216 solver.cpp:398]     Test net output #0: accuracy = 0.9821
I0404 15:14:58.984565 28216 solver.cpp:398]     Test net output #1: loss = 0.102057 (* 1 = 0.102057 loss)
I0404 15:14:59.023887 28216 solver.cpp:219] Iteration 15000 (3.77109 iter/s, 159.105s/600 iters), loss = 0.000787819
I0404 15:14:59.024031 28216 solver.cpp:238]     Train net output #0: accuracy = 1
I0404 15:14:59.024085 28216 solver.cpp:238]     Train net output #1: loss = 0.000787819 (* 1 = 0.000787819 loss)
I0404 15:14:59.024125 28216 sgd_solver.cpp:107] Iteration 15000, lr = 0.0502973
I0404 15:17:35.096995 28220 data_layer.cpp:73] Restarting data prefetching from start.
I0404 15:17:36.147902 28216 solver.cpp:331] Iteration 15600, Testing net (#0)
I0404 15:17:37.976181 28221 data_layer.cpp:73] Restarting data prefetching from start.
I0404 15:17:38.051456 28216 solver.cpp:398]     Test net output #0: accuracy = 0.9816
I0404 15:17:38.051590 28216 solver.cpp:398]     Test net output #1: loss = 0.101516 (* 1 = 0.101516 loss)
I0404 15:17:38.091178 28216 solver.cpp:219] Iteration 15600 (3.772 iter/s, 159.067s/600 iters), loss = 0.000331442
I0404 15:17:38.091311 28216 solver.cpp:238]     Train net output #0: accuracy = 1
I0404 15:17:38.091361 28216 solver.cpp:238]     Train net output #1: loss = 0.000331442 (* 1 = 0.000331442 loss)
I0404 15:17:38.091398 28216 sgd_solver.cpp:107] Iteration 15600, lr = 0.0494106
I0404 15:20:15.007082 28220 data_layer.cpp:73] Restarting data prefetching from start.
I0404 15:20:16.061439 28216 solver.cpp:331] Iteration 16200, Testing net (#0)
I0404 15:20:17.891243 28221 data_layer.cpp:73] Restarting data prefetching from start.
I0404 15:20:17.966437 28216 solver.cpp:398]     Test net output #0: accuracy = 0.9818
I0404 15:20:17.966567 28216 solver.cpp:398]     Test net output #1: loss = 0.106526 (* 1 = 0.106526 loss)
I0404 15:20:18.006263 28216 solver.cpp:219] Iteration 16200 (3.75202 iter/s, 159.914s/600 iters), loss = 0.000220482
I0404 15:20:18.006400 28216 solver.cpp:238]     Train net output #0: accuracy = 1
I0404 15:20:18.006453 28216 solver.cpp:238]     Train net output #1: loss = 0.000220482 (* 1 = 0.000220482 loss)
I0404 15:20:18.006490 28216 sgd_solver.cpp:107] Iteration 16200, lr = 0.0485595
I0404 15:22:55.150389 28220 data_layer.cpp:73] Restarting data prefetching from start.
I0404 15:22:56.204107 28216 solver.cpp:331] Iteration 16800, Testing net (#0)
I0404 15:22:58.022167 28221 data_layer.cpp:73] Restarting data prefetching from start.
I0404 15:22:58.099004 28216 solver.cpp:398]     Test net output #0: accuracy = 0.9821
I0404 15:22:58.099130 28216 solver.cpp:398]     Test net output #1: loss = 0.11046 (* 1 = 0.11046 loss)
I0404 15:22:58.138541 28216 solver.cpp:219] Iteration 16800 (3.74691 iter/s, 160.132s/600 iters), loss = 0.000200335
I0404 15:22:58.138669 28216 solver.cpp:238]     Train net output #0: accuracy = 1
I0404 15:22:58.138707 28216 solver.cpp:238]     Train net output #1: loss = 0.000200335 (* 1 = 0.000200335 loss)
I0404 15:22:58.138738 28216 sgd_solver.cpp:107] Iteration 16800, lr = 0.0477418
I0404 15:25:35.565075 28220 data_layer.cpp:73] Restarting data prefetching from start.
I0404 15:25:36.612396 28216 solver.cpp:331] Iteration 17400, Testing net (#0)
I0404 15:25:38.659698 28221 data_layer.cpp:73] Restarting data prefetching from start.
I0404 15:25:38.734297 28216 solver.cpp:398]     Test net output #0: accuracy = 0.9812
I0404 15:25:38.734423 28216 solver.cpp:398]     Test net output #1: loss = 0.112889 (* 1 = 0.112889 loss)
I0404 15:25:38.771929 28216 solver.cpp:219] Iteration 17400 (3.73522 iter/s, 160.633s/600 iters), loss = 0.000490277
I0404 15:25:38.772059 28216 solver.cpp:238]     Train net output #0: accuracy = 1
I0404 15:25:38.772109 28216 solver.cpp:238]     Train net output #1: loss = 0.000490277 (* 1 = 0.000490277 loss)
I0404 15:25:38.772145 28216 sgd_solver.cpp:107] Iteration 17400, lr = 0.0469556
I0404 15:28:14.803158 28220 data_layer.cpp:73] Restarting data prefetching from start.
I0404 15:28:15.849622 28216 solver.cpp:448] Snapshotting to binary proto file _iter_18000.caffemodel
I0404 15:28:15.893590 28216 sgd_solver.cpp:287] Snapshotting solver state to binary proto file _iter_18000.solverstate
I0404 15:28:15.937945 28216 solver.cpp:311] Iteration 18000, loss = 0.000176092
I0404 15:28:15.938050 28216 solver.cpp:331] Iteration 18000, Testing net (#0)
I0404 15:28:17.755493 28221 data_layer.cpp:73] Restarting data prefetching from start.
I0404 15:28:17.829923 28216 solver.cpp:398]     Test net output #0: accuracy = 0.9808
I0404 15:28:17.830044 28216 solver.cpp:398]     Test net output #1: loss = 0.115669 (* 1 = 0.115669 loss)
I0404 15:28:17.830080 28216 solver.cpp:316] Optimization Done.
I0404 15:28:17.830103 28216 caffe_double.cpp:259] Optimization Done.
