I0404 02:53:39.062819 16895 caffe_double.cpp:211] Use CPU.
I0404 02:53:39.063427 16895 solver.cpp:44] Initializing solver from parameters: 
test_iter: 100
test_interval: 600
base_lr: 0.1
display: 600
max_iter: 18000
lr_policy: "inv"
gamma: 0.0001
power: 0.75
momentum: 0.9
solver_mode: CPU
net_param {
  name: "LeNet"
  layer {
    name: "mnist"
    type: "Data"
    top: "data"
    top: "label"
    include {
      phase: TRAIN
    }
    transform_param {
      scale: 0.00390625
    }
    data_param {
      source: "data/mnist_train_lmdb"
      batch_size: 100
      backend: LMDB
    }
  }
  layer {
    name: "mnist"
    type: "Data"
    top: "data"
    top: "label"
    include {
      phase: TEST
    }
    transform_param {
      scale: 0.00390625
    }
    data_param {
      source: "data/mnist_test_lmdb"
      batch_size: 100
      backend: LMDB
    }
  }
  layer {
    name: "ip1"
    type: "InnerProduct"
    bottom: "data"
    top: "ip1"
    inner_product_param {
      num_output: 1000
      weight_filler {
        type: "gaussian"
        mean: 0
        std: 0.01
      }
    }
    bias_param {
      filler {
        value: 0
      }
    }
    fixed_precision: true
    precision {
      enter: 1
      fraccio: 10
      rounding: "stochastic"
    }
  }
  layer {
    name: "relu1"
    type: "ReLU"
    bottom: "ip1"
    top: "ip1"
    fixed_precision: true
    precision {
      enter: 1
      fraccio: 10
      rounding: "stochastic"
    }
  }
  layer {
    name: "ip2"
    type: "InnerProduct"
    bottom: "ip1"
    top: "ip2"
    inner_product_param {
      num_output: 1000
      weight_filler {
        type: "gaussian"
        mean: 0
        std: 0.01
      }
    }
    bias_param {
      filler {
        value: 0
      }
    }
    fixed_precision: true
    precision {
      enter: 1
      fraccio: 10
      rounding: "stochastic"
    }
  }
  layer {
    name: "relu2"
    type: "ReLU"
    bottom: "ip2"
    top: "ip2"
    bias_param {
      filler {
        value: 0
      }
    }
    fixed_precision: true
    precision {
      enter: 1
      fraccio: 10
      rounding: "stochastic"
    }
  }
  layer {
    name: "ip3"
    type: "InnerProduct"
    bottom: "ip2"
    top: "ip3"
    inner_product_param {
      num_output: 10
      weight_filler {
        type: "gaussian"
        mean: 0
        std: 0.01
      }
    }
    bias_param {
      filler {
        value: 0
      }
    }
    fixed_precision: true
    precision {
      enter: 1
      fraccio: 10
      rounding: "stochastic"
    }
  }
  layer {
    name: "accuracy"
    type: "Accuracy"
    bottom: "ip3"
    bottom: "label"
    top: "accuracy"
  }
  layer {
    name: "loss"
    type: "SoftmaxWithLoss"
    bottom: "ip3"
    bottom: "label"
    top: "loss"
    fixed_precision: true
    precision {
      enter: 1
      fraccio: 10
      rounding: "stochastic"
    }
  }
}
train_state {
  level: 0
  stage: ""
}
fixed_precision: true
precision {
  enter: 1
  fraccio: 10
  rounding: "stochastic"
}
I0404 02:53:39.063496 16895 solver.cpp:82] Creating training net specified in net_param.
I0404 02:53:39.063558 16895 net.cpp:294] The NetState phase (0) differed from the phase (1) specified by a rule in layer mnist
I0404 02:53:39.063724 16895 net.cpp:51] Initializing net from parameters: 
name: "LeNet"
state {
  phase: TRAIN
  level: 0
  stage: ""
}
layer {
  name: "mnist"
  type: "Data"
  top: "data"
  top: "label"
  include {
    phase: TRAIN
  }
  transform_param {
    scale: 0.00390625
  }
  data_param {
    source: "data/mnist_train_lmdb"
    batch_size: 100
    backend: LMDB
  }
}
layer {
  name: "ip1"
  type: "InnerProduct"
  bottom: "data"
  top: "ip1"
  inner_product_param {
    num_output: 1000
    weight_filler {
      type: "gaussian"
      mean: 0
      std: 0.01
    }
  }
  bias_param {
    filler {
      value: 0
    }
  }
  fixed_precision: true
  precision {
    enter: 1
    fraccio: 10
    rounding: "stochastic"
  }
}
layer {
  name: "relu1"
  type: "ReLU"
  bottom: "ip1"
  top: "ip1"
  fixed_precision: true
  precision {
    enter: 1
    fraccio: 10
    rounding: "stochastic"
  }
}
layer {
  name: "ip2"
  type: "InnerProduct"
  bottom: "ip1"
  top: "ip2"
  inner_product_param {
    num_output: 1000
    weight_filler {
      type: "gaussian"
      mean: 0
      std: 0.01
    }
  }
  bias_param {
    filler {
      value: 0
    }
  }
  fixed_precision: true
  precision {
    enter: 1
    fraccio: 10
    rounding: "stochastic"
  }
}
layer {
  name: "relu2"
  type: "ReLU"
  bottom: "ip2"
  top: "ip2"
  bias_param {
    filler {
      value: 0
    }
  }
  fixed_precision: true
  precision {
    enter: 1
    fraccio: 10
    rounding: "stochastic"
  }
}
layer {
  name: "ip3"
  type: "InnerProduct"
  bottom: "ip2"
  top: "ip3"
  inner_product_param {
    num_output: 10
    weight_filler {
      type: "gaussian"
      mean: 0
      std: 0.01
    }
  }
  bias_param {
    filler {
      value: 0
    }
  }
  fixed_precision: true
  precision {
    enter: 1
    fraccio: 10
    rounding: "stochastic"
  }
}
layer {
  name: "accuracy"
  type: "Accuracy"
  bottom: "ip3"
  bottom: "label"
  top: "accuracy"
}
layer {
  name: "loss"
  type: "SoftmaxWithLoss"
  bottom: "ip3"
  bottom: "label"
  top: "loss"
  fixed_precision: true
  precision {
    enter: 1
    fraccio: 10
    rounding: "stochastic"
  }
}
I0404 02:53:39.063855 16895 layer_factory.hpp:77] Creating layer mnist
I0404 02:53:39.063982 16895 db_lmdb.cpp:35] Opened lmdb data/mnist_train_lmdb
I0404 02:53:39.064014 16895 net.cpp:84] Creating Layer mnist
I0404 02:53:39.064028 16895 net.cpp:380] mnist -> data
I0404 02:53:39.064059 16895 net.cpp:380] mnist -> label
I0404 02:53:39.064103 16895 data_layer.cpp:45] output data size: 100,1,28,28
I0404 02:53:39.067432 16895 net.cpp:122] Setting up mnist
I0404 02:53:39.067469 16895 net.cpp:129] Top shape: 100 1 28 28 (78400)
I0404 02:53:39.067481 16895 net.cpp:129] Top shape: 100 (100)
I0404 02:53:39.067488 16895 net.cpp:137] Memory required for data: 628000
I0404 02:53:39.067500 16895 layer_factory.hpp:77] Creating layer label_mnist_1_split
I0404 02:53:39.067519 16895 net.cpp:84] Creating Layer label_mnist_1_split
I0404 02:53:39.067529 16895 net.cpp:406] label_mnist_1_split <- label
I0404 02:53:39.067543 16895 net.cpp:380] label_mnist_1_split -> label_mnist_1_split_0
I0404 02:53:39.067558 16895 net.cpp:380] label_mnist_1_split -> label_mnist_1_split_1
I0404 02:53:39.067571 16895 net.cpp:122] Setting up label_mnist_1_split
I0404 02:53:39.067581 16895 net.cpp:129] Top shape: 100 (100)
I0404 02:53:39.067590 16895 net.cpp:129] Top shape: 100 (100)
I0404 02:53:39.067597 16895 net.cpp:137] Memory required for data: 629600
I0404 02:53:39.067605 16895 layer_factory.hpp:77] Creating layer ip1
I0404 02:53:39.067618 16895 net.cpp:84] Creating Layer ip1
I0404 02:53:39.067626 16895 net.cpp:406] ip1 <- data
I0404 02:53:39.067636 16895 net.cpp:380] ip1 -> ip1
I0404 02:53:39.208195 16895 net.cpp:122] Setting up ip1
I0404 02:53:39.208241 16895 net.cpp:129] Top shape: 100 1000 (100000)
I0404 02:53:39.208247 16895 net.cpp:137] Memory required for data: 1429600
I0404 02:53:39.208266 16895 layer_factory.hpp:77] Creating layer relu1
I0404 02:53:39.208277 16895 net.cpp:84] Creating Layer relu1
I0404 02:53:39.208283 16895 net.cpp:406] relu1 <- ip1
I0404 02:53:39.208292 16895 net.cpp:367] relu1 -> ip1 (in-place)
I0404 02:53:39.208308 16895 net.cpp:122] Setting up relu1
I0404 02:53:39.208315 16895 net.cpp:129] Top shape: 100 1000 (100000)
I0404 02:53:39.208320 16895 net.cpp:137] Memory required for data: 2229600
I0404 02:53:39.208324 16895 layer_factory.hpp:77] Creating layer ip2
I0404 02:53:39.208334 16895 net.cpp:84] Creating Layer ip2
I0404 02:53:39.208338 16895 net.cpp:406] ip2 <- ip1
I0404 02:53:39.208345 16895 net.cpp:380] ip2 -> ip2
I0404 02:53:39.301209 16895 net.cpp:122] Setting up ip2
I0404 02:53:39.301254 16895 net.cpp:129] Top shape: 100 1000 (100000)
I0404 02:53:39.301270 16895 net.cpp:137] Memory required for data: 3029600
I0404 02:53:39.301286 16895 layer_factory.hpp:77] Creating layer relu2
I0404 02:53:39.301298 16895 net.cpp:84] Creating Layer relu2
I0404 02:53:39.301306 16895 net.cpp:406] relu2 <- ip2
I0404 02:53:39.301313 16895 net.cpp:367] relu2 -> ip2 (in-place)
I0404 02:53:39.301340 16895 net.cpp:122] Setting up relu2
I0404 02:53:39.301363 16895 net.cpp:129] Top shape: 100 1000 (100000)
I0404 02:53:39.301367 16895 net.cpp:137] Memory required for data: 3829600
I0404 02:53:39.301372 16895 layer_factory.hpp:77] Creating layer ip3
I0404 02:53:39.301378 16895 net.cpp:84] Creating Layer ip3
I0404 02:53:39.301383 16895 net.cpp:406] ip3 <- ip2
I0404 02:53:39.301388 16895 net.cpp:380] ip3 -> ip3
I0404 02:53:39.302292 16895 net.cpp:122] Setting up ip3
I0404 02:53:39.302302 16895 net.cpp:129] Top shape: 100 10 (1000)
I0404 02:53:39.302316 16895 net.cpp:137] Memory required for data: 3837600
I0404 02:53:39.302325 16895 layer_factory.hpp:77] Creating layer ip3_ip3_0_split
I0404 02:53:39.302331 16895 net.cpp:84] Creating Layer ip3_ip3_0_split
I0404 02:53:39.302335 16895 net.cpp:406] ip3_ip3_0_split <- ip3
I0404 02:53:39.302345 16895 net.cpp:380] ip3_ip3_0_split -> ip3_ip3_0_split_0
I0404 02:53:39.302351 16895 net.cpp:380] ip3_ip3_0_split -> ip3_ip3_0_split_1
I0404 02:53:39.302359 16895 net.cpp:122] Setting up ip3_ip3_0_split
I0404 02:53:39.302364 16895 net.cpp:129] Top shape: 100 10 (1000)
I0404 02:53:39.302369 16895 net.cpp:129] Top shape: 100 10 (1000)
I0404 02:53:39.302373 16895 net.cpp:137] Memory required for data: 3853600
I0404 02:53:39.302376 16895 layer_factory.hpp:77] Creating layer accuracy
I0404 02:53:39.302383 16895 net.cpp:84] Creating Layer accuracy
I0404 02:53:39.302387 16895 net.cpp:406] accuracy <- ip3_ip3_0_split_0
I0404 02:53:39.302392 16895 net.cpp:406] accuracy <- label_mnist_1_split_0
I0404 02:53:39.302398 16895 net.cpp:380] accuracy -> accuracy
I0404 02:53:39.302404 16895 net.cpp:122] Setting up accuracy
I0404 02:53:39.302409 16895 net.cpp:129] Top shape: (1)
I0404 02:53:39.302413 16895 net.cpp:137] Memory required for data: 3853608
I0404 02:53:39.302417 16895 layer_factory.hpp:77] Creating layer loss
I0404 02:53:39.302426 16895 net.cpp:84] Creating Layer loss
I0404 02:53:39.302430 16895 net.cpp:406] loss <- ip3_ip3_0_split_1
I0404 02:53:39.302435 16895 net.cpp:406] loss <- label_mnist_1_split_1
I0404 02:53:39.302441 16895 net.cpp:380] loss -> loss
I0404 02:53:39.302459 16895 layer_factory.hpp:77] Creating layer loss
I0404 02:53:39.302479 16895 net.cpp:122] Setting up loss
I0404 02:53:39.302484 16895 net.cpp:129] Top shape: (1)
I0404 02:53:39.302489 16895 net.cpp:132]     with loss weight 1
I0404 02:53:39.302510 16895 net.cpp:137] Memory required for data: 3853616
I0404 02:53:39.302513 16895 net.cpp:198] loss needs backward computation.
I0404 02:53:39.302517 16895 net.cpp:200] accuracy does not need backward computation.
I0404 02:53:39.302523 16895 net.cpp:198] ip3_ip3_0_split needs backward computation.
I0404 02:53:39.302526 16895 net.cpp:198] ip3 needs backward computation.
I0404 02:53:39.302531 16895 net.cpp:198] relu2 needs backward computation.
I0404 02:53:39.302534 16895 net.cpp:198] ip2 needs backward computation.
I0404 02:53:39.302538 16895 net.cpp:198] relu1 needs backward computation.
I0404 02:53:39.302541 16895 net.cpp:198] ip1 needs backward computation.
I0404 02:53:39.302546 16895 net.cpp:200] label_mnist_1_split does not need backward computation.
I0404 02:53:39.302551 16895 net.cpp:200] mnist does not need backward computation.
I0404 02:53:39.302554 16895 net.cpp:242] This network produces output accuracy
I0404 02:53:39.302559 16895 net.cpp:242] This network produces output loss
I0404 02:53:39.302568 16895 net.cpp:255] Network initialization done.
I0404 02:53:39.302618 16895 solver.cpp:173] Creating test net (#0) specified by net_param
I0404 02:53:39.302636 16895 net.cpp:294] The NetState phase (1) differed from the phase (0) specified by a rule in layer mnist
I0404 02:53:39.302743 16895 net.cpp:51] Initializing net from parameters: 
name: "LeNet"
state {
  phase: TEST
}
layer {
  name: "mnist"
  type: "Data"
  top: "data"
  top: "label"
  include {
    phase: TEST
  }
  transform_param {
    scale: 0.00390625
  }
  data_param {
    source: "data/mnist_test_lmdb"
    batch_size: 100
    backend: LMDB
  }
}
layer {
  name: "ip1"
  type: "InnerProduct"
  bottom: "data"
  top: "ip1"
  inner_product_param {
    num_output: 1000
    weight_filler {
      type: "gaussian"
      mean: 0
      std: 0.01
    }
  }
  bias_param {
    filler {
      value: 0
    }
  }
  fixed_precision: true
  precision {
    enter: 1
    fraccio: 10
    rounding: "stochastic"
  }
}
layer {
  name: "relu1"
  type: "ReLU"
  bottom: "ip1"
  top: "ip1"
  fixed_precision: true
  precision {
    enter: 1
    fraccio: 10
    rounding: "stochastic"
  }
}
layer {
  name: "ip2"
  type: "InnerProduct"
  bottom: "ip1"
  top: "ip2"
  inner_product_param {
    num_output: 1000
    weight_filler {
      type: "gaussian"
      mean: 0
      std: 0.01
    }
  }
  bias_param {
    filler {
      value: 0
    }
  }
  fixed_precision: true
  precision {
    enter: 1
    fraccio: 10
    rounding: "stochastic"
  }
}
layer {
  name: "relu2"
  type: "ReLU"
  bottom: "ip2"
  top: "ip2"
  bias_param {
    filler {
      value: 0
    }
  }
  fixed_precision: true
  precision {
    enter: 1
    fraccio: 10
    rounding: "stochastic"
  }
}
layer {
  name: "ip3"
  type: "InnerProduct"
  bottom: "ip2"
  top: "ip3"
  inner_product_param {
    num_output: 10
    weight_filler {
      type: "gaussian"
      mean: 0
      std: 0.01
    }
  }
  bias_param {
    filler {
      value: 0
    }
  }
  fixed_precision: true
  precision {
    enter: 1
    fraccio: 10
    rounding: "stochastic"
  }
}
layer {
  name: "accuracy"
  type: "Accuracy"
  bottom: "ip3"
  bottom: "label"
  top: "accuracy"
}
layer {
  name: "loss"
  type: "SoftmaxWithLoss"
  bottom: "ip3"
  bottom: "label"
  top: "loss"
  fixed_precision: true
  precision {
    enter: 1
    fraccio: 10
    rounding: "stochastic"
  }
}
I0404 02:53:39.302817 16895 layer_factory.hpp:77] Creating layer mnist
I0404 02:53:39.302873 16895 db_lmdb.cpp:35] Opened lmdb data/mnist_test_lmdb
I0404 02:53:39.302888 16895 net.cpp:84] Creating Layer mnist
I0404 02:53:39.302894 16895 net.cpp:380] mnist -> data
I0404 02:53:39.302903 16895 net.cpp:380] mnist -> label
I0404 02:53:39.302917 16895 data_layer.cpp:45] output data size: 100,1,28,28
I0404 02:53:39.303625 16895 net.cpp:122] Setting up mnist
I0404 02:53:39.303637 16895 net.cpp:129] Top shape: 100 1 28 28 (78400)
I0404 02:53:39.303642 16895 net.cpp:129] Top shape: 100 (100)
I0404 02:53:39.303645 16895 net.cpp:137] Memory required for data: 628000
I0404 02:53:39.303649 16895 layer_factory.hpp:77] Creating layer label_mnist_1_split
I0404 02:53:39.303656 16895 net.cpp:84] Creating Layer label_mnist_1_split
I0404 02:53:39.303661 16895 net.cpp:406] label_mnist_1_split <- label
I0404 02:53:39.303669 16895 net.cpp:380] label_mnist_1_split -> label_mnist_1_split_0
I0404 02:53:39.303675 16895 net.cpp:380] label_mnist_1_split -> label_mnist_1_split_1
I0404 02:53:39.303683 16895 net.cpp:122] Setting up label_mnist_1_split
I0404 02:53:39.303689 16895 net.cpp:129] Top shape: 100 (100)
I0404 02:53:39.303694 16895 net.cpp:129] Top shape: 100 (100)
I0404 02:53:39.303697 16895 net.cpp:137] Memory required for data: 629600
I0404 02:53:39.303700 16895 layer_factory.hpp:77] Creating layer ip1
I0404 02:53:39.303707 16895 net.cpp:84] Creating Layer ip1
I0404 02:53:39.303714 16895 net.cpp:406] ip1 <- data
I0404 02:53:39.303719 16895 net.cpp:380] ip1 -> ip1
I0404 02:53:39.369587 16895 net.cpp:122] Setting up ip1
I0404 02:53:39.369632 16895 net.cpp:129] Top shape: 100 1000 (100000)
I0404 02:53:39.369649 16895 net.cpp:137] Memory required for data: 1429600
I0404 02:53:39.369664 16895 layer_factory.hpp:77] Creating layer relu1
I0404 02:53:39.369675 16895 net.cpp:84] Creating Layer relu1
I0404 02:53:39.369685 16895 net.cpp:406] relu1 <- ip1
I0404 02:53:39.369693 16895 net.cpp:367] relu1 -> ip1 (in-place)
I0404 02:53:39.369701 16895 net.cpp:122] Setting up relu1
I0404 02:53:39.369706 16895 net.cpp:129] Top shape: 100 1000 (100000)
I0404 02:53:39.369709 16895 net.cpp:137] Memory required for data: 2229600
I0404 02:53:39.369714 16895 layer_factory.hpp:77] Creating layer ip2
I0404 02:53:39.369724 16895 net.cpp:84] Creating Layer ip2
I0404 02:53:39.369743 16895 net.cpp:406] ip2 <- ip1
I0404 02:53:39.369768 16895 net.cpp:380] ip2 -> ip2
I0404 02:53:39.452826 16895 net.cpp:122] Setting up ip2
I0404 02:53:39.452868 16895 net.cpp:129] Top shape: 100 1000 (100000)
I0404 02:53:39.452873 16895 net.cpp:137] Memory required for data: 3029600
I0404 02:53:39.452888 16895 layer_factory.hpp:77] Creating layer relu2
I0404 02:53:39.452900 16895 net.cpp:84] Creating Layer relu2
I0404 02:53:39.452905 16895 net.cpp:406] relu2 <- ip2
I0404 02:53:39.452913 16895 net.cpp:367] relu2 -> ip2 (in-place)
I0404 02:53:39.452921 16895 net.cpp:122] Setting up relu2
I0404 02:53:39.452925 16895 net.cpp:129] Top shape: 100 1000 (100000)
I0404 02:53:39.452929 16895 net.cpp:137] Memory required for data: 3829600
I0404 02:53:39.452932 16895 layer_factory.hpp:77] Creating layer ip3
I0404 02:53:39.452940 16895 net.cpp:84] Creating Layer ip3
I0404 02:53:39.452949 16895 net.cpp:406] ip3 <- ip2
I0404 02:53:39.452955 16895 net.cpp:380] ip3 -> ip3
I0404 02:53:39.453835 16895 net.cpp:122] Setting up ip3
I0404 02:53:39.453861 16895 net.cpp:129] Top shape: 100 10 (1000)
I0404 02:53:39.453866 16895 net.cpp:137] Memory required for data: 3837600
I0404 02:53:39.453873 16895 layer_factory.hpp:77] Creating layer ip3_ip3_0_split
I0404 02:53:39.453881 16895 net.cpp:84] Creating Layer ip3_ip3_0_split
I0404 02:53:39.453886 16895 net.cpp:406] ip3_ip3_0_split <- ip3
I0404 02:53:39.453891 16895 net.cpp:380] ip3_ip3_0_split -> ip3_ip3_0_split_0
I0404 02:53:39.453897 16895 net.cpp:380] ip3_ip3_0_split -> ip3_ip3_0_split_1
I0404 02:53:39.453907 16895 net.cpp:122] Setting up ip3_ip3_0_split
I0404 02:53:39.453913 16895 net.cpp:129] Top shape: 100 10 (1000)
I0404 02:53:39.453917 16895 net.cpp:129] Top shape: 100 10 (1000)
I0404 02:53:39.453922 16895 net.cpp:137] Memory required for data: 3853600
I0404 02:53:39.453924 16895 layer_factory.hpp:77] Creating layer accuracy
I0404 02:53:39.453932 16895 net.cpp:84] Creating Layer accuracy
I0404 02:53:39.453935 16895 net.cpp:406] accuracy <- ip3_ip3_0_split_0
I0404 02:53:39.453939 16895 net.cpp:406] accuracy <- label_mnist_1_split_0
I0404 02:53:39.453944 16895 net.cpp:380] accuracy -> accuracy
I0404 02:53:39.453951 16895 net.cpp:122] Setting up accuracy
I0404 02:53:39.453956 16895 net.cpp:129] Top shape: (1)
I0404 02:53:39.453959 16895 net.cpp:137] Memory required for data: 3853608
I0404 02:53:39.453963 16895 layer_factory.hpp:77] Creating layer loss
I0404 02:53:39.453969 16895 net.cpp:84] Creating Layer loss
I0404 02:53:39.453974 16895 net.cpp:406] loss <- ip3_ip3_0_split_1
I0404 02:53:39.453979 16895 net.cpp:406] loss <- label_mnist_1_split_1
I0404 02:53:39.453984 16895 net.cpp:380] loss -> loss
I0404 02:53:39.453990 16895 layer_factory.hpp:77] Creating layer loss
I0404 02:53:39.454006 16895 net.cpp:122] Setting up loss
I0404 02:53:39.454012 16895 net.cpp:129] Top shape: (1)
I0404 02:53:39.454015 16895 net.cpp:132]     with loss weight 1
I0404 02:53:39.454026 16895 net.cpp:137] Memory required for data: 3853616
I0404 02:53:39.454030 16895 net.cpp:198] loss needs backward computation.
I0404 02:53:39.454035 16895 net.cpp:200] accuracy does not need backward computation.
I0404 02:53:39.454040 16895 net.cpp:198] ip3_ip3_0_split needs backward computation.
I0404 02:53:39.454042 16895 net.cpp:198] ip3 needs backward computation.
I0404 02:53:39.454046 16895 net.cpp:198] relu2 needs backward computation.
I0404 02:53:39.454049 16895 net.cpp:198] ip2 needs backward computation.
I0404 02:53:39.454053 16895 net.cpp:198] relu1 needs backward computation.
I0404 02:53:39.454057 16895 net.cpp:198] ip1 needs backward computation.
I0404 02:53:39.454061 16895 net.cpp:200] label_mnist_1_split does not need backward computation.
I0404 02:53:39.454067 16895 net.cpp:200] mnist does not need backward computation.
I0404 02:53:39.454071 16895 net.cpp:242] This network produces output accuracy
I0404 02:53:39.454076 16895 net.cpp:242] This network produces output loss
I0404 02:53:39.454084 16895 net.cpp:255] Network initialization done.
I0404 02:53:39.454123 16895 solver.cpp:56] Solver scaffolding done.
I0404 02:53:39.454149 16895 caffe_double.cpp:248] Starting Optimization
I0404 02:53:39.454160 16895 solver.cpp:273] Solving LeNet
I0404 02:53:39.454164 16895 solver.cpp:274] Learning Rate Policy: inv
I0404 02:53:39.457006 16895 solver.cpp:331] Iteration 0, Testing net (#0)
I0404 02:53:41.317945 16901 data_layer.cpp:73] Restarting data prefetching from start.
I0404 02:53:41.394731 16895 solver.cpp:398]     Test net output #0: accuracy = 0.0648
I0404 02:53:41.394799 16895 solver.cpp:398]     Test net output #1: loss = 2.30318 (* 1 = 2.30318 loss)
I0404 02:53:41.435588 16895 solver.cpp:219] Iteration 0 (-2.8026e-45 iter/s, 1.981s/600 iters), loss = 2.30227
I0404 02:53:41.435657 16895 solver.cpp:238]     Train net output #0: accuracy = 0.09
I0404 02:53:41.435678 16895 solver.cpp:238]     Train net output #1: loss = 2.30227 (* 1 = 2.30227 loss)
I0404 02:53:41.435694 16895 sgd_solver.cpp:107] Iteration 0, lr = 0.1
I0404 02:54:50.875313 16899 data_layer.cpp:73] Restarting data prefetching from start.
I0404 02:54:51.341163 16895 solver.cpp:331] Iteration 600, Testing net (#0)
I0404 02:54:53.172150 16901 data_layer.cpp:73] Restarting data prefetching from start.
I0404 02:54:53.247086 16895 solver.cpp:398]     Test net output #0: accuracy = 0.946
I0404 02:54:53.247150 16895 solver.cpp:398]     Test net output #1: loss = 0.175648 (* 1 = 0.175648 loss)
I0404 02:54:53.286244 16895 solver.cpp:219] Iteration 600 (8.35073 iter/s, 71.85s/600 iters), loss = 0.168117
I0404 02:54:53.286314 16895 solver.cpp:238]     Train net output #0: accuracy = 0.96
I0404 02:54:53.286334 16895 solver.cpp:238]     Train net output #1: loss = 0.168117 (* 1 = 0.168117 loss)
I0404 02:54:53.286350 16895 sgd_solver.cpp:107] Iteration 600, lr = 0.0957239
I0404 02:56:02.060178 16899 data_layer.cpp:73] Restarting data prefetching from start.
I0404 02:56:02.543083 16895 solver.cpp:331] Iteration 1200, Testing net (#0)
I0404 02:56:04.364614 16901 data_layer.cpp:73] Restarting data prefetching from start.
I0404 02:56:04.439121 16895 solver.cpp:398]     Test net output #0: accuracy = 0.962
I0404 02:56:04.439183 16895 solver.cpp:398]     Test net output #1: loss = 0.130713 (* 1 = 0.130713 loss)
I0404 02:56:04.478929 16895 solver.cpp:219] Iteration 1200 (8.42791 iter/s, 71.192s/600 iters), loss = 0.091118
I0404 02:56:04.478999 16895 solver.cpp:238]     Train net output #0: accuracy = 0.98
I0404 02:56:04.479023 16895 solver.cpp:238]     Train net output #1: loss = 0.091118 (* 1 = 0.091118 loss)
I0404 02:56:04.479040 16895 sgd_solver.cpp:107] Iteration 1200, lr = 0.0918516
I0404 02:57:13.157997 16899 data_layer.cpp:73] Restarting data prefetching from start.
I0404 02:57:13.617857 16895 solver.cpp:331] Iteration 1800, Testing net (#0)
I0404 02:57:15.520529 16901 data_layer.cpp:73] Restarting data prefetching from start.
I0404 02:57:15.594665 16895 solver.cpp:398]     Test net output #0: accuracy = 0.9638
I0404 02:57:15.594729 16895 solver.cpp:398]     Test net output #1: loss = 0.125356 (* 1 = 0.125356 loss)
I0404 02:57:15.633747 16895 solver.cpp:219] Iteration 1800 (8.43241 iter/s, 71.154s/600 iters), loss = 0.0607066
I0404 02:57:15.633812 16895 solver.cpp:238]     Train net output #0: accuracy = 0.98
I0404 02:57:15.633831 16895 solver.cpp:238]     Train net output #1: loss = 0.0607066 (* 1 = 0.0607066 loss)
I0404 02:57:15.633846 16895 sgd_solver.cpp:107] Iteration 1800, lr = 0.088326
I0404 02:58:24.125098 16899 data_layer.cpp:73] Restarting data prefetching from start.
I0404 02:58:24.582257 16895 solver.cpp:331] Iteration 2400, Testing net (#0)
I0404 02:58:26.396033 16901 data_layer.cpp:73] Restarting data prefetching from start.
I0404 02:58:26.470520 16895 solver.cpp:398]     Test net output #0: accuracy = 0.9742
I0404 02:58:26.470585 16895 solver.cpp:398]     Test net output #1: loss = 0.0912105 (* 1 = 0.0912105 loss)
I0404 02:58:26.509847 16895 solver.cpp:219] Iteration 2400 (8.46549 iter/s, 70.876s/600 iters), loss = 0.0294562
I0404 02:58:26.509912 16895 solver.cpp:238]     Train net output #0: accuracy = 0.99
I0404 02:58:26.509932 16895 solver.cpp:238]     Train net output #1: loss = 0.0294562 (* 1 = 0.0294562 loss)
I0404 02:58:26.509959 16895 sgd_solver.cpp:107] Iteration 2400, lr = 0.0851008
I0404 02:59:34.774075 16899 data_layer.cpp:73] Restarting data prefetching from start.
I0404 02:59:35.231824 16895 solver.cpp:331] Iteration 3000, Testing net (#0)
I0404 02:59:37.046037 16901 data_layer.cpp:73] Restarting data prefetching from start.
I0404 02:59:37.120656 16895 solver.cpp:398]     Test net output #0: accuracy = 0.9733
I0404 02:59:37.120720 16895 solver.cpp:398]     Test net output #1: loss = 0.0987761 (* 1 = 0.0987761 loss)
I0404 02:59:37.162266 16895 solver.cpp:219] Iteration 3000 (8.49233 iter/s, 70.652s/600 iters), loss = 0.0429468
I0404 02:59:37.162338 16895 solver.cpp:238]     Train net output #0: accuracy = 0.98
I0404 02:59:37.162361 16895 solver.cpp:238]     Train net output #1: loss = 0.0429468 (* 1 = 0.0429468 loss)
I0404 02:59:37.162380 16895 sgd_solver.cpp:107] Iteration 3000, lr = 0.0821377
I0404 03:00:45.704277 16899 data_layer.cpp:73] Restarting data prefetching from start.
I0404 03:00:46.158004 16895 solver.cpp:331] Iteration 3600, Testing net (#0)
I0404 03:00:47.974753 16901 data_layer.cpp:73] Restarting data prefetching from start.
I0404 03:00:48.049477 16895 solver.cpp:398]     Test net output #0: accuracy = 0.978
I0404 03:00:48.049541 16895 solver.cpp:398]     Test net output #1: loss = 0.0859183 (* 1 = 0.0859183 loss)
I0404 03:00:48.088546 16895 solver.cpp:219] Iteration 3600 (8.45952 iter/s, 70.926s/600 iters), loss = 0.0241919
I0404 03:00:48.088613 16895 solver.cpp:238]     Train net output #0: accuracy = 0.99
I0404 03:00:48.088635 16895 solver.cpp:238]     Train net output #1: loss = 0.0241919 (* 1 = 0.0241919 loss)
I0404 03:00:48.088650 16895 sgd_solver.cpp:107] Iteration 3600, lr = 0.0794046
I0404 03:01:56.474633 16899 data_layer.cpp:73] Restarting data prefetching from start.
I0404 03:01:56.931988 16895 solver.cpp:331] Iteration 4200, Testing net (#0)
I0404 03:01:58.752523 16901 data_layer.cpp:73] Restarting data prefetching from start.
I0404 03:01:58.827210 16895 solver.cpp:398]     Test net output #0: accuracy = 0.9799
I0404 03:01:58.827275 16895 solver.cpp:398]     Test net output #1: loss = 0.0775757 (* 1 = 0.0775757 loss)
I0404 03:01:58.866319 16895 solver.cpp:219] Iteration 4200 (8.47733 iter/s, 70.777s/600 iters), loss = 0.0056477
I0404 03:01:58.866385 16895 solver.cpp:238]     Train net output #0: accuracy = 1
I0404 03:01:58.866403 16895 solver.cpp:238]     Train net output #1: loss = 0.0056477 (* 1 = 0.0056477 loss)
I0404 03:01:58.866417 16895 sgd_solver.cpp:107] Iteration 4200, lr = 0.0768748
I0404 03:03:07.243265 16899 data_layer.cpp:73] Restarting data prefetching from start.
I0404 03:03:07.697207 16895 solver.cpp:331] Iteration 4800, Testing net (#0)
I0404 03:03:09.503737 16901 data_layer.cpp:73] Restarting data prefetching from start.
I0404 03:03:09.578038 16895 solver.cpp:398]     Test net output #0: accuracy = 0.9817
I0404 03:03:09.578102 16895 solver.cpp:398]     Test net output #1: loss = 0.0728797 (* 1 = 0.0728797 loss)
I0404 03:03:09.617267 16895 solver.cpp:219] Iteration 4800 (8.48057 iter/s, 70.75s/600 iters), loss = 0.00253261
I0404 03:03:09.617334 16895 solver.cpp:238]     Train net output #0: accuracy = 1
I0404 03:03:09.617355 16895 solver.cpp:238]     Train net output #1: loss = 0.00253261 (* 1 = 0.00253261 loss)
I0404 03:03:09.617372 16895 sgd_solver.cpp:107] Iteration 4800, lr = 0.0745253
I0404 03:04:17.670959 16899 data_layer.cpp:73] Restarting data prefetching from start.
I0404 03:04:18.123709 16895 solver.cpp:331] Iteration 5400, Testing net (#0)
I0404 03:04:19.928328 16901 data_layer.cpp:73] Restarting data prefetching from start.
I0404 03:04:20.003543 16895 solver.cpp:398]     Test net output #0: accuracy = 0.9822
I0404 03:04:20.003607 16895 solver.cpp:398]     Test net output #1: loss = 0.0690248 (* 1 = 0.0690248 loss)
I0404 03:04:20.042546 16895 solver.cpp:219] Iteration 5400 (8.5197 iter/s, 70.425s/600 iters), loss = 0.00544793
I0404 03:04:20.042613 16895 solver.cpp:238]     Train net output #0: accuracy = 1
I0404 03:04:20.042649 16895 solver.cpp:238]     Train net output #1: loss = 0.00544793 (* 1 = 0.00544793 loss)
I0404 03:04:20.042665 16895 sgd_solver.cpp:107] Iteration 5400, lr = 0.0723368
I0404 03:05:27.787911 16899 data_layer.cpp:73] Restarting data prefetching from start.
I0404 03:05:28.242818 16895 solver.cpp:331] Iteration 6000, Testing net (#0)
I0404 03:05:30.049451 16901 data_layer.cpp:73] Restarting data prefetching from start.
I0404 03:05:30.123756 16895 solver.cpp:398]     Test net output #0: accuracy = 0.9821
I0404 03:05:30.123822 16895 solver.cpp:398]     Test net output #1: loss = 0.0776252 (* 1 = 0.0776252 loss)
I0404 03:05:30.165158 16895 solver.cpp:219] Iteration 6000 (8.55652 iter/s, 70.122s/600 iters), loss = 0.00300744
I0404 03:05:30.165242 16895 solver.cpp:238]     Train net output #0: accuracy = 1
I0404 03:05:30.165271 16895 solver.cpp:238]     Train net output #1: loss = 0.00300744 (* 1 = 0.00300744 loss)
I0404 03:05:30.165292 16895 sgd_solver.cpp:107] Iteration 6000, lr = 0.0702927
I0404 03:06:37.906883 16899 data_layer.cpp:73] Restarting data prefetching from start.
I0404 03:06:38.366230 16895 solver.cpp:331] Iteration 6600, Testing net (#0)
I0404 03:06:40.174099 16901 data_layer.cpp:73] Restarting data prefetching from start.
I0404 03:06:40.248824 16895 solver.cpp:398]     Test net output #0: accuracy = 0.9824
I0404 03:06:40.248888 16895 solver.cpp:398]     Test net output #1: loss = 0.077298 (* 1 = 0.077298 loss)
I0404 03:06:40.288017 16895 solver.cpp:219] Iteration 6600 (8.55652 iter/s, 70.122s/600 iters), loss = 0.0155265
I0404 03:06:40.288086 16895 solver.cpp:238]     Train net output #0: accuracy = 0.99
I0404 03:06:40.288108 16895 solver.cpp:238]     Train net output #1: loss = 0.0155265 (* 1 = 0.0155265 loss)
I0404 03:06:40.288125 16895 sgd_solver.cpp:107] Iteration 6600, lr = 0.0683784
I0404 03:08:16.524500 16899 data_layer.cpp:73] Restarting data prefetching from start.
I0404 03:08:17.229950 16895 solver.cpp:331] Iteration 7200, Testing net (#0)
I0404 03:08:19.036051 16901 data_layer.cpp:73] Restarting data prefetching from start.
I0404 03:08:19.110491 16895 solver.cpp:398]     Test net output #0: accuracy = 0.9823
I0404 03:08:19.110554 16895 solver.cpp:398]     Test net output #1: loss = 0.0813444 (* 1 = 0.0813444 loss)
I0404 03:08:19.149649 16895 solver.cpp:219] Iteration 7200 (6.06913 iter/s, 98.861s/600 iters), loss = 0.000570967
I0404 03:08:19.149719 16895 solver.cpp:238]     Train net output #0: accuracy = 1
I0404 03:08:19.149741 16895 solver.cpp:238]     Train net output #1: loss = 0.000570967 (* 1 = 0.000570967 loss)
I0404 03:08:19.149757 16895 sgd_solver.cpp:107] Iteration 7200, lr = 0.0665815
I0404 03:10:08.099313 16899 data_layer.cpp:73] Restarting data prefetching from start.
I0404 03:10:08.849768 16895 solver.cpp:331] Iteration 7800, Testing net (#0)
I0404 03:10:10.628015 16901 data_layer.cpp:73] Restarting data prefetching from start.
I0404 03:10:10.704476 16895 solver.cpp:398]     Test net output #0: accuracy = 0.9839
I0404 03:10:10.704545 16895 solver.cpp:398]     Test net output #1: loss = 0.0753967 (* 1 = 0.0753967 loss)
I0404 03:10:10.743540 16895 solver.cpp:219] Iteration 7800 (5.37668 iter/s, 111.593s/600 iters), loss = 0.000737041
I0404 03:10:10.743607 16895 solver.cpp:238]     Train net output #0: accuracy = 1
I0404 03:10:10.743625 16895 solver.cpp:238]     Train net output #1: loss = 0.000737041 (* 1 = 0.000737041 loss)
I0404 03:10:10.743639 16895 sgd_solver.cpp:107] Iteration 7800, lr = 0.0648911
I0404 03:12:04.509958 16899 data_layer.cpp:73] Restarting data prefetching from start.
I0404 03:12:05.289700 16895 solver.cpp:331] Iteration 8400, Testing net (#0)
I0404 03:12:07.093588 16901 data_layer.cpp:73] Restarting data prefetching from start.
I0404 03:12:07.171842 16895 solver.cpp:398]     Test net output #0: accuracy = 0.9847
I0404 03:12:07.171908 16895 solver.cpp:398]     Test net output #1: loss = 0.0749089 (* 1 = 0.0749089 loss)
I0404 03:12:07.211313 16895 solver.cpp:219] Iteration 8400 (5.15167 iter/s, 116.467s/600 iters), loss = 0.000282076
I0404 03:12:07.211381 16895 solver.cpp:238]     Train net output #0: accuracy = 1
I0404 03:12:07.211417 16895 solver.cpp:238]     Train net output #1: loss = 0.000282076 (* 1 = 0.000282076 loss)
I0404 03:12:07.211431 16895 sgd_solver.cpp:107] Iteration 8400, lr = 0.0632975
I0404 03:14:04.923318 16899 data_layer.cpp:73] Restarting data prefetching from start.
I0404 03:14:05.725670 16895 solver.cpp:331] Iteration 9000, Testing net (#0)
I0404 03:14:07.524350 16901 data_layer.cpp:73] Restarting data prefetching from start.
I0404 03:14:07.597517 16895 solver.cpp:398]     Test net output #0: accuracy = 0.9844
I0404 03:14:07.597581 16895 solver.cpp:398]     Test net output #1: loss = 0.0754971 (* 1 = 0.0754971 loss)
I0404 03:14:07.635785 16895 solver.cpp:219] Iteration 9000 (4.9824 iter/s, 120.424s/600 iters), loss = 0.000997272
I0404 03:14:07.635854 16895 solver.cpp:238]     Train net output #0: accuracy = 1
I0404 03:14:07.635874 16895 solver.cpp:238]     Train net output #1: loss = 0.000997272 (* 1 = 0.000997272 loss)
I0404 03:14:07.635888 16895 sgd_solver.cpp:107] Iteration 9000, lr = 0.0617924
I0404 03:16:08.314302 16899 data_layer.cpp:73] Restarting data prefetching from start.
I0404 03:16:09.126945 16895 solver.cpp:331] Iteration 9600, Testing net (#0)
I0404 03:16:10.929597 16901 data_layer.cpp:73] Restarting data prefetching from start.
I0404 03:16:11.003722 16895 solver.cpp:398]     Test net output #0: accuracy = 0.9848
I0404 03:16:11.003783 16895 solver.cpp:398]     Test net output #1: loss = 0.0757654 (* 1 = 0.0757654 loss)
I0404 03:16:11.042804 16895 solver.cpp:219] Iteration 9600 (4.862 iter/s, 123.406s/600 iters), loss = 0.000336195
I0404 03:16:11.042870 16895 solver.cpp:238]     Train net output #0: accuracy = 1
I0404 03:16:11.042888 16895 solver.cpp:238]     Train net output #1: loss = 0.000336195 (* 1 = 0.000336195 loss)
I0404 03:16:11.042902 16895 sgd_solver.cpp:107] Iteration 9600, lr = 0.0603682
I0404 03:18:14.234730 16899 data_layer.cpp:73] Restarting data prefetching from start.
I0404 03:18:15.070116 16895 solver.cpp:331] Iteration 10200, Testing net (#0)
I0404 03:18:16.878506 16901 data_layer.cpp:73] Restarting data prefetching from start.
I0404 03:18:16.952564 16895 solver.cpp:398]     Test net output #0: accuracy = 0.9847
I0404 03:18:16.952628 16895 solver.cpp:398]     Test net output #1: loss = 0.078812 (* 1 = 0.078812 loss)
I0404 03:18:16.991408 16895 solver.cpp:219] Iteration 10200 (4.76387 iter/s, 125.948s/600 iters), loss = 0.000950407
I0404 03:18:16.991474 16895 solver.cpp:238]     Train net output #0: accuracy = 1
I0404 03:18:16.991492 16895 solver.cpp:238]     Train net output #1: loss = 0.000950407 (* 1 = 0.000950407 loss)
I0404 03:18:16.991506 16895 sgd_solver.cpp:107] Iteration 10200, lr = 0.0590183
I0404 03:20:23.091755 16899 data_layer.cpp:73] Restarting data prefetching from start.
I0404 03:20:23.940095 16895 solver.cpp:331] Iteration 10800, Testing net (#0)
I0404 03:20:25.740643 16901 data_layer.cpp:73] Restarting data prefetching from start.
I0404 03:20:25.814648 16895 solver.cpp:398]     Test net output #0: accuracy = 0.9847
I0404 03:20:25.814713 16895 solver.cpp:398]     Test net output #1: loss = 0.0796333 (* 1 = 0.0796333 loss)
I0404 03:20:25.853612 16895 solver.cpp:219] Iteration 10800 (4.65614 iter/s, 128.862s/600 iters), loss = 0.0014193
I0404 03:20:25.853682 16895 solver.cpp:238]     Train net output #0: accuracy = 1
I0404 03:20:25.853704 16895 solver.cpp:238]     Train net output #1: loss = 0.0014193 (* 1 = 0.0014193 loss)
I0404 03:20:25.853719 16895 sgd_solver.cpp:107] Iteration 10800, lr = 0.0577368
I0404 03:22:33.943961 16899 data_layer.cpp:73] Restarting data prefetching from start.
I0404 03:22:34.810621 16895 solver.cpp:331] Iteration 11400, Testing net (#0)
I0404 03:22:36.608942 16901 data_layer.cpp:73] Restarting data prefetching from start.
I0404 03:22:36.686699 16895 solver.cpp:398]     Test net output #0: accuracy = 0.9841
I0404 03:22:36.686764 16895 solver.cpp:398]     Test net output #1: loss = 0.0804792 (* 1 = 0.0804792 loss)
I0404 03:22:36.725934 16895 solver.cpp:219] Iteration 11400 (4.58463 iter/s, 130.872s/600 iters), loss = 0.000258464
I0404 03:22:36.726014 16895 solver.cpp:238]     Train net output #0: accuracy = 1
I0404 03:22:36.726033 16895 solver.cpp:238]     Train net output #1: loss = 0.000258464 (* 1 = 0.000258464 loss)
I0404 03:22:36.726047 16895 sgd_solver.cpp:107] Iteration 11400, lr = 0.0565184
I0404 03:24:47.775630 16899 data_layer.cpp:73] Restarting data prefetching from start.
I0404 03:24:48.666574 16895 solver.cpp:331] Iteration 12000, Testing net (#0)
I0404 03:24:50.473001 16901 data_layer.cpp:73] Restarting data prefetching from start.
I0404 03:24:50.546938 16895 solver.cpp:398]     Test net output #0: accuracy = 0.9839
I0404 03:24:50.547005 16895 solver.cpp:398]     Test net output #1: loss = 0.0843062 (* 1 = 0.0843062 loss)
I0404 03:24:50.585974 16895 solver.cpp:219] Iteration 12000 (4.48233 iter/s, 133.859s/600 iters), loss = 0.000209688
I0404 03:24:50.586041 16895 solver.cpp:238]     Train net output #0: accuracy = 1
I0404 03:24:50.586060 16895 solver.cpp:238]     Train net output #1: loss = 0.000209688 (* 1 = 0.000209688 loss)
I0404 03:24:50.586073 16895 sgd_solver.cpp:107] Iteration 12000, lr = 0.0553583
I0404 03:27:03.985124 16899 data_layer.cpp:73] Restarting data prefetching from start.
I0404 03:27:04.885481 16895 solver.cpp:331] Iteration 12600, Testing net (#0)
I0404 03:27:06.689476 16901 data_layer.cpp:73] Restarting data prefetching from start.
I0404 03:27:06.763694 16895 solver.cpp:398]     Test net output #0: accuracy = 0.9842
I0404 03:27:06.763759 16895 solver.cpp:398]     Test net output #1: loss = 0.0862355 (* 1 = 0.0862355 loss)
I0404 03:27:06.802820 16895 solver.cpp:219] Iteration 12600 (4.40477 iter/s, 136.216s/600 iters), loss = 0.00022886
I0404 03:27:06.802887 16895 solver.cpp:238]     Train net output #0: accuracy = 1
I0404 03:27:06.802906 16895 solver.cpp:238]     Train net output #1: loss = 0.00022886 (* 1 = 0.00022886 loss)
I0404 03:27:06.802920 16895 sgd_solver.cpp:107] Iteration 12600, lr = 0.0542524
I0404 03:29:22.288991 16899 data_layer.cpp:73] Restarting data prefetching from start.
I0404 03:29:23.197675 16895 solver.cpp:331] Iteration 13200, Testing net (#0)
I0404 03:29:24.997814 16901 data_layer.cpp:73] Restarting data prefetching from start.
I0404 03:29:25.071928 16895 solver.cpp:398]     Test net output #0: accuracy = 0.9845
I0404 03:29:25.071991 16895 solver.cpp:398]     Test net output #1: loss = 0.0873199 (* 1 = 0.0873199 loss)
I0404 03:29:25.110919 16895 solver.cpp:219] Iteration 13200 (4.33814 iter/s, 138.308s/600 iters), loss = 0.000165341
I0404 03:29:25.110990 16895 solver.cpp:238]     Train net output #0: accuracy = 1
I0404 03:29:25.111011 16895 solver.cpp:238]     Train net output #1: loss = 0.000165341 (* 1 = 0.000165341 loss)
I0404 03:29:25.111027 16895 sgd_solver.cpp:107] Iteration 13200, lr = 0.0531966
I0404 03:31:41.955196 16899 data_layer.cpp:73] Restarting data prefetching from start.
I0404 03:31:42.880188 16895 solver.cpp:331] Iteration 13800, Testing net (#0)
I0404 03:31:44.689111 16901 data_layer.cpp:73] Restarting data prefetching from start.
I0404 03:31:44.763677 16895 solver.cpp:398]     Test net output #0: accuracy = 0.984
I0404 03:31:44.763741 16895 solver.cpp:398]     Test net output #1: loss = 0.0890116 (* 1 = 0.0890116 loss)
I0404 03:31:44.802682 16895 solver.cpp:219] Iteration 13800 (4.29519 iter/s, 139.691s/600 iters), loss = 0.00013391
I0404 03:31:44.802750 16895 solver.cpp:238]     Train net output #0: accuracy = 1
I0404 03:31:44.802772 16895 solver.cpp:238]     Train net output #1: loss = 0.00013391 (* 1 = 0.00013391 loss)
I0404 03:31:44.802788 16895 sgd_solver.cpp:107] Iteration 13800, lr = 0.0521876
I0404 03:34:03.185084 16899 data_layer.cpp:73] Restarting data prefetching from start.
I0404 03:34:04.118819 16895 solver.cpp:331] Iteration 14400, Testing net (#0)
I0404 03:34:05.930805 16901 data_layer.cpp:73] Restarting data prefetching from start.
I0404 03:34:06.005548 16895 solver.cpp:398]     Test net output #0: accuracy = 0.9845
I0404 03:34:06.005610 16895 solver.cpp:398]     Test net output #1: loss = 0.0880488 (* 1 = 0.0880488 loss)
I0404 03:34:06.044569 16895 solver.cpp:219] Iteration 14400 (4.24806 iter/s, 141.241s/600 iters), loss = 0.000193233
I0404 03:34:06.044641 16895 solver.cpp:238]     Train net output #0: accuracy = 1
I0404 03:34:06.044661 16895 solver.cpp:238]     Train net output #1: loss = 0.000193233 (* 1 = 0.000193233 loss)
I0404 03:34:06.044677 16895 sgd_solver.cpp:107] Iteration 14400, lr = 0.0512221
I0404 03:36:25.326798 16899 data_layer.cpp:73] Restarting data prefetching from start.
I0404 03:36:26.264405 16895 solver.cpp:331] Iteration 15000, Testing net (#0)
I0404 03:36:28.065979 16901 data_layer.cpp:73] Restarting data prefetching from start.
I0404 03:36:28.140398 16895 solver.cpp:398]     Test net output #0: accuracy = 0.9842
I0404 03:36:28.140463 16895 solver.cpp:398]     Test net output #1: loss = 0.0904369 (* 1 = 0.0904369 loss)
I0404 03:36:28.183972 16895 solver.cpp:219] Iteration 15000 (4.22122 iter/s, 142.139s/600 iters), loss = 0.00171884
I0404 03:36:28.184044 16895 solver.cpp:238]     Train net output #0: accuracy = 1
I0404 03:36:28.184067 16895 solver.cpp:238]     Train net output #1: loss = 0.00171884 (* 1 = 0.00171884 loss)
I0404 03:36:28.184082 16895 sgd_solver.cpp:107] Iteration 15000, lr = 0.0502973
I0404 03:38:48.251953 16899 data_layer.cpp:73] Restarting data prefetching from start.
I0404 03:38:49.192718 16895 solver.cpp:331] Iteration 15600, Testing net (#0)
I0404 03:38:50.999511 16901 data_layer.cpp:73] Restarting data prefetching from start.
I0404 03:38:51.074033 16895 solver.cpp:398]     Test net output #0: accuracy = 0.9843
I0404 03:38:51.074098 16895 solver.cpp:398]     Test net output #1: loss = 0.0921033 (* 1 = 0.0921033 loss)
I0404 03:38:51.113181 16895 solver.cpp:219] Iteration 15600 (4.19789 iter/s, 142.929s/600 iters), loss = 9.54833e-05
I0404 03:38:51.113250 16895 solver.cpp:238]     Train net output #0: accuracy = 1
I0404 03:38:51.113271 16895 solver.cpp:238]     Train net output #1: loss = 9.54833e-05 (* 1 = 9.54833e-05 loss)
I0404 03:38:51.113286 16895 sgd_solver.cpp:107] Iteration 15600, lr = 0.0494106
I0404 03:41:11.660267 16899 data_layer.cpp:73] Restarting data prefetching from start.
I0404 03:41:12.609519 16895 solver.cpp:331] Iteration 16200, Testing net (#0)
I0404 03:41:14.422039 16901 data_layer.cpp:73] Restarting data prefetching from start.
I0404 03:41:14.496475 16895 solver.cpp:398]     Test net output #0: accuracy = 0.9838
I0404 03:41:14.496541 16895 solver.cpp:398]     Test net output #1: loss = 0.092307 (* 1 = 0.092307 loss)
I0404 03:41:14.535634 16895 solver.cpp:219] Iteration 16200 (4.18346 iter/s, 143.422s/600 iters), loss = 0.000101517
I0404 03:41:14.535703 16895 solver.cpp:238]     Train net output #0: accuracy = 1
I0404 03:41:14.535725 16895 solver.cpp:238]     Train net output #1: loss = 0.000101517 (* 1 = 0.000101517 loss)
I0404 03:41:14.535742 16895 sgd_solver.cpp:107] Iteration 16200, lr = 0.0485595
I0404 03:43:35.573947 16899 data_layer.cpp:73] Restarting data prefetching from start.
I0404 03:43:36.518939 16895 solver.cpp:331] Iteration 16800, Testing net (#0)
I0404 03:43:38.329466 16901 data_layer.cpp:73] Restarting data prefetching from start.
I0404 03:43:38.404074 16895 solver.cpp:398]     Test net output #0: accuracy = 0.9838
I0404 03:43:38.404139 16895 solver.cpp:398]     Test net output #1: loss = 0.093593 (* 1 = 0.093593 loss)
I0404 03:43:38.443168 16895 solver.cpp:219] Iteration 16800 (4.16936 iter/s, 143.907s/600 iters), loss = 0.000157946
I0404 03:43:38.443238 16895 solver.cpp:238]     Train net output #0: accuracy = 1
I0404 03:43:38.443260 16895 solver.cpp:238]     Train net output #1: loss = 0.000157946 (* 1 = 0.000157946 loss)
I0404 03:43:38.443276 16895 sgd_solver.cpp:107] Iteration 16800, lr = 0.0477418
I0404 03:45:59.880228 16899 data_layer.cpp:73] Restarting data prefetching from start.
I0404 03:46:00.829432 16895 solver.cpp:331] Iteration 17400, Testing net (#0)
I0404 03:46:02.668220 16901 data_layer.cpp:73] Restarting data prefetching from start.
I0404 03:46:02.744091 16895 solver.cpp:398]     Test net output #0: accuracy = 0.984
I0404 03:46:02.744173 16895 solver.cpp:398]     Test net output #1: loss = 0.0933923 (* 1 = 0.0933923 loss)
I0404 03:46:02.783232 16895 solver.cpp:219] Iteration 17400 (4.15688 iter/s, 144.339s/600 iters), loss = 0.000163529
I0404 03:46:02.783300 16895 solver.cpp:238]     Train net output #0: accuracy = 1
I0404 03:46:02.783321 16895 solver.cpp:238]     Train net output #1: loss = 0.000163529 (* 1 = 0.000163529 loss)
I0404 03:46:02.783336 16895 sgd_solver.cpp:107] Iteration 17400, lr = 0.0469556
I0404 03:48:24.225124 16899 data_layer.cpp:73] Restarting data prefetching from start.
I0404 03:48:25.172652 16895 solver.cpp:448] Snapshotting to binary proto file _iter_18000.caffemodel
I0404 03:48:25.218658 16895 sgd_solver.cpp:287] Snapshotting solver state to binary proto file _iter_18000.solverstate
I0404 03:48:25.265705 16895 solver.cpp:311] Iteration 18000, loss = 0.000132964
I0404 03:48:25.265759 16895 solver.cpp:331] Iteration 18000, Testing net (#0)
I0404 03:48:27.086689 16901 data_layer.cpp:73] Restarting data prefetching from start.
I0404 03:48:27.161149 16895 solver.cpp:398]     Test net output #0: accuracy = 0.9841
I0404 03:48:27.161221 16895 solver.cpp:398]     Test net output #1: loss = 0.0964179 (* 1 = 0.0964179 loss)
I0404 03:48:27.161237 16895 solver.cpp:316] Optimization Done.
I0404 03:48:27.161247 16895 caffe_double.cpp:259] Optimization Done.
