I0404 00:10:03.522229  6980 caffe_double.cpp:211] Use CPU.
I0404 00:10:03.522773  6980 solver.cpp:44] Initializing solver from parameters: 
test_iter: 100
test_interval: 600
base_lr: 0.1
display: 600
max_iter: 18000
lr_policy: "inv"
gamma: 0.0001
power: 0.75
momentum: 0.9
solver_mode: CPU
net_param {
  name: "LeNet"
  layer {
    name: "mnist"
    type: "Data"
    top: "data"
    top: "label"
    include {
      phase: TRAIN
    }
    transform_param {
      scale: 0.00390625
    }
    data_param {
      source: "data/mnist_train_lmdb"
      batch_size: 100
      backend: LMDB
    }
  }
  layer {
    name: "mnist"
    type: "Data"
    top: "data"
    top: "label"
    include {
      phase: TEST
    }
    transform_param {
      scale: 0.00390625
    }
    data_param {
      source: "data/mnist_test_lmdb"
      batch_size: 100
      backend: LMDB
    }
  }
  layer {
    name: "ip1"
    type: "InnerProduct"
    bottom: "data"
    top: "ip1"
    inner_product_param {
      num_output: 1000
      weight_filler {
        type: "gaussian"
        mean: 0
        std: 0.01
      }
    }
    bias_param {
      filler {
        value: 0
      }
    }
    fixed_precision: true
    precision {
      enter: 2
      fraccio: 10
      rounding: "stochastic"
    }
  }
  layer {
    name: "relu1"
    type: "ReLU"
    bottom: "ip1"
    top: "ip1"
    fixed_precision: true
    precision {
      enter: 2
      fraccio: 10
      rounding: "stochastic"
    }
  }
  layer {
    name: "ip2"
    type: "InnerProduct"
    bottom: "ip1"
    top: "ip2"
    inner_product_param {
      num_output: 1000
      weight_filler {
        type: "gaussian"
        mean: 0
        std: 0.01
      }
    }
    bias_param {
      filler {
        value: 0
      }
    }
    fixed_precision: true
    precision {
      enter: 2
      fraccio: 10
      rounding: "stochastic"
    }
  }
  layer {
    name: "relu2"
    type: "ReLU"
    bottom: "ip2"
    top: "ip2"
    bias_param {
      filler {
        value: 0
      }
    }
    fixed_precision: true
    precision {
      enter: 2
      fraccio: 10
      rounding: "stochastic"
    }
  }
  layer {
    name: "ip3"
    type: "InnerProduct"
    bottom: "ip2"
    top: "ip3"
    inner_product_param {
      num_output: 10
      weight_filler {
        type: "gaussian"
        mean: 0
        std: 0.01
      }
    }
    bias_param {
      filler {
        value: 0
      }
    }
    fixed_precision: true
    precision {
      enter: 2
      fraccio: 10
      rounding: "stochastic"
    }
  }
  layer {
    name: "accuracy"
    type: "Accuracy"
    bottom: "ip3"
    bottom: "label"
    top: "accuracy"
  }
  layer {
    name: "loss"
    type: "SoftmaxWithLoss"
    bottom: "ip3"
    bottom: "label"
    top: "loss"
    fixed_precision: true
    precision {
      enter: 2
      fraccio: 10
      rounding: "stochastic"
    }
  }
}
train_state {
  level: 0
  stage: ""
}
fixed_precision: true
precision {
  enter: 2
  fraccio: 10
  rounding: "stochastic"
}
I0404 00:10:03.522833  6980 solver.cpp:82] Creating training net specified in net_param.
I0404 00:10:03.522892  6980 net.cpp:294] The NetState phase (0) differed from the phase (1) specified by a rule in layer mnist
I0404 00:10:03.523056  6980 net.cpp:51] Initializing net from parameters: 
name: "LeNet"
state {
  phase: TRAIN
  level: 0
  stage: ""
}
layer {
  name: "mnist"
  type: "Data"
  top: "data"
  top: "label"
  include {
    phase: TRAIN
  }
  transform_param {
    scale: 0.00390625
  }
  data_param {
    source: "data/mnist_train_lmdb"
    batch_size: 100
    backend: LMDB
  }
}
layer {
  name: "ip1"
  type: "InnerProduct"
  bottom: "data"
  top: "ip1"
  inner_product_param {
    num_output: 1000
    weight_filler {
      type: "gaussian"
      mean: 0
      std: 0.01
    }
  }
  bias_param {
    filler {
      value: 0
    }
  }
  fixed_precision: true
  precision {
    enter: 2
    fraccio: 10
    rounding: "stochastic"
  }
}
layer {
  name: "relu1"
  type: "ReLU"
  bottom: "ip1"
  top: "ip1"
  fixed_precision: true
  precision {
    enter: 2
    fraccio: 10
    rounding: "stochastic"
  }
}
layer {
  name: "ip2"
  type: "InnerProduct"
  bottom: "ip1"
  top: "ip2"
  inner_product_param {
    num_output: 1000
    weight_filler {
      type: "gaussian"
      mean: 0
      std: 0.01
    }
  }
  bias_param {
    filler {
      value: 0
    }
  }
  fixed_precision: true
  precision {
    enter: 2
    fraccio: 10
    rounding: "stochastic"
  }
}
layer {
  name: "relu2"
  type: "ReLU"
  bottom: "ip2"
  top: "ip2"
  bias_param {
    filler {
      value: 0
    }
  }
  fixed_precision: true
  precision {
    enter: 2
    fraccio: 10
    rounding: "stochastic"
  }
}
layer {
  name: "ip3"
  type: "InnerProduct"
  bottom: "ip2"
  top: "ip3"
  inner_product_param {
    num_output: 10
    weight_filler {
      type: "gaussian"
      mean: 0
      std: 0.01
    }
  }
  bias_param {
    filler {
      value: 0
    }
  }
  fixed_precision: true
  precision {
    enter: 2
    fraccio: 10
    rounding: "stochastic"
  }
}
layer {
  name: "accuracy"
  type: "Accuracy"
  bottom: "ip3"
  bottom: "label"
  top: "accuracy"
}
layer {
  name: "loss"
  type: "SoftmaxWithLoss"
  bottom: "ip3"
  bottom: "label"
  top: "loss"
  fixed_precision: true
  precision {
    enter: 2
    fraccio: 10
    rounding: "stochastic"
  }
}
I0404 00:10:03.523180  6980 layer_factory.hpp:77] Creating layer mnist
I0404 00:10:03.523298  6980 db_lmdb.cpp:35] Opened lmdb data/mnist_train_lmdb
I0404 00:10:03.523326  6980 net.cpp:84] Creating Layer mnist
I0404 00:10:03.523339  6980 net.cpp:380] mnist -> data
I0404 00:10:03.523367  6980 net.cpp:380] mnist -> label
I0404 00:10:03.523403  6980 data_layer.cpp:45] output data size: 100,1,28,28
I0404 00:10:03.525100  6980 net.cpp:122] Setting up mnist
I0404 00:10:03.525125  6980 net.cpp:129] Top shape: 100 1 28 28 (78400)
I0404 00:10:03.525135  6980 net.cpp:129] Top shape: 100 (100)
I0404 00:10:03.525143  6980 net.cpp:137] Memory required for data: 628000
I0404 00:10:03.525154  6980 layer_factory.hpp:77] Creating layer label_mnist_1_split
I0404 00:10:03.525171  6980 net.cpp:84] Creating Layer label_mnist_1_split
I0404 00:10:03.525180  6980 net.cpp:406] label_mnist_1_split <- label
I0404 00:10:03.525195  6980 net.cpp:380] label_mnist_1_split -> label_mnist_1_split_0
I0404 00:10:03.525207  6980 net.cpp:380] label_mnist_1_split -> label_mnist_1_split_1
I0404 00:10:03.525220  6980 net.cpp:122] Setting up label_mnist_1_split
I0404 00:10:03.525230  6980 net.cpp:129] Top shape: 100 (100)
I0404 00:10:03.525238  6980 net.cpp:129] Top shape: 100 (100)
I0404 00:10:03.525246  6980 net.cpp:137] Memory required for data: 629600
I0404 00:10:03.525254  6980 layer_factory.hpp:77] Creating layer ip1
I0404 00:10:03.525269  6980 net.cpp:84] Creating Layer ip1
I0404 00:10:03.525276  6980 net.cpp:406] ip1 <- data
I0404 00:10:03.525286  6980 net.cpp:380] ip1 -> ip1
I0404 00:10:03.635083  6980 net.cpp:122] Setting up ip1
I0404 00:10:03.635123  6980 net.cpp:129] Top shape: 100 1000 (100000)
I0404 00:10:03.635130  6980 net.cpp:137] Memory required for data: 1429600
I0404 00:10:03.635154  6980 layer_factory.hpp:77] Creating layer relu1
I0404 00:10:03.635172  6980 net.cpp:84] Creating Layer relu1
I0404 00:10:03.635185  6980 net.cpp:406] relu1 <- ip1
I0404 00:10:03.635197  6980 net.cpp:367] relu1 -> ip1 (in-place)
I0404 00:10:03.635221  6980 net.cpp:122] Setting up relu1
I0404 00:10:03.635231  6980 net.cpp:129] Top shape: 100 1000 (100000)
I0404 00:10:03.635239  6980 net.cpp:137] Memory required for data: 2229600
I0404 00:10:03.635247  6980 layer_factory.hpp:77] Creating layer ip2
I0404 00:10:03.635262  6980 net.cpp:84] Creating Layer ip2
I0404 00:10:03.635270  6980 net.cpp:406] ip2 <- ip1
I0404 00:10:03.635282  6980 net.cpp:380] ip2 -> ip2
I0404 00:10:03.736729  6980 net.cpp:122] Setting up ip2
I0404 00:10:03.736778  6980 net.cpp:129] Top shape: 100 1000 (100000)
I0404 00:10:03.736791  6980 net.cpp:137] Memory required for data: 3029600
I0404 00:10:03.736814  6980 layer_factory.hpp:77] Creating layer relu2
I0404 00:10:03.736835  6980 net.cpp:84] Creating Layer relu2
I0404 00:10:03.736846  6980 net.cpp:406] relu2 <- ip2
I0404 00:10:03.736860  6980 net.cpp:367] relu2 -> ip2 (in-place)
I0404 00:10:03.736889  6980 net.cpp:122] Setting up relu2
I0404 00:10:03.736912  6980 net.cpp:129] Top shape: 100 1000 (100000)
I0404 00:10:03.736920  6980 net.cpp:137] Memory required for data: 3829600
I0404 00:10:03.736928  6980 layer_factory.hpp:77] Creating layer ip3
I0404 00:10:03.736943  6980 net.cpp:84] Creating Layer ip3
I0404 00:10:03.736953  6980 net.cpp:406] ip3 <- ip2
I0404 00:10:03.736965  6980 net.cpp:380] ip3 -> ip3
I0404 00:10:03.738036  6980 net.cpp:122] Setting up ip3
I0404 00:10:03.738051  6980 net.cpp:129] Top shape: 100 10 (1000)
I0404 00:10:03.738059  6980 net.cpp:137] Memory required for data: 3837600
I0404 00:10:03.738075  6980 layer_factory.hpp:77] Creating layer ip3_ip3_0_split
I0404 00:10:03.738087  6980 net.cpp:84] Creating Layer ip3_ip3_0_split
I0404 00:10:03.738097  6980 net.cpp:406] ip3_ip3_0_split <- ip3
I0404 00:10:03.738108  6980 net.cpp:380] ip3_ip3_0_split -> ip3_ip3_0_split_0
I0404 00:10:03.738121  6980 net.cpp:380] ip3_ip3_0_split -> ip3_ip3_0_split_1
I0404 00:10:03.738137  6980 net.cpp:122] Setting up ip3_ip3_0_split
I0404 00:10:03.738147  6980 net.cpp:129] Top shape: 100 10 (1000)
I0404 00:10:03.738157  6980 net.cpp:129] Top shape: 100 10 (1000)
I0404 00:10:03.738167  6980 net.cpp:137] Memory required for data: 3853600
I0404 00:10:03.738174  6980 layer_factory.hpp:77] Creating layer accuracy
I0404 00:10:03.738188  6980 net.cpp:84] Creating Layer accuracy
I0404 00:10:03.738195  6980 net.cpp:406] accuracy <- ip3_ip3_0_split_0
I0404 00:10:03.738205  6980 net.cpp:406] accuracy <- label_mnist_1_split_0
I0404 00:10:03.738219  6980 net.cpp:380] accuracy -> accuracy
I0404 00:10:03.738232  6980 net.cpp:122] Setting up accuracy
I0404 00:10:03.738245  6980 net.cpp:129] Top shape: (1)
I0404 00:10:03.738252  6980 net.cpp:137] Memory required for data: 3853608
I0404 00:10:03.738260  6980 layer_factory.hpp:77] Creating layer loss
I0404 00:10:03.738276  6980 net.cpp:84] Creating Layer loss
I0404 00:10:03.738286  6980 net.cpp:406] loss <- ip3_ip3_0_split_1
I0404 00:10:03.738294  6980 net.cpp:406] loss <- label_mnist_1_split_1
I0404 00:10:03.738306  6980 net.cpp:380] loss -> loss
I0404 00:10:03.738327  6980 layer_factory.hpp:77] Creating layer loss
I0404 00:10:03.738355  6980 net.cpp:122] Setting up loss
I0404 00:10:03.738365  6980 net.cpp:129] Top shape: (1)
I0404 00:10:03.738373  6980 net.cpp:132]     with loss weight 1
I0404 00:10:03.738401  6980 net.cpp:137] Memory required for data: 3853616
I0404 00:10:03.738409  6980 net.cpp:198] loss needs backward computation.
I0404 00:10:03.738418  6980 net.cpp:200] accuracy does not need backward computation.
I0404 00:10:03.738427  6980 net.cpp:198] ip3_ip3_0_split needs backward computation.
I0404 00:10:03.738436  6980 net.cpp:198] ip3 needs backward computation.
I0404 00:10:03.738445  6980 net.cpp:198] relu2 needs backward computation.
I0404 00:10:03.738454  6980 net.cpp:198] ip2 needs backward computation.
I0404 00:10:03.738463  6980 net.cpp:198] relu1 needs backward computation.
I0404 00:10:03.738471  6980 net.cpp:198] ip1 needs backward computation.
I0404 00:10:03.738481  6980 net.cpp:200] label_mnist_1_split does not need backward computation.
I0404 00:10:03.738492  6980 net.cpp:200] mnist does not need backward computation.
I0404 00:10:03.738499  6980 net.cpp:242] This network produces output accuracy
I0404 00:10:03.738507  6980 net.cpp:242] This network produces output loss
I0404 00:10:03.738524  6980 net.cpp:255] Network initialization done.
I0404 00:10:03.738589  6980 solver.cpp:173] Creating test net (#0) specified by net_param
I0404 00:10:03.738617  6980 net.cpp:294] The NetState phase (1) differed from the phase (0) specified by a rule in layer mnist
I0404 00:10:03.738744  6980 net.cpp:51] Initializing net from parameters: 
name: "LeNet"
state {
  phase: TEST
}
layer {
  name: "mnist"
  type: "Data"
  top: "data"
  top: "label"
  include {
    phase: TEST
  }
  transform_param {
    scale: 0.00390625
  }
  data_param {
    source: "data/mnist_test_lmdb"
    batch_size: 100
    backend: LMDB
  }
}
layer {
  name: "ip1"
  type: "InnerProduct"
  bottom: "data"
  top: "ip1"
  inner_product_param {
    num_output: 1000
    weight_filler {
      type: "gaussian"
      mean: 0
      std: 0.01
    }
  }
  bias_param {
    filler {
      value: 0
    }
  }
  fixed_precision: true
  precision {
    enter: 2
    fraccio: 10
    rounding: "stochastic"
  }
}
layer {
  name: "relu1"
  type: "ReLU"
  bottom: "ip1"
  top: "ip1"
  fixed_precision: true
  precision {
    enter: 2
    fraccio: 10
    rounding: "stochastic"
  }
}
layer {
  name: "ip2"
  type: "InnerProduct"
  bottom: "ip1"
  top: "ip2"
  inner_product_param {
    num_output: 1000
    weight_filler {
      type: "gaussian"
      mean: 0
      std: 0.01
    }
  }
  bias_param {
    filler {
      value: 0
    }
  }
  fixed_precision: true
  precision {
    enter: 2
    fraccio: 10
    rounding: "stochastic"
  }
}
layer {
  name: "relu2"
  type: "ReLU"
  bottom: "ip2"
  top: "ip2"
  bias_param {
    filler {
      value: 0
    }
  }
  fixed_precision: true
  precision {
    enter: 2
    fraccio: 10
    rounding: "stochastic"
  }
}
layer {
  name: "ip3"
  type: "InnerProduct"
  bottom: "ip2"
  top: "ip3"
  inner_product_param {
    num_output: 10
    weight_filler {
      type: "gaussian"
      mean: 0
      std: 0.01
    }
  }
  bias_param {
    filler {
      value: 0
    }
  }
  fixed_precision: true
  precision {
    enter: 2
    fraccio: 10
    rounding: "stochastic"
  }
}
layer {
  name: "accuracy"
  type: "Accuracy"
  bottom: "ip3"
  bottom: "label"
  top: "accuracy"
}
layer {
  name: "loss"
  type: "SoftmaxWithLoss"
  bottom: "ip3"
  bottom: "label"
  top: "loss"
  fixed_precision: true
  precision {
    enter: 2
    fraccio: 10
    rounding: "stochastic"
  }
}
I0404 00:10:03.738819  6980 layer_factory.hpp:77] Creating layer mnist
I0404 00:10:03.738886  6980 db_lmdb.cpp:35] Opened lmdb data/mnist_test_lmdb
I0404 00:10:03.738905  6980 net.cpp:84] Creating Layer mnist
I0404 00:10:03.738919  6980 net.cpp:380] mnist -> data
I0404 00:10:03.738935  6980 net.cpp:380] mnist -> label
I0404 00:10:03.738956  6980 data_layer.cpp:45] output data size: 100,1,28,28
I0404 00:10:03.739899  6980 net.cpp:122] Setting up mnist
I0404 00:10:03.739914  6980 net.cpp:129] Top shape: 100 1 28 28 (78400)
I0404 00:10:03.739923  6980 net.cpp:129] Top shape: 100 (100)
I0404 00:10:03.739930  6980 net.cpp:137] Memory required for data: 628000
I0404 00:10:03.739938  6980 layer_factory.hpp:77] Creating layer label_mnist_1_split
I0404 00:10:03.739951  6980 net.cpp:84] Creating Layer label_mnist_1_split
I0404 00:10:03.739960  6980 net.cpp:406] label_mnist_1_split <- label
I0404 00:10:03.739974  6980 net.cpp:380] label_mnist_1_split -> label_mnist_1_split_0
I0404 00:10:03.739986  6980 net.cpp:380] label_mnist_1_split -> label_mnist_1_split_1
I0404 00:10:03.740000  6980 net.cpp:122] Setting up label_mnist_1_split
I0404 00:10:03.740012  6980 net.cpp:129] Top shape: 100 (100)
I0404 00:10:03.740022  6980 net.cpp:129] Top shape: 100 (100)
I0404 00:10:03.740031  6980 net.cpp:137] Memory required for data: 629600
I0404 00:10:03.740039  6980 layer_factory.hpp:77] Creating layer ip1
I0404 00:10:03.740053  6980 net.cpp:84] Creating Layer ip1
I0404 00:10:03.740061  6980 net.cpp:406] ip1 <- data
I0404 00:10:03.740072  6980 net.cpp:380] ip1 -> ip1
I0404 00:10:03.835230  6980 net.cpp:122] Setting up ip1
I0404 00:10:03.835273  6980 net.cpp:129] Top shape: 100 1000 (100000)
I0404 00:10:03.835283  6980 net.cpp:137] Memory required for data: 1429600
I0404 00:10:03.835304  6980 layer_factory.hpp:77] Creating layer relu1
I0404 00:10:03.835321  6980 net.cpp:84] Creating Layer relu1
I0404 00:10:03.835330  6980 net.cpp:406] relu1 <- ip1
I0404 00:10:03.835340  6980 net.cpp:367] relu1 -> ip1 (in-place)
I0404 00:10:03.835352  6980 net.cpp:122] Setting up relu1
I0404 00:10:03.835361  6980 net.cpp:129] Top shape: 100 1000 (100000)
I0404 00:10:03.835368  6980 net.cpp:137] Memory required for data: 2229600
I0404 00:10:03.835376  6980 layer_factory.hpp:77] Creating layer ip2
I0404 00:10:03.835391  6980 net.cpp:84] Creating Layer ip2
I0404 00:10:03.835403  6980 net.cpp:406] ip2 <- ip1
I0404 00:10:03.835423  6980 net.cpp:380] ip2 -> ip2
I0404 00:10:03.919293  6980 net.cpp:122] Setting up ip2
I0404 00:10:03.919329  6980 net.cpp:129] Top shape: 100 1000 (100000)
I0404 00:10:03.919335  6980 net.cpp:137] Memory required for data: 3029600
I0404 00:10:03.919350  6980 layer_factory.hpp:77] Creating layer relu2
I0404 00:10:03.919368  6980 net.cpp:84] Creating Layer relu2
I0404 00:10:03.919376  6980 net.cpp:406] relu2 <- ip2
I0404 00:10:03.919386  6980 net.cpp:367] relu2 -> ip2 (in-place)
I0404 00:10:03.919401  6980 net.cpp:122] Setting up relu2
I0404 00:10:03.919410  6980 net.cpp:129] Top shape: 100 1000 (100000)
I0404 00:10:03.919416  6980 net.cpp:137] Memory required for data: 3829600
I0404 00:10:03.919422  6980 layer_factory.hpp:77] Creating layer ip3
I0404 00:10:03.919433  6980 net.cpp:84] Creating Layer ip3
I0404 00:10:03.919440  6980 net.cpp:406] ip3 <- ip2
I0404 00:10:03.919450  6980 net.cpp:380] ip3 -> ip3
I0404 00:10:03.920331  6980 net.cpp:122] Setting up ip3
I0404 00:10:03.920348  6980 net.cpp:129] Top shape: 100 10 (1000)
I0404 00:10:03.920356  6980 net.cpp:137] Memory required for data: 3837600
I0404 00:10:03.920368  6980 layer_factory.hpp:77] Creating layer ip3_ip3_0_split
I0404 00:10:03.920380  6980 net.cpp:84] Creating Layer ip3_ip3_0_split
I0404 00:10:03.920387  6980 net.cpp:406] ip3_ip3_0_split <- ip3
I0404 00:10:03.920397  6980 net.cpp:380] ip3_ip3_0_split -> ip3_ip3_0_split_0
I0404 00:10:03.920406  6980 net.cpp:380] ip3_ip3_0_split -> ip3_ip3_0_split_1
I0404 00:10:03.920419  6980 net.cpp:122] Setting up ip3_ip3_0_split
I0404 00:10:03.920429  6980 net.cpp:129] Top shape: 100 10 (1000)
I0404 00:10:03.920439  6980 net.cpp:129] Top shape: 100 10 (1000)
I0404 00:10:03.920444  6980 net.cpp:137] Memory required for data: 3853600
I0404 00:10:03.920450  6980 layer_factory.hpp:77] Creating layer accuracy
I0404 00:10:03.920461  6980 net.cpp:84] Creating Layer accuracy
I0404 00:10:03.920467  6980 net.cpp:406] accuracy <- ip3_ip3_0_split_0
I0404 00:10:03.920475  6980 net.cpp:406] accuracy <- label_mnist_1_split_0
I0404 00:10:03.920485  6980 net.cpp:380] accuracy -> accuracy
I0404 00:10:03.920495  6980 net.cpp:122] Setting up accuracy
I0404 00:10:03.920503  6980 net.cpp:129] Top shape: (1)
I0404 00:10:03.920509  6980 net.cpp:137] Memory required for data: 3853608
I0404 00:10:03.920516  6980 layer_factory.hpp:77] Creating layer loss
I0404 00:10:03.920526  6980 net.cpp:84] Creating Layer loss
I0404 00:10:03.920532  6980 net.cpp:406] loss <- ip3_ip3_0_split_1
I0404 00:10:03.920539  6980 net.cpp:406] loss <- label_mnist_1_split_1
I0404 00:10:03.920548  6980 net.cpp:380] loss -> loss
I0404 00:10:03.920560  6980 layer_factory.hpp:77] Creating layer loss
I0404 00:10:03.920583  6980 net.cpp:122] Setting up loss
I0404 00:10:03.920589  6980 net.cpp:129] Top shape: (1)
I0404 00:10:03.920595  6980 net.cpp:132]     with loss weight 1
I0404 00:10:03.920609  6980 net.cpp:137] Memory required for data: 3853616
I0404 00:10:03.920615  6980 net.cpp:198] loss needs backward computation.
I0404 00:10:03.920621  6980 net.cpp:200] accuracy does not need backward computation.
I0404 00:10:03.920629  6980 net.cpp:198] ip3_ip3_0_split needs backward computation.
I0404 00:10:03.920634  6980 net.cpp:198] ip3 needs backward computation.
I0404 00:10:03.920641  6980 net.cpp:198] relu2 needs backward computation.
I0404 00:10:03.920647  6980 net.cpp:198] ip2 needs backward computation.
I0404 00:10:03.920655  6980 net.cpp:198] relu1 needs backward computation.
I0404 00:10:03.920660  6980 net.cpp:198] ip1 needs backward computation.
I0404 00:10:03.920667  6980 net.cpp:200] label_mnist_1_split does not need backward computation.
I0404 00:10:03.920676  6980 net.cpp:200] mnist does not need backward computation.
I0404 00:10:03.920683  6980 net.cpp:242] This network produces output accuracy
I0404 00:10:03.920689  6980 net.cpp:242] This network produces output loss
I0404 00:10:03.920703  6980 net.cpp:255] Network initialization done.
I0404 00:10:03.920742  6980 solver.cpp:56] Solver scaffolding done.
I0404 00:10:03.920773  6980 caffe_double.cpp:248] Starting Optimization
I0404 00:10:03.920785  6980 solver.cpp:273] Solving LeNet
I0404 00:10:03.920791  6980 solver.cpp:274] Learning Rate Policy: inv
I0404 00:10:03.923414  6980 solver.cpp:331] Iteration 0, Testing net (#0)
I0404 00:10:05.804450  6987 data_layer.cpp:73] Restarting data prefetching from start.
I0404 00:10:05.882467  6980 solver.cpp:398]     Test net output #0: accuracy = 0.1165
I0404 00:10:05.882532  6980 solver.cpp:398]     Test net output #1: loss = 2.3027 (* 1 = 2.3027 loss)
I0404 00:10:05.923714  6980 solver.cpp:219] Iteration 0 (-1.4013e-45 iter/s, 2.002s/600 iters), loss = 2.30305
I0404 00:10:05.923777  6980 solver.cpp:238]     Train net output #0: accuracy = 0.08
I0404 00:10:05.923794  6980 solver.cpp:238]     Train net output #1: loss = 2.30305 (* 1 = 2.30305 loss)
I0404 00:10:05.923809  6980 sgd_solver.cpp:107] Iteration 0, lr = 0.1
I0404 00:11:15.553251  6985 data_layer.cpp:73] Restarting data prefetching from start.
I0404 00:11:16.017127  6980 solver.cpp:331] Iteration 600, Testing net (#0)
I0404 00:11:17.862962  6987 data_layer.cpp:73] Restarting data prefetching from start.
I0404 00:11:17.938907  6980 solver.cpp:398]     Test net output #0: accuracy = 0.9501
I0404 00:11:17.938969  6980 solver.cpp:398]     Test net output #1: loss = 0.166583 (* 1 = 0.166583 loss)
I0404 00:11:17.979063  6980 solver.cpp:219] Iteration 600 (8.32697 iter/s, 72.055s/600 iters), loss = 0.114047
I0404 00:11:17.979128  6980 solver.cpp:238]     Train net output #0: accuracy = 0.98
I0404 00:11:17.979151  6980 solver.cpp:238]     Train net output #1: loss = 0.114047 (* 1 = 0.114047 loss)
I0404 00:11:17.979166  6980 sgd_solver.cpp:107] Iteration 600, lr = 0.0957239
I0404 00:12:27.065464  6985 data_layer.cpp:73] Restarting data prefetching from start.
I0404 00:12:27.525178  6980 solver.cpp:331] Iteration 1200, Testing net (#0)
I0404 00:12:29.415266  6987 data_layer.cpp:73] Restarting data prefetching from start.
I0404 00:12:29.490856  6980 solver.cpp:398]     Test net output #0: accuracy = 0.9694
I0404 00:12:29.490917  6980 solver.cpp:398]     Test net output #1: loss = 0.101805 (* 1 = 0.101805 loss)
I0404 00:12:29.530381  6980 solver.cpp:219] Iteration 1200 (8.38563 iter/s, 71.551s/600 iters), loss = 0.0952942
I0404 00:12:29.530447  6980 solver.cpp:238]     Train net output #0: accuracy = 0.98
I0404 00:12:29.530467  6980 solver.cpp:238]     Train net output #1: loss = 0.0952942 (* 1 = 0.0952942 loss)
I0404 00:12:29.530483  6980 sgd_solver.cpp:107] Iteration 1200, lr = 0.0918516
I0404 00:13:38.330070  6985 data_layer.cpp:73] Restarting data prefetching from start.
I0404 00:13:38.789645  6980 solver.cpp:331] Iteration 1800, Testing net (#0)
I0404 00:13:40.628788  6987 data_layer.cpp:73] Restarting data prefetching from start.
I0404 00:13:40.707536  6980 solver.cpp:398]     Test net output #0: accuracy = 0.9494
I0404 00:13:40.707595  6980 solver.cpp:398]     Test net output #1: loss = 0.194506 (* 1 = 0.194506 loss)
I0404 00:13:40.747201  6980 solver.cpp:219] Iteration 1800 (8.42507 iter/s, 71.216s/600 iters), loss = 0.100402
I0404 00:13:40.747268  6980 solver.cpp:238]     Train net output #0: accuracy = 0.98
I0404 00:13:40.747292  6980 solver.cpp:238]     Train net output #1: loss = 0.100402 (* 1 = 0.100402 loss)
I0404 00:13:40.747308  6980 sgd_solver.cpp:107] Iteration 1800, lr = 0.088326
I0404 00:14:49.600668  6985 data_layer.cpp:73] Restarting data prefetching from start.
I0404 00:14:50.059643  6980 solver.cpp:331] Iteration 2400, Testing net (#0)
I0404 00:14:51.898334  6987 data_layer.cpp:73] Restarting data prefetching from start.
I0404 00:14:51.974619  6980 solver.cpp:398]     Test net output #0: accuracy = 0.9629
I0404 00:14:51.974676  6980 solver.cpp:398]     Test net output #1: loss = 0.135153 (* 1 = 0.135153 loss)
I0404 00:14:52.014214  6980 solver.cpp:219] Iteration 2400 (8.41916 iter/s, 71.266s/600 iters), loss = 0.0460183
I0404 00:14:52.014279  6980 solver.cpp:238]     Train net output #0: accuracy = 0.99
I0404 00:14:52.014300  6980 solver.cpp:238]     Train net output #1: loss = 0.0460183 (* 1 = 0.0460183 loss)
I0404 00:14:52.014330  6980 sgd_solver.cpp:107] Iteration 2400, lr = 0.0851008
I0404 00:16:01.004210  6985 data_layer.cpp:73] Restarting data prefetching from start.
I0404 00:16:01.464279  6980 solver.cpp:331] Iteration 3000, Testing net (#0)
I0404 00:16:03.352057  6987 data_layer.cpp:73] Restarting data prefetching from start.
I0404 00:16:03.427611  6980 solver.cpp:398]     Test net output #0: accuracy = 0.975
I0404 00:16:03.427672  6980 solver.cpp:398]     Test net output #1: loss = 0.0925491 (* 1 = 0.0925491 loss)
I0404 00:16:03.467339  6980 solver.cpp:219] Iteration 3000 (8.39713 iter/s, 71.453s/600 iters), loss = 0.0373412
I0404 00:16:03.467403  6980 solver.cpp:238]     Train net output #0: accuracy = 0.98
I0404 00:16:03.467425  6980 solver.cpp:238]     Train net output #1: loss = 0.0373412 (* 1 = 0.0373412 loss)
I0404 00:16:03.467440  6980 sgd_solver.cpp:107] Iteration 3000, lr = 0.0821377
I0404 00:17:12.402904  6985 data_layer.cpp:73] Restarting data prefetching from start.
I0404 00:17:12.865967  6980 solver.cpp:331] Iteration 3600, Testing net (#0)
I0404 00:17:14.812753  6987 data_layer.cpp:73] Restarting data prefetching from start.
I0404 00:17:14.888604  6980 solver.cpp:398]     Test net output #0: accuracy = 0.9742
I0404 00:17:14.888664  6980 solver.cpp:398]     Test net output #1: loss = 0.0970641 (* 1 = 0.0970641 loss)
I0404 00:17:14.928112  6980 solver.cpp:219] Iteration 3600 (8.39631 iter/s, 71.46s/600 iters), loss = 0.065328
I0404 00:17:14.928175  6980 solver.cpp:238]     Train net output #0: accuracy = 0.98
I0404 00:17:14.928194  6980 solver.cpp:238]     Train net output #1: loss = 0.065328 (* 1 = 0.065328 loss)
I0404 00:17:14.928207  6980 sgd_solver.cpp:107] Iteration 3600, lr = 0.0794046
I0404 00:18:23.543882  6985 data_layer.cpp:73] Restarting data prefetching from start.
I0404 00:18:24.004781  6980 solver.cpp:331] Iteration 4200, Testing net (#0)
I0404 00:18:25.846904  6987 data_layer.cpp:73] Restarting data prefetching from start.
I0404 00:18:25.922528  6980 solver.cpp:398]     Test net output #0: accuracy = 0.9817
I0404 00:18:25.922590  6980 solver.cpp:398]     Test net output #1: loss = 0.0707965 (* 1 = 0.0707965 loss)
I0404 00:18:25.962011  6980 solver.cpp:219] Iteration 4200 (8.44678 iter/s, 71.033s/600 iters), loss = 0.0212129
I0404 00:18:25.962075  6980 solver.cpp:238]     Train net output #0: accuracy = 0.99
I0404 00:18:25.962093  6980 solver.cpp:238]     Train net output #1: loss = 0.0212129 (* 1 = 0.0212129 loss)
I0404 00:18:25.962107  6980 sgd_solver.cpp:107] Iteration 4200, lr = 0.0768748
I0404 00:19:34.577038  6985 data_layer.cpp:73] Restarting data prefetching from start.
I0404 00:19:35.033526  6980 solver.cpp:331] Iteration 4800, Testing net (#0)
I0404 00:19:36.874361  6987 data_layer.cpp:73] Restarting data prefetching from start.
I0404 00:19:36.950143  6980 solver.cpp:398]     Test net output #0: accuracy = 0.9799
I0404 00:19:36.950201  6980 solver.cpp:398]     Test net output #1: loss = 0.0758562 (* 1 = 0.0758562 loss)
I0404 00:19:36.989648  6980 solver.cpp:219] Iteration 4800 (8.44749 iter/s, 71.027s/600 iters), loss = 0.0117347
I0404 00:19:36.989712  6980 solver.cpp:238]     Train net output #0: accuracy = 0.99
I0404 00:19:36.989730  6980 solver.cpp:238]     Train net output #1: loss = 0.0117347 (* 1 = 0.0117347 loss)
I0404 00:19:36.989744  6980 sgd_solver.cpp:107] Iteration 4800, lr = 0.0745253
I0404 00:20:45.361352  6985 data_layer.cpp:73] Restarting data prefetching from start.
I0404 00:20:45.819779  6980 solver.cpp:331] Iteration 5400, Testing net (#0)
I0404 00:20:47.644757  6987 data_layer.cpp:73] Restarting data prefetching from start.
I0404 00:20:47.723027  6980 solver.cpp:398]     Test net output #0: accuracy = 0.9773
I0404 00:20:47.723093  6980 solver.cpp:398]     Test net output #1: loss = 0.0954829 (* 1 = 0.0954829 loss)
I0404 00:20:47.762459  6980 solver.cpp:219] Iteration 5400 (8.47793 iter/s, 70.772s/600 iters), loss = 0.0023151
I0404 00:20:47.762526  6980 solver.cpp:238]     Train net output #0: accuracy = 1
I0404 00:20:47.762562  6980 solver.cpp:238]     Train net output #1: loss = 0.0023151 (* 1 = 0.0023151 loss)
I0404 00:20:47.762578  6980 sgd_solver.cpp:107] Iteration 5400, lr = 0.0723368
I0404 00:21:56.322363  6985 data_layer.cpp:73] Restarting data prefetching from start.
I0404 00:21:56.785079  6980 solver.cpp:331] Iteration 6000, Testing net (#0)
I0404 00:21:58.610296  6987 data_layer.cpp:73] Restarting data prefetching from start.
I0404 00:21:58.691311  6980 solver.cpp:398]     Test net output #0: accuracy = 0.9814
I0404 00:21:58.691377  6980 solver.cpp:398]     Test net output #1: loss = 0.0840479 (* 1 = 0.0840479 loss)
I0404 00:21:58.730847  6980 solver.cpp:219] Iteration 6000 (8.45451 iter/s, 70.968s/600 iters), loss = 0.00617068
I0404 00:21:58.730916  6980 solver.cpp:238]     Train net output #0: accuracy = 1
I0404 00:21:58.730937  6980 solver.cpp:238]     Train net output #1: loss = 0.00617068 (* 1 = 0.00617068 loss)
I0404 00:21:58.730953  6980 sgd_solver.cpp:107] Iteration 6000, lr = 0.0702927
I0404 00:23:07.455075  6985 data_layer.cpp:73] Restarting data prefetching from start.
I0404 00:23:07.917265  6980 solver.cpp:331] Iteration 6600, Testing net (#0)
I0404 00:23:09.732729  6987 data_layer.cpp:73] Restarting data prefetching from start.
I0404 00:23:09.807665  6980 solver.cpp:398]     Test net output #0: accuracy = 0.9812
I0404 00:23:09.807727  6980 solver.cpp:398]     Test net output #1: loss = 0.0844602 (* 1 = 0.0844602 loss)
I0404 00:23:09.847043  6980 solver.cpp:219] Iteration 6600 (8.43692 iter/s, 71.116s/600 iters), loss = 0.00917886
I0404 00:23:09.847110  6980 solver.cpp:238]     Train net output #0: accuracy = 0.99
I0404 00:23:09.847131  6980 solver.cpp:238]     Train net output #1: loss = 0.00917886 (* 1 = 0.00917886 loss)
I0404 00:23:09.847146  6980 sgd_solver.cpp:107] Iteration 6600, lr = 0.0683784
I0404 00:24:43.322825  6985 data_layer.cpp:73] Restarting data prefetching from start.
I0404 00:24:44.006929  6980 solver.cpp:331] Iteration 7200, Testing net (#0)
I0404 00:24:45.830948  6987 data_layer.cpp:73] Restarting data prefetching from start.
I0404 00:24:45.906066  6980 solver.cpp:398]     Test net output #0: accuracy = 0.9825
I0404 00:24:45.906129  6980 solver.cpp:398]     Test net output #1: loss = 0.0827704 (* 1 = 0.0827704 loss)
I0404 00:24:45.945649  6980 solver.cpp:219] Iteration 7200 (6.24363 iter/s, 96.098s/600 iters), loss = 0.00536127
I0404 00:24:45.945715  6980 solver.cpp:238]     Train net output #0: accuracy = 1
I0404 00:24:45.945735  6980 solver.cpp:238]     Train net output #1: loss = 0.00536127 (* 1 = 0.00536127 loss)
I0404 00:24:45.945750  6980 sgd_solver.cpp:107] Iteration 7200, lr = 0.0665815
I0404 00:26:30.665134  6985 data_layer.cpp:73] Restarting data prefetching from start.
I0404 00:26:31.386708  6980 solver.cpp:331] Iteration 7800, Testing net (#0)
I0404 00:26:33.209782  6987 data_layer.cpp:73] Restarting data prefetching from start.
I0404 00:26:33.287045  6980 solver.cpp:398]     Test net output #0: accuracy = 0.9826
I0404 00:26:33.287106  6980 solver.cpp:398]     Test net output #1: loss = 0.0801397 (* 1 = 0.0801397 loss)
I0404 00:26:33.326478  6980 solver.cpp:219] Iteration 7800 (5.58763 iter/s, 107.38s/600 iters), loss = 0.00216171
I0404 00:26:33.326545  6980 solver.cpp:238]     Train net output #0: accuracy = 1
I0404 00:26:33.326565  6980 solver.cpp:238]     Train net output #1: loss = 0.00216171 (* 1 = 0.00216171 loss)
I0404 00:26:33.326578  6980 sgd_solver.cpp:107] Iteration 7800, lr = 0.0648911
I0404 00:28:23.257485  6985 data_layer.cpp:73] Restarting data prefetching from start.
I0404 00:28:24.010622  6980 solver.cpp:331] Iteration 8400, Testing net (#0)
I0404 00:28:25.844002  6987 data_layer.cpp:73] Restarting data prefetching from start.
I0404 00:28:25.919041  6980 solver.cpp:398]     Test net output #0: accuracy = 0.9843
I0404 00:28:25.919103  6980 solver.cpp:398]     Test net output #1: loss = 0.0793453 (* 1 = 0.0793453 loss)
I0404 00:28:25.958292  6980 solver.cpp:219] Iteration 8400 (5.32713 iter/s, 112.631s/600 iters), loss = 0.00294526
I0404 00:28:25.958353  6980 solver.cpp:238]     Train net output #0: accuracy = 1
I0404 00:28:25.958390  6980 solver.cpp:238]     Train net output #1: loss = 0.00294526 (* 1 = 0.00294526 loss)
I0404 00:28:25.958405  6980 sgd_solver.cpp:107] Iteration 8400, lr = 0.0632975
I0404 00:30:19.490165  6985 data_layer.cpp:73] Restarting data prefetching from start.
I0404 00:30:20.257990  6980 solver.cpp:331] Iteration 9000, Testing net (#0)
I0404 00:30:22.098021  6987 data_layer.cpp:73] Restarting data prefetching from start.
I0404 00:30:22.176026  6980 solver.cpp:398]     Test net output #0: accuracy = 0.9844
I0404 00:30:22.176090  6980 solver.cpp:398]     Test net output #1: loss = 0.0851125 (* 1 = 0.0851125 loss)
I0404 00:30:22.215948  6980 solver.cpp:219] Iteration 9000 (5.16098 iter/s, 116.257s/600 iters), loss = 0.00407963
I0404 00:30:22.216012  6980 solver.cpp:238]     Train net output #0: accuracy = 1
I0404 00:30:22.216030  6980 solver.cpp:238]     Train net output #1: loss = 0.00407963 (* 1 = 0.00407963 loss)
I0404 00:30:22.216044  6980 sgd_solver.cpp:107] Iteration 9000, lr = 0.0617924
I0404 00:32:18.539083  6985 data_layer.cpp:73] Restarting data prefetching from start.
I0404 00:32:19.330844  6980 solver.cpp:331] Iteration 9600, Testing net (#0)
I0404 00:32:21.150990  6987 data_layer.cpp:73] Restarting data prefetching from start.
I0404 00:32:21.228008  6980 solver.cpp:398]     Test net output #0: accuracy = 0.9848
I0404 00:32:21.228073  6980 solver.cpp:398]     Test net output #1: loss = 0.0806546 (* 1 = 0.0806546 loss)
I0404 00:32:21.267460  6980 solver.cpp:219] Iteration 9600 (5.03986 iter/s, 119.051s/600 iters), loss = 0.000518914
I0404 00:32:21.267529  6980 solver.cpp:238]     Train net output #0: accuracy = 1
I0404 00:32:21.267549  6980 solver.cpp:238]     Train net output #1: loss = 0.000518914 (* 1 = 0.000518914 loss)
I0404 00:32:21.267565  6980 sgd_solver.cpp:107] Iteration 9600, lr = 0.0603682
I0404 00:34:20.670636  6985 data_layer.cpp:73] Restarting data prefetching from start.
I0404 00:34:21.479641  6980 solver.cpp:331] Iteration 10200, Testing net (#0)
I0404 00:34:23.318078  6987 data_layer.cpp:73] Restarting data prefetching from start.
I0404 00:34:23.393162  6980 solver.cpp:398]     Test net output #0: accuracy = 0.985
I0404 00:34:23.393221  6980 solver.cpp:398]     Test net output #1: loss = 0.0817353 (* 1 = 0.0817353 loss)
I0404 00:34:23.432322  6980 solver.cpp:219] Iteration 10200 (4.91143 iter/s, 122.164s/600 iters), loss = 0.000258597
I0404 00:34:23.432386  6980 solver.cpp:238]     Train net output #0: accuracy = 1
I0404 00:34:23.432405  6980 solver.cpp:238]     Train net output #1: loss = 0.000258597 (* 1 = 0.000258597 loss)
I0404 00:34:23.432418  6980 sgd_solver.cpp:107] Iteration 10200, lr = 0.0590183
I0404 00:36:25.728449  6985 data_layer.cpp:73] Restarting data prefetching from start.
I0404 00:36:26.558029  6980 solver.cpp:331] Iteration 10800, Testing net (#0)
I0404 00:36:28.387261  6987 data_layer.cpp:73] Restarting data prefetching from start.
I0404 00:36:28.557229  6980 solver.cpp:398]     Test net output #0: accuracy = 0.9852
I0404 00:36:28.557291  6980 solver.cpp:398]     Test net output #1: loss = 0.0847463 (* 1 = 0.0847463 loss)
I0404 00:36:28.606063  6980 solver.cpp:219] Iteration 10800 (4.79337 iter/s, 125.173s/600 iters), loss = 0.000415107
I0404 00:36:28.606129  6980 solver.cpp:238]     Train net output #0: accuracy = 1
I0404 00:36:28.606149  6980 solver.cpp:238]     Train net output #1: loss = 0.000415107 (* 1 = 0.000415107 loss)
I0404 00:36:28.606164  6980 sgd_solver.cpp:107] Iteration 10800, lr = 0.0577368
I0404 00:38:33.688642  6985 data_layer.cpp:73] Restarting data prefetching from start.
I0404 00:38:34.532153  6980 solver.cpp:331] Iteration 11400, Testing net (#0)
I0404 00:38:36.370735  6987 data_layer.cpp:73] Restarting data prefetching from start.
I0404 00:38:36.446167  6980 solver.cpp:398]     Test net output #0: accuracy = 0.9844
I0404 00:38:36.446228  6980 solver.cpp:398]     Test net output #1: loss = 0.0870618 (* 1 = 0.0870618 loss)
I0404 00:38:36.485736  6980 solver.cpp:219] Iteration 11400 (4.69194 iter/s, 127.879s/600 iters), loss = 0.00064974
I0404 00:38:36.485816  6980 solver.cpp:238]     Train net output #0: accuracy = 1
I0404 00:38:36.485834  6980 solver.cpp:238]     Train net output #1: loss = 0.00064974 (* 1 = 0.00064974 loss)
I0404 00:38:36.485847  6980 sgd_solver.cpp:107] Iteration 11400, lr = 0.0565184
I0404 00:40:43.856263  6985 data_layer.cpp:73] Restarting data prefetching from start.
I0404 00:40:44.717324  6980 solver.cpp:331] Iteration 12000, Testing net (#0)
I0404 00:40:46.548568  6987 data_layer.cpp:73] Restarting data prefetching from start.
I0404 00:40:46.623855  6980 solver.cpp:398]     Test net output #0: accuracy = 0.9852
I0404 00:40:46.623915  6980 solver.cpp:398]     Test net output #1: loss = 0.0884875 (* 1 = 0.0884875 loss)
I0404 00:40:46.663995  6980 solver.cpp:219] Iteration 12000 (4.60907 iter/s, 130.178s/600 iters), loss = 0.000594554
I0404 00:40:46.664070  6980 solver.cpp:238]     Train net output #0: accuracy = 1
I0404 00:40:46.664090  6980 solver.cpp:238]     Train net output #1: loss = 0.000594554 (* 1 = 0.000594554 loss)
I0404 00:40:46.664105  6980 sgd_solver.cpp:107] Iteration 12000, lr = 0.0553583
I0404 00:42:56.150218  6985 data_layer.cpp:73] Restarting data prefetching from start.
I0404 00:42:57.026021  6980 solver.cpp:331] Iteration 12600, Testing net (#0)
I0404 00:42:58.846918  6987 data_layer.cpp:73] Restarting data prefetching from start.
I0404 00:42:58.921041  6980 solver.cpp:398]     Test net output #0: accuracy = 0.985
I0404 00:42:58.921102  6980 solver.cpp:398]     Test net output #1: loss = 0.0891879 (* 1 = 0.0891879 loss)
I0404 00:42:58.959830  6980 solver.cpp:219] Iteration 12600 (4.53532 iter/s, 132.295s/600 iters), loss = 0.000500114
I0404 00:42:58.959892  6980 solver.cpp:238]     Train net output #0: accuracy = 1
I0404 00:42:58.959910  6980 solver.cpp:238]     Train net output #1: loss = 0.000500114 (* 1 = 0.000500114 loss)
I0404 00:42:58.959924  6980 sgd_solver.cpp:107] Iteration 12600, lr = 0.0542524
I0404 00:45:10.809018  6985 data_layer.cpp:73] Restarting data prefetching from start.
I0404 00:45:11.702951  6980 solver.cpp:331] Iteration 13200, Testing net (#0)
I0404 00:45:13.534694  6987 data_layer.cpp:73] Restarting data prefetching from start.
I0404 00:45:13.609731  6980 solver.cpp:398]     Test net output #0: accuracy = 0.9851
I0404 00:45:13.609792  6980 solver.cpp:398]     Test net output #1: loss = 0.0904751 (* 1 = 0.0904751 loss)
I0404 00:45:13.649039  6980 solver.cpp:219] Iteration 13200 (4.45471 iter/s, 134.689s/600 iters), loss = 0.000705933
I0404 00:45:13.649102  6980 solver.cpp:238]     Train net output #0: accuracy = 1
I0404 00:45:13.649121  6980 solver.cpp:238]     Train net output #1: loss = 0.000705933 (* 1 = 0.000705933 loss)
I0404 00:45:13.649134  6980 sgd_solver.cpp:107] Iteration 13200, lr = 0.0531966
I0404 00:47:27.139636  6985 data_layer.cpp:73] Restarting data prefetching from start.
I0404 00:47:28.042321  6980 solver.cpp:331] Iteration 13800, Testing net (#0)
I0404 00:47:29.879868  6987 data_layer.cpp:73] Restarting data prefetching from start.
I0404 00:47:29.955194  6980 solver.cpp:398]     Test net output #0: accuracy = 0.9854
I0404 00:47:29.955253  6980 solver.cpp:398]     Test net output #1: loss = 0.0915088 (* 1 = 0.0915088 loss)
I0404 00:47:29.995110  6980 solver.cpp:219] Iteration 13800 (4.4006 iter/s, 136.345s/600 iters), loss = 0.000438615
I0404 00:47:29.995174  6980 solver.cpp:238]     Train net output #0: accuracy = 1
I0404 00:47:29.995193  6980 solver.cpp:238]     Train net output #1: loss = 0.000438615 (* 1 = 0.000438615 loss)
I0404 00:47:29.995205  6980 sgd_solver.cpp:107] Iteration 13800, lr = 0.0521876
I0404 00:49:44.911929  6985 data_layer.cpp:73] Restarting data prefetching from start.
I0404 00:49:45.821617  6980 solver.cpp:331] Iteration 14400, Testing net (#0)
I0404 00:49:47.652370  6987 data_layer.cpp:73] Restarting data prefetching from start.
I0404 00:49:47.731015  6980 solver.cpp:398]     Test net output #0: accuracy = 0.9851
I0404 00:49:47.731075  6980 solver.cpp:398]     Test net output #1: loss = 0.0921406 (* 1 = 0.0921406 loss)
I0404 00:49:47.770469  6980 solver.cpp:219] Iteration 14400 (4.35493 iter/s, 137.775s/600 iters), loss = 0.000477958
I0404 00:49:47.770535  6980 solver.cpp:238]     Train net output #0: accuracy = 1
I0404 00:49:47.770552  6980 solver.cpp:238]     Train net output #1: loss = 0.000477958 (* 1 = 0.000477958 loss)
I0404 00:49:47.770566  6980 sgd_solver.cpp:107] Iteration 14400, lr = 0.0512221
I0404 00:52:04.179711  6985 data_layer.cpp:73] Restarting data prefetching from start.
I0404 00:52:05.100256  6980 solver.cpp:331] Iteration 15000, Testing net (#0)
I0404 00:52:06.934149  6987 data_layer.cpp:73] Restarting data prefetching from start.
I0404 00:52:07.009547  6980 solver.cpp:398]     Test net output #0: accuracy = 0.9849
I0404 00:52:07.009608  6980 solver.cpp:398]     Test net output #1: loss = 0.0930699 (* 1 = 0.0930699 loss)
I0404 00:52:07.048844  6980 solver.cpp:219] Iteration 15000 (4.30793 iter/s, 139.278s/600 iters), loss = 0.000597514
I0404 00:52:07.048909  6980 solver.cpp:238]     Train net output #0: accuracy = 1
I0404 00:52:07.048928  6980 solver.cpp:238]     Train net output #1: loss = 0.000597514 (* 1 = 0.000597514 loss)
I0404 00:52:07.048941  6980 sgd_solver.cpp:107] Iteration 15000, lr = 0.0502973
I0404 00:54:24.551899  6985 data_layer.cpp:73] Restarting data prefetching from start.
I0404 00:54:25.475858  6980 solver.cpp:331] Iteration 15600, Testing net (#0)
I0404 00:54:27.311297  6987 data_layer.cpp:73] Restarting data prefetching from start.
I0404 00:54:27.386905  6980 solver.cpp:398]     Test net output #0: accuracy = 0.9847
I0404 00:54:27.386966  6980 solver.cpp:398]     Test net output #1: loss = 0.0945558 (* 1 = 0.0945558 loss)
I0404 00:54:27.426424  6980 solver.cpp:219] Iteration 15600 (4.2742 iter/s, 140.377s/600 iters), loss = 0.000740206
I0404 00:54:27.426486  6980 solver.cpp:238]     Train net output #0: accuracy = 1
I0404 00:54:27.426504  6980 solver.cpp:238]     Train net output #1: loss = 0.000740206 (* 1 = 0.000740206 loss)
I0404 00:54:27.426517  6980 sgd_solver.cpp:107] Iteration 15600, lr = 0.0494106
I0404 00:56:45.860106  6985 data_layer.cpp:73] Restarting data prefetching from start.
I0404 00:56:46.788797  6980 solver.cpp:331] Iteration 16200, Testing net (#0)
I0404 00:56:48.624212  6987 data_layer.cpp:73] Restarting data prefetching from start.
I0404 00:56:48.702608  6980 solver.cpp:398]     Test net output #0: accuracy = 0.9853
I0404 00:56:48.702678  6980 solver.cpp:398]     Test net output #1: loss = 0.0949539 (* 1 = 0.0949539 loss)
I0404 00:56:48.741996  6980 solver.cpp:219] Iteration 16200 (4.24583 iter/s, 141.315s/600 iters), loss = 0.000370914
I0404 00:56:48.742059  6980 solver.cpp:238]     Train net output #0: accuracy = 1
I0404 00:56:48.742079  6980 solver.cpp:238]     Train net output #1: loss = 0.000370914 (* 1 = 0.000370914 loss)
I0404 00:56:48.742091  6980 sgd_solver.cpp:107] Iteration 16200, lr = 0.0485595
I0404 00:59:07.702843  6985 data_layer.cpp:73] Restarting data prefetching from start.
I0404 00:59:08.635159  6980 solver.cpp:331] Iteration 16800, Testing net (#0)
I0404 00:59:10.474601  6987 data_layer.cpp:73] Restarting data prefetching from start.
I0404 00:59:10.550045  6980 solver.cpp:398]     Test net output #0: accuracy = 0.9851
I0404 00:59:10.550104  6980 solver.cpp:398]     Test net output #1: loss = 0.096242 (* 1 = 0.096242 loss)
I0404 00:59:10.589383  6980 solver.cpp:219] Iteration 16800 (4.22991 iter/s, 141.847s/600 iters), loss = 0.000477165
I0404 00:59:10.589448  6980 solver.cpp:238]     Train net output #0: accuracy = 1
I0404 00:59:10.589467  6980 solver.cpp:238]     Train net output #1: loss = 0.000477165 (* 1 = 0.000477165 loss)
I0404 00:59:10.589479  6980 sgd_solver.cpp:107] Iteration 16800, lr = 0.0477418
I0404 01:01:29.782979  6985 data_layer.cpp:73] Restarting data prefetching from start.
I0404 01:01:30.715126  6980 solver.cpp:331] Iteration 17400, Testing net (#0)
I0404 01:01:32.551585  6987 data_layer.cpp:73] Restarting data prefetching from start.
I0404 01:01:32.627079  6980 solver.cpp:398]     Test net output #0: accuracy = 0.9847
I0404 01:01:32.627156  6980 solver.cpp:398]     Test net output #1: loss = 0.0986871 (* 1 = 0.0986871 loss)
I0404 01:01:32.669899  6980 solver.cpp:219] Iteration 17400 (4.22297 iter/s, 142.08s/600 iters), loss = 0.000425611
I0404 01:01:32.669966  6980 solver.cpp:238]     Train net output #0: accuracy = 1
I0404 01:01:32.669986  6980 solver.cpp:238]     Train net output #1: loss = 0.000425611 (* 1 = 0.000425611 loss)
I0404 01:01:32.669998  6980 sgd_solver.cpp:107] Iteration 17400, lr = 0.0469556
I0404 01:03:51.954619  6985 data_layer.cpp:73] Restarting data prefetching from start.
I0404 01:03:52.873252  6980 solver.cpp:448] Snapshotting to binary proto file _iter_18000.caffemodel
I0404 01:03:52.919631  6980 sgd_solver.cpp:287] Snapshotting solver state to binary proto file _iter_18000.solverstate
I0404 01:03:52.965546  6980 solver.cpp:311] Iteration 18000, loss = 0.000394968
I0404 01:03:52.965596  6980 solver.cpp:331] Iteration 18000, Testing net (#0)
I0404 01:03:54.808984  6987 data_layer.cpp:73] Restarting data prefetching from start.
I0404 01:03:54.884348  6980 solver.cpp:398]     Test net output #0: accuracy = 0.9848
I0404 01:03:54.884409  6980 solver.cpp:398]     Test net output #1: loss = 0.10008 (* 1 = 0.10008 loss)
I0404 01:03:54.884421  6980 solver.cpp:316] Optimization Done.
I0404 01:03:54.884429  6980 caffe_double.cpp:259] Optimization Done.
