I0404 11:40:09.599336 15320 caffe_double.cpp:211] Use CPU.
I0404 11:40:09.599894 15320 solver.cpp:44] Initializing solver from parameters: 
test_iter: 100
test_interval: 600
base_lr: 0.1
display: 600
max_iter: 18000
lr_policy: "inv"
gamma: 0.0001
power: 0.75
momentum: 0.9
solver_mode: CPU
net_param {
  name: "LeNet"
  layer {
    name: "mnist"
    type: "Data"
    top: "data"
    top: "label"
    include {
      phase: TRAIN
    }
    transform_param {
      scale: 0.00390625
    }
    data_param {
      source: "data/mnist_train_lmdb"
      batch_size: 100
      backend: LMDB
    }
  }
  layer {
    name: "mnist"
    type: "Data"
    top: "data"
    top: "label"
    include {
      phase: TEST
    }
    transform_param {
      scale: 0.00390625
    }
    data_param {
      source: "data/mnist_test_lmdb"
      batch_size: 100
      backend: LMDB
    }
  }
  layer {
    name: "ip1"
    type: "InnerProduct"
    bottom: "data"
    top: "ip1"
    inner_product_param {
      num_output: 1000
      weight_filler {
        type: "gaussian"
        mean: 0
        std: 0.01
      }
    }
    bias_param {
      filler {
        value: 0
      }
    }
    fixed_precision: true
    precision {
      enter: 2
      fraccio: 9
      rounding: "stochastic"
    }
  }
  layer {
    name: "relu1"
    type: "ReLU"
    bottom: "ip1"
    top: "ip1"
    fixed_precision: true
    precision {
      enter: 2
      fraccio: 9
      rounding: "stochastic"
    }
  }
  layer {
    name: "ip2"
    type: "InnerProduct"
    bottom: "ip1"
    top: "ip2"
    inner_product_param {
      num_output: 1000
      weight_filler {
        type: "gaussian"
        mean: 0
        std: 0.01
      }
    }
    bias_param {
      filler {
        value: 0
      }
    }
    fixed_precision: true
    precision {
      enter: 2
      fraccio: 9
      rounding: "stochastic"
    }
  }
  layer {
    name: "relu2"
    type: "ReLU"
    bottom: "ip2"
    top: "ip2"
    bias_param {
      filler {
        value: 0
      }
    }
    fixed_precision: true
    precision {
      enter: 2
      fraccio: 9
      rounding: "stochastic"
    }
  }
  layer {
    name: "ip3"
    type: "InnerProduct"
    bottom: "ip2"
    top: "ip3"
    inner_product_param {
      num_output: 10
      weight_filler {
        type: "gaussian"
        mean: 0
        std: 0.01
      }
    }
    bias_param {
      filler {
        value: 0
      }
    }
    fixed_precision: true
    precision {
      enter: 2
      fraccio: 9
      rounding: "stochastic"
    }
  }
  layer {
    name: "accuracy"
    type: "Accuracy"
    bottom: "ip3"
    bottom: "label"
    top: "accuracy"
  }
  layer {
    name: "loss"
    type: "SoftmaxWithLoss"
    bottom: "ip3"
    bottom: "label"
    top: "loss"
    fixed_precision: true
    precision {
      enter: 2
      fraccio: 9
      rounding: "stochastic"
    }
  }
}
train_state {
  level: 0
  stage: ""
}
fixed_precision: true
precision {
  enter: 2
  fraccio: 9
  rounding: "stochastic"
}
I0404 11:40:09.599956 15320 solver.cpp:82] Creating training net specified in net_param.
I0404 11:40:09.600016 15320 net.cpp:294] The NetState phase (0) differed from the phase (1) specified by a rule in layer mnist
I0404 11:40:09.600183 15320 net.cpp:51] Initializing net from parameters: 
name: "LeNet"
state {
  phase: TRAIN
  level: 0
  stage: ""
}
layer {
  name: "mnist"
  type: "Data"
  top: "data"
  top: "label"
  include {
    phase: TRAIN
  }
  transform_param {
    scale: 0.00390625
  }
  data_param {
    source: "data/mnist_train_lmdb"
    batch_size: 100
    backend: LMDB
  }
}
layer {
  name: "ip1"
  type: "InnerProduct"
  bottom: "data"
  top: "ip1"
  inner_product_param {
    num_output: 1000
    weight_filler {
      type: "gaussian"
      mean: 0
      std: 0.01
    }
  }
  bias_param {
    filler {
      value: 0
    }
  }
  fixed_precision: true
  precision {
    enter: 2
    fraccio: 9
    rounding: "stochastic"
  }
}
layer {
  name: "relu1"
  type: "ReLU"
  bottom: "ip1"
  top: "ip1"
  fixed_precision: true
  precision {
    enter: 2
    fraccio: 9
    rounding: "stochastic"
  }
}
layer {
  name: "ip2"
  type: "InnerProduct"
  bottom: "ip1"
  top: "ip2"
  inner_product_param {
    num_output: 1000
    weight_filler {
      type: "gaussian"
      mean: 0
      std: 0.01
    }
  }
  bias_param {
    filler {
      value: 0
    }
  }
  fixed_precision: true
  precision {
    enter: 2
    fraccio: 9
    rounding: "stochastic"
  }
}
layer {
  name: "relu2"
  type: "ReLU"
  bottom: "ip2"
  top: "ip2"
  bias_param {
    filler {
      value: 0
    }
  }
  fixed_precision: true
  precision {
    enter: 2
    fraccio: 9
    rounding: "stochastic"
  }
}
layer {
  name: "ip3"
  type: "InnerProduct"
  bottom: "ip2"
  top: "ip3"
  inner_product_param {
    num_output: 10
    weight_filler {
      type: "gaussian"
      mean: 0
      std: 0.01
    }
  }
  bias_param {
    filler {
      value: 0
    }
  }
  fixed_precision: true
  precision {
    enter: 2
    fraccio: 9
    rounding: "stochastic"
  }
}
layer {
  name: "accuracy"
  type: "Accuracy"
  bottom: "ip3"
  bottom: "label"
  top: "accuracy"
}
layer {
  name: "loss"
  type: "SoftmaxWithLoss"
  bottom: "ip3"
  bottom: "label"
  top: "loss"
  fixed_precision: true
  precision {
    enter: 2
    fraccio: 9
    rounding: "stochastic"
  }
}
I0404 11:40:09.600311 15320 layer_factory.hpp:77] Creating layer mnist
I0404 11:40:09.600433 15320 db_lmdb.cpp:35] Opened lmdb data/mnist_train_lmdb
I0404 11:40:09.600463 15320 net.cpp:84] Creating Layer mnist
I0404 11:40:09.600476 15320 net.cpp:380] mnist -> data
I0404 11:40:09.600503 15320 net.cpp:380] mnist -> label
I0404 11:40:09.600543 15320 data_layer.cpp:45] output data size: 100,1,28,28
I0404 11:40:09.602309 15320 net.cpp:122] Setting up mnist
I0404 11:40:09.602336 15320 net.cpp:129] Top shape: 100 1 28 28 (78400)
I0404 11:40:09.602346 15320 net.cpp:129] Top shape: 100 (100)
I0404 11:40:09.602354 15320 net.cpp:137] Memory required for data: 628000
I0404 11:40:09.602365 15320 layer_factory.hpp:77] Creating layer label_mnist_1_split
I0404 11:40:09.602381 15320 net.cpp:84] Creating Layer label_mnist_1_split
I0404 11:40:09.602391 15320 net.cpp:406] label_mnist_1_split <- label
I0404 11:40:09.602404 15320 net.cpp:380] label_mnist_1_split -> label_mnist_1_split_0
I0404 11:40:09.602417 15320 net.cpp:380] label_mnist_1_split -> label_mnist_1_split_1
I0404 11:40:09.602432 15320 net.cpp:122] Setting up label_mnist_1_split
I0404 11:40:09.602442 15320 net.cpp:129] Top shape: 100 (100)
I0404 11:40:09.602449 15320 net.cpp:129] Top shape: 100 (100)
I0404 11:40:09.602455 15320 net.cpp:137] Memory required for data: 629600
I0404 11:40:09.602463 15320 layer_factory.hpp:77] Creating layer ip1
I0404 11:40:09.602478 15320 net.cpp:84] Creating Layer ip1
I0404 11:40:09.602485 15320 net.cpp:406] ip1 <- data
I0404 11:40:09.602496 15320 net.cpp:380] ip1 -> ip1
I0404 11:40:09.721801 15320 net.cpp:122] Setting up ip1
I0404 11:40:09.721851 15320 net.cpp:129] Top shape: 100 1000 (100000)
I0404 11:40:09.721861 15320 net.cpp:137] Memory required for data: 1429600
I0404 11:40:09.721889 15320 layer_factory.hpp:77] Creating layer relu1
I0404 11:40:09.721909 15320 net.cpp:84] Creating Layer relu1
I0404 11:40:09.721920 15320 net.cpp:406] relu1 <- ip1
I0404 11:40:09.721932 15320 net.cpp:367] relu1 -> ip1 (in-place)
I0404 11:40:09.721953 15320 net.cpp:122] Setting up relu1
I0404 11:40:09.721963 15320 net.cpp:129] Top shape: 100 1000 (100000)
I0404 11:40:09.721972 15320 net.cpp:137] Memory required for data: 2229600
I0404 11:40:09.721981 15320 layer_factory.hpp:77] Creating layer ip2
I0404 11:40:09.721995 15320 net.cpp:84] Creating Layer ip2
I0404 11:40:09.722003 15320 net.cpp:406] ip2 <- ip1
I0404 11:40:09.722015 15320 net.cpp:380] ip2 -> ip2
I0404 11:40:09.834991 15320 net.cpp:122] Setting up ip2
I0404 11:40:09.835037 15320 net.cpp:129] Top shape: 100 1000 (100000)
I0404 11:40:09.835044 15320 net.cpp:137] Memory required for data: 3029600
I0404 11:40:09.835060 15320 layer_factory.hpp:77] Creating layer relu2
I0404 11:40:09.835075 15320 net.cpp:84] Creating Layer relu2
I0404 11:40:09.835083 15320 net.cpp:406] relu2 <- ip2
I0404 11:40:09.835093 15320 net.cpp:367] relu2 -> ip2 (in-place)
I0404 11:40:09.835121 15320 net.cpp:122] Setting up relu2
I0404 11:40:09.835149 15320 net.cpp:129] Top shape: 100 1000 (100000)
I0404 11:40:09.835152 15320 net.cpp:137] Memory required for data: 3829600
I0404 11:40:09.835156 15320 layer_factory.hpp:77] Creating layer ip3
I0404 11:40:09.835165 15320 net.cpp:84] Creating Layer ip3
I0404 11:40:09.835170 15320 net.cpp:406] ip3 <- ip2
I0404 11:40:09.835176 15320 net.cpp:380] ip3 -> ip3
I0404 11:40:09.836154 15320 net.cpp:122] Setting up ip3
I0404 11:40:09.836166 15320 net.cpp:129] Top shape: 100 10 (1000)
I0404 11:40:09.836184 15320 net.cpp:137] Memory required for data: 3837600
I0404 11:40:09.836192 15320 layer_factory.hpp:77] Creating layer ip3_ip3_0_split
I0404 11:40:09.836200 15320 net.cpp:84] Creating Layer ip3_ip3_0_split
I0404 11:40:09.836205 15320 net.cpp:406] ip3_ip3_0_split <- ip3
I0404 11:40:09.836211 15320 net.cpp:380] ip3_ip3_0_split -> ip3_ip3_0_split_0
I0404 11:40:09.836218 15320 net.cpp:380] ip3_ip3_0_split -> ip3_ip3_0_split_1
I0404 11:40:09.836227 15320 net.cpp:122] Setting up ip3_ip3_0_split
I0404 11:40:09.836232 15320 net.cpp:129] Top shape: 100 10 (1000)
I0404 11:40:09.836237 15320 net.cpp:129] Top shape: 100 10 (1000)
I0404 11:40:09.836241 15320 net.cpp:137] Memory required for data: 3853600
I0404 11:40:09.836246 15320 layer_factory.hpp:77] Creating layer accuracy
I0404 11:40:09.836252 15320 net.cpp:84] Creating Layer accuracy
I0404 11:40:09.836256 15320 net.cpp:406] accuracy <- ip3_ip3_0_split_0
I0404 11:40:09.836261 15320 net.cpp:406] accuracy <- label_mnist_1_split_0
I0404 11:40:09.836268 15320 net.cpp:380] accuracy -> accuracy
I0404 11:40:09.836277 15320 net.cpp:122] Setting up accuracy
I0404 11:40:09.836282 15320 net.cpp:129] Top shape: (1)
I0404 11:40:09.836287 15320 net.cpp:137] Memory required for data: 3853608
I0404 11:40:09.836289 15320 layer_factory.hpp:77] Creating layer loss
I0404 11:40:09.836299 15320 net.cpp:84] Creating Layer loss
I0404 11:40:09.836304 15320 net.cpp:406] loss <- ip3_ip3_0_split_1
I0404 11:40:09.836309 15320 net.cpp:406] loss <- label_mnist_1_split_1
I0404 11:40:09.836313 15320 net.cpp:380] loss -> loss
I0404 11:40:09.836329 15320 layer_factory.hpp:77] Creating layer loss
I0404 11:40:09.836352 15320 net.cpp:122] Setting up loss
I0404 11:40:09.836359 15320 net.cpp:129] Top shape: (1)
I0404 11:40:09.836362 15320 net.cpp:132]     with loss weight 1
I0404 11:40:09.836385 15320 net.cpp:137] Memory required for data: 3853616
I0404 11:40:09.836388 15320 net.cpp:198] loss needs backward computation.
I0404 11:40:09.836392 15320 net.cpp:200] accuracy does not need backward computation.
I0404 11:40:09.836397 15320 net.cpp:198] ip3_ip3_0_split needs backward computation.
I0404 11:40:09.836401 15320 net.cpp:198] ip3 needs backward computation.
I0404 11:40:09.836405 15320 net.cpp:198] relu2 needs backward computation.
I0404 11:40:09.836408 15320 net.cpp:198] ip2 needs backward computation.
I0404 11:40:09.836412 15320 net.cpp:198] relu1 needs backward computation.
I0404 11:40:09.836416 15320 net.cpp:198] ip1 needs backward computation.
I0404 11:40:09.836421 15320 net.cpp:200] label_mnist_1_split does not need backward computation.
I0404 11:40:09.836426 15320 net.cpp:200] mnist does not need backward computation.
I0404 11:40:09.836428 15320 net.cpp:242] This network produces output accuracy
I0404 11:40:09.836432 15320 net.cpp:242] This network produces output loss
I0404 11:40:09.836441 15320 net.cpp:255] Network initialization done.
I0404 11:40:09.836506 15320 solver.cpp:173] Creating test net (#0) specified by net_param
I0404 11:40:09.836526 15320 net.cpp:294] The NetState phase (1) differed from the phase (0) specified by a rule in layer mnist
I0404 11:40:09.836650 15320 net.cpp:51] Initializing net from parameters: 
name: "LeNet"
state {
  phase: TEST
}
layer {
  name: "mnist"
  type: "Data"
  top: "data"
  top: "label"
  include {
    phase: TEST
  }
  transform_param {
    scale: 0.00390625
  }
  data_param {
    source: "data/mnist_test_lmdb"
    batch_size: 100
    backend: LMDB
  }
}
layer {
  name: "ip1"
  type: "InnerProduct"
  bottom: "data"
  top: "ip1"
  inner_product_param {
    num_output: 1000
    weight_filler {
      type: "gaussian"
      mean: 0
      std: 0.01
    }
  }
  bias_param {
    filler {
      value: 0
    }
  }
  fixed_precision: true
  precision {
    enter: 2
    fraccio: 9
    rounding: "stochastic"
  }
}
layer {
  name: "relu1"
  type: "ReLU"
  bottom: "ip1"
  top: "ip1"
  fixed_precision: true
  precision {
    enter: 2
    fraccio: 9
    rounding: "stochastic"
  }
}
layer {
  name: "ip2"
  type: "InnerProduct"
  bottom: "ip1"
  top: "ip2"
  inner_product_param {
    num_output: 1000
    weight_filler {
      type: "gaussian"
      mean: 0
      std: 0.01
    }
  }
  bias_param {
    filler {
      value: 0
    }
  }
  fixed_precision: true
  precision {
    enter: 2
    fraccio: 9
    rounding: "stochastic"
  }
}
layer {
  name: "relu2"
  type: "ReLU"
  bottom: "ip2"
  top: "ip2"
  bias_param {
    filler {
      value: 0
    }
  }
  fixed_precision: true
  precision {
    enter: 2
    fraccio: 9
    rounding: "stochastic"
  }
}
layer {
  name: "ip3"
  type: "InnerProduct"
  bottom: "ip2"
  top: "ip3"
  inner_product_param {
    num_output: 10
    weight_filler {
      type: "gaussian"
      mean: 0
      std: 0.01
    }
  }
  bias_param {
    filler {
      value: 0
    }
  }
  fixed_precision: true
  precision {
    enter: 2
    fraccio: 9
    rounding: "stochastic"
  }
}
layer {
  name: "accuracy"
  type: "Accuracy"
  bottom: "ip3"
  bottom: "label"
  top: "accuracy"
}
layer {
  name: "loss"
  type: "SoftmaxWithLoss"
  bottom: "ip3"
  bottom: "label"
  top: "loss"
  fixed_precision: true
  precision {
    enter: 2
    fraccio: 9
    rounding: "stochastic"
  }
}
I0404 11:40:09.836715 15320 layer_factory.hpp:77] Creating layer mnist
I0404 11:40:09.836807 15320 db_lmdb.cpp:35] Opened lmdb data/mnist_test_lmdb
I0404 11:40:09.836827 15320 net.cpp:84] Creating Layer mnist
I0404 11:40:09.836833 15320 net.cpp:380] mnist -> data
I0404 11:40:09.836843 15320 net.cpp:380] mnist -> label
I0404 11:40:09.836859 15320 data_layer.cpp:45] output data size: 100,1,28,28
I0404 11:40:09.837783 15320 net.cpp:122] Setting up mnist
I0404 11:40:09.837798 15320 net.cpp:129] Top shape: 100 1 28 28 (78400)
I0404 11:40:09.837805 15320 net.cpp:129] Top shape: 100 (100)
I0404 11:40:09.837807 15320 net.cpp:137] Memory required for data: 628000
I0404 11:40:09.837811 15320 layer_factory.hpp:77] Creating layer label_mnist_1_split
I0404 11:40:09.837819 15320 net.cpp:84] Creating Layer label_mnist_1_split
I0404 11:40:09.837823 15320 net.cpp:406] label_mnist_1_split <- label
I0404 11:40:09.837831 15320 net.cpp:380] label_mnist_1_split -> label_mnist_1_split_0
I0404 11:40:09.837838 15320 net.cpp:380] label_mnist_1_split -> label_mnist_1_split_1
I0404 11:40:09.837846 15320 net.cpp:122] Setting up label_mnist_1_split
I0404 11:40:09.837851 15320 net.cpp:129] Top shape: 100 (100)
I0404 11:40:09.837855 15320 net.cpp:129] Top shape: 100 (100)
I0404 11:40:09.837858 15320 net.cpp:137] Memory required for data: 629600
I0404 11:40:09.837862 15320 layer_factory.hpp:77] Creating layer ip1
I0404 11:40:09.837870 15320 net.cpp:84] Creating Layer ip1
I0404 11:40:09.837874 15320 net.cpp:406] ip1 <- data
I0404 11:40:09.837879 15320 net.cpp:380] ip1 -> ip1
I0404 11:40:09.906038 15320 net.cpp:122] Setting up ip1
I0404 11:40:09.906080 15320 net.cpp:129] Top shape: 100 1000 (100000)
I0404 11:40:09.906087 15320 net.cpp:137] Memory required for data: 1429600
I0404 11:40:09.906103 15320 layer_factory.hpp:77] Creating layer relu1
I0404 11:40:09.906116 15320 net.cpp:84] Creating Layer relu1
I0404 11:40:09.906126 15320 net.cpp:406] relu1 <- ip1
I0404 11:40:09.906133 15320 net.cpp:367] relu1 -> ip1 (in-place)
I0404 11:40:09.906143 15320 net.cpp:122] Setting up relu1
I0404 11:40:09.906149 15320 net.cpp:129] Top shape: 100 1000 (100000)
I0404 11:40:09.906154 15320 net.cpp:137] Memory required for data: 2229600
I0404 11:40:09.906158 15320 layer_factory.hpp:77] Creating layer ip2
I0404 11:40:09.906169 15320 net.cpp:84] Creating Layer ip2
I0404 11:40:09.906173 15320 net.cpp:406] ip2 <- ip1
I0404 11:40:09.906186 15320 net.cpp:380] ip2 -> ip2
I0404 11:40:09.991865 15320 net.cpp:122] Setting up ip2
I0404 11:40:09.991906 15320 net.cpp:129] Top shape: 100 1000 (100000)
I0404 11:40:09.991914 15320 net.cpp:137] Memory required for data: 3029600
I0404 11:40:09.991930 15320 layer_factory.hpp:77] Creating layer relu2
I0404 11:40:09.991945 15320 net.cpp:84] Creating Layer relu2
I0404 11:40:09.991952 15320 net.cpp:406] relu2 <- ip2
I0404 11:40:09.991961 15320 net.cpp:367] relu2 -> ip2 (in-place)
I0404 11:40:09.991972 15320 net.cpp:122] Setting up relu2
I0404 11:40:09.991978 15320 net.cpp:129] Top shape: 100 1000 (100000)
I0404 11:40:09.991982 15320 net.cpp:137] Memory required for data: 3829600
I0404 11:40:09.991986 15320 layer_factory.hpp:77] Creating layer ip3
I0404 11:40:09.991993 15320 net.cpp:84] Creating Layer ip3
I0404 11:40:09.991997 15320 net.cpp:406] ip3 <- ip2
I0404 11:40:09.992002 15320 net.cpp:380] ip3 -> ip3
I0404 11:40:09.992880 15320 net.cpp:122] Setting up ip3
I0404 11:40:09.992907 15320 net.cpp:129] Top shape: 100 10 (1000)
I0404 11:40:09.992910 15320 net.cpp:137] Memory required for data: 3837600
I0404 11:40:09.992919 15320 layer_factory.hpp:77] Creating layer ip3_ip3_0_split
I0404 11:40:09.992928 15320 net.cpp:84] Creating Layer ip3_ip3_0_split
I0404 11:40:09.992933 15320 net.cpp:406] ip3_ip3_0_split <- ip3
I0404 11:40:09.992938 15320 net.cpp:380] ip3_ip3_0_split -> ip3_ip3_0_split_0
I0404 11:40:09.992945 15320 net.cpp:380] ip3_ip3_0_split -> ip3_ip3_0_split_1
I0404 11:40:09.992954 15320 net.cpp:122] Setting up ip3_ip3_0_split
I0404 11:40:09.992959 15320 net.cpp:129] Top shape: 100 10 (1000)
I0404 11:40:09.992964 15320 net.cpp:129] Top shape: 100 10 (1000)
I0404 11:40:09.992969 15320 net.cpp:137] Memory required for data: 3853600
I0404 11:40:09.992971 15320 layer_factory.hpp:77] Creating layer accuracy
I0404 11:40:09.992979 15320 net.cpp:84] Creating Layer accuracy
I0404 11:40:09.992982 15320 net.cpp:406] accuracy <- ip3_ip3_0_split_0
I0404 11:40:09.992986 15320 net.cpp:406] accuracy <- label_mnist_1_split_0
I0404 11:40:09.992993 15320 net.cpp:380] accuracy -> accuracy
I0404 11:40:09.993016 15320 net.cpp:122] Setting up accuracy
I0404 11:40:09.993026 15320 net.cpp:129] Top shape: (1)
I0404 11:40:09.993029 15320 net.cpp:137] Memory required for data: 3853608
I0404 11:40:09.993033 15320 layer_factory.hpp:77] Creating layer loss
I0404 11:40:09.993041 15320 net.cpp:84] Creating Layer loss
I0404 11:40:09.993044 15320 net.cpp:406] loss <- ip3_ip3_0_split_1
I0404 11:40:09.993049 15320 net.cpp:406] loss <- label_mnist_1_split_1
I0404 11:40:09.993055 15320 net.cpp:380] loss -> loss
I0404 11:40:09.993062 15320 layer_factory.hpp:77] Creating layer loss
I0404 11:40:09.993079 15320 net.cpp:122] Setting up loss
I0404 11:40:09.993084 15320 net.cpp:129] Top shape: (1)
I0404 11:40:09.993088 15320 net.cpp:132]     with loss weight 1
I0404 11:40:09.993099 15320 net.cpp:137] Memory required for data: 3853616
I0404 11:40:09.993103 15320 net.cpp:198] loss needs backward computation.
I0404 11:40:09.993108 15320 net.cpp:200] accuracy does not need backward computation.
I0404 11:40:09.993111 15320 net.cpp:198] ip3_ip3_0_split needs backward computation.
I0404 11:40:09.993115 15320 net.cpp:198] ip3 needs backward computation.
I0404 11:40:09.993119 15320 net.cpp:198] relu2 needs backward computation.
I0404 11:40:09.993122 15320 net.cpp:198] ip2 needs backward computation.
I0404 11:40:09.993127 15320 net.cpp:198] relu1 needs backward computation.
I0404 11:40:09.993131 15320 net.cpp:198] ip1 needs backward computation.
I0404 11:40:09.993135 15320 net.cpp:200] label_mnist_1_split does not need backward computation.
I0404 11:40:09.993141 15320 net.cpp:200] mnist does not need backward computation.
I0404 11:40:09.993144 15320 net.cpp:242] This network produces output accuracy
I0404 11:40:09.993149 15320 net.cpp:242] This network produces output loss
I0404 11:40:09.993160 15320 net.cpp:255] Network initialization done.
I0404 11:40:09.993201 15320 solver.cpp:56] Solver scaffolding done.
I0404 11:40:09.993221 15320 caffe_double.cpp:248] Starting Optimization
I0404 11:40:09.993238 15320 solver.cpp:273] Solving LeNet
I0404 11:40:09.993242 15320 solver.cpp:274] Learning Rate Policy: inv
I0404 11:40:09.996291 15320 solver.cpp:331] Iteration 0, Testing net (#0)
I0404 11:40:12.210029 15326 data_layer.cpp:73] Restarting data prefetching from start.
I0404 11:40:12.301779 15320 solver.cpp:398]     Test net output #0: accuracy = 0.0953
I0404 11:40:12.301856 15320 solver.cpp:398]     Test net output #1: loss = 2.30204 (* 1 = 2.30204 loss)
I0404 11:40:12.352421 15320 solver.cpp:219] Iteration 0 (-4.76441e-44 iter/s, 2.359s/600 iters), loss = 2.30136
I0404 11:40:12.352484 15320 solver.cpp:238]     Train net output #0: accuracy = 0.08
I0404 11:40:12.352505 15320 solver.cpp:238]     Train net output #1: loss = 2.30136 (* 1 = 2.30136 loss)
I0404 11:40:12.352520 15320 sgd_solver.cpp:107] Iteration 0, lr = 0.1
I0404 11:41:25.021131 15324 data_layer.cpp:73] Restarting data prefetching from start.
I0404 11:41:25.477350 15320 solver.cpp:331] Iteration 600, Testing net (#0)
I0404 11:41:27.331142 15326 data_layer.cpp:73] Restarting data prefetching from start.
I0404 11:41:27.407814 15320 solver.cpp:398]     Test net output #0: accuracy = 0.949
I0404 11:41:27.407876 15320 solver.cpp:398]     Test net output #1: loss = 0.164755 (* 1 = 0.164755 loss)
I0404 11:41:27.447724 15320 solver.cpp:219] Iteration 600 (7.98988 iter/s, 75.095s/600 iters), loss = 0.101165
I0404 11:41:27.447789 15320 solver.cpp:238]     Train net output #0: accuracy = 0.98
I0404 11:41:27.447808 15320 solver.cpp:238]     Train net output #1: loss = 0.101165 (* 1 = 0.101165 loss)
I0404 11:41:27.447821 15320 sgd_solver.cpp:107] Iteration 600, lr = 0.0957239
I0404 11:42:36.619200 15324 data_layer.cpp:73] Restarting data prefetching from start.
I0404 11:42:37.082726 15320 solver.cpp:331] Iteration 1200, Testing net (#0)
I0404 11:42:38.937916 15326 data_layer.cpp:73] Restarting data prefetching from start.
I0404 11:42:39.014721 15320 solver.cpp:398]     Test net output #0: accuracy = 0.9571
I0404 11:42:39.014781 15320 solver.cpp:398]     Test net output #1: loss = 0.148472 (* 1 = 0.148472 loss)
I0404 11:42:39.054824 15320 solver.cpp:219] Iteration 1200 (8.37907 iter/s, 71.607s/600 iters), loss = 0.0979867
I0404 11:42:39.054889 15320 solver.cpp:238]     Train net output #0: accuracy = 0.98
I0404 11:42:39.054908 15320 solver.cpp:238]     Train net output #1: loss = 0.0979867 (* 1 = 0.0979867 loss)
I0404 11:42:39.054921 15320 sgd_solver.cpp:107] Iteration 1200, lr = 0.0918516
I0404 11:43:48.243280 15324 data_layer.cpp:73] Restarting data prefetching from start.
I0404 11:43:48.707252 15320 solver.cpp:331] Iteration 1800, Testing net (#0)
I0404 11:43:50.563513 15326 data_layer.cpp:73] Restarting data prefetching from start.
I0404 11:43:50.640235 15320 solver.cpp:398]     Test net output #0: accuracy = 0.9539
I0404 11:43:50.640293 15320 solver.cpp:398]     Test net output #1: loss = 0.177749 (* 1 = 0.177749 loss)
I0404 11:43:50.680579 15320 solver.cpp:219] Iteration 1800 (8.37696 iter/s, 71.625s/600 iters), loss = 0.0636631
I0404 11:43:50.680647 15320 solver.cpp:238]     Train net output #0: accuracy = 0.99
I0404 11:43:50.680666 15320 solver.cpp:238]     Train net output #1: loss = 0.0636631 (* 1 = 0.0636631 loss)
I0404 11:43:50.680680 15320 sgd_solver.cpp:107] Iteration 1800, lr = 0.088326
I0404 11:45:00.517186 15324 data_layer.cpp:73] Restarting data prefetching from start.
I0404 11:45:00.979827 15320 solver.cpp:331] Iteration 2400, Testing net (#0)
I0404 11:45:02.943465 15326 data_layer.cpp:73] Restarting data prefetching from start.
I0404 11:45:03.020151 15320 solver.cpp:398]     Test net output #0: accuracy = 0.9612
I0404 11:45:03.020212 15320 solver.cpp:398]     Test net output #1: loss = 0.151322 (* 1 = 0.151322 loss)
I0404 11:45:03.060307 15320 solver.cpp:219] Iteration 2400 (8.2897 iter/s, 72.379s/600 iters), loss = 0.0646022
I0404 11:45:03.060372 15320 solver.cpp:238]     Train net output #0: accuracy = 0.99
I0404 11:45:03.060391 15320 solver.cpp:238]     Train net output #1: loss = 0.0646022 (* 1 = 0.0646022 loss)
I0404 11:45:03.060417 15320 sgd_solver.cpp:107] Iteration 2400, lr = 0.0851008
I0404 11:46:17.420711 15324 data_layer.cpp:73] Restarting data prefetching from start.
I0404 11:46:17.884313 15320 solver.cpp:331] Iteration 3000, Testing net (#0)
I0404 11:46:19.763828 15326 data_layer.cpp:73] Restarting data prefetching from start.
I0404 11:46:19.841549 15320 solver.cpp:398]     Test net output #0: accuracy = 0.9755
I0404 11:46:19.841611 15320 solver.cpp:398]     Test net output #1: loss = 0.0923373 (* 1 = 0.0923373 loss)
I0404 11:46:19.884342 15320 solver.cpp:219] Iteration 3000 (7.81016 iter/s, 76.823s/600 iters), loss = 0.0385232
I0404 11:46:19.884410 15320 solver.cpp:238]     Train net output #0: accuracy = 0.99
I0404 11:46:19.884429 15320 solver.cpp:238]     Train net output #1: loss = 0.0385232 (* 1 = 0.0385232 loss)
I0404 11:46:19.884443 15320 sgd_solver.cpp:107] Iteration 3000, lr = 0.0821377
I0404 11:47:30.154244 15324 data_layer.cpp:73] Restarting data prefetching from start.
I0404 11:47:30.616071 15320 solver.cpp:331] Iteration 3600, Testing net (#0)
I0404 11:47:32.468545 15326 data_layer.cpp:73] Restarting data prefetching from start.
I0404 11:47:32.545265 15320 solver.cpp:398]     Test net output #0: accuracy = 0.9756
I0404 11:47:32.545330 15320 solver.cpp:398]     Test net output #1: loss = 0.0958493 (* 1 = 0.0958493 loss)
I0404 11:47:32.585245 15320 solver.cpp:219] Iteration 3600 (8.2531 iter/s, 72.7s/600 iters), loss = 0.0508241
I0404 11:47:32.585312 15320 solver.cpp:238]     Train net output #0: accuracy = 0.99
I0404 11:47:32.585331 15320 solver.cpp:238]     Train net output #1: loss = 0.0508241 (* 1 = 0.0508241 loss)
I0404 11:47:32.585345 15320 sgd_solver.cpp:107] Iteration 3600, lr = 0.0794046
I0404 11:48:41.523886 15324 data_layer.cpp:73] Restarting data prefetching from start.
I0404 11:48:41.986804 15320 solver.cpp:331] Iteration 4200, Testing net (#0)
I0404 11:48:43.834259 15326 data_layer.cpp:73] Restarting data prefetching from start.
I0404 11:48:43.910744 15320 solver.cpp:398]     Test net output #0: accuracy = 0.9757
I0404 11:48:43.910804 15320 solver.cpp:398]     Test net output #1: loss = 0.102745 (* 1 = 0.102745 loss)
I0404 11:48:43.950886 15320 solver.cpp:219] Iteration 4200 (8.40748 iter/s, 71.365s/600 iters), loss = 0.0103724
I0404 11:48:43.950949 15320 solver.cpp:238]     Train net output #0: accuracy = 1
I0404 11:48:43.950968 15320 solver.cpp:238]     Train net output #1: loss = 0.0103724 (* 1 = 0.0103724 loss)
I0404 11:48:43.950980 15320 sgd_solver.cpp:107] Iteration 4200, lr = 0.0768748
I0404 11:49:52.879397 15324 data_layer.cpp:73] Restarting data prefetching from start.
I0404 11:49:53.340888 15320 solver.cpp:331] Iteration 4800, Testing net (#0)
I0404 11:49:55.184427 15326 data_layer.cpp:73] Restarting data prefetching from start.
I0404 11:49:55.261631 15320 solver.cpp:398]     Test net output #0: accuracy = 0.9765
I0404 11:49:55.261692 15320 solver.cpp:398]     Test net output #1: loss = 0.110106 (* 1 = 0.110106 loss)
I0404 11:49:55.301568 15320 solver.cpp:219] Iteration 4800 (8.40925 iter/s, 71.35s/600 iters), loss = 0.00565575
I0404 11:49:55.301632 15320 solver.cpp:238]     Train net output #0: accuracy = 1
I0404 11:49:55.301651 15320 solver.cpp:238]     Train net output #1: loss = 0.00565575 (* 1 = 0.00565575 loss)
I0404 11:49:55.301664 15320 sgd_solver.cpp:107] Iteration 4800, lr = 0.0745253
I0404 11:51:04.271967 15324 data_layer.cpp:73] Restarting data prefetching from start.
I0404 11:51:04.733333 15320 solver.cpp:331] Iteration 5400, Testing net (#0)
I0404 11:51:06.582289 15326 data_layer.cpp:73] Restarting data prefetching from start.
I0404 11:51:06.658938 15320 solver.cpp:398]     Test net output #0: accuracy = 0.9813
I0404 11:51:06.658994 15320 solver.cpp:398]     Test net output #1: loss = 0.0901342 (* 1 = 0.0901342 loss)
I0404 11:51:06.699008 15320 solver.cpp:219] Iteration 5400 (8.40371 iter/s, 71.397s/600 iters), loss = 0.0157045
I0404 11:51:06.699074 15320 solver.cpp:238]     Train net output #0: accuracy = 0.99
I0404 11:51:06.699091 15320 solver.cpp:238]     Train net output #1: loss = 0.0157045 (* 1 = 0.0157045 loss)
I0404 11:51:06.699120 15320 sgd_solver.cpp:107] Iteration 5400, lr = 0.0723368
I0404 11:52:18.579102 15324 data_layer.cpp:73] Restarting data prefetching from start.
I0404 11:52:19.105618 15320 solver.cpp:331] Iteration 6000, Testing net (#0)
I0404 11:52:21.235173 15326 data_layer.cpp:73] Restarting data prefetching from start.
I0404 11:52:21.314384 15320 solver.cpp:398]     Test net output #0: accuracy = 0.982
I0404 11:52:21.314442 15320 solver.cpp:398]     Test net output #1: loss = 0.0930809 (* 1 = 0.0930809 loss)
I0404 11:52:21.355669 15320 solver.cpp:219] Iteration 6000 (8.03686 iter/s, 74.656s/600 iters), loss = 0.00684442
I0404 11:52:21.355738 15320 solver.cpp:238]     Train net output #0: accuracy = 1
I0404 11:52:21.355757 15320 solver.cpp:238]     Train net output #1: loss = 0.00684442 (* 1 = 0.00684442 loss)
I0404 11:52:21.355772 15320 sgd_solver.cpp:107] Iteration 6000, lr = 0.0702927
I0404 11:53:34.859316 15324 data_layer.cpp:73] Restarting data prefetching from start.
I0404 11:53:35.327510 15320 solver.cpp:331] Iteration 6600, Testing net (#0)
I0404 11:53:38.279682 15326 data_layer.cpp:73] Restarting data prefetching from start.
I0404 11:53:38.357201 15320 solver.cpp:398]     Test net output #0: accuracy = 0.9815
I0404 11:53:38.357261 15320 solver.cpp:398]     Test net output #1: loss = 0.0841504 (* 1 = 0.0841504 loss)
I0404 11:53:38.397537 15320 solver.cpp:219] Iteration 6600 (7.78806 iter/s, 77.041s/600 iters), loss = 0.00651967
I0404 11:53:38.397606 15320 solver.cpp:238]     Train net output #0: accuracy = 1
I0404 11:53:38.397624 15320 solver.cpp:238]     Train net output #1: loss = 0.00651967 (* 1 = 0.00651967 loss)
I0404 11:53:38.397639 15320 sgd_solver.cpp:107] Iteration 6600, lr = 0.0683784
I0404 11:55:49.123508 15324 data_layer.cpp:73] Restarting data prefetching from start.
I0404 11:55:50.066655 15320 solver.cpp:331] Iteration 7200, Testing net (#0)
I0404 11:55:52.089824 15326 data_layer.cpp:73] Restarting data prefetching from start.
I0404 11:55:52.181840 15320 solver.cpp:398]     Test net output #0: accuracy = 0.9823
I0404 11:55:52.181895 15320 solver.cpp:398]     Test net output #1: loss = 0.0897611 (* 1 = 0.0897611 loss)
I0404 11:55:52.234848 15320 solver.cpp:219] Iteration 7200 (4.48307 iter/s, 133.837s/600 iters), loss = 0.0156817
I0404 11:55:52.234917 15320 solver.cpp:238]     Train net output #0: accuracy = 0.99
I0404 11:55:52.234935 15320 solver.cpp:238]     Train net output #1: loss = 0.0156817 (* 1 = 0.0156817 loss)
I0404 11:55:52.234949 15320 sgd_solver.cpp:107] Iteration 7200, lr = 0.0665815
I0404 11:58:18.194010 15324 data_layer.cpp:73] Restarting data prefetching from start.
I0404 11:58:19.169050 15320 solver.cpp:331] Iteration 7800, Testing net (#0)
I0404 11:58:21.114459 15326 data_layer.cpp:73] Restarting data prefetching from start.
I0404 11:58:21.211705 15320 solver.cpp:398]     Test net output #0: accuracy = 0.9815
I0404 11:58:21.211822 15320 solver.cpp:398]     Test net output #1: loss = 0.0951989 (* 1 = 0.0951989 loss)
I0404 11:58:21.259683 15320 solver.cpp:219] Iteration 7800 (4.0262 iter/s, 149.024s/600 iters), loss = 0.00809975
I0404 11:58:21.259815 15320 solver.cpp:238]     Train net output #0: accuracy = 1
I0404 11:58:21.259856 15320 solver.cpp:238]     Train net output #1: loss = 0.00809975 (* 1 = 0.00809975 loss)
I0404 11:58:21.259889 15320 sgd_solver.cpp:107] Iteration 7800, lr = 0.0648911
I0404 12:00:49.530445 15324 data_layer.cpp:73] Restarting data prefetching from start.
I0404 12:00:50.526556 15320 solver.cpp:331] Iteration 8400, Testing net (#0)
I0404 12:00:52.355378 15326 data_layer.cpp:73] Restarting data prefetching from start.
I0404 12:00:52.432147 15320 solver.cpp:398]     Test net output #0: accuracy = 0.9824
I0404 12:00:52.432274 15320 solver.cpp:398]     Test net output #1: loss = 0.0939041 (* 1 = 0.0939041 loss)
I0404 12:00:52.472411 15320 solver.cpp:219] Iteration 8400 (3.96794 iter/s, 151.212s/600 iters), loss = 0.00365657
I0404 12:00:52.472537 15320 solver.cpp:238]     Train net output #0: accuracy = 1
I0404 12:00:52.472594 15320 solver.cpp:238]     Train net output #1: loss = 0.00365657 (* 1 = 0.00365657 loss)
I0404 12:00:52.472626 15320 sgd_solver.cpp:107] Iteration 8400, lr = 0.0632975
I0404 12:03:25.569505 15324 data_layer.cpp:73] Restarting data prefetching from start.
I0404 12:03:26.607353 15320 solver.cpp:331] Iteration 9000, Testing net (#0)
I0404 12:03:28.707917 15326 data_layer.cpp:73] Restarting data prefetching from start.
I0404 12:03:28.785485 15320 solver.cpp:398]     Test net output #0: accuracy = 0.9814
I0404 12:03:28.785604 15320 solver.cpp:398]     Test net output #1: loss = 0.10183 (* 1 = 0.10183 loss)
I0404 12:03:28.825232 15320 solver.cpp:219] Iteration 9000 (3.83749 iter/s, 156.352s/600 iters), loss = 0.0219498
I0404 12:03:28.825361 15320 solver.cpp:238]     Train net output #0: accuracy = 0.99
I0404 12:03:28.825400 15320 solver.cpp:238]     Train net output #1: loss = 0.0219498 (* 1 = 0.0219498 loss)
I0404 12:03:28.825433 15320 sgd_solver.cpp:107] Iteration 9000, lr = 0.0617924
I0404 12:06:05.287638 15324 data_layer.cpp:73] Restarting data prefetching from start.
I0404 12:06:06.311384 15320 solver.cpp:331] Iteration 9600, Testing net (#0)
I0404 12:06:08.175431 15326 data_layer.cpp:73] Restarting data prefetching from start.
I0404 12:06:08.252380 15320 solver.cpp:398]     Test net output #0: accuracy = 0.9833
I0404 12:06:08.252496 15320 solver.cpp:398]     Test net output #1: loss = 0.1008 (* 1 = 0.1008 loss)
I0404 12:06:08.292881 15320 solver.cpp:219] Iteration 9600 (3.76253 iter/s, 159.467s/600 iters), loss = 0.000371841
I0404 12:06:08.293009 15320 solver.cpp:238]     Train net output #0: accuracy = 1
I0404 12:06:08.293058 15320 solver.cpp:238]     Train net output #1: loss = 0.000371841 (* 1 = 0.000371841 loss)
I0404 12:06:08.293093 15320 sgd_solver.cpp:107] Iteration 9600, lr = 0.0603682
I0404 12:08:45.507225 15324 data_layer.cpp:73] Restarting data prefetching from start.
I0404 12:08:46.544699 15320 solver.cpp:331] Iteration 10200, Testing net (#0)
I0404 12:08:48.496202 15326 data_layer.cpp:73] Restarting data prefetching from start.
I0404 12:08:48.588605 15320 solver.cpp:398]     Test net output #0: accuracy = 0.9835
I0404 12:08:48.588666 15320 solver.cpp:398]     Test net output #1: loss = 0.098733 (* 1 = 0.098733 loss)
I0404 12:08:48.630753 15320 solver.cpp:219] Iteration 10200 (3.74212 iter/s, 160.337s/600 iters), loss = 0.00145024
I0404 12:08:48.630820 15320 solver.cpp:238]     Train net output #0: accuracy = 1
I0404 12:08:48.630838 15320 solver.cpp:238]     Train net output #1: loss = 0.00145024 (* 1 = 0.00145024 loss)
I0404 12:08:48.630852 15320 sgd_solver.cpp:107] Iteration 10200, lr = 0.0590183
I0404 12:11:28.229678 15324 data_layer.cpp:73] Restarting data prefetching from start.
I0404 12:11:29.276526 15320 solver.cpp:331] Iteration 10800, Testing net (#0)
I0404 12:11:31.122473 15326 data_layer.cpp:73] Restarting data prefetching from start.
I0404 12:11:31.200764 15320 solver.cpp:398]     Test net output #0: accuracy = 0.9835
I0404 12:11:31.200827 15320 solver.cpp:398]     Test net output #1: loss = 0.10011 (* 1 = 0.10011 loss)
I0404 12:11:31.240685 15320 solver.cpp:219] Iteration 10800 (3.68983 iter/s, 162.609s/600 iters), loss = 0.00172599
I0404 12:11:31.240751 15320 solver.cpp:238]     Train net output #0: accuracy = 1
I0404 12:11:31.240768 15320 solver.cpp:238]     Train net output #1: loss = 0.00172599 (* 1 = 0.00172599 loss)
I0404 12:11:31.240782 15320 sgd_solver.cpp:107] Iteration 10800, lr = 0.0577368
I0404 12:14:10.004621 15324 data_layer.cpp:73] Restarting data prefetching from start.
I0404 12:14:11.056016 15320 solver.cpp:331] Iteration 11400, Testing net (#0)
I0404 12:14:12.908061 15326 data_layer.cpp:73] Restarting data prefetching from start.
I0404 12:14:12.984024 15320 solver.cpp:398]     Test net output #0: accuracy = 0.9832
I0404 12:14:12.984091 15320 solver.cpp:398]     Test net output #1: loss = 0.104058 (* 1 = 0.104058 loss)
I0404 12:14:13.023766 15320 solver.cpp:219] Iteration 11400 (3.70867 iter/s, 161.783s/600 iters), loss = 7.99774e-05
I0404 12:14:13.023854 15320 solver.cpp:238]     Train net output #0: accuracy = 1
I0404 12:14:13.023875 15320 solver.cpp:238]     Train net output #1: loss = 7.99774e-05 (* 1 = 7.99774e-05 loss)
I0404 12:14:13.023890 15320 sgd_solver.cpp:107] Iteration 11400, lr = 0.0565184
I0404 12:16:57.000679 15324 data_layer.cpp:73] Restarting data prefetching from start.
I0404 12:16:58.061223 15320 solver.cpp:331] Iteration 12000, Testing net (#0)
I0404 12:16:59.982977 15326 data_layer.cpp:73] Restarting data prefetching from start.
I0404 12:17:00.061318 15320 solver.cpp:398]     Test net output #0: accuracy = 0.9833
I0404 12:17:00.061375 15320 solver.cpp:398]     Test net output #1: loss = 0.104397 (* 1 = 0.104397 loss)
I0404 12:17:00.102725 15320 solver.cpp:219] Iteration 12000 (3.59114 iter/s, 167.078s/600 iters), loss = 0.00117735
I0404 12:17:00.102790 15320 solver.cpp:238]     Train net output #0: accuracy = 1
I0404 12:17:00.102809 15320 solver.cpp:238]     Train net output #1: loss = 0.00117735 (* 1 = 0.00117735 loss)
I0404 12:17:00.102823 15320 sgd_solver.cpp:107] Iteration 12000, lr = 0.0553583
I0404 12:19:42.934326 15324 data_layer.cpp:73] Restarting data prefetching from start.
I0404 12:19:44.000159 15320 solver.cpp:331] Iteration 12600, Testing net (#0)
I0404 12:19:45.911634 15326 data_layer.cpp:73] Restarting data prefetching from start.
I0404 12:19:45.990362 15320 solver.cpp:398]     Test net output #0: accuracy = 0.9831
I0404 12:19:45.990420 15320 solver.cpp:398]     Test net output #1: loss = 0.107721 (* 1 = 0.107721 loss)
I0404 12:19:46.033370 15320 solver.cpp:219] Iteration 12600 (3.61598 iter/s, 165.93s/600 iters), loss = 0.000194231
I0404 12:19:46.033440 15320 solver.cpp:238]     Train net output #0: accuracy = 1
I0404 12:19:46.033458 15320 solver.cpp:238]     Train net output #1: loss = 0.000194231 (* 1 = 0.000194231 loss)
I0404 12:19:46.033473 15320 sgd_solver.cpp:107] Iteration 12600, lr = 0.0542524
I0404 12:22:27.716547 15324 data_layer.cpp:73] Restarting data prefetching from start.
I0404 12:22:28.801668 15320 solver.cpp:331] Iteration 13200, Testing net (#0)
I0404 12:22:30.843657 15326 data_layer.cpp:73] Restarting data prefetching from start.
I0404 12:22:30.923106 15320 solver.cpp:398]     Test net output #0: accuracy = 0.9834
I0404 12:22:30.923167 15320 solver.cpp:398]     Test net output #1: loss = 0.113096 (* 1 = 0.113096 loss)
I0404 12:22:30.964967 15320 solver.cpp:219] Iteration 13200 (3.63788 iter/s, 164.931s/600 iters), loss = 0.000383225
I0404 12:22:30.965039 15320 solver.cpp:238]     Train net output #0: accuracy = 1
I0404 12:22:30.965060 15320 solver.cpp:238]     Train net output #1: loss = 0.000383225 (* 1 = 0.000383225 loss)
I0404 12:22:30.965075 15320 sgd_solver.cpp:107] Iteration 13200, lr = 0.0531966
I0404 12:25:13.365274 15324 data_layer.cpp:73] Restarting data prefetching from start.
I0404 12:25:14.478935 15320 solver.cpp:331] Iteration 13800, Testing net (#0)
I0404 12:25:16.400794 15326 data_layer.cpp:73] Restarting data prefetching from start.
I0404 12:25:16.480407 15320 solver.cpp:398]     Test net output #0: accuracy = 0.9837
I0404 12:25:16.480469 15320 solver.cpp:398]     Test net output #1: loss = 0.112077 (* 1 = 0.112077 loss)
I0404 12:25:16.522351 15320 solver.cpp:219] Iteration 13800 (3.62413 iter/s, 165.557s/600 iters), loss = 0.000258875
I0404 12:25:16.522413 15320 solver.cpp:238]     Train net output #0: accuracy = 1
I0404 12:25:16.522429 15320 solver.cpp:238]     Train net output #1: loss = 0.000258875 (* 1 = 0.000258875 loss)
I0404 12:25:16.522444 15320 sgd_solver.cpp:107] Iteration 13800, lr = 0.0521876
I0404 12:28:00.694658 15324 data_layer.cpp:73] Restarting data prefetching from start.
I0404 12:28:01.799532 15320 solver.cpp:331] Iteration 14400, Testing net (#0)
I0404 12:28:03.740681 15326 data_layer.cpp:73] Restarting data prefetching from start.
I0404 12:28:03.831781 15320 solver.cpp:398]     Test net output #0: accuracy = 0.9845
I0404 12:28:03.831840 15320 solver.cpp:398]     Test net output #1: loss = 0.10881 (* 1 = 0.10881 loss)
I0404 12:28:03.881863 15320 solver.cpp:219] Iteration 14400 (3.58511 iter/s, 167.359s/600 iters), loss = 0.000129667
I0404 12:28:03.881942 15320 solver.cpp:238]     Train net output #0: accuracy = 1
I0404 12:28:03.881960 15320 solver.cpp:238]     Train net output #1: loss = 0.000129667 (* 1 = 0.000129667 loss)
I0404 12:28:03.881973 15320 sgd_solver.cpp:107] Iteration 14400, lr = 0.0512221
I0404 12:30:54.464787 15324 data_layer.cpp:73] Restarting data prefetching from start.
I0404 12:30:55.607651 15320 solver.cpp:331] Iteration 15000, Testing net (#0)
I0404 12:30:57.569434 15326 data_layer.cpp:73] Restarting data prefetching from start.
I0404 12:30:57.651739 15320 solver.cpp:398]     Test net output #0: accuracy = 0.9845
I0404 12:30:57.651796 15320 solver.cpp:398]     Test net output #1: loss = 0.109536 (* 1 = 0.109536 loss)
I0404 12:30:57.694744 15320 solver.cpp:219] Iteration 15000 (3.45201 iter/s, 173.812s/600 iters), loss = 0.00013284
I0404 12:30:57.694815 15320 solver.cpp:238]     Train net output #0: accuracy = 1
I0404 12:30:57.694836 15320 solver.cpp:238]     Train net output #1: loss = 0.00013284 (* 1 = 0.00013284 loss)
I0404 12:30:57.694851 15320 sgd_solver.cpp:107] Iteration 15000, lr = 0.0502973
I0404 12:33:43.573488 15324 data_layer.cpp:73] Restarting data prefetching from start.
I0404 12:33:44.818145 15320 solver.cpp:331] Iteration 15600, Testing net (#0)
I0404 12:33:47.228878 15326 data_layer.cpp:73] Restarting data prefetching from start.
I0404 12:33:47.319514 15320 solver.cpp:398]     Test net output #0: accuracy = 0.9844
I0404 12:33:47.319576 15320 solver.cpp:398]     Test net output #1: loss = 0.114852 (* 1 = 0.114852 loss)
I0404 12:33:47.362022 15320 solver.cpp:219] Iteration 15600 (3.53634 iter/s, 169.667s/600 iters), loss = 6.2635e-05
I0404 12:33:47.362093 15320 solver.cpp:238]     Train net output #0: accuracy = 1
I0404 12:33:47.362112 15320 solver.cpp:238]     Train net output #1: loss = 6.2635e-05 (* 1 = 6.2635e-05 loss)
I0404 12:33:47.362125 15320 sgd_solver.cpp:107] Iteration 15600, lr = 0.0494106
I0404 12:36:34.799196 15324 data_layer.cpp:73] Restarting data prefetching from start.
I0404 12:36:35.933866 15320 solver.cpp:331] Iteration 16200, Testing net (#0)
I0404 12:36:37.830956 15326 data_layer.cpp:73] Restarting data prefetching from start.
I0404 12:36:37.909776 15320 solver.cpp:398]     Test net output #0: accuracy = 0.983
I0404 12:36:37.909843 15320 solver.cpp:398]     Test net output #1: loss = 0.112381 (* 1 = 0.112381 loss)
I0404 12:36:37.949949 15320 solver.cpp:219] Iteration 16200 (3.51727 iter/s, 170.587s/600 iters), loss = 0.000105471
I0404 12:36:37.950012 15320 solver.cpp:238]     Train net output #0: accuracy = 1
I0404 12:36:37.950033 15320 solver.cpp:238]     Train net output #1: loss = 0.000105471 (* 1 = 0.000105471 loss)
I0404 12:36:37.950048 15320 sgd_solver.cpp:107] Iteration 16200, lr = 0.0485595
I0404 12:39:30.845372 15324 data_layer.cpp:73] Restarting data prefetching from start.
I0404 12:39:32.066565 15320 solver.cpp:331] Iteration 16800, Testing net (#0)
I0404 12:39:34.272984 15326 data_layer.cpp:73] Restarting data prefetching from start.
I0404 12:39:34.383610 15320 solver.cpp:398]     Test net output #0: accuracy = 0.9834
I0404 12:39:34.383669 15320 solver.cpp:398]     Test net output #1: loss = 0.113092 (* 1 = 0.113092 loss)
I0404 12:39:34.469061 15320 solver.cpp:219] Iteration 16800 (3.39907 iter/s, 176.519s/600 iters), loss = 0.00018863
I0404 12:39:34.469123 15320 solver.cpp:238]     Train net output #0: accuracy = 1
I0404 12:39:34.469141 15320 solver.cpp:238]     Train net output #1: loss = 0.00018863 (* 1 = 0.00018863 loss)
I0404 12:39:34.469156 15320 sgd_solver.cpp:107] Iteration 16800, lr = 0.0477418
I0404 12:42:21.679775 15324 data_layer.cpp:73] Restarting data prefetching from start.
I0404 12:42:22.800838 15320 solver.cpp:331] Iteration 17400, Testing net (#0)
I0404 12:42:24.635051 15326 data_layer.cpp:73] Restarting data prefetching from start.
I0404 12:42:24.710912 15320 solver.cpp:398]     Test net output #0: accuracy = 0.9827
I0404 12:42:24.711053 15320 solver.cpp:398]     Test net output #1: loss = 0.116719 (* 1 = 0.116719 loss)
I0404 12:42:24.753284 15320 solver.cpp:219] Iteration 17400 (3.52353 iter/s, 170.284s/600 iters), loss = 7.5459e-05
I0404 12:42:24.753423 15320 solver.cpp:238]     Train net output #0: accuracy = 1
I0404 12:42:24.753478 15320 solver.cpp:238]     Train net output #1: loss = 7.5459e-05 (* 1 = 7.5459e-05 loss)
I0404 12:42:24.753516 15320 sgd_solver.cpp:107] Iteration 17400, lr = 0.0469556
I0404 12:45:09.587314 15324 data_layer.cpp:73] Restarting data prefetching from start.
I0404 12:45:10.712960 15320 solver.cpp:448] Snapshotting to binary proto file _iter_18000.caffemodel
I0404 12:45:10.759816 15320 sgd_solver.cpp:287] Snapshotting solver state to binary proto file _iter_18000.solverstate
I0404 12:45:10.808177 15320 solver.cpp:311] Iteration 18000, loss = 0.000142044
I0404 12:45:10.808238 15320 solver.cpp:331] Iteration 18000, Testing net (#0)
I0404 12:45:12.658586 15326 data_layer.cpp:73] Restarting data prefetching from start.
I0404 12:45:12.736240 15320 solver.cpp:398]     Test net output #0: accuracy = 0.9831
I0404 12:45:12.736371 15320 solver.cpp:398]     Test net output #1: loss = 0.117453 (* 1 = 0.117453 loss)
I0404 12:45:12.736414 15320 solver.cpp:316] Optimization Done.
I0404 12:45:12.736444 15320 caffe_double.cpp:259] Optimization Done.
