I0402 14:25:16.472292 11326 caffe_double.cpp:211] Use CPU.
I0402 14:25:16.472827 11326 solver.cpp:44] Initializing solver from parameters: 
test_iter: 100
test_interval: 600
base_lr: 0.1
display: 600
max_iter: 18000
lr_policy: "inv"
gamma: 0.0001
power: 0.75
momentum: 0.9
solver_mode: CPU
net_param {
  name: "LeNet"
  layer {
    name: "mnist"
    type: "Data"
    top: "data"
    top: "label"
    include {
      phase: TRAIN
    }
    transform_param {
      scale: 0.00390625
    }
    data_param {
      source: "data/mnist_train_lmdb"
      batch_size: 100
      backend: LMDB
    }
  }
  layer {
    name: "mnist"
    type: "Data"
    top: "data"
    top: "label"
    include {
      phase: TEST
    }
    transform_param {
      scale: 0.00390625
    }
    data_param {
      source: "data/mnist_test_lmdb"
      batch_size: 100
      backend: LMDB
    }
  }
  layer {
    name: "ip1"
    type: "InnerProduct"
    bottom: "data"
    top: "ip1"
    inner_product_param {
      num_output: 1000
      weight_filler {
        type: "gaussian"
        mean: 0
        std: 0.01
      }
    }
    bias_param {
      filler {
        value: 0
      }
    }
    fixed_precision: true
    precision {
      enter: 0
      fraccio: 16
      rounding: "stochastic"
    }
  }
  layer {
    name: "relu1"
    type: "ReLU"
    bottom: "ip1"
    top: "ip1"
    fixed_precision: true
    precision {
      enter: 0
      fraccio: 16
      rounding: "stochastic"
    }
  }
  layer {
    name: "ip2"
    type: "InnerProduct"
    bottom: "ip1"
    top: "ip2"
    inner_product_param {
      num_output: 1000
      weight_filler {
        type: "gaussian"
        mean: 0
        std: 0.01
      }
    }
    bias_param {
      filler {
        value: 0
      }
    }
    fixed_precision: true
    precision {
      enter: 0
      fraccio: 16
      rounding: "stochastic"
    }
  }
  layer {
    name: "relu2"
    type: "ReLU"
    bottom: "ip2"
    top: "ip2"
    bias_param {
      filler {
        value: 0
      }
    }
    fixed_precision: true
    precision {
      enter: 0
      fraccio: 16
      rounding: "stochastic"
    }
  }
  layer {
    name: "ip3"
    type: "InnerProduct"
    bottom: "ip2"
    top: "ip3"
    inner_product_param {
      num_output: 10
      weight_filler {
        type: "gaussian"
        mean: 0
        std: 0.01
      }
    }
    bias_param {
      filler {
        value: 0
      }
    }
    fixed_precision: true
    precision {
      enter: 0
      fraccio: 16
      rounding: "stochastic"
    }
  }
  layer {
    name: "accuracy"
    type: "Accuracy"
    bottom: "ip3"
    bottom: "label"
    top: "accuracy"
  }
  layer {
    name: "loss"
    type: "SoftmaxWithLoss"
    bottom: "ip3"
    bottom: "label"
    top: "loss"
    fixed_precision: true
    precision {
      enter: 0
      fraccio: 16
      rounding: "stochastic"
    }
  }
}
train_state {
  level: 0
  stage: ""
}
fixed_precision: true
precision {
  enter: 0
  fraccio: 16
  rounding: "stochastic"
}
I0402 14:25:16.472887 11326 solver.cpp:82] Creating training net specified in net_param.
I0402 14:25:16.472945 11326 net.cpp:294] The NetState phase (0) differed from the phase (1) specified by a rule in layer mnist
I0402 14:25:16.473115 11326 net.cpp:51] Initializing net from parameters: 
name: "LeNet"
state {
  phase: TRAIN
  level: 0
  stage: ""
}
layer {
  name: "mnist"
  type: "Data"
  top: "data"
  top: "label"
  include {
    phase: TRAIN
  }
  transform_param {
    scale: 0.00390625
  }
  data_param {
    source: "data/mnist_train_lmdb"
    batch_size: 100
    backend: LMDB
  }
}
layer {
  name: "ip1"
  type: "InnerProduct"
  bottom: "data"
  top: "ip1"
  inner_product_param {
    num_output: 1000
    weight_filler {
      type: "gaussian"
      mean: 0
      std: 0.01
    }
  }
  bias_param {
    filler {
      value: 0
    }
  }
  fixed_precision: true
  precision {
    enter: 0
    fraccio: 16
    rounding: "stochastic"
  }
}
layer {
  name: "relu1"
  type: "ReLU"
  bottom: "ip1"
  top: "ip1"
  fixed_precision: true
  precision {
    enter: 0
    fraccio: 16
    rounding: "stochastic"
  }
}
layer {
  name: "ip2"
  type: "InnerProduct"
  bottom: "ip1"
  top: "ip2"
  inner_product_param {
    num_output: 1000
    weight_filler {
      type: "gaussian"
      mean: 0
      std: 0.01
    }
  }
  bias_param {
    filler {
      value: 0
    }
  }
  fixed_precision: true
  precision {
    enter: 0
    fraccio: 16
    rounding: "stochastic"
  }
}
layer {
  name: "relu2"
  type: "ReLU"
  bottom: "ip2"
  top: "ip2"
  bias_param {
    filler {
      value: 0
    }
  }
  fixed_precision: true
  precision {
    enter: 0
    fraccio: 16
    rounding: "stochastic"
  }
}
layer {
  name: "ip3"
  type: "InnerProduct"
  bottom: "ip2"
  top: "ip3"
  inner_product_param {
    num_output: 10
    weight_filler {
      type: "gaussian"
      mean: 0
      std: 0.01
    }
  }
  bias_param {
    filler {
      value: 0
    }
  }
  fixed_precision: true
  precision {
    enter: 0
    fraccio: 16
    rounding: "stochastic"
  }
}
layer {
  name: "accuracy"
  type: "Accuracy"
  bottom: "ip3"
  bottom: "label"
  top: "accuracy"
}
layer {
  name: "loss"
  type: "SoftmaxWithLoss"
  bottom: "ip3"
  bottom: "label"
  top: "loss"
  fixed_precision: true
  precision {
    enter: 0
    fraccio: 16
    rounding: "stochastic"
  }
}
I0402 14:25:16.473242 11326 layer_factory.hpp:77] Creating layer mnist
I0402 14:25:16.473358 11326 db_lmdb.cpp:35] Opened lmdb data/mnist_train_lmdb
I0402 14:25:16.473387 11326 net.cpp:84] Creating Layer mnist
I0402 14:25:16.473399 11326 net.cpp:380] mnist -> data
I0402 14:25:16.473428 11326 net.cpp:380] mnist -> label
I0402 14:25:16.473469 11326 data_layer.cpp:45] output data size: 100,1,28,28
I0402 14:25:16.475154 11326 net.cpp:122] Setting up mnist
I0402 14:25:16.475178 11326 net.cpp:129] Top shape: 100 1 28 28 (78400)
I0402 14:25:16.475188 11326 net.cpp:129] Top shape: 100 (100)
I0402 14:25:16.475194 11326 net.cpp:137] Memory required for data: 628000
I0402 14:25:16.475205 11326 layer_factory.hpp:77] Creating layer label_mnist_1_split
I0402 14:25:16.475221 11326 net.cpp:84] Creating Layer label_mnist_1_split
I0402 14:25:16.475230 11326 net.cpp:406] label_mnist_1_split <- label
I0402 14:25:16.475244 11326 net.cpp:380] label_mnist_1_split -> label_mnist_1_split_0
I0402 14:25:16.475256 11326 net.cpp:380] label_mnist_1_split -> label_mnist_1_split_1
I0402 14:25:16.475270 11326 net.cpp:122] Setting up label_mnist_1_split
I0402 14:25:16.475278 11326 net.cpp:129] Top shape: 100 (100)
I0402 14:25:16.475287 11326 net.cpp:129] Top shape: 100 (100)
I0402 14:25:16.475293 11326 net.cpp:137] Memory required for data: 629600
I0402 14:25:16.475301 11326 layer_factory.hpp:77] Creating layer ip1
I0402 14:25:16.475312 11326 net.cpp:84] Creating Layer ip1
I0402 14:25:16.475319 11326 net.cpp:406] ip1 <- data
I0402 14:25:16.475329 11326 net.cpp:380] ip1 -> ip1
I0402 14:25:16.589037 11326 net.cpp:122] Setting up ip1
I0402 14:25:16.589078 11326 net.cpp:129] Top shape: 100 1000 (100000)
I0402 14:25:16.589090 11326 net.cpp:137] Memory required for data: 1429600
I0402 14:25:16.589117 11326 layer_factory.hpp:77] Creating layer relu1
I0402 14:25:16.589136 11326 net.cpp:84] Creating Layer relu1
I0402 14:25:16.589148 11326 net.cpp:406] relu1 <- ip1
I0402 14:25:16.589160 11326 net.cpp:367] relu1 -> ip1 (in-place)
I0402 14:25:16.589184 11326 net.cpp:122] Setting up relu1
I0402 14:25:16.589195 11326 net.cpp:129] Top shape: 100 1000 (100000)
I0402 14:25:16.589202 11326 net.cpp:137] Memory required for data: 2229600
I0402 14:25:16.589210 11326 layer_factory.hpp:77] Creating layer ip2
I0402 14:25:16.589226 11326 net.cpp:84] Creating Layer ip2
I0402 14:25:16.589233 11326 net.cpp:406] ip2 <- ip1
I0402 14:25:16.589246 11326 net.cpp:380] ip2 -> ip2
I0402 14:25:16.689788 11326 net.cpp:122] Setting up ip2
I0402 14:25:16.689824 11326 net.cpp:129] Top shape: 100 1000 (100000)
I0402 14:25:16.689832 11326 net.cpp:137] Memory required for data: 3029600
I0402 14:25:16.689851 11326 layer_factory.hpp:77] Creating layer relu2
I0402 14:25:16.689867 11326 net.cpp:84] Creating Layer relu2
I0402 14:25:16.689877 11326 net.cpp:406] relu2 <- ip2
I0402 14:25:16.689889 11326 net.cpp:367] relu2 -> ip2 (in-place)
I0402 14:25:16.689915 11326 net.cpp:122] Setting up relu2
I0402 14:25:16.689934 11326 net.cpp:129] Top shape: 100 1000 (100000)
I0402 14:25:16.689942 11326 net.cpp:137] Memory required for data: 3829600
I0402 14:25:16.689949 11326 layer_factory.hpp:77] Creating layer ip3
I0402 14:25:16.689961 11326 net.cpp:84] Creating Layer ip3
I0402 14:25:16.689970 11326 net.cpp:406] ip3 <- ip2
I0402 14:25:16.689980 11326 net.cpp:380] ip3 -> ip3
I0402 14:25:16.691053 11326 net.cpp:122] Setting up ip3
I0402 14:25:16.691067 11326 net.cpp:129] Top shape: 100 10 (1000)
I0402 14:25:16.691076 11326 net.cpp:137] Memory required for data: 3837600
I0402 14:25:16.691089 11326 layer_factory.hpp:77] Creating layer ip3_ip3_0_split
I0402 14:25:16.691100 11326 net.cpp:84] Creating Layer ip3_ip3_0_split
I0402 14:25:16.691109 11326 net.cpp:406] ip3_ip3_0_split <- ip3
I0402 14:25:16.691120 11326 net.cpp:380] ip3_ip3_0_split -> ip3_ip3_0_split_0
I0402 14:25:16.691135 11326 net.cpp:380] ip3_ip3_0_split -> ip3_ip3_0_split_1
I0402 14:25:16.691151 11326 net.cpp:122] Setting up ip3_ip3_0_split
I0402 14:25:16.691164 11326 net.cpp:129] Top shape: 100 10 (1000)
I0402 14:25:16.691172 11326 net.cpp:129] Top shape: 100 10 (1000)
I0402 14:25:16.691180 11326 net.cpp:137] Memory required for data: 3853600
I0402 14:25:16.691187 11326 layer_factory.hpp:77] Creating layer accuracy
I0402 14:25:16.691200 11326 net.cpp:84] Creating Layer accuracy
I0402 14:25:16.691207 11326 net.cpp:406] accuracy <- ip3_ip3_0_split_0
I0402 14:25:16.691216 11326 net.cpp:406] accuracy <- label_mnist_1_split_0
I0402 14:25:16.691229 11326 net.cpp:380] accuracy -> accuracy
I0402 14:25:16.691243 11326 net.cpp:122] Setting up accuracy
I0402 14:25:16.691253 11326 net.cpp:129] Top shape: (1)
I0402 14:25:16.691262 11326 net.cpp:137] Memory required for data: 3853608
I0402 14:25:16.691269 11326 layer_factory.hpp:77] Creating layer loss
I0402 14:25:16.691285 11326 net.cpp:84] Creating Layer loss
I0402 14:25:16.691293 11326 net.cpp:406] loss <- ip3_ip3_0_split_1
I0402 14:25:16.691300 11326 net.cpp:406] loss <- label_mnist_1_split_1
I0402 14:25:16.691311 11326 net.cpp:380] loss -> loss
I0402 14:25:16.691337 11326 layer_factory.hpp:77] Creating layer loss
I0402 14:25:16.691365 11326 net.cpp:122] Setting up loss
I0402 14:25:16.691375 11326 net.cpp:129] Top shape: (1)
I0402 14:25:16.691381 11326 net.cpp:132]     with loss weight 1
I0402 14:25:16.691407 11326 net.cpp:137] Memory required for data: 3853616
I0402 14:25:16.691414 11326 net.cpp:198] loss needs backward computation.
I0402 14:25:16.691422 11326 net.cpp:200] accuracy does not need backward computation.
I0402 14:25:16.691432 11326 net.cpp:198] ip3_ip3_0_split needs backward computation.
I0402 14:25:16.691439 11326 net.cpp:198] ip3 needs backward computation.
I0402 14:25:16.691447 11326 net.cpp:198] relu2 needs backward computation.
I0402 14:25:16.691454 11326 net.cpp:198] ip2 needs backward computation.
I0402 14:25:16.691460 11326 net.cpp:198] relu1 needs backward computation.
I0402 14:25:16.691468 11326 net.cpp:198] ip1 needs backward computation.
I0402 14:25:16.691475 11326 net.cpp:200] label_mnist_1_split does not need backward computation.
I0402 14:25:16.691484 11326 net.cpp:200] mnist does not need backward computation.
I0402 14:25:16.691493 11326 net.cpp:242] This network produces output accuracy
I0402 14:25:16.691500 11326 net.cpp:242] This network produces output loss
I0402 14:25:16.691517 11326 net.cpp:255] Network initialization done.
I0402 14:25:16.691577 11326 solver.cpp:173] Creating test net (#0) specified by net_param
I0402 14:25:16.691604 11326 net.cpp:294] The NetState phase (1) differed from the phase (0) specified by a rule in layer mnist
I0402 14:25:16.691732 11326 net.cpp:51] Initializing net from parameters: 
name: "LeNet"
state {
  phase: TEST
}
layer {
  name: "mnist"
  type: "Data"
  top: "data"
  top: "label"
  include {
    phase: TEST
  }
  transform_param {
    scale: 0.00390625
  }
  data_param {
    source: "data/mnist_test_lmdb"
    batch_size: 100
    backend: LMDB
  }
}
layer {
  name: "ip1"
  type: "InnerProduct"
  bottom: "data"
  top: "ip1"
  inner_product_param {
    num_output: 1000
    weight_filler {
      type: "gaussian"
      mean: 0
      std: 0.01
    }
  }
  bias_param {
    filler {
      value: 0
    }
  }
  fixed_precision: true
  precision {
    enter: 0
    fraccio: 16
    rounding: "stochastic"
  }
}
layer {
  name: "relu1"
  type: "ReLU"
  bottom: "ip1"
  top: "ip1"
  fixed_precision: true
  precision {
    enter: 0
    fraccio: 16
    rounding: "stochastic"
  }
}
layer {
  name: "ip2"
  type: "InnerProduct"
  bottom: "ip1"
  top: "ip2"
  inner_product_param {
    num_output: 1000
    weight_filler {
      type: "gaussian"
      mean: 0
      std: 0.01
    }
  }
  bias_param {
    filler {
      value: 0
    }
  }
  fixed_precision: true
  precision {
    enter: 0
    fraccio: 16
    rounding: "stochastic"
  }
}
layer {
  name: "relu2"
  type: "ReLU"
  bottom: "ip2"
  top: "ip2"
  bias_param {
    filler {
      value: 0
    }
  }
  fixed_precision: true
  precision {
    enter: 0
    fraccio: 16
    rounding: "stochastic"
  }
}
layer {
  name: "ip3"
  type: "InnerProduct"
  bottom: "ip2"
  top: "ip3"
  inner_product_param {
    num_output: 10
    weight_filler {
      type: "gaussian"
      mean: 0
      std: 0.01
    }
  }
  bias_param {
    filler {
      value: 0
    }
  }
  fixed_precision: true
  precision {
    enter: 0
    fraccio: 16
    rounding: "stochastic"
  }
}
layer {
  name: "accuracy"
  type: "Accuracy"
  bottom: "ip3"
  bottom: "label"
  top: "accuracy"
}
layer {
  name: "loss"
  type: "SoftmaxWithLoss"
  bottom: "ip3"
  bottom: "label"
  top: "loss"
  fixed_precision: true
  precision {
    enter: 0
    fraccio: 16
    rounding: "stochastic"
  }
}
I0402 14:25:16.691805 11326 layer_factory.hpp:77] Creating layer mnist
I0402 14:25:16.691866 11326 db_lmdb.cpp:35] Opened lmdb data/mnist_test_lmdb
I0402 14:25:16.691886 11326 net.cpp:84] Creating Layer mnist
I0402 14:25:16.691897 11326 net.cpp:380] mnist -> data
I0402 14:25:16.691913 11326 net.cpp:380] mnist -> label
I0402 14:25:16.691936 11326 data_layer.cpp:45] output data size: 100,1,28,28
I0402 14:25:16.692739 11326 net.cpp:122] Setting up mnist
I0402 14:25:16.692756 11326 net.cpp:129] Top shape: 100 1 28 28 (78400)
I0402 14:25:16.692765 11326 net.cpp:129] Top shape: 100 (100)
I0402 14:25:16.692772 11326 net.cpp:137] Memory required for data: 628000
I0402 14:25:16.692780 11326 layer_factory.hpp:77] Creating layer label_mnist_1_split
I0402 14:25:16.692792 11326 net.cpp:84] Creating Layer label_mnist_1_split
I0402 14:25:16.692800 11326 net.cpp:406] label_mnist_1_split <- label
I0402 14:25:16.692813 11326 net.cpp:380] label_mnist_1_split -> label_mnist_1_split_0
I0402 14:25:16.692828 11326 net.cpp:380] label_mnist_1_split -> label_mnist_1_split_1
I0402 14:25:16.692842 11326 net.cpp:122] Setting up label_mnist_1_split
I0402 14:25:16.692854 11326 net.cpp:129] Top shape: 100 (100)
I0402 14:25:16.692863 11326 net.cpp:129] Top shape: 100 (100)
I0402 14:25:16.692873 11326 net.cpp:137] Memory required for data: 629600
I0402 14:25:16.692879 11326 layer_factory.hpp:77] Creating layer ip1
I0402 14:25:16.692893 11326 net.cpp:84] Creating Layer ip1
I0402 14:25:16.692899 11326 net.cpp:406] ip1 <- data
I0402 14:25:16.692910 11326 net.cpp:380] ip1 -> ip1
I0402 14:25:16.763939 11326 net.cpp:122] Setting up ip1
I0402 14:25:16.763978 11326 net.cpp:129] Top shape: 100 1000 (100000)
I0402 14:25:16.763984 11326 net.cpp:137] Memory required for data: 1429600
I0402 14:25:16.764001 11326 layer_factory.hpp:77] Creating layer relu1
I0402 14:25:16.764015 11326 net.cpp:84] Creating Layer relu1
I0402 14:25:16.764024 11326 net.cpp:406] relu1 <- ip1
I0402 14:25:16.764034 11326 net.cpp:367] relu1 -> ip1 (in-place)
I0402 14:25:16.764046 11326 net.cpp:122] Setting up relu1
I0402 14:25:16.764055 11326 net.cpp:129] Top shape: 100 1000 (100000)
I0402 14:25:16.764061 11326 net.cpp:137] Memory required for data: 2229600
I0402 14:25:16.764067 11326 layer_factory.hpp:77] Creating layer ip2
I0402 14:25:16.764081 11326 net.cpp:84] Creating Layer ip2
I0402 14:25:16.764093 11326 net.cpp:406] ip2 <- ip1
I0402 14:25:16.764113 11326 net.cpp:380] ip2 -> ip2
I0402 14:25:16.846525 11326 net.cpp:122] Setting up ip2
I0402 14:25:16.846562 11326 net.cpp:129] Top shape: 100 1000 (100000)
I0402 14:25:16.846568 11326 net.cpp:137] Memory required for data: 3029600
I0402 14:25:16.846585 11326 layer_factory.hpp:77] Creating layer relu2
I0402 14:25:16.846601 11326 net.cpp:84] Creating Layer relu2
I0402 14:25:16.846611 11326 net.cpp:406] relu2 <- ip2
I0402 14:25:16.846622 11326 net.cpp:367] relu2 -> ip2 (in-place)
I0402 14:25:16.846637 11326 net.cpp:122] Setting up relu2
I0402 14:25:16.846645 11326 net.cpp:129] Top shape: 100 1000 (100000)
I0402 14:25:16.846652 11326 net.cpp:137] Memory required for data: 3829600
I0402 14:25:16.846657 11326 layer_factory.hpp:77] Creating layer ip3
I0402 14:25:16.846668 11326 net.cpp:84] Creating Layer ip3
I0402 14:25:16.846673 11326 net.cpp:406] ip3 <- ip2
I0402 14:25:16.846681 11326 net.cpp:380] ip3 -> ip3
I0402 14:25:16.847550 11326 net.cpp:122] Setting up ip3
I0402 14:25:16.847568 11326 net.cpp:129] Top shape: 100 10 (1000)
I0402 14:25:16.847576 11326 net.cpp:137] Memory required for data: 3837600
I0402 14:25:16.847589 11326 layer_factory.hpp:77] Creating layer ip3_ip3_0_split
I0402 14:25:16.847599 11326 net.cpp:84] Creating Layer ip3_ip3_0_split
I0402 14:25:16.847606 11326 net.cpp:406] ip3_ip3_0_split <- ip3
I0402 14:25:16.847615 11326 net.cpp:380] ip3_ip3_0_split -> ip3_ip3_0_split_0
I0402 14:25:16.847625 11326 net.cpp:380] ip3_ip3_0_split -> ip3_ip3_0_split_1
I0402 14:25:16.847637 11326 net.cpp:122] Setting up ip3_ip3_0_split
I0402 14:25:16.847647 11326 net.cpp:129] Top shape: 100 10 (1000)
I0402 14:25:16.847656 11326 net.cpp:129] Top shape: 100 10 (1000)
I0402 14:25:16.847662 11326 net.cpp:137] Memory required for data: 3853600
I0402 14:25:16.847668 11326 layer_factory.hpp:77] Creating layer accuracy
I0402 14:25:16.847679 11326 net.cpp:84] Creating Layer accuracy
I0402 14:25:16.847685 11326 net.cpp:406] accuracy <- ip3_ip3_0_split_0
I0402 14:25:16.847692 11326 net.cpp:406] accuracy <- label_mnist_1_split_0
I0402 14:25:16.847702 11326 net.cpp:380] accuracy -> accuracy
I0402 14:25:16.847712 11326 net.cpp:122] Setting up accuracy
I0402 14:25:16.847720 11326 net.cpp:129] Top shape: (1)
I0402 14:25:16.847726 11326 net.cpp:137] Memory required for data: 3853608
I0402 14:25:16.847733 11326 layer_factory.hpp:77] Creating layer loss
I0402 14:25:16.847743 11326 net.cpp:84] Creating Layer loss
I0402 14:25:16.847750 11326 net.cpp:406] loss <- ip3_ip3_0_split_1
I0402 14:25:16.847756 11326 net.cpp:406] loss <- label_mnist_1_split_1
I0402 14:25:16.847765 11326 net.cpp:380] loss -> loss
I0402 14:25:16.847777 11326 layer_factory.hpp:77] Creating layer loss
I0402 14:25:16.847800 11326 net.cpp:122] Setting up loss
I0402 14:25:16.847808 11326 net.cpp:129] Top shape: (1)
I0402 14:25:16.847815 11326 net.cpp:132]     with loss weight 1
I0402 14:25:16.847828 11326 net.cpp:137] Memory required for data: 3853616
I0402 14:25:16.847834 11326 net.cpp:198] loss needs backward computation.
I0402 14:25:16.847841 11326 net.cpp:200] accuracy does not need backward computation.
I0402 14:25:16.847847 11326 net.cpp:198] ip3_ip3_0_split needs backward computation.
I0402 14:25:16.847854 11326 net.cpp:198] ip3 needs backward computation.
I0402 14:25:16.847861 11326 net.cpp:198] relu2 needs backward computation.
I0402 14:25:16.847867 11326 net.cpp:198] ip2 needs backward computation.
I0402 14:25:16.847872 11326 net.cpp:198] relu1 needs backward computation.
I0402 14:25:16.847878 11326 net.cpp:198] ip1 needs backward computation.
I0402 14:25:16.847884 11326 net.cpp:200] label_mnist_1_split does not need backward computation.
I0402 14:25:16.847892 11326 net.cpp:200] mnist does not need backward computation.
I0402 14:25:16.847898 11326 net.cpp:242] This network produces output accuracy
I0402 14:25:16.847903 11326 net.cpp:242] This network produces output loss
I0402 14:25:16.847918 11326 net.cpp:255] Network initialization done.
I0402 14:25:16.847959 11326 solver.cpp:56] Solver scaffolding done.
I0402 14:25:16.847988 11326 caffe_double.cpp:248] Starting Optimization
I0402 14:25:16.848002 11326 solver.cpp:273] Solving LeNet
I0402 14:25:16.848007 11326 solver.cpp:274] Learning Rate Policy: inv
I0402 14:25:16.851030 11326 solver.cpp:331] Iteration 0, Testing net (#0)
I0402 14:25:18.720826 11332 data_layer.cpp:73] Restarting data prefetching from start.
I0402 14:25:18.798074 11326 solver.cpp:398]     Test net output #0: accuracy = 0.1653
I0402 14:25:18.798143 11326 solver.cpp:398]     Test net output #1: loss = 2.30233 (* 1 = 2.30233 loss)
I0402 14:25:18.841212 11326 solver.cpp:219] Iteration 0 (-5.74532e-44 iter/s, 1.993s/600 iters), loss = 2.30219
I0402 14:25:18.841274 11326 solver.cpp:238]     Train net output #0: accuracy = 0.16
I0402 14:25:18.841291 11326 solver.cpp:238]     Train net output #1: loss = 2.30219 (* 1 = 2.30219 loss)
I0402 14:25:18.841305 11326 sgd_solver.cpp:107] Iteration 0, lr = 0.1
I0402 14:26:34.670367 11330 data_layer.cpp:73] Restarting data prefetching from start.
I0402 14:26:35.168980 11326 solver.cpp:331] Iteration 600, Testing net (#0)
I0402 14:26:37.002650 11332 data_layer.cpp:73] Restarting data prefetching from start.
I0402 14:26:37.078196 11326 solver.cpp:398]     Test net output #0: accuracy = 0.9548
I0402 14:26:37.078261 11326 solver.cpp:398]     Test net output #1: loss = 0.143259 (* 1 = 0.143259 loss)
I0402 14:26:37.118541 11326 solver.cpp:219] Iteration 600 (7.66509 iter/s, 78.277s/600 iters), loss = 0.0974487
I0402 14:26:37.118607 11326 solver.cpp:238]     Train net output #0: accuracy = 0.98
I0402 14:26:37.118629 11326 solver.cpp:238]     Train net output #1: loss = 0.0974487 (* 1 = 0.0974487 loss)
I0402 14:26:37.118644 11326 sgd_solver.cpp:107] Iteration 600, lr = 0.0957239
I0402 14:27:51.774952 11330 data_layer.cpp:73] Restarting data prefetching from start.
I0402 14:27:52.268746 11326 solver.cpp:331] Iteration 1200, Testing net (#0)
I0402 14:27:54.104161 11332 data_layer.cpp:73] Restarting data prefetching from start.
I0402 14:27:54.181247 11326 solver.cpp:398]     Test net output #0: accuracy = 0.967
I0402 14:27:54.181316 11326 solver.cpp:398]     Test net output #1: loss = 0.10852 (* 1 = 0.10852 loss)
I0402 14:27:54.221596 11326 solver.cpp:219] Iteration 1200 (7.7819 iter/s, 77.102s/600 iters), loss = 0.0622207
I0402 14:27:54.221665 11326 solver.cpp:238]     Train net output #0: accuracy = 0.98
I0402 14:27:54.221688 11326 solver.cpp:238]     Train net output #1: loss = 0.0622207 (* 1 = 0.0622207 loss)
I0402 14:27:54.221702 11326 sgd_solver.cpp:107] Iteration 1200, lr = 0.0918516
I0402 14:29:08.497468 11330 data_layer.cpp:73] Restarting data prefetching from start.
I0402 14:29:08.988806 11326 solver.cpp:331] Iteration 1800, Testing net (#0)
I0402 14:29:10.813383 11332 data_layer.cpp:73] Restarting data prefetching from start.
I0402 14:29:10.888538 11326 solver.cpp:398]     Test net output #0: accuracy = 0.9671
I0402 14:29:10.888603 11326 solver.cpp:398]     Test net output #1: loss = 0.108582 (* 1 = 0.108582 loss)
I0402 14:29:10.928488 11326 solver.cpp:219] Iteration 1800 (7.82207 iter/s, 76.706s/600 iters), loss = 0.082923
I0402 14:29:10.928553 11326 solver.cpp:238]     Train net output #0: accuracy = 0.98
I0402 14:29:10.928575 11326 solver.cpp:238]     Train net output #1: loss = 0.082923 (* 1 = 0.082923 loss)
I0402 14:29:10.928591 11326 sgd_solver.cpp:107] Iteration 1800, lr = 0.088326
I0402 14:30:24.809952 11330 data_layer.cpp:73] Restarting data prefetching from start.
I0402 14:30:25.296223 11326 solver.cpp:331] Iteration 2400, Testing net (#0)
I0402 14:30:27.117884 11332 data_layer.cpp:73] Restarting data prefetching from start.
I0402 14:30:27.196125 11326 solver.cpp:398]     Test net output #0: accuracy = 0.9679
I0402 14:30:27.196190 11326 solver.cpp:398]     Test net output #1: loss = 0.108806 (* 1 = 0.108806 loss)
I0402 14:30:27.236294 11326 solver.cpp:219] Iteration 2400 (7.86297 iter/s, 76.307s/600 iters), loss = 0.0318814
I0402 14:30:27.236361 11326 solver.cpp:238]     Train net output #0: accuracy = 0.99
I0402 14:30:27.236382 11326 solver.cpp:238]     Train net output #1: loss = 0.0318814 (* 1 = 0.0318814 loss)
I0402 14:30:27.236410 11326 sgd_solver.cpp:107] Iteration 2400, lr = 0.0851008
I0402 14:31:40.639505 11330 data_layer.cpp:73] Restarting data prefetching from start.
I0402 14:31:41.126564 11326 solver.cpp:331] Iteration 3000, Testing net (#0)
I0402 14:31:42.948519 11332 data_layer.cpp:73] Restarting data prefetching from start.
I0402 14:31:43.023619 11326 solver.cpp:398]     Test net output #0: accuracy = 0.9736
I0402 14:31:43.023682 11326 solver.cpp:398]     Test net output #1: loss = 0.0934972 (* 1 = 0.0934972 loss)
I0402 14:31:43.063513 11326 solver.cpp:219] Iteration 3000 (7.91275 iter/s, 75.827s/600 iters), loss = 0.0419444
I0402 14:31:43.063578 11326 solver.cpp:238]     Train net output #0: accuracy = 0.99
I0402 14:31:43.063599 11326 solver.cpp:238]     Train net output #1: loss = 0.0419444 (* 1 = 0.0419444 loss)
I0402 14:31:43.063614 11326 sgd_solver.cpp:107] Iteration 3000, lr = 0.0821377
I0402 14:32:56.165401 11330 data_layer.cpp:73] Restarting data prefetching from start.
I0402 14:32:56.651557 11326 solver.cpp:331] Iteration 3600, Testing net (#0)
I0402 14:32:58.471560 11332 data_layer.cpp:73] Restarting data prefetching from start.
I0402 14:32:58.548106 11326 solver.cpp:398]     Test net output #0: accuracy = 0.9782
I0402 14:32:58.548184 11326 solver.cpp:398]     Test net output #1: loss = 0.0791829 (* 1 = 0.0791829 loss)
I0402 14:32:58.587852 11326 solver.cpp:219] Iteration 3600 (7.94449 iter/s, 75.524s/600 iters), loss = 0.0703949
I0402 14:32:58.587916 11326 solver.cpp:238]     Train net output #0: accuracy = 0.97
I0402 14:32:58.587937 11326 solver.cpp:238]     Train net output #1: loss = 0.0703949 (* 1 = 0.0703949 loss)
I0402 14:32:58.587954 11326 sgd_solver.cpp:107] Iteration 3600, lr = 0.0794046
I0402 14:34:11.411559 11330 data_layer.cpp:73] Restarting data prefetching from start.
I0402 14:34:11.893116 11326 solver.cpp:331] Iteration 4200, Testing net (#0)
I0402 14:34:13.716146 11332 data_layer.cpp:73] Restarting data prefetching from start.
I0402 14:34:13.791185 11326 solver.cpp:398]     Test net output #0: accuracy = 0.9789
I0402 14:34:13.791246 11326 solver.cpp:398]     Test net output #1: loss = 0.0811975 (* 1 = 0.0811975 loss)
I0402 14:34:13.830742 11326 solver.cpp:219] Iteration 4200 (7.97427 iter/s, 75.242s/600 iters), loss = 0.00562834
I0402 14:34:13.830809 11326 solver.cpp:238]     Train net output #0: accuracy = 1
I0402 14:34:13.830831 11326 solver.cpp:238]     Train net output #1: loss = 0.00562834 (* 1 = 0.00562834 loss)
I0402 14:34:13.830845 11326 sgd_solver.cpp:107] Iteration 4200, lr = 0.0768748
I0402 14:35:26.172942 11330 data_layer.cpp:73] Restarting data prefetching from start.
I0402 14:35:26.648746 11326 solver.cpp:331] Iteration 4800, Testing net (#0)
I0402 14:35:28.471267 11332 data_layer.cpp:73] Restarting data prefetching from start.
I0402 14:35:28.546335 11326 solver.cpp:398]     Test net output #0: accuracy = 0.9828
I0402 14:35:28.546398 11326 solver.cpp:398]     Test net output #1: loss = 0.0631546 (* 1 = 0.0631546 loss)
I0402 14:35:28.585796 11326 solver.cpp:219] Iteration 4800 (8.02633 iter/s, 74.754s/600 iters), loss = 0.00235512
I0402 14:35:28.585861 11326 solver.cpp:238]     Train net output #0: accuracy = 1
I0402 14:35:28.585882 11326 solver.cpp:238]     Train net output #1: loss = 0.00235512 (* 1 = 0.00235512 loss)
I0402 14:35:28.585896 11326 sgd_solver.cpp:107] Iteration 4800, lr = 0.0745253
I0402 14:36:40.405524 11330 data_layer.cpp:73] Restarting data prefetching from start.
I0402 14:36:40.883815 11326 solver.cpp:331] Iteration 5400, Testing net (#0)
I0402 14:36:42.707448 11332 data_layer.cpp:73] Restarting data prefetching from start.
I0402 14:36:42.782485 11326 solver.cpp:398]     Test net output #0: accuracy = 0.9812
I0402 14:36:42.782551 11326 solver.cpp:398]     Test net output #1: loss = 0.0736351 (* 1 = 0.0736351 loss)
I0402 14:36:42.822037 11326 solver.cpp:219] Iteration 5400 (8.08233 iter/s, 74.236s/600 iters), loss = 0.00368291
I0402 14:36:42.822103 11326 solver.cpp:238]     Train net output #0: accuracy = 1
I0402 14:36:42.822139 11326 solver.cpp:238]     Train net output #1: loss = 0.00368291 (* 1 = 0.00368291 loss)
I0402 14:36:42.822154 11326 sgd_solver.cpp:107] Iteration 5400, lr = 0.0723368
I0402 14:37:54.610790 11330 data_layer.cpp:73] Restarting data prefetching from start.
I0402 14:37:55.089385 11326 solver.cpp:331] Iteration 6000, Testing net (#0)
I0402 14:37:56.917716 11332 data_layer.cpp:73] Restarting data prefetching from start.
I0402 14:37:56.992452 11326 solver.cpp:398]     Test net output #0: accuracy = 0.9804
I0402 14:37:56.992517 11326 solver.cpp:398]     Test net output #1: loss = 0.0752607 (* 1 = 0.0752607 loss)
I0402 14:37:57.032167 11326 solver.cpp:219] Iteration 6000 (8.08516 iter/s, 74.21s/600 iters), loss = 0.017071
I0402 14:37:57.032235 11326 solver.cpp:238]     Train net output #0: accuracy = 0.99
I0402 14:37:57.032256 11326 solver.cpp:238]     Train net output #1: loss = 0.017071 (* 1 = 0.017071 loss)
I0402 14:37:57.032270 11326 sgd_solver.cpp:107] Iteration 6000, lr = 0.0702927
I0402 14:39:08.493346 11330 data_layer.cpp:73] Restarting data prefetching from start.
I0402 14:39:08.971943 11326 solver.cpp:331] Iteration 6600, Testing net (#0)
I0402 14:39:10.760098 11332 data_layer.cpp:73] Restarting data prefetching from start.
I0402 14:39:10.835093 11326 solver.cpp:398]     Test net output #0: accuracy = 0.9821
I0402 14:39:10.835157 11326 solver.cpp:398]     Test net output #1: loss = 0.0720072 (* 1 = 0.0720072 loss)
I0402 14:39:10.874714 11326 solver.cpp:219] Iteration 6600 (8.12546 iter/s, 73.842s/600 iters), loss = 0.00412831
I0402 14:39:10.874778 11326 solver.cpp:238]     Train net output #0: accuracy = 1
I0402 14:39:10.874796 11326 solver.cpp:238]     Train net output #1: loss = 0.00412831 (* 1 = 0.00412831 loss)
I0402 14:39:10.874810 11326 sgd_solver.cpp:107] Iteration 6600, lr = 0.0683784
I0402 14:40:27.046670 11330 data_layer.cpp:73] Restarting data prefetching from start.
I0402 14:40:27.561677 11326 solver.cpp:331] Iteration 7200, Testing net (#0)
I0402 14:40:29.382350 11332 data_layer.cpp:73] Restarting data prefetching from start.
I0402 14:40:29.457366 11326 solver.cpp:398]     Test net output #0: accuracy = 0.9844
I0402 14:40:29.457432 11326 solver.cpp:398]     Test net output #1: loss = 0.0616433 (* 1 = 0.0616433 loss)
I0402 14:40:29.496986 11326 solver.cpp:219] Iteration 7200 (7.63145 iter/s, 78.622s/600 iters), loss = 0.00175071
I0402 14:40:29.497059 11326 solver.cpp:238]     Train net output #0: accuracy = 1
I0402 14:40:29.497083 11326 solver.cpp:238]     Train net output #1: loss = 0.00175071 (* 1 = 0.00175071 loss)
I0402 14:40:29.497098 11326 sgd_solver.cpp:107] Iteration 7200, lr = 0.0665815
I0402 14:41:47.688156 11330 data_layer.cpp:73] Restarting data prefetching from start.
I0402 14:41:48.214313 11326 solver.cpp:331] Iteration 7800, Testing net (#0)
I0402 14:41:50.031764 11332 data_layer.cpp:73] Restarting data prefetching from start.
I0402 14:41:50.107260 11326 solver.cpp:398]     Test net output #0: accuracy = 0.986
I0402 14:41:50.107324 11326 solver.cpp:398]     Test net output #1: loss = 0.0621089 (* 1 = 0.0621089 loss)
I0402 14:41:50.146819 11326 solver.cpp:219] Iteration 7800 (7.43965 iter/s, 80.649s/600 iters), loss = 0.00112692
I0402 14:41:50.146884 11326 solver.cpp:238]     Train net output #0: accuracy = 1
I0402 14:41:50.146906 11326 solver.cpp:238]     Train net output #1: loss = 0.00112692 (* 1 = 0.00112692 loss)
I0402 14:41:50.146921 11326 sgd_solver.cpp:107] Iteration 7800, lr = 0.0648911
I0402 14:43:08.765197 11330 data_layer.cpp:73] Restarting data prefetching from start.
I0402 14:43:09.293630 11326 solver.cpp:331] Iteration 8400, Testing net (#0)
I0402 14:43:11.111964 11332 data_layer.cpp:73] Restarting data prefetching from start.
I0402 14:43:11.189504 11326 solver.cpp:398]     Test net output #0: accuracy = 0.986
I0402 14:43:11.189573 11326 solver.cpp:398]     Test net output #1: loss = 0.0638297 (* 1 = 0.0638297 loss)
I0402 14:43:11.229435 11326 solver.cpp:219] Iteration 8400 (7.39992 iter/s, 81.082s/600 iters), loss = 0.000872403
I0402 14:43:11.229501 11326 solver.cpp:238]     Train net output #0: accuracy = 1
I0402 14:43:11.229535 11326 solver.cpp:238]     Train net output #1: loss = 0.000872403 (* 1 = 0.000872403 loss)
I0402 14:43:11.229550 11326 sgd_solver.cpp:107] Iteration 8400, lr = 0.0632975
I0402 14:44:30.194597 11330 data_layer.cpp:73] Restarting data prefetching from start.
I0402 14:44:30.723893 11326 solver.cpp:331] Iteration 9000, Testing net (#0)
I0402 14:44:32.542726 11332 data_layer.cpp:73] Restarting data prefetching from start.
I0402 14:44:32.617781 11326 solver.cpp:398]     Test net output #0: accuracy = 0.986
I0402 14:44:32.617844 11326 solver.cpp:398]     Test net output #1: loss = 0.0638346 (* 1 = 0.0638346 loss)
I0402 14:44:32.657449 11326 solver.cpp:219] Iteration 9000 (7.36856 iter/s, 81.427s/600 iters), loss = 0.000685356
I0402 14:44:32.657516 11326 solver.cpp:238]     Train net output #0: accuracy = 1
I0402 14:44:32.657536 11326 solver.cpp:238]     Train net output #1: loss = 0.000685356 (* 1 = 0.000685356 loss)
I0402 14:44:32.657552 11326 sgd_solver.cpp:107] Iteration 9000, lr = 0.0617924
I0402 14:45:52.303748 11330 data_layer.cpp:73] Restarting data prefetching from start.
I0402 14:45:52.838794 11326 solver.cpp:331] Iteration 9600, Testing net (#0)
I0402 14:45:54.663131 11332 data_layer.cpp:73] Restarting data prefetching from start.
I0402 14:45:54.740792 11326 solver.cpp:398]     Test net output #0: accuracy = 0.9861
I0402 14:45:54.740855 11326 solver.cpp:398]     Test net output #1: loss = 0.0642896 (* 1 = 0.0642896 loss)
I0402 14:45:54.780239 11326 solver.cpp:219] Iteration 9600 (7.3062 iter/s, 82.122s/600 iters), loss = 0.000622813
I0402 14:45:54.780303 11326 solver.cpp:238]     Train net output #0: accuracy = 1
I0402 14:45:54.780321 11326 solver.cpp:238]     Train net output #1: loss = 0.000622813 (* 1 = 0.000622813 loss)
I0402 14:45:54.780334 11326 sgd_solver.cpp:107] Iteration 9600, lr = 0.0603682
I0402 14:47:14.747131 11330 data_layer.cpp:73] Restarting data prefetching from start.
I0402 14:47:15.285260 11326 solver.cpp:331] Iteration 10200, Testing net (#0)
I0402 14:47:17.101145 11332 data_layer.cpp:73] Restarting data prefetching from start.
I0402 14:47:17.179026 11326 solver.cpp:398]     Test net output #0: accuracy = 0.9862
I0402 14:47:17.179096 11326 solver.cpp:398]     Test net output #1: loss = 0.0648461 (* 1 = 0.0648461 loss)
I0402 14:47:17.218832 11326 solver.cpp:219] Iteration 10200 (7.2782 iter/s, 82.438s/600 iters), loss = 0.000506062
I0402 14:47:17.218897 11326 solver.cpp:238]     Train net output #0: accuracy = 1
I0402 14:47:17.218917 11326 solver.cpp:238]     Train net output #1: loss = 0.000506062 (* 1 = 0.000506062 loss)
I0402 14:47:17.218930 11326 sgd_solver.cpp:107] Iteration 10200, lr = 0.0590183
I0402 14:48:37.808396 11330 data_layer.cpp:73] Restarting data prefetching from start.
I0402 14:48:38.351317 11326 solver.cpp:331] Iteration 10800, Testing net (#0)
I0402 14:48:40.169407 11332 data_layer.cpp:73] Restarting data prefetching from start.
I0402 14:48:40.245095 11326 solver.cpp:398]     Test net output #0: accuracy = 0.9863
I0402 14:48:40.245159 11326 solver.cpp:398]     Test net output #1: loss = 0.0653302 (* 1 = 0.0653302 loss)
I0402 14:48:40.284441 11326 solver.cpp:219] Iteration 10800 (7.22326 iter/s, 83.065s/600 iters), loss = 0.00042826
I0402 14:48:40.284505 11326 solver.cpp:238]     Train net output #0: accuracy = 1
I0402 14:48:40.284523 11326 solver.cpp:238]     Train net output #1: loss = 0.00042826 (* 1 = 0.00042826 loss)
I0402 14:48:40.284538 11326 sgd_solver.cpp:107] Iteration 10800, lr = 0.0577368
I0402 14:50:01.559190 11330 data_layer.cpp:73] Restarting data prefetching from start.
I0402 14:50:02.107331 11326 solver.cpp:331] Iteration 11400, Testing net (#0)
I0402 14:50:03.946429 11332 data_layer.cpp:73] Restarting data prefetching from start.
I0402 14:50:04.021699 11326 solver.cpp:398]     Test net output #0: accuracy = 0.9863
I0402 14:50:04.021764 11326 solver.cpp:398]     Test net output #1: loss = 0.0658149 (* 1 = 0.0658149 loss)
I0402 14:50:04.061143 11326 solver.cpp:219] Iteration 11400 (7.16196 iter/s, 83.776s/600 iters), loss = 0.000380918
I0402 14:50:04.061218 11326 solver.cpp:238]     Train net output #0: accuracy = 1
I0402 14:50:04.061238 11326 solver.cpp:238]     Train net output #1: loss = 0.000380918 (* 1 = 0.000380918 loss)
I0402 14:50:04.061251 11326 sgd_solver.cpp:107] Iteration 11400, lr = 0.0565184
I0402 14:51:26.020474 11330 data_layer.cpp:73] Restarting data prefetching from start.
I0402 14:51:26.573499 11326 solver.cpp:331] Iteration 12000, Testing net (#0)
I0402 14:51:28.390270 11332 data_layer.cpp:73] Restarting data prefetching from start.
I0402 14:51:28.465286 11326 solver.cpp:398]     Test net output #0: accuracy = 0.9861
I0402 14:51:28.465348 11326 solver.cpp:398]     Test net output #1: loss = 0.0663469 (* 1 = 0.0663469 loss)
I0402 14:51:28.504639 11326 solver.cpp:219] Iteration 12000 (7.10538 iter/s, 84.443s/600 iters), loss = 0.000335624
I0402 14:51:28.504703 11326 solver.cpp:238]     Train net output #0: accuracy = 1
I0402 14:51:28.504721 11326 solver.cpp:238]     Train net output #1: loss = 0.000335624 (* 1 = 0.000335624 loss)
I0402 14:51:28.504734 11326 sgd_solver.cpp:107] Iteration 12000, lr = 0.0553583
I0402 14:52:51.025542 11330 data_layer.cpp:73] Restarting data prefetching from start.
I0402 14:52:51.582942 11326 solver.cpp:331] Iteration 12600, Testing net (#0)
I0402 14:52:53.399773 11332 data_layer.cpp:73] Restarting data prefetching from start.
I0402 14:52:53.474479 11326 solver.cpp:398]     Test net output #0: accuracy = 0.986
I0402 14:52:53.474545 11326 solver.cpp:398]     Test net output #1: loss = 0.0668075 (* 1 = 0.0668075 loss)
I0402 14:52:53.513891 11326 solver.cpp:219] Iteration 12600 (7.05808 iter/s, 85.009s/600 iters), loss = 0.000309295
I0402 14:52:53.513953 11326 solver.cpp:238]     Train net output #0: accuracy = 1
I0402 14:52:53.513972 11326 solver.cpp:238]     Train net output #1: loss = 0.000309295 (* 1 = 0.000309295 loss)
I0402 14:52:53.513985 11326 sgd_solver.cpp:107] Iteration 12600, lr = 0.0542524
I0402 14:54:16.627964 11330 data_layer.cpp:73] Restarting data prefetching from start.
I0402 14:54:17.186777 11326 solver.cpp:331] Iteration 13200, Testing net (#0)
I0402 14:54:19.000623 11332 data_layer.cpp:73] Restarting data prefetching from start.
I0402 14:54:19.075412 11326 solver.cpp:398]     Test net output #0: accuracy = 0.9859
I0402 14:54:19.075474 11326 solver.cpp:398]     Test net output #1: loss = 0.0672001 (* 1 = 0.0672001 loss)
I0402 14:54:19.114828 11326 solver.cpp:219] Iteration 13200 (7.00935 iter/s, 85.6s/600 iters), loss = 0.000281858
I0402 14:54:19.114892 11326 solver.cpp:238]     Train net output #0: accuracy = 1
I0402 14:54:19.114909 11326 solver.cpp:238]     Train net output #1: loss = 0.000281858 (* 1 = 0.000281858 loss)
I0402 14:54:19.114923 11326 sgd_solver.cpp:107] Iteration 13200, lr = 0.0531966
I0402 14:55:42.641439 11330 data_layer.cpp:73] Restarting data prefetching from start.
I0402 14:55:43.208858 11326 solver.cpp:331] Iteration 13800, Testing net (#0)
I0402 14:55:45.019034 11332 data_layer.cpp:73] Restarting data prefetching from start.
I0402 14:55:45.094326 11326 solver.cpp:398]     Test net output #0: accuracy = 0.9858
I0402 14:55:45.094393 11326 solver.cpp:398]     Test net output #1: loss = 0.067598 (* 1 = 0.067598 loss)
I0402 14:55:45.133659 11326 solver.cpp:219] Iteration 13800 (6.97528 iter/s, 86.018s/600 iters), loss = 0.000262104
I0402 14:55:45.133718 11326 solver.cpp:238]     Train net output #0: accuracy = 1
I0402 14:55:45.133738 11326 solver.cpp:238]     Train net output #1: loss = 0.000262104 (* 1 = 0.000262104 loss)
I0402 14:55:45.133750 11326 sgd_solver.cpp:107] Iteration 13800, lr = 0.0521876
I0402 14:57:09.094175 11330 data_layer.cpp:73] Restarting data prefetching from start.
I0402 14:57:09.657357 11326 solver.cpp:331] Iteration 14400, Testing net (#0)
I0402 14:57:11.472894 11332 data_layer.cpp:73] Restarting data prefetching from start.
I0402 14:57:11.547631 11326 solver.cpp:398]     Test net output #0: accuracy = 0.9858
I0402 14:57:11.547696 11326 solver.cpp:398]     Test net output #1: loss = 0.0679798 (* 1 = 0.0679798 loss)
I0402 14:57:11.586983 11326 solver.cpp:219] Iteration 14400 (6.94019 iter/s, 86.453s/600 iters), loss = 0.000248878
I0402 14:57:11.587046 11326 solver.cpp:238]     Train net output #0: accuracy = 1
I0402 14:57:11.587064 11326 solver.cpp:238]     Train net output #1: loss = 0.000248878 (* 1 = 0.000248878 loss)
I0402 14:57:11.587077 11326 sgd_solver.cpp:107] Iteration 14400, lr = 0.0512221
I0402 14:58:35.813985 11330 data_layer.cpp:73] Restarting data prefetching from start.
I0402 14:58:36.378274 11326 solver.cpp:331] Iteration 15000, Testing net (#0)
I0402 14:58:38.190912 11332 data_layer.cpp:73] Restarting data prefetching from start.
I0402 14:58:38.266095 11326 solver.cpp:398]     Test net output #0: accuracy = 0.9857
I0402 14:58:38.266170 11326 solver.cpp:398]     Test net output #1: loss = 0.068245 (* 1 = 0.068245 loss)
I0402 14:58:38.305423 11326 solver.cpp:219] Iteration 15000 (6.91898 iter/s, 86.718s/600 iters), loss = 0.000233428
I0402 14:58:38.305486 11326 solver.cpp:238]     Train net output #0: accuracy = 1
I0402 14:58:38.305505 11326 solver.cpp:238]     Train net output #1: loss = 0.000233428 (* 1 = 0.000233428 loss)
I0402 14:58:38.305518 11326 sgd_solver.cpp:107] Iteration 15000, lr = 0.0502973
I0402 15:00:02.625152 11330 data_layer.cpp:73] Restarting data prefetching from start.
I0402 15:00:03.191097 11326 solver.cpp:331] Iteration 15600, Testing net (#0)
I0402 15:00:05.006806 11332 data_layer.cpp:73] Restarting data prefetching from start.
I0402 15:00:05.081317 11326 solver.cpp:398]     Test net output #0: accuracy = 0.9857
I0402 15:00:05.081380 11326 solver.cpp:398]     Test net output #1: loss = 0.068536 (* 1 = 0.068536 loss)
I0402 15:00:05.120620 11326 solver.cpp:219] Iteration 15600 (6.91125 iter/s, 86.815s/600 iters), loss = 0.000225035
I0402 15:00:05.120687 11326 solver.cpp:238]     Train net output #0: accuracy = 1
I0402 15:00:05.120708 11326 solver.cpp:238]     Train net output #1: loss = 0.000225035 (* 1 = 0.000225035 loss)
I0402 15:00:05.120723 11326 sgd_solver.cpp:107] Iteration 15600, lr = 0.0494106
I0402 15:01:29.417559 11330 data_layer.cpp:73] Restarting data prefetching from start.
I0402 15:01:29.982815 11326 solver.cpp:331] Iteration 16200, Testing net (#0)
I0402 15:01:31.795449 11332 data_layer.cpp:73] Restarting data prefetching from start.
I0402 15:01:31.870206 11326 solver.cpp:398]     Test net output #0: accuracy = 0.9857
I0402 15:01:31.870271 11326 solver.cpp:398]     Test net output #1: loss = 0.0688898 (* 1 = 0.0688898 loss)
I0402 15:01:31.909451 11326 solver.cpp:219] Iteration 16200 (6.9134 iter/s, 86.788s/600 iters), loss = 0.000209817
I0402 15:01:31.909515 11326 solver.cpp:238]     Train net output #0: accuracy = 1
I0402 15:01:31.909535 11326 solver.cpp:238]     Train net output #1: loss = 0.000209817 (* 1 = 0.000209817 loss)
I0402 15:01:31.909549 11326 sgd_solver.cpp:107] Iteration 16200, lr = 0.0485595
I0402 15:02:56.385763 11330 data_layer.cpp:73] Restarting data prefetching from start.
I0402 15:02:56.954277 11326 solver.cpp:331] Iteration 16800, Testing net (#0)
I0402 15:02:58.777561 11332 data_layer.cpp:73] Restarting data prefetching from start.
I0402 15:02:58.852188 11326 solver.cpp:398]     Test net output #0: accuracy = 0.9856
I0402 15:02:58.852253 11326 solver.cpp:398]     Test net output #1: loss = 0.0691739 (* 1 = 0.0691739 loss)
I0402 15:02:58.891544 11326 solver.cpp:219] Iteration 16800 (6.89798 iter/s, 86.982s/600 iters), loss = 0.000197362
I0402 15:02:58.891607 11326 solver.cpp:238]     Train net output #0: accuracy = 1
I0402 15:02:58.891625 11326 solver.cpp:238]     Train net output #1: loss = 0.000197362 (* 1 = 0.000197362 loss)
I0402 15:02:58.891639 11326 sgd_solver.cpp:107] Iteration 16800, lr = 0.0477418
I0402 15:04:23.690626 11330 data_layer.cpp:73] Restarting data prefetching from start.
I0402 15:04:24.257346 11326 solver.cpp:331] Iteration 17400, Testing net (#0)
I0402 15:04:26.075856 11332 data_layer.cpp:73] Restarting data prefetching from start.
I0402 15:04:26.150432 11326 solver.cpp:398]     Test net output #0: accuracy = 0.9857
I0402 15:04:26.150512 11326 solver.cpp:398]     Test net output #1: loss = 0.069527 (* 1 = 0.069527 loss)
I0402 15:04:26.193019 11326 solver.cpp:219] Iteration 17400 (6.87277 iter/s, 87.301s/600 iters), loss = 0.000190007
I0402 15:04:26.193096 11326 solver.cpp:238]     Train net output #0: accuracy = 1
I0402 15:04:26.193117 11326 solver.cpp:238]     Train net output #1: loss = 0.000190007 (* 1 = 0.000190007 loss)
I0402 15:04:26.193132 11326 sgd_solver.cpp:107] Iteration 17400, lr = 0.0469556
I0402 15:05:50.632997 11330 data_layer.cpp:73] Restarting data prefetching from start.
I0402 15:05:51.198878 11326 solver.cpp:448] Snapshotting to binary proto file _iter_18000.caffemodel
I0402 15:05:51.245602 11326 sgd_solver.cpp:287] Snapshotting solver state to binary proto file _iter_18000.solverstate
I0402 15:05:51.292183 11326 solver.cpp:311] Iteration 18000, loss = 0.000180609
I0402 15:05:51.292234 11326 solver.cpp:331] Iteration 18000, Testing net (#0)
I0402 15:05:53.114168 11332 data_layer.cpp:73] Restarting data prefetching from start.
I0402 15:05:53.192008 11326 solver.cpp:398]     Test net output #0: accuracy = 0.9857
I0402 15:05:53.192075 11326 solver.cpp:398]     Test net output #1: loss = 0.0697345 (* 1 = 0.0697345 loss)
I0402 15:05:53.192088 11326 solver.cpp:316] Optimization Done.
I0402 15:05:53.192097 11326 caffe_double.cpp:259] Optimization Done.
