I0402 20:38:20.703821  1151 caffe_double.cpp:211] Use CPU.
I0402 20:38:20.704380  1151 solver.cpp:44] Initializing solver from parameters: 
test_iter: 100
test_interval: 600
base_lr: 0.1
display: 600
max_iter: 18000
lr_policy: "inv"
gamma: 0.0001
power: 0.75
momentum: 0.9
solver_mode: CPU
net_param {
  name: "LeNet"
  layer {
    name: "mnist"
    type: "Data"
    top: "data"
    top: "label"
    include {
      phase: TRAIN
    }
    transform_param {
      scale: 0.00390625
    }
    data_param {
      source: "data/mnist_train_lmdb"
      batch_size: 100
      backend: LMDB
    }
  }
  layer {
    name: "mnist"
    type: "Data"
    top: "data"
    top: "label"
    include {
      phase: TEST
    }
    transform_param {
      scale: 0.00390625
    }
    data_param {
      source: "data/mnist_test_lmdb"
      batch_size: 100
      backend: LMDB
    }
  }
  layer {
    name: "ip1"
    type: "InnerProduct"
    bottom: "data"
    top: "ip1"
    inner_product_param {
      num_output: 1000
      weight_filler {
        type: "gaussian"
        mean: 0
        std: 0.01
      }
    }
    bias_param {
      filler {
        value: 0
      }
    }
    fixed_precision: true
    precision {
      enter: 1
      fraccio: 15
      rounding: "nearest"
    }
  }
  layer {
    name: "relu1"
    type: "ReLU"
    bottom: "ip1"
    top: "ip1"
    fixed_precision: true
    precision {
      enter: 1
      fraccio: 15
      rounding: "nearest"
    }
  }
  layer {
    name: "ip2"
    type: "InnerProduct"
    bottom: "ip1"
    top: "ip2"
    inner_product_param {
      num_output: 1000
      weight_filler {
        type: "gaussian"
        mean: 0
        std: 0.01
      }
    }
    bias_param {
      filler {
        value: 0
      }
    }
    fixed_precision: true
    precision {
      enter: 1
      fraccio: 15
      rounding: "nearest"
    }
  }
  layer {
    name: "relu2"
    type: "ReLU"
    bottom: "ip2"
    top: "ip2"
    bias_param {
      filler {
        value: 0
      }
    }
    fixed_precision: true
    precision {
      enter: 1
      fraccio: 15
      rounding: "nearest"
    }
  }
  layer {
    name: "ip3"
    type: "InnerProduct"
    bottom: "ip2"
    top: "ip3"
    inner_product_param {
      num_output: 10
      weight_filler {
        type: "gaussian"
        mean: 0
        std: 0.01
      }
    }
    bias_param {
      filler {
        value: 0
      }
    }
    fixed_precision: true
    precision {
      enter: 1
      fraccio: 15
      rounding: "nearest"
    }
  }
  layer {
    name: "accuracy"
    type: "Accuracy"
    bottom: "ip3"
    bottom: "label"
    top: "accuracy"
  }
  layer {
    name: "loss"
    type: "SoftmaxWithLoss"
    bottom: "ip3"
    bottom: "label"
    top: "loss"
    fixed_precision: true
    precision {
      enter: 1
      fraccio: 15
      rounding: "nearest"
    }
  }
}
train_state {
  level: 0
  stage: ""
}
fixed_precision: true
precision {
  enter: 1
  fraccio: 15
  rounding: "nearest"
}
I0402 20:38:20.704440  1151 solver.cpp:82] Creating training net specified in net_param.
I0402 20:38:20.704500  1151 net.cpp:294] The NetState phase (0) differed from the phase (1) specified by a rule in layer mnist
I0402 20:38:20.704674  1151 net.cpp:51] Initializing net from parameters: 
name: "LeNet"
state {
  phase: TRAIN
  level: 0
  stage: ""
}
layer {
  name: "mnist"
  type: "Data"
  top: "data"
  top: "label"
  include {
    phase: TRAIN
  }
  transform_param {
    scale: 0.00390625
  }
  data_param {
    source: "data/mnist_train_lmdb"
    batch_size: 100
    backend: LMDB
  }
}
layer {
  name: "ip1"
  type: "InnerProduct"
  bottom: "data"
  top: "ip1"
  inner_product_param {
    num_output: 1000
    weight_filler {
      type: "gaussian"
      mean: 0
      std: 0.01
    }
  }
  bias_param {
    filler {
      value: 0
    }
  }
  fixed_precision: true
  precision {
    enter: 1
    fraccio: 15
    rounding: "nearest"
  }
}
layer {
  name: "relu1"
  type: "ReLU"
  bottom: "ip1"
  top: "ip1"
  fixed_precision: true
  precision {
    enter: 1
    fraccio: 15
    rounding: "nearest"
  }
}
layer {
  name: "ip2"
  type: "InnerProduct"
  bottom: "ip1"
  top: "ip2"
  inner_product_param {
    num_output: 1000
    weight_filler {
      type: "gaussian"
      mean: 0
      std: 0.01
    }
  }
  bias_param {
    filler {
      value: 0
    }
  }
  fixed_precision: true
  precision {
    enter: 1
    fraccio: 15
    rounding: "nearest"
  }
}
layer {
  name: "relu2"
  type: "ReLU"
  bottom: "ip2"
  top: "ip2"
  bias_param {
    filler {
      value: 0
    }
  }
  fixed_precision: true
  precision {
    enter: 1
    fraccio: 15
    rounding: "nearest"
  }
}
layer {
  name: "ip3"
  type: "InnerProduct"
  bottom: "ip2"
  top: "ip3"
  inner_product_param {
    num_output: 10
    weight_filler {
      type: "gaussian"
      mean: 0
      std: 0.01
    }
  }
  bias_param {
    filler {
      value: 0
    }
  }
  fixed_precision: true
  precision {
    enter: 1
    fraccio: 15
    rounding: "nearest"
  }
}
layer {
  name: "accuracy"
  type: "Accuracy"
  bottom: "ip3"
  bottom: "label"
  top: "accuracy"
}
layer {
  name: "loss"
  type: "SoftmaxWithLoss"
  bottom: "ip3"
  bottom: "label"
  top: "loss"
  fixed_precision: true
  precision {
    enter: 1
    fraccio: 15
    rounding: "nearest"
  }
}
I0402 20:38:20.704802  1151 layer_factory.hpp:77] Creating layer mnist
I0402 20:38:20.704921  1151 db_lmdb.cpp:35] Opened lmdb data/mnist_train_lmdb
I0402 20:38:20.704952  1151 net.cpp:84] Creating Layer mnist
I0402 20:38:20.704963  1151 net.cpp:380] mnist -> data
I0402 20:38:20.704993  1151 net.cpp:380] mnist -> label
I0402 20:38:20.705082  1151 data_layer.cpp:45] output data size: 100,1,28,28
I0402 20:38:20.706919  1151 net.cpp:122] Setting up mnist
I0402 20:38:20.706948  1151 net.cpp:129] Top shape: 100 1 28 28 (78400)
I0402 20:38:20.706957  1151 net.cpp:129] Top shape: 100 (100)
I0402 20:38:20.706965  1151 net.cpp:137] Memory required for data: 628000
I0402 20:38:20.706977  1151 layer_factory.hpp:77] Creating layer label_mnist_1_split
I0402 20:38:20.706995  1151 net.cpp:84] Creating Layer label_mnist_1_split
I0402 20:38:20.707005  1151 net.cpp:406] label_mnist_1_split <- label
I0402 20:38:20.707020  1151 net.cpp:380] label_mnist_1_split -> label_mnist_1_split_0
I0402 20:38:20.707034  1151 net.cpp:380] label_mnist_1_split -> label_mnist_1_split_1
I0402 20:38:20.707047  1151 net.cpp:122] Setting up label_mnist_1_split
I0402 20:38:20.707057  1151 net.cpp:129] Top shape: 100 (100)
I0402 20:38:20.707067  1151 net.cpp:129] Top shape: 100 (100)
I0402 20:38:20.707073  1151 net.cpp:137] Memory required for data: 629600
I0402 20:38:20.707080  1151 layer_factory.hpp:77] Creating layer ip1
I0402 20:38:20.707098  1151 net.cpp:84] Creating Layer ip1
I0402 20:38:20.707105  1151 net.cpp:406] ip1 <- data
I0402 20:38:20.707116  1151 net.cpp:380] ip1 -> ip1
I0402 20:38:20.805431  1151 net.cpp:122] Setting up ip1
I0402 20:38:20.805472  1151 net.cpp:129] Top shape: 100 1000 (100000)
I0402 20:38:20.805480  1151 net.cpp:137] Memory required for data: 1429600
I0402 20:38:20.805503  1151 layer_factory.hpp:77] Creating layer relu1
I0402 20:38:20.805519  1151 net.cpp:84] Creating Layer relu1
I0402 20:38:20.805531  1151 net.cpp:406] relu1 <- ip1
I0402 20:38:20.805542  1151 net.cpp:367] relu1 -> ip1 (in-place)
I0402 20:38:20.805564  1151 net.cpp:122] Setting up relu1
I0402 20:38:20.805573  1151 net.cpp:129] Top shape: 100 1000 (100000)
I0402 20:38:20.805580  1151 net.cpp:137] Memory required for data: 2229600
I0402 20:38:20.805588  1151 layer_factory.hpp:77] Creating layer ip2
I0402 20:38:20.805603  1151 net.cpp:84] Creating Layer ip2
I0402 20:38:20.805613  1151 net.cpp:406] ip2 <- ip1
I0402 20:38:20.805624  1151 net.cpp:380] ip2 -> ip2
I0402 20:38:20.891652  1151 net.cpp:122] Setting up ip2
I0402 20:38:20.891695  1151 net.cpp:129] Top shape: 100 1000 (100000)
I0402 20:38:20.891703  1151 net.cpp:137] Memory required for data: 3029600
I0402 20:38:20.891722  1151 layer_factory.hpp:77] Creating layer relu2
I0402 20:38:20.891739  1151 net.cpp:84] Creating Layer relu2
I0402 20:38:20.891751  1151 net.cpp:406] relu2 <- ip2
I0402 20:38:20.891764  1151 net.cpp:367] relu2 -> ip2 (in-place)
I0402 20:38:20.891789  1151 net.cpp:122] Setting up relu2
I0402 20:38:20.891810  1151 net.cpp:129] Top shape: 100 1000 (100000)
I0402 20:38:20.891819  1151 net.cpp:137] Memory required for data: 3829600
I0402 20:38:20.891825  1151 layer_factory.hpp:77] Creating layer ip3
I0402 20:38:20.891839  1151 net.cpp:84] Creating Layer ip3
I0402 20:38:20.891846  1151 net.cpp:406] ip3 <- ip2
I0402 20:38:20.891857  1151 net.cpp:380] ip3 -> ip3
I0402 20:38:20.892740  1151 net.cpp:122] Setting up ip3
I0402 20:38:20.892752  1151 net.cpp:129] Top shape: 100 10 (1000)
I0402 20:38:20.892760  1151 net.cpp:137] Memory required for data: 3837600
I0402 20:38:20.892773  1151 layer_factory.hpp:77] Creating layer ip3_ip3_0_split
I0402 20:38:20.892784  1151 net.cpp:84] Creating Layer ip3_ip3_0_split
I0402 20:38:20.892791  1151 net.cpp:406] ip3_ip3_0_split <- ip3
I0402 20:38:20.892802  1151 net.cpp:380] ip3_ip3_0_split -> ip3_ip3_0_split_0
I0402 20:38:20.892813  1151 net.cpp:380] ip3_ip3_0_split -> ip3_ip3_0_split_1
I0402 20:38:20.892828  1151 net.cpp:122] Setting up ip3_ip3_0_split
I0402 20:38:20.892838  1151 net.cpp:129] Top shape: 100 10 (1000)
I0402 20:38:20.892848  1151 net.cpp:129] Top shape: 100 10 (1000)
I0402 20:38:20.892854  1151 net.cpp:137] Memory required for data: 3853600
I0402 20:38:20.892861  1151 layer_factory.hpp:77] Creating layer accuracy
I0402 20:38:20.892874  1151 net.cpp:84] Creating Layer accuracy
I0402 20:38:20.892880  1151 net.cpp:406] accuracy <- ip3_ip3_0_split_0
I0402 20:38:20.892889  1151 net.cpp:406] accuracy <- label_mnist_1_split_0
I0402 20:38:20.892902  1151 net.cpp:380] accuracy -> accuracy
I0402 20:38:20.892915  1151 net.cpp:122] Setting up accuracy
I0402 20:38:20.892925  1151 net.cpp:129] Top shape: (1)
I0402 20:38:20.892933  1151 net.cpp:137] Memory required for data: 3853608
I0402 20:38:20.892940  1151 layer_factory.hpp:77] Creating layer loss
I0402 20:38:20.892956  1151 net.cpp:84] Creating Layer loss
I0402 20:38:20.892972  1151 net.cpp:406] loss <- ip3_ip3_0_split_1
I0402 20:38:20.892982  1151 net.cpp:406] loss <- label_mnist_1_split_1
I0402 20:38:20.892992  1151 net.cpp:380] loss -> loss
I0402 20:38:20.893013  1151 layer_factory.hpp:77] Creating layer loss
I0402 20:38:20.893048  1151 net.cpp:122] Setting up loss
I0402 20:38:20.893059  1151 net.cpp:129] Top shape: (1)
I0402 20:38:20.893065  1151 net.cpp:132]     with loss weight 1
I0402 20:38:20.893091  1151 net.cpp:137] Memory required for data: 3853616
I0402 20:38:20.893100  1151 net.cpp:198] loss needs backward computation.
I0402 20:38:20.893107  1151 net.cpp:200] accuracy does not need backward computation.
I0402 20:38:20.893116  1151 net.cpp:198] ip3_ip3_0_split needs backward computation.
I0402 20:38:20.893126  1151 net.cpp:198] ip3 needs backward computation.
I0402 20:38:20.893134  1151 net.cpp:198] relu2 needs backward computation.
I0402 20:38:20.893142  1151 net.cpp:198] ip2 needs backward computation.
I0402 20:38:20.893151  1151 net.cpp:198] relu1 needs backward computation.
I0402 20:38:20.893158  1151 net.cpp:198] ip1 needs backward computation.
I0402 20:38:20.893167  1151 net.cpp:200] label_mnist_1_split does not need backward computation.
I0402 20:38:20.893177  1151 net.cpp:200] mnist does not need backward computation.
I0402 20:38:20.893184  1151 net.cpp:242] This network produces output accuracy
I0402 20:38:20.893193  1151 net.cpp:242] This network produces output loss
I0402 20:38:20.893208  1151 net.cpp:255] Network initialization done.
I0402 20:38:20.893270  1151 solver.cpp:173] Creating test net (#0) specified by net_param
I0402 20:38:20.893297  1151 net.cpp:294] The NetState phase (1) differed from the phase (0) specified by a rule in layer mnist
I0402 20:38:20.893421  1151 net.cpp:51] Initializing net from parameters: 
name: "LeNet"
state {
  phase: TEST
}
layer {
  name: "mnist"
  type: "Data"
  top: "data"
  top: "label"
  include {
    phase: TEST
  }
  transform_param {
    scale: 0.00390625
  }
  data_param {
    source: "data/mnist_test_lmdb"
    batch_size: 100
    backend: LMDB
  }
}
layer {
  name: "ip1"
  type: "InnerProduct"
  bottom: "data"
  top: "ip1"
  inner_product_param {
    num_output: 1000
    weight_filler {
      type: "gaussian"
      mean: 0
      std: 0.01
    }
  }
  bias_param {
    filler {
      value: 0
    }
  }
  fixed_precision: true
  precision {
    enter: 1
    fraccio: 15
    rounding: "nearest"
  }
}
layer {
  name: "relu1"
  type: "ReLU"
  bottom: "ip1"
  top: "ip1"
  fixed_precision: true
  precision {
    enter: 1
    fraccio: 15
    rounding: "nearest"
  }
}
layer {
  name: "ip2"
  type: "InnerProduct"
  bottom: "ip1"
  top: "ip2"
  inner_product_param {
    num_output: 1000
    weight_filler {
      type: "gaussian"
      mean: 0
      std: 0.01
    }
  }
  bias_param {
    filler {
      value: 0
    }
  }
  fixed_precision: true
  precision {
    enter: 1
    fraccio: 15
    rounding: "nearest"
  }
}
layer {
  name: "relu2"
  type: "ReLU"
  bottom: "ip2"
  top: "ip2"
  bias_param {
    filler {
      value: 0
    }
  }
  fixed_precision: true
  precision {
    enter: 1
    fraccio: 15
    rounding: "nearest"
  }
}
layer {
  name: "ip3"
  type: "InnerProduct"
  bottom: "ip2"
  top: "ip3"
  inner_product_param {
    num_output: 10
    weight_filler {
      type: "gaussian"
      mean: 0
      std: 0.01
    }
  }
  bias_param {
    filler {
      value: 0
    }
  }
  fixed_precision: true
  precision {
    enter: 1
    fraccio: 15
    rounding: "nearest"
  }
}
layer {
  name: "accuracy"
  type: "Accuracy"
  bottom: "ip3"
  bottom: "label"
  top: "accuracy"
}
layer {
  name: "loss"
  type: "SoftmaxWithLoss"
  bottom: "ip3"
  bottom: "label"
  top: "loss"
  fixed_precision: true
  precision {
    enter: 1
    fraccio: 15
    rounding: "nearest"
  }
}
I0402 20:38:20.893492  1151 layer_factory.hpp:77] Creating layer mnist
I0402 20:38:20.893558  1151 db_lmdb.cpp:35] Opened lmdb data/mnist_test_lmdb
I0402 20:38:20.893579  1151 net.cpp:84] Creating Layer mnist
I0402 20:38:20.893589  1151 net.cpp:380] mnist -> data
I0402 20:38:20.893604  1151 net.cpp:380] mnist -> label
I0402 20:38:20.893625  1151 data_layer.cpp:45] output data size: 100,1,28,28
I0402 20:38:20.894553  1151 net.cpp:122] Setting up mnist
I0402 20:38:20.894572  1151 net.cpp:129] Top shape: 100 1 28 28 (78400)
I0402 20:38:20.894582  1151 net.cpp:129] Top shape: 100 (100)
I0402 20:38:20.894588  1151 net.cpp:137] Memory required for data: 628000
I0402 20:38:20.894596  1151 layer_factory.hpp:77] Creating layer label_mnist_1_split
I0402 20:38:20.894609  1151 net.cpp:84] Creating Layer label_mnist_1_split
I0402 20:38:20.894618  1151 net.cpp:406] label_mnist_1_split <- label
I0402 20:38:20.894630  1151 net.cpp:380] label_mnist_1_split -> label_mnist_1_split_0
I0402 20:38:20.894644  1151 net.cpp:380] label_mnist_1_split -> label_mnist_1_split_1
I0402 20:38:20.894657  1151 net.cpp:122] Setting up label_mnist_1_split
I0402 20:38:20.894670  1151 net.cpp:129] Top shape: 100 (100)
I0402 20:38:20.894680  1151 net.cpp:129] Top shape: 100 (100)
I0402 20:38:20.894686  1151 net.cpp:137] Memory required for data: 629600
I0402 20:38:20.894693  1151 layer_factory.hpp:77] Creating layer ip1
I0402 20:38:20.894707  1151 net.cpp:84] Creating Layer ip1
I0402 20:38:20.894714  1151 net.cpp:406] ip1 <- data
I0402 20:38:20.894724  1151 net.cpp:380] ip1 -> ip1
I0402 20:38:20.975615  1151 net.cpp:122] Setting up ip1
I0402 20:38:20.975670  1151 net.cpp:129] Top shape: 100 1000 (100000)
I0402 20:38:20.975680  1151 net.cpp:137] Memory required for data: 1429600
I0402 20:38:20.975702  1151 layer_factory.hpp:77] Creating layer relu1
I0402 20:38:20.975721  1151 net.cpp:84] Creating Layer relu1
I0402 20:38:20.975731  1151 net.cpp:406] relu1 <- ip1
I0402 20:38:20.975742  1151 net.cpp:367] relu1 -> ip1 (in-place)
I0402 20:38:20.975755  1151 net.cpp:122] Setting up relu1
I0402 20:38:20.975764  1151 net.cpp:129] Top shape: 100 1000 (100000)
I0402 20:38:20.975770  1151 net.cpp:137] Memory required for data: 2229600
I0402 20:38:20.975777  1151 layer_factory.hpp:77] Creating layer ip2
I0402 20:38:20.975793  1151 net.cpp:84] Creating Layer ip2
I0402 20:38:20.975800  1151 net.cpp:406] ip2 <- ip1
I0402 20:38:20.975821  1151 net.cpp:380] ip2 -> ip2
I0402 20:38:21.045198  1151 net.cpp:122] Setting up ip2
I0402 20:38:21.045249  1151 net.cpp:129] Top shape: 100 1000 (100000)
I0402 20:38:21.045255  1151 net.cpp:137] Memory required for data: 3029600
I0402 20:38:21.045272  1151 layer_factory.hpp:77] Creating layer relu2
I0402 20:38:21.045290  1151 net.cpp:84] Creating Layer relu2
I0402 20:38:21.045297  1151 net.cpp:406] relu2 <- ip2
I0402 20:38:21.045307  1151 net.cpp:367] relu2 -> ip2 (in-place)
I0402 20:38:21.045321  1151 net.cpp:122] Setting up relu2
I0402 20:38:21.045331  1151 net.cpp:129] Top shape: 100 1000 (100000)
I0402 20:38:21.045336  1151 net.cpp:137] Memory required for data: 3829600
I0402 20:38:21.045342  1151 layer_factory.hpp:77] Creating layer ip3
I0402 20:38:21.045353  1151 net.cpp:84] Creating Layer ip3
I0402 20:38:21.045359  1151 net.cpp:406] ip3 <- ip2
I0402 20:38:21.045367  1151 net.cpp:380] ip3 -> ip3
I0402 20:38:21.046116  1151 net.cpp:122] Setting up ip3
I0402 20:38:21.046133  1151 net.cpp:129] Top shape: 100 10 (1000)
I0402 20:38:21.046144  1151 net.cpp:137] Memory required for data: 3837600
I0402 20:38:21.046155  1151 layer_factory.hpp:77] Creating layer ip3_ip3_0_split
I0402 20:38:21.046167  1151 net.cpp:84] Creating Layer ip3_ip3_0_split
I0402 20:38:21.046175  1151 net.cpp:406] ip3_ip3_0_split <- ip3
I0402 20:38:21.046198  1151 net.cpp:380] ip3_ip3_0_split -> ip3_ip3_0_split_0
I0402 20:38:21.046211  1151 net.cpp:380] ip3_ip3_0_split -> ip3_ip3_0_split_1
I0402 20:38:21.046223  1151 net.cpp:122] Setting up ip3_ip3_0_split
I0402 20:38:21.046234  1151 net.cpp:129] Top shape: 100 10 (1000)
I0402 20:38:21.046243  1151 net.cpp:129] Top shape: 100 10 (1000)
I0402 20:38:21.046249  1151 net.cpp:137] Memory required for data: 3853600
I0402 20:38:21.046257  1151 layer_factory.hpp:77] Creating layer accuracy
I0402 20:38:21.046267  1151 net.cpp:84] Creating Layer accuracy
I0402 20:38:21.046273  1151 net.cpp:406] accuracy <- ip3_ip3_0_split_0
I0402 20:38:21.046280  1151 net.cpp:406] accuracy <- label_mnist_1_split_0
I0402 20:38:21.046288  1151 net.cpp:380] accuracy -> accuracy
I0402 20:38:21.046299  1151 net.cpp:122] Setting up accuracy
I0402 20:38:21.046308  1151 net.cpp:129] Top shape: (1)
I0402 20:38:21.046314  1151 net.cpp:137] Memory required for data: 3853608
I0402 20:38:21.046320  1151 layer_factory.hpp:77] Creating layer loss
I0402 20:38:21.046331  1151 net.cpp:84] Creating Layer loss
I0402 20:38:21.046339  1151 net.cpp:406] loss <- ip3_ip3_0_split_1
I0402 20:38:21.046345  1151 net.cpp:406] loss <- label_mnist_1_split_1
I0402 20:38:21.046353  1151 net.cpp:380] loss -> loss
I0402 20:38:21.046365  1151 layer_factory.hpp:77] Creating layer loss
I0402 20:38:21.046387  1151 net.cpp:122] Setting up loss
I0402 20:38:21.046396  1151 net.cpp:129] Top shape: (1)
I0402 20:38:21.046401  1151 net.cpp:132]     with loss weight 1
I0402 20:38:21.046414  1151 net.cpp:137] Memory required for data: 3853616
I0402 20:38:21.046421  1151 net.cpp:198] loss needs backward computation.
I0402 20:38:21.046427  1151 net.cpp:200] accuracy does not need backward computation.
I0402 20:38:21.046433  1151 net.cpp:198] ip3_ip3_0_split needs backward computation.
I0402 20:38:21.046439  1151 net.cpp:198] ip3 needs backward computation.
I0402 20:38:21.046445  1151 net.cpp:198] relu2 needs backward computation.
I0402 20:38:21.046452  1151 net.cpp:198] ip2 needs backward computation.
I0402 20:38:21.046458  1151 net.cpp:198] relu1 needs backward computation.
I0402 20:38:21.046463  1151 net.cpp:198] ip1 needs backward computation.
I0402 20:38:21.046469  1151 net.cpp:200] label_mnist_1_split does not need backward computation.
I0402 20:38:21.046476  1151 net.cpp:200] mnist does not need backward computation.
I0402 20:38:21.046483  1151 net.cpp:242] This network produces output accuracy
I0402 20:38:21.046489  1151 net.cpp:242] This network produces output loss
I0402 20:38:21.046504  1151 net.cpp:255] Network initialization done.
I0402 20:38:21.046545  1151 solver.cpp:56] Solver scaffolding done.
I0402 20:38:21.046568  1151 caffe_double.cpp:248] Starting Optimization
I0402 20:38:21.046578  1151 solver.cpp:273] Solving LeNet
I0402 20:38:21.046589  1151 solver.cpp:274] Learning Rate Policy: inv
I0402 20:38:21.049237  1151 solver.cpp:331] Iteration 0, Testing net (#0)
I0402 20:38:22.393664  1158 data_layer.cpp:73] Restarting data prefetching from start.
I0402 20:38:22.449062  1151 solver.cpp:398]     Test net output #0: accuracy = 0.0895
I0402 20:38:22.449126  1151 solver.cpp:398]     Test net output #1: loss = 2.30267 (* 1 = 2.30267 loss)
I0402 20:38:22.480931  1151 solver.cpp:219] Iteration 0 (-7.84727e-44 iter/s, 1.434s/600 iters), loss = 2.30289
I0402 20:38:22.480993  1151 solver.cpp:238]     Train net output #0: accuracy = 0.05
I0402 20:38:22.481011  1151 solver.cpp:238]     Train net output #1: loss = 2.30289 (* 1 = 2.30289 loss)
I0402 20:38:22.481034  1151 sgd_solver.cpp:107] Iteration 0, lr = 0.1
I0402 20:38:59.345444  1156 data_layer.cpp:73] Restarting data prefetching from start.
I0402 20:38:59.577625  1151 solver.cpp:331] Iteration 600, Testing net (#0)
I0402 20:39:00.902827  1158 data_layer.cpp:73] Restarting data prefetching from start.
I0402 20:39:00.956457  1151 solver.cpp:398]     Test net output #0: accuracy = 0.9369
I0402 20:39:00.956523  1151 solver.cpp:398]     Test net output #1: loss = 0.199177 (* 1 = 0.199177 loss)
I0402 20:39:00.985702  1151 solver.cpp:219] Iteration 600 (15.5828 iter/s, 38.504s/600 iters), loss = 0.146734
I0402 20:39:00.985765  1151 solver.cpp:238]     Train net output #0: accuracy = 0.95
I0402 20:39:00.985785  1151 solver.cpp:238]     Train net output #1: loss = 0.146734 (* 1 = 0.146734 loss)
I0402 20:39:00.985798  1151 sgd_solver.cpp:107] Iteration 600, lr = 0.0957239
I0402 20:39:36.357949  1156 data_layer.cpp:73] Restarting data prefetching from start.
I0402 20:39:36.584420  1151 solver.cpp:331] Iteration 1200, Testing net (#0)
I0402 20:39:37.865641  1158 data_layer.cpp:73] Restarting data prefetching from start.
I0402 20:39:37.917964  1151 solver.cpp:398]     Test net output #0: accuracy = 0.966
I0402 20:39:37.918030  1151 solver.cpp:398]     Test net output #1: loss = 0.113078 (* 1 = 0.113078 loss)
I0402 20:39:37.946933  1151 solver.cpp:219] Iteration 1200 (16.2333 iter/s, 36.961s/600 iters), loss = 0.0995796
I0402 20:39:37.947000  1151 solver.cpp:238]     Train net output #0: accuracy = 0.98
I0402 20:39:37.947018  1151 solver.cpp:238]     Train net output #1: loss = 0.0995796 (* 1 = 0.0995796 loss)
I0402 20:39:37.947032  1151 sgd_solver.cpp:107] Iteration 1200, lr = 0.0918516
I0402 20:40:12.687332  1156 data_layer.cpp:73] Restarting data prefetching from start.
I0402 20:40:12.910364  1151 solver.cpp:331] Iteration 1800, Testing net (#0)
I0402 20:40:14.222439  1158 data_layer.cpp:73] Restarting data prefetching from start.
I0402 20:40:14.276311  1151 solver.cpp:398]     Test net output #0: accuracy = 0.965
I0402 20:40:14.276377  1151 solver.cpp:398]     Test net output #1: loss = 0.121986 (* 1 = 0.121986 loss)
I0402 20:40:14.306687  1151 solver.cpp:219] Iteration 1800 (16.5021 iter/s, 36.359s/600 iters), loss = 0.0542637
I0402 20:40:14.306756  1151 solver.cpp:238]     Train net output #0: accuracy = 0.99
I0402 20:40:14.306774  1151 solver.cpp:238]     Train net output #1: loss = 0.0542637 (* 1 = 0.0542637 loss)
I0402 20:40:14.306788  1151 sgd_solver.cpp:107] Iteration 1800, lr = 0.088326
I0402 20:40:48.425390  1156 data_layer.cpp:73] Restarting data prefetching from start.
I0402 20:40:48.646986  1151 solver.cpp:331] Iteration 2400, Testing net (#0)
I0402 20:40:49.954126  1158 data_layer.cpp:73] Restarting data prefetching from start.
I0402 20:40:50.008195  1151 solver.cpp:398]     Test net output #0: accuracy = 0.9737
I0402 20:40:50.008260  1151 solver.cpp:398]     Test net output #1: loss = 0.0933247 (* 1 = 0.0933247 loss)
I0402 20:40:50.037211  1151 solver.cpp:219] Iteration 2400 (16.7926 iter/s, 35.73s/600 iters), loss = 0.0480362
I0402 20:40:50.037274  1151 solver.cpp:238]     Train net output #0: accuracy = 0.99
I0402 20:40:50.037293  1151 solver.cpp:238]     Train net output #1: loss = 0.0480362 (* 1 = 0.0480362 loss)
I0402 20:40:50.037320  1151 sgd_solver.cpp:107] Iteration 2400, lr = 0.0851008
I0402 20:41:23.852427  1156 data_layer.cpp:73] Restarting data prefetching from start.
I0402 20:41:24.071404  1151 solver.cpp:331] Iteration 3000, Testing net (#0)
I0402 20:41:25.383498  1158 data_layer.cpp:73] Restarting data prefetching from start.
I0402 20:41:25.437253  1151 solver.cpp:398]     Test net output #0: accuracy = 0.9772
I0402 20:41:25.437319  1151 solver.cpp:398]     Test net output #1: loss = 0.0848178 (* 1 = 0.0848178 loss)
I0402 20:41:25.466177  1151 solver.cpp:219] Iteration 3000 (16.9358 iter/s, 35.428s/600 iters), loss = 0.0275614
I0402 20:41:25.466241  1151 solver.cpp:238]     Train net output #0: accuracy = 0.99
I0402 20:41:25.466260  1151 solver.cpp:238]     Train net output #1: loss = 0.0275614 (* 1 = 0.0275614 loss)
I0402 20:41:25.466274  1151 sgd_solver.cpp:107] Iteration 3000, lr = 0.0821377
I0402 20:41:58.967494  1156 data_layer.cpp:73] Restarting data prefetching from start.
I0402 20:41:59.186763  1151 solver.cpp:331] Iteration 3600, Testing net (#0)
I0402 20:42:00.539993  1158 data_layer.cpp:73] Restarting data prefetching from start.
I0402 20:42:00.593796  1151 solver.cpp:398]     Test net output #0: accuracy = 0.9775
I0402 20:42:00.593863  1151 solver.cpp:398]     Test net output #1: loss = 0.0827943 (* 1 = 0.0827943 loss)
I0402 20:42:00.622771  1151 solver.cpp:219] Iteration 3600 (17.0668 iter/s, 35.156s/600 iters), loss = 0.0183448
I0402 20:42:00.622835  1151 solver.cpp:238]     Train net output #0: accuracy = 0.99
I0402 20:42:00.622854  1151 solver.cpp:238]     Train net output #1: loss = 0.0183448 (* 1 = 0.0183448 loss)
I0402 20:42:00.622869  1151 sgd_solver.cpp:107] Iteration 3600, lr = 0.0794046
I0402 20:42:33.744423  1156 data_layer.cpp:73] Restarting data prefetching from start.
I0402 20:42:33.961311  1151 solver.cpp:331] Iteration 4200, Testing net (#0)
I0402 20:42:35.272119  1158 data_layer.cpp:73] Restarting data prefetching from start.
I0402 20:42:35.325660  1151 solver.cpp:398]     Test net output #0: accuracy = 0.9778
I0402 20:42:35.325726  1151 solver.cpp:398]     Test net output #1: loss = 0.0795571 (* 1 = 0.0795571 loss)
I0402 20:42:35.354465  1151 solver.cpp:219] Iteration 4200 (17.2756 iter/s, 34.731s/600 iters), loss = 0.0180661
I0402 20:42:35.354528  1151 solver.cpp:238]     Train net output #0: accuracy = 0.99
I0402 20:42:35.354547  1151 solver.cpp:238]     Train net output #1: loss = 0.0180661 (* 1 = 0.0180661 loss)
I0402 20:42:35.354562  1151 sgd_solver.cpp:107] Iteration 4200, lr = 0.0768748
I0402 20:43:07.958498  1156 data_layer.cpp:73] Restarting data prefetching from start.
I0402 20:43:08.173494  1151 solver.cpp:331] Iteration 4800, Testing net (#0)
I0402 20:43:09.478433  1158 data_layer.cpp:73] Restarting data prefetching from start.
I0402 20:43:09.532174  1151 solver.cpp:398]     Test net output #0: accuracy = 0.9827
I0402 20:43:09.532238  1151 solver.cpp:398]     Test net output #1: loss = 0.0668506 (* 1 = 0.0668506 loss)
I0402 20:43:09.561097  1151 solver.cpp:219] Iteration 4800 (17.5408 iter/s, 34.206s/600 iters), loss = 0.00615959
I0402 20:43:09.561161  1151 solver.cpp:238]     Train net output #0: accuracy = 1
I0402 20:43:09.561182  1151 solver.cpp:238]     Train net output #1: loss = 0.00615959 (* 1 = 0.00615959 loss)
I0402 20:43:09.561195  1151 sgd_solver.cpp:107] Iteration 4800, lr = 0.0745253
I0402 20:43:41.363116  1156 data_layer.cpp:73] Restarting data prefetching from start.
I0402 20:43:41.573181  1151 solver.cpp:331] Iteration 5400, Testing net (#0)
I0402 20:43:42.885730  1158 data_layer.cpp:73] Restarting data prefetching from start.
I0402 20:43:42.939411  1151 solver.cpp:398]     Test net output #0: accuracy = 0.9819
I0402 20:43:42.939476  1151 solver.cpp:398]     Test net output #1: loss = 0.0736201 (* 1 = 0.0736201 loss)
I0402 20:43:42.968268  1151 solver.cpp:219] Iteration 5400 (17.9603 iter/s, 33.407s/600 iters), loss = 0.0230473
I0402 20:43:42.968333  1151 solver.cpp:238]     Train net output #0: accuracy = 0.99
I0402 20:43:42.968353  1151 solver.cpp:238]     Train net output #1: loss = 0.0230473 (* 1 = 0.0230473 loss)
I0402 20:43:42.968381  1151 sgd_solver.cpp:107] Iteration 5400, lr = 0.0723368
I0402 20:44:14.506414  1156 data_layer.cpp:73] Restarting data prefetching from start.
I0402 20:44:14.718895  1151 solver.cpp:331] Iteration 6000, Testing net (#0)
I0402 20:44:16.028610  1158 data_layer.cpp:73] Restarting data prefetching from start.
I0402 20:44:16.082518  1151 solver.cpp:398]     Test net output #0: accuracy = 0.9847
I0402 20:44:16.082583  1151 solver.cpp:398]     Test net output #1: loss = 0.0682196 (* 1 = 0.0682196 loss)
I0402 20:44:16.111282  1151 solver.cpp:219] Iteration 6000 (18.1039 iter/s, 33.142s/600 iters), loss = 0.00904193
I0402 20:44:16.111347  1151 solver.cpp:238]     Train net output #0: accuracy = 0.99
I0402 20:44:16.111367  1151 solver.cpp:238]     Train net output #1: loss = 0.00904193 (* 1 = 0.00904193 loss)
I0402 20:44:16.111382  1151 sgd_solver.cpp:107] Iteration 6000, lr = 0.0702927
I0402 20:44:47.176035  1156 data_layer.cpp:73] Restarting data prefetching from start.
I0402 20:44:47.381892  1151 solver.cpp:331] Iteration 6600, Testing net (#0)
I0402 20:44:48.696530  1158 data_layer.cpp:73] Restarting data prefetching from start.
I0402 20:44:48.750371  1151 solver.cpp:398]     Test net output #0: accuracy = 0.9835
I0402 20:44:48.750437  1151 solver.cpp:398]     Test net output #1: loss = 0.072189 (* 1 = 0.072189 loss)
I0402 20:44:48.779191  1151 solver.cpp:219] Iteration 6600 (18.3672 iter/s, 32.667s/600 iters), loss = 0.0012187
I0402 20:44:48.779255  1151 solver.cpp:238]     Train net output #0: accuracy = 1
I0402 20:44:48.779274  1151 solver.cpp:238]     Train net output #1: loss = 0.0012187 (* 1 = 0.0012187 loss)
I0402 20:44:48.779289  1151 sgd_solver.cpp:107] Iteration 6600, lr = 0.0683784
I0402 20:45:22.911525  1156 data_layer.cpp:73] Restarting data prefetching from start.
I0402 20:45:23.147692  1151 solver.cpp:331] Iteration 7200, Testing net (#0)
I0402 20:45:24.459151  1158 data_layer.cpp:73] Restarting data prefetching from start.
I0402 20:45:24.513017  1151 solver.cpp:398]     Test net output #0: accuracy = 0.9835
I0402 20:45:24.513088  1151 solver.cpp:398]     Test net output #1: loss = 0.0760506 (* 1 = 0.0760506 loss)
I0402 20:45:24.541841  1151 solver.cpp:219] Iteration 7200 (16.7776 iter/s, 35.762s/600 iters), loss = 0.00202032
I0402 20:45:24.541904  1151 solver.cpp:238]     Train net output #0: accuracy = 1
I0402 20:45:24.541923  1151 solver.cpp:238]     Train net output #1: loss = 0.00202032 (* 1 = 0.00202032 loss)
I0402 20:45:24.541936  1151 sgd_solver.cpp:107] Iteration 7200, lr = 0.0665815
I0402 20:46:00.283591  1156 data_layer.cpp:73] Restarting data prefetching from start.
I0402 20:46:00.523310  1151 solver.cpp:331] Iteration 7800, Testing net (#0)
I0402 20:46:01.849700  1158 data_layer.cpp:73] Restarting data prefetching from start.
I0402 20:46:01.903892  1151 solver.cpp:398]     Test net output #0: accuracy = 0.985
I0402 20:46:01.903955  1151 solver.cpp:398]     Test net output #1: loss = 0.0670998 (* 1 = 0.0670998 loss)
I0402 20:46:01.932631  1151 solver.cpp:219] Iteration 7800 (16.0471 iter/s, 37.39s/600 iters), loss = 0.00100702
I0402 20:46:01.932698  1151 solver.cpp:238]     Train net output #0: accuracy = 1
I0402 20:46:01.932716  1151 solver.cpp:238]     Train net output #1: loss = 0.00100702 (* 1 = 0.00100702 loss)
I0402 20:46:01.932730  1151 sgd_solver.cpp:107] Iteration 7800, lr = 0.0648911
I0402 20:46:38.772039  1156 data_layer.cpp:73] Restarting data prefetching from start.
I0402 20:46:39.018640  1151 solver.cpp:331] Iteration 8400, Testing net (#0)
I0402 20:46:40.335067  1158 data_layer.cpp:73] Restarting data prefetching from start.
I0402 20:46:40.388972  1151 solver.cpp:398]     Test net output #0: accuracy = 0.9846
I0402 20:46:40.389042  1151 solver.cpp:398]     Test net output #1: loss = 0.0678047 (* 1 = 0.0678047 loss)
I0402 20:46:40.417901  1151 solver.cpp:219] Iteration 8400 (15.5905 iter/s, 38.485s/600 iters), loss = 0.000996043
I0402 20:46:40.417965  1151 solver.cpp:238]     Train net output #0: accuracy = 1
I0402 20:46:40.417999  1151 solver.cpp:238]     Train net output #1: loss = 0.000996043 (* 1 = 0.000996043 loss)
I0402 20:46:40.418012  1151 sgd_solver.cpp:107] Iteration 8400, lr = 0.0632975
I0402 20:47:17.972780  1156 data_layer.cpp:73] Restarting data prefetching from start.
I0402 20:47:18.227694  1151 solver.cpp:331] Iteration 9000, Testing net (#0)
I0402 20:47:19.532837  1158 data_layer.cpp:73] Restarting data prefetching from start.
I0402 20:47:19.586680  1151 solver.cpp:398]     Test net output #0: accuracy = 0.9845
I0402 20:47:19.586745  1151 solver.cpp:398]     Test net output #1: loss = 0.0688744 (* 1 = 0.0688744 loss)
I0402 20:47:19.615463  1151 solver.cpp:219] Iteration 9000 (15.3073 iter/s, 39.197s/600 iters), loss = 0.00082716
I0402 20:47:19.615527  1151 solver.cpp:238]     Train net output #0: accuracy = 1
I0402 20:47:19.615545  1151 solver.cpp:238]     Train net output #1: loss = 0.00082716 (* 1 = 0.00082716 loss)
I0402 20:47:19.615559  1151 sgd_solver.cpp:107] Iteration 9000, lr = 0.0617924
I0402 20:47:57.966660  1156 data_layer.cpp:73] Restarting data prefetching from start.
I0402 20:47:58.231099  1151 solver.cpp:331] Iteration 9600, Testing net (#0)
I0402 20:47:59.542006  1158 data_layer.cpp:73] Restarting data prefetching from start.
I0402 20:47:59.596019  1151 solver.cpp:398]     Test net output #0: accuracy = 0.9847
I0402 20:47:59.596083  1151 solver.cpp:398]     Test net output #1: loss = 0.0693234 (* 1 = 0.0693234 loss)
I0402 20:47:59.695554  1151 solver.cpp:219] Iteration 9600 (14.9701 iter/s, 40.08s/600 iters), loss = 0.000719655
I0402 20:47:59.695616  1151 solver.cpp:238]     Train net output #0: accuracy = 1
I0402 20:47:59.695633  1151 solver.cpp:238]     Train net output #1: loss = 0.000719655 (* 1 = 0.000719655 loss)
I0402 20:47:59.695648  1151 sgd_solver.cpp:107] Iteration 9600, lr = 0.0603682
I0402 20:48:39.057082  1156 data_layer.cpp:73] Restarting data prefetching from start.
I0402 20:48:39.325546  1151 solver.cpp:331] Iteration 10200, Testing net (#0)
I0402 20:48:40.641417  1158 data_layer.cpp:73] Restarting data prefetching from start.
I0402 20:48:40.702584  1151 solver.cpp:398]     Test net output #0: accuracy = 0.9848
I0402 20:48:40.702652  1151 solver.cpp:398]     Test net output #1: loss = 0.0696239 (* 1 = 0.0696239 loss)
I0402 20:48:40.731529  1151 solver.cpp:219] Iteration 10200 (14.6217 iter/s, 41.035s/600 iters), loss = 0.000653493
I0402 20:48:40.731595  1151 solver.cpp:238]     Train net output #0: accuracy = 1
I0402 20:48:40.731613  1151 solver.cpp:238]     Train net output #1: loss = 0.000653493 (* 1 = 0.000653493 loss)
I0402 20:48:40.731626  1151 sgd_solver.cpp:107] Iteration 10200, lr = 0.0590183
I0402 20:49:21.235769  1156 data_layer.cpp:73] Restarting data prefetching from start.
I0402 20:49:21.508559  1151 solver.cpp:331] Iteration 10800, Testing net (#0)
I0402 20:49:22.825098  1158 data_layer.cpp:73] Restarting data prefetching from start.
I0402 20:49:22.879140  1151 solver.cpp:398]     Test net output #0: accuracy = 0.9848
I0402 20:49:22.879205  1151 solver.cpp:398]     Test net output #1: loss = 0.0698877 (* 1 = 0.0698877 loss)
I0402 20:49:22.908004  1151 solver.cpp:219] Iteration 10800 (14.2261 iter/s, 42.176s/600 iters), loss = 0.000606434
I0402 20:49:22.908069  1151 solver.cpp:238]     Train net output #0: accuracy = 1
I0402 20:49:22.908087  1151 solver.cpp:238]     Train net output #1: loss = 0.000606434 (* 1 = 0.000606434 loss)
I0402 20:49:22.908102  1151 sgd_solver.cpp:107] Iteration 10800, lr = 0.0577368
I0402 20:50:04.566781  1156 data_layer.cpp:73] Restarting data prefetching from start.
I0402 20:50:04.851637  1151 solver.cpp:331] Iteration 11400, Testing net (#0)
I0402 20:50:06.163174  1158 data_layer.cpp:73] Restarting data prefetching from start.
I0402 20:50:06.219950  1151 solver.cpp:398]     Test net output #0: accuracy = 0.9849
I0402 20:50:06.220018  1151 solver.cpp:398]     Test net output #1: loss = 0.0700703 (* 1 = 0.0700703 loss)
I0402 20:50:06.248836  1151 solver.cpp:219] Iteration 11400 (13.844 iter/s, 43.34s/600 iters), loss = 0.000575589
I0402 20:50:06.248919  1151 solver.cpp:238]     Train net output #0: accuracy = 1
I0402 20:50:06.248939  1151 solver.cpp:238]     Train net output #1: loss = 0.000575589 (* 1 = 0.000575589 loss)
I0402 20:50:06.248952  1151 sgd_solver.cpp:107] Iteration 11400, lr = 0.0565184
I0402 20:50:48.953398  1156 data_layer.cpp:73] Restarting data prefetching from start.
I0402 20:50:49.247972  1151 solver.cpp:331] Iteration 12000, Testing net (#0)
I0402 20:50:50.557061  1158 data_layer.cpp:73] Restarting data prefetching from start.
I0402 20:50:50.610941  1151 solver.cpp:398]     Test net output #0: accuracy = 0.9849
I0402 20:50:50.611004  1151 solver.cpp:398]     Test net output #1: loss = 0.0702398 (* 1 = 0.0702398 loss)
I0402 20:50:50.639757  1151 solver.cpp:219] Iteration 12000 (13.5166 iter/s, 44.39s/600 iters), loss = 0.000558249
I0402 20:50:50.639822  1151 solver.cpp:238]     Train net output #0: accuracy = 1
I0402 20:50:50.639839  1151 solver.cpp:238]     Train net output #1: loss = 0.000558249 (* 1 = 0.000558249 loss)
I0402 20:50:50.639853  1151 sgd_solver.cpp:107] Iteration 12000, lr = 0.0553583
I0402 20:51:34.618674  1156 data_layer.cpp:73] Restarting data prefetching from start.
I0402 20:51:34.918143  1151 solver.cpp:331] Iteration 12600, Testing net (#0)
I0402 20:51:36.231519  1158 data_layer.cpp:73] Restarting data prefetching from start.
I0402 20:51:36.285162  1151 solver.cpp:398]     Test net output #0: accuracy = 0.9849
I0402 20:51:36.285228  1151 solver.cpp:398]     Test net output #1: loss = 0.0703871 (* 1 = 0.0703871 loss)
I0402 20:51:36.313910  1151 solver.cpp:219] Iteration 12600 (13.1366 iter/s, 45.674s/600 iters), loss = 0.000540258
I0402 20:51:36.313974  1151 solver.cpp:238]     Train net output #0: accuracy = 1
I0402 20:51:36.313992  1151 solver.cpp:238]     Train net output #1: loss = 0.000540258 (* 1 = 0.000540258 loss)
I0402 20:51:36.314007  1151 sgd_solver.cpp:107] Iteration 12600, lr = 0.0542524
I0402 20:52:22.128545  1156 data_layer.cpp:73] Restarting data prefetching from start.
I0402 20:52:22.443826  1151 solver.cpp:331] Iteration 13200, Testing net (#0)
I0402 20:52:23.757637  1158 data_layer.cpp:73] Restarting data prefetching from start.
I0402 20:52:23.811292  1151 solver.cpp:398]     Test net output #0: accuracy = 0.9849
I0402 20:52:23.811355  1151 solver.cpp:398]     Test net output #1: loss = 0.0705336 (* 1 = 0.0705336 loss)
I0402 20:52:23.840168  1151 solver.cpp:219] Iteration 13200 (12.6247 iter/s, 47.526s/600 iters), loss = 0.000527954
I0402 20:52:23.840234  1151 solver.cpp:238]     Train net output #0: accuracy = 1
I0402 20:52:23.840252  1151 solver.cpp:238]     Train net output #1: loss = 0.000527954 (* 1 = 0.000527954 loss)
I0402 20:52:23.840266  1151 sgd_solver.cpp:107] Iteration 13200, lr = 0.0531966
I0402 20:53:12.166503  1156 data_layer.cpp:73] Restarting data prefetching from start.
I0402 20:53:12.497257  1151 solver.cpp:331] Iteration 13800, Testing net (#0)
I0402 20:53:13.808390  1158 data_layer.cpp:73] Restarting data prefetching from start.
I0402 20:53:13.862349  1151 solver.cpp:398]     Test net output #0: accuracy = 0.9848
I0402 20:53:13.862412  1151 solver.cpp:398]     Test net output #1: loss = 0.0706758 (* 1 = 0.0706758 loss)
I0402 20:53:13.891288  1151 solver.cpp:219] Iteration 13800 (11.9878 iter/s, 50.051s/600 iters), loss = 0.000518198
I0402 20:53:13.891355  1151 solver.cpp:238]     Train net output #0: accuracy = 1
I0402 20:53:13.891373  1151 solver.cpp:238]     Train net output #1: loss = 0.000518198 (* 1 = 0.000518198 loss)
I0402 20:53:13.891387  1151 sgd_solver.cpp:107] Iteration 13800, lr = 0.0521876
I0402 20:54:04.742434  1156 data_layer.cpp:73] Restarting data prefetching from start.
I0402 20:54:05.091635  1151 solver.cpp:331] Iteration 14400, Testing net (#0)
I0402 20:54:06.403417  1158 data_layer.cpp:73] Restarting data prefetching from start.
I0402 20:54:06.457265  1151 solver.cpp:398]     Test net output #0: accuracy = 0.9848
I0402 20:54:06.457331  1151 solver.cpp:398]     Test net output #1: loss = 0.0708059 (* 1 = 0.0708059 loss)
I0402 20:54:06.486187  1151 solver.cpp:219] Iteration 14400 (11.4081 iter/s, 52.594s/600 iters), loss = 0.000510299
I0402 20:54:06.486266  1151 solver.cpp:238]     Train net output #0: accuracy = 1
I0402 20:54:06.486286  1151 solver.cpp:238]     Train net output #1: loss = 0.000510299 (* 1 = 0.000510299 loss)
I0402 20:54:06.486299  1151 sgd_solver.cpp:107] Iteration 14400, lr = 0.0512221
I0402 20:55:00.024916  1156 data_layer.cpp:73] Restarting data prefetching from start.
I0402 20:55:00.389536  1151 solver.cpp:331] Iteration 15000, Testing net (#0)
I0402 20:55:01.718556  1158 data_layer.cpp:73] Restarting data prefetching from start.
I0402 20:55:01.772274  1151 solver.cpp:398]     Test net output #0: accuracy = 0.9849
I0402 20:55:01.772341  1151 solver.cpp:398]     Test net output #1: loss = 0.0709207 (* 1 = 0.0709207 loss)
I0402 20:55:01.801142  1151 solver.cpp:219] Iteration 15000 (10.8472 iter/s, 55.314s/600 iters), loss = 0.000504852
I0402 20:55:01.801210  1151 solver.cpp:238]     Train net output #0: accuracy = 1
I0402 20:55:01.801231  1151 solver.cpp:238]     Train net output #1: loss = 0.000504852 (* 1 = 0.000504852 loss)
I0402 20:55:01.801246  1151 sgd_solver.cpp:107] Iteration 15000, lr = 0.0502973
I0402 20:55:57.355983  1156 data_layer.cpp:73] Restarting data prefetching from start.
I0402 20:55:57.738430  1151 solver.cpp:331] Iteration 15600, Testing net (#0)
I0402 20:55:59.052173  1158 data_layer.cpp:73] Restarting data prefetching from start.
I0402 20:55:59.106252  1151 solver.cpp:398]     Test net output #0: accuracy = 0.9849
I0402 20:55:59.106317  1151 solver.cpp:398]     Test net output #1: loss = 0.0710225 (* 1 = 0.0710225 loss)
I0402 20:55:59.135197  1151 solver.cpp:219] Iteration 15600 (10.4652 iter/s, 57.333s/600 iters), loss = 0.000497609
I0402 20:55:59.135262  1151 solver.cpp:238]     Train net output #0: accuracy = 1
I0402 20:55:59.135282  1151 solver.cpp:238]     Train net output #1: loss = 0.000497609 (* 1 = 0.000497609 loss)
I0402 20:55:59.135294  1151 sgd_solver.cpp:107] Iteration 15600, lr = 0.0494106
I0402 20:56:55.989758  1156 data_layer.cpp:73] Restarting data prefetching from start.
I0402 20:56:56.374022  1151 solver.cpp:331] Iteration 16200, Testing net (#0)
I0402 20:56:57.684636  1158 data_layer.cpp:73] Restarting data prefetching from start.
I0402 20:56:57.738432  1151 solver.cpp:398]     Test net output #0: accuracy = 0.9849
I0402 20:56:57.738497  1151 solver.cpp:398]     Test net output #1: loss = 0.0711195 (* 1 = 0.0711195 loss)
I0402 20:56:57.767172  1151 solver.cpp:219] Iteration 16200 (10.2335 iter/s, 58.631s/600 iters), loss = 0.000491304
I0402 20:56:57.767237  1151 solver.cpp:238]     Train net output #0: accuracy = 1
I0402 20:56:57.767256  1151 solver.cpp:238]     Train net output #1: loss = 0.000491304 (* 1 = 0.000491304 loss)
I0402 20:56:57.767271  1151 sgd_solver.cpp:107] Iteration 16200, lr = 0.0485595
I0402 20:57:55.463186  1156 data_layer.cpp:73] Restarting data prefetching from start.
I0402 20:57:55.854753  1151 solver.cpp:331] Iteration 16800, Testing net (#0)
I0402 20:57:57.167620  1158 data_layer.cpp:73] Restarting data prefetching from start.
I0402 20:57:57.222754  1151 solver.cpp:398]     Test net output #0: accuracy = 0.9849
I0402 20:57:57.222820  1151 solver.cpp:398]     Test net output #1: loss = 0.0712122 (* 1 = 0.0712122 loss)
I0402 20:57:57.251710  1151 solver.cpp:219] Iteration 16800 (10.0867 iter/s, 59.484s/600 iters), loss = 0.00048735
I0402 20:57:57.251776  1151 solver.cpp:238]     Train net output #0: accuracy = 1
I0402 20:57:57.251796  1151 solver.cpp:238]     Train net output #1: loss = 0.00048735 (* 1 = 0.00048735 loss)
I0402 20:57:57.251809  1151 sgd_solver.cpp:107] Iteration 16800, lr = 0.0477418
I0402 20:58:55.440526  1156 data_layer.cpp:73] Restarting data prefetching from start.
I0402 20:58:55.837661  1151 solver.cpp:331] Iteration 17400, Testing net (#0)
I0402 20:58:57.147321  1158 data_layer.cpp:73] Restarting data prefetching from start.
I0402 20:58:57.203411  1151 solver.cpp:398]     Test net output #0: accuracy = 0.9849
I0402 20:58:57.203485  1151 solver.cpp:398]     Test net output #1: loss = 0.0712925 (* 1 = 0.0712925 loss)
I0402 20:58:57.232144  1151 solver.cpp:219] Iteration 17400 (10.0033 iter/s, 59.98s/600 iters), loss = 0.000484236
I0402 20:58:57.232209  1151 solver.cpp:238]     Train net output #0: accuracy = 1
I0402 20:58:57.232228  1151 solver.cpp:238]     Train net output #1: loss = 0.000484236 (* 1 = 0.000484236 loss)
I0402 20:58:57.232240  1151 sgd_solver.cpp:107] Iteration 17400, lr = 0.0469556
I0402 20:59:55.999153  1156 data_layer.cpp:73] Restarting data prefetching from start.
I0402 20:59:56.396320  1151 solver.cpp:448] Snapshotting to binary proto file _iter_18000.caffemodel
I0402 20:59:56.443821  1151 sgd_solver.cpp:287] Snapshotting solver state to binary proto file _iter_18000.solverstate
I0402 20:59:56.485370  1151 solver.cpp:311] Iteration 18000, loss = 0.000481232
I0402 20:59:56.485424  1151 solver.cpp:331] Iteration 18000, Testing net (#0)
I0402 20:59:57.815335  1158 data_layer.cpp:73] Restarting data prefetching from start.
I0402 20:59:57.869284  1151 solver.cpp:398]     Test net output #0: accuracy = 0.9849
I0402 20:59:57.869349  1151 solver.cpp:398]     Test net output #1: loss = 0.0713785 (* 1 = 0.0713785 loss)
I0402 20:59:57.869362  1151 solver.cpp:316] Optimization Done.
I0402 20:59:57.869371  1151 caffe_double.cpp:259] Optimization Done.
