I0402 18:51:12.853847 27141 caffe_double.cpp:211] Use CPU.
I0402 18:51:12.854425 27141 solver.cpp:44] Initializing solver from parameters: 
test_iter: 100
test_interval: 600
base_lr: 0.1
display: 600
max_iter: 18000
lr_policy: "inv"
gamma: 0.0001
power: 0.75
momentum: 0.9
solver_mode: CPU
net_param {
  name: "LeNet"
  layer {
    name: "mnist"
    type: "Data"
    top: "data"
    top: "label"
    include {
      phase: TRAIN
    }
    transform_param {
      scale: 0.00390625
    }
    data_param {
      source: "data/mnist_train_lmdb"
      batch_size: 100
      backend: LMDB
    }
  }
  layer {
    name: "mnist"
    type: "Data"
    top: "data"
    top: "label"
    include {
      phase: TEST
    }
    transform_param {
      scale: 0.00390625
    }
    data_param {
      source: "data/mnist_test_lmdb"
      batch_size: 100
      backend: LMDB
    }
  }
  layer {
    name: "ip1"
    type: "InnerProduct"
    bottom: "data"
    top: "ip1"
    inner_product_param {
      num_output: 1000
      weight_filler {
        type: "gaussian"
        mean: 0
        std: 0.01
      }
    }
    bias_param {
      filler {
        value: 0
      }
    }
    fixed_precision: true
    precision {
      enter: 0
      fraccio: 16
      rounding: "nearest"
    }
  }
  layer {
    name: "relu1"
    type: "ReLU"
    bottom: "ip1"
    top: "ip1"
    fixed_precision: true
    precision {
      enter: 0
      fraccio: 16
      rounding: "nearest"
    }
  }
  layer {
    name: "ip2"
    type: "InnerProduct"
    bottom: "ip1"
    top: "ip2"
    inner_product_param {
      num_output: 1000
      weight_filler {
        type: "gaussian"
        mean: 0
        std: 0.01
      }
    }
    bias_param {
      filler {
        value: 0
      }
    }
    fixed_precision: true
    precision {
      enter: 0
      fraccio: 16
      rounding: "nearest"
    }
  }
  layer {
    name: "relu2"
    type: "ReLU"
    bottom: "ip2"
    top: "ip2"
    bias_param {
      filler {
        value: 0
      }
    }
    fixed_precision: true
    precision {
      enter: 0
      fraccio: 16
      rounding: "nearest"
    }
  }
  layer {
    name: "ip3"
    type: "InnerProduct"
    bottom: "ip2"
    top: "ip3"
    inner_product_param {
      num_output: 10
      weight_filler {
        type: "gaussian"
        mean: 0
        std: 0.01
      }
    }
    bias_param {
      filler {
        value: 0
      }
    }
    fixed_precision: true
    precision {
      enter: 0
      fraccio: 16
      rounding: "nearest"
    }
  }
  layer {
    name: "accuracy"
    type: "Accuracy"
    bottom: "ip3"
    bottom: "label"
    top: "accuracy"
  }
  layer {
    name: "loss"
    type: "SoftmaxWithLoss"
    bottom: "ip3"
    bottom: "label"
    top: "loss"
    fixed_precision: true
    precision {
      enter: 0
      fraccio: 16
      rounding: "nearest"
    }
  }
}
train_state {
  level: 0
  stage: ""
}
fixed_precision: true
precision {
  enter: 0
  fraccio: 16
  rounding: "nearest"
}
I0402 18:51:12.854496 27141 solver.cpp:82] Creating training net specified in net_param.
I0402 18:51:12.854555 27141 net.cpp:294] The NetState phase (0) differed from the phase (1) specified by a rule in layer mnist
I0402 18:51:12.854732 27141 net.cpp:51] Initializing net from parameters: 
name: "LeNet"
state {
  phase: TRAIN
  level: 0
  stage: ""
}
layer {
  name: "mnist"
  type: "Data"
  top: "data"
  top: "label"
  include {
    phase: TRAIN
  }
  transform_param {
    scale: 0.00390625
  }
  data_param {
    source: "data/mnist_train_lmdb"
    batch_size: 100
    backend: LMDB
  }
}
layer {
  name: "ip1"
  type: "InnerProduct"
  bottom: "data"
  top: "ip1"
  inner_product_param {
    num_output: 1000
    weight_filler {
      type: "gaussian"
      mean: 0
      std: 0.01
    }
  }
  bias_param {
    filler {
      value: 0
    }
  }
  fixed_precision: true
  precision {
    enter: 0
    fraccio: 16
    rounding: "nearest"
  }
}
layer {
  name: "relu1"
  type: "ReLU"
  bottom: "ip1"
  top: "ip1"
  fixed_precision: true
  precision {
    enter: 0
    fraccio: 16
    rounding: "nearest"
  }
}
layer {
  name: "ip2"
  type: "InnerProduct"
  bottom: "ip1"
  top: "ip2"
  inner_product_param {
    num_output: 1000
    weight_filler {
      type: "gaussian"
      mean: 0
      std: 0.01
    }
  }
  bias_param {
    filler {
      value: 0
    }
  }
  fixed_precision: true
  precision {
    enter: 0
    fraccio: 16
    rounding: "nearest"
  }
}
layer {
  name: "relu2"
  type: "ReLU"
  bottom: "ip2"
  top: "ip2"
  bias_param {
    filler {
      value: 0
    }
  }
  fixed_precision: true
  precision {
    enter: 0
    fraccio: 16
    rounding: "nearest"
  }
}
layer {
  name: "ip3"
  type: "InnerProduct"
  bottom: "ip2"
  top: "ip3"
  inner_product_param {
    num_output: 10
    weight_filler {
      type: "gaussian"
      mean: 0
      std: 0.01
    }
  }
  bias_param {
    filler {
      value: 0
    }
  }
  fixed_precision: true
  precision {
    enter: 0
    fraccio: 16
    rounding: "nearest"
  }
}
layer {
  name: "accuracy"
  type: "Accuracy"
  bottom: "ip3"
  bottom: "label"
  top: "accuracy"
}
layer {
  name: "loss"
  type: "SoftmaxWithLoss"
  bottom: "ip3"
  bottom: "label"
  top: "loss"
  fixed_precision: true
  precision {
    enter: 0
    fraccio: 16
    rounding: "nearest"
  }
}
I0402 18:51:12.854871 27141 layer_factory.hpp:77] Creating layer mnist
I0402 18:51:12.855000 27141 db_lmdb.cpp:35] Opened lmdb data/mnist_train_lmdb
I0402 18:51:12.855032 27141 net.cpp:84] Creating Layer mnist
I0402 18:51:12.855047 27141 net.cpp:380] mnist -> data
I0402 18:51:12.855080 27141 net.cpp:380] mnist -> label
I0402 18:51:12.855123 27141 data_layer.cpp:45] output data size: 100,1,28,28
I0402 18:51:12.856952 27141 net.cpp:122] Setting up mnist
I0402 18:51:12.856986 27141 net.cpp:129] Top shape: 100 1 28 28 (78400)
I0402 18:51:12.856997 27141 net.cpp:129] Top shape: 100 (100)
I0402 18:51:12.857005 27141 net.cpp:137] Memory required for data: 628000
I0402 18:51:12.857018 27141 layer_factory.hpp:77] Creating layer label_mnist_1_split
I0402 18:51:12.857054 27141 net.cpp:84] Creating Layer label_mnist_1_split
I0402 18:51:12.857065 27141 net.cpp:406] label_mnist_1_split <- label
I0402 18:51:12.857082 27141 net.cpp:380] label_mnist_1_split -> label_mnist_1_split_0
I0402 18:51:12.857097 27141 net.cpp:380] label_mnist_1_split -> label_mnist_1_split_1
I0402 18:51:12.857111 27141 net.cpp:122] Setting up label_mnist_1_split
I0402 18:51:12.857122 27141 net.cpp:129] Top shape: 100 (100)
I0402 18:51:12.857131 27141 net.cpp:129] Top shape: 100 (100)
I0402 18:51:12.857138 27141 net.cpp:137] Memory required for data: 629600
I0402 18:51:12.857146 27141 layer_factory.hpp:77] Creating layer ip1
I0402 18:51:12.857164 27141 net.cpp:84] Creating Layer ip1
I0402 18:51:12.857175 27141 net.cpp:406] ip1 <- data
I0402 18:51:12.857187 27141 net.cpp:380] ip1 -> ip1
I0402 18:51:12.983644 27141 net.cpp:122] Setting up ip1
I0402 18:51:12.983686 27141 net.cpp:129] Top shape: 100 1000 (100000)
I0402 18:51:12.983696 27141 net.cpp:137] Memory required for data: 1429600
I0402 18:51:12.983722 27141 layer_factory.hpp:77] Creating layer relu1
I0402 18:51:12.983742 27141 net.cpp:84] Creating Layer relu1
I0402 18:51:12.983754 27141 net.cpp:406] relu1 <- ip1
I0402 18:51:12.983765 27141 net.cpp:367] relu1 -> ip1 (in-place)
I0402 18:51:12.983788 27141 net.cpp:122] Setting up relu1
I0402 18:51:12.983798 27141 net.cpp:129] Top shape: 100 1000 (100000)
I0402 18:51:12.983805 27141 net.cpp:137] Memory required for data: 2229600
I0402 18:51:12.983813 27141 layer_factory.hpp:77] Creating layer ip2
I0402 18:51:12.983827 27141 net.cpp:84] Creating Layer ip2
I0402 18:51:12.983834 27141 net.cpp:406] ip2 <- ip1
I0402 18:51:12.983844 27141 net.cpp:380] ip2 -> ip2
I0402 18:51:13.055840 27141 net.cpp:122] Setting up ip2
I0402 18:51:13.055877 27141 net.cpp:129] Top shape: 100 1000 (100000)
I0402 18:51:13.055884 27141 net.cpp:137] Memory required for data: 3029600
I0402 18:51:13.055899 27141 layer_factory.hpp:77] Creating layer relu2
I0402 18:51:13.055914 27141 net.cpp:84] Creating Layer relu2
I0402 18:51:13.055922 27141 net.cpp:406] relu2 <- ip2
I0402 18:51:13.055932 27141 net.cpp:367] relu2 -> ip2 (in-place)
I0402 18:51:13.055953 27141 net.cpp:122] Setting up relu2
I0402 18:51:13.055972 27141 net.cpp:129] Top shape: 100 1000 (100000)
I0402 18:51:13.055979 27141 net.cpp:137] Memory required for data: 3829600
I0402 18:51:13.055985 27141 layer_factory.hpp:77] Creating layer ip3
I0402 18:51:13.055995 27141 net.cpp:84] Creating Layer ip3
I0402 18:51:13.056004 27141 net.cpp:406] ip3 <- ip2
I0402 18:51:13.056012 27141 net.cpp:380] ip3 -> ip3
I0402 18:51:13.056747 27141 net.cpp:122] Setting up ip3
I0402 18:51:13.056757 27141 net.cpp:129] Top shape: 100 10 (1000)
I0402 18:51:13.056763 27141 net.cpp:137] Memory required for data: 3837600
I0402 18:51:13.056776 27141 layer_factory.hpp:77] Creating layer ip3_ip3_0_split
I0402 18:51:13.056784 27141 net.cpp:84] Creating Layer ip3_ip3_0_split
I0402 18:51:13.056792 27141 net.cpp:406] ip3_ip3_0_split <- ip3
I0402 18:51:13.056799 27141 net.cpp:380] ip3_ip3_0_split -> ip3_ip3_0_split_0
I0402 18:51:13.056810 27141 net.cpp:380] ip3_ip3_0_split -> ip3_ip3_0_split_1
I0402 18:51:13.056823 27141 net.cpp:122] Setting up ip3_ip3_0_split
I0402 18:51:13.056831 27141 net.cpp:129] Top shape: 100 10 (1000)
I0402 18:51:13.056838 27141 net.cpp:129] Top shape: 100 10 (1000)
I0402 18:51:13.056844 27141 net.cpp:137] Memory required for data: 3853600
I0402 18:51:13.056851 27141 layer_factory.hpp:77] Creating layer accuracy
I0402 18:51:13.056862 27141 net.cpp:84] Creating Layer accuracy
I0402 18:51:13.056869 27141 net.cpp:406] accuracy <- ip3_ip3_0_split_0
I0402 18:51:13.056875 27141 net.cpp:406] accuracy <- label_mnist_1_split_0
I0402 18:51:13.056886 27141 net.cpp:380] accuracy -> accuracy
I0402 18:51:13.056898 27141 net.cpp:122] Setting up accuracy
I0402 18:51:13.056907 27141 net.cpp:129] Top shape: (1)
I0402 18:51:13.056913 27141 net.cpp:137] Memory required for data: 3853608
I0402 18:51:13.056920 27141 layer_factory.hpp:77] Creating layer loss
I0402 18:51:13.056933 27141 net.cpp:84] Creating Layer loss
I0402 18:51:13.056941 27141 net.cpp:406] loss <- ip3_ip3_0_split_1
I0402 18:51:13.056949 27141 net.cpp:406] loss <- label_mnist_1_split_1
I0402 18:51:13.056958 27141 net.cpp:380] loss -> loss
I0402 18:51:13.056977 27141 layer_factory.hpp:77] Creating layer loss
I0402 18:51:13.056998 27141 net.cpp:122] Setting up loss
I0402 18:51:13.057005 27141 net.cpp:129] Top shape: (1)
I0402 18:51:13.057010 27141 net.cpp:132]     with loss weight 1
I0402 18:51:13.057054 27141 net.cpp:137] Memory required for data: 3853616
I0402 18:51:13.057062 27141 net.cpp:198] loss needs backward computation.
I0402 18:51:13.057078 27141 net.cpp:200] accuracy does not need backward computation.
I0402 18:51:13.057085 27141 net.cpp:198] ip3_ip3_0_split needs backward computation.
I0402 18:51:13.057092 27141 net.cpp:198] ip3 needs backward computation.
I0402 18:51:13.057099 27141 net.cpp:198] relu2 needs backward computation.
I0402 18:51:13.057106 27141 net.cpp:198] ip2 needs backward computation.
I0402 18:51:13.057112 27141 net.cpp:198] relu1 needs backward computation.
I0402 18:51:13.057118 27141 net.cpp:198] ip1 needs backward computation.
I0402 18:51:13.057126 27141 net.cpp:200] label_mnist_1_split does not need backward computation.
I0402 18:51:13.057133 27141 net.cpp:200] mnist does not need backward computation.
I0402 18:51:13.057140 27141 net.cpp:242] This network produces output accuracy
I0402 18:51:13.057147 27141 net.cpp:242] This network produces output loss
I0402 18:51:13.057162 27141 net.cpp:255] Network initialization done.
I0402 18:51:13.057214 27141 solver.cpp:173] Creating test net (#0) specified by net_param
I0402 18:51:13.057236 27141 net.cpp:294] The NetState phase (1) differed from the phase (0) specified by a rule in layer mnist
I0402 18:51:13.057341 27141 net.cpp:51] Initializing net from parameters: 
name: "LeNet"
state {
  phase: TEST
}
layer {
  name: "mnist"
  type: "Data"
  top: "data"
  top: "label"
  include {
    phase: TEST
  }
  transform_param {
    scale: 0.00390625
  }
  data_param {
    source: "data/mnist_test_lmdb"
    batch_size: 100
    backend: LMDB
  }
}
layer {
  name: "ip1"
  type: "InnerProduct"
  bottom: "data"
  top: "ip1"
  inner_product_param {
    num_output: 1000
    weight_filler {
      type: "gaussian"
      mean: 0
      std: 0.01
    }
  }
  bias_param {
    filler {
      value: 0
    }
  }
  fixed_precision: true
  precision {
    enter: 0
    fraccio: 16
    rounding: "nearest"
  }
}
layer {
  name: "relu1"
  type: "ReLU"
  bottom: "ip1"
  top: "ip1"
  fixed_precision: true
  precision {
    enter: 0
    fraccio: 16
    rounding: "nearest"
  }
}
layer {
  name: "ip2"
  type: "InnerProduct"
  bottom: "ip1"
  top: "ip2"
  inner_product_param {
    num_output: 1000
    weight_filler {
      type: "gaussian"
      mean: 0
      std: 0.01
    }
  }
  bias_param {
    filler {
      value: 0
    }
  }
  fixed_precision: true
  precision {
    enter: 0
    fraccio: 16
    rounding: "nearest"
  }
}
layer {
  name: "relu2"
  type: "ReLU"
  bottom: "ip2"
  top: "ip2"
  bias_param {
    filler {
      value: 0
    }
  }
  fixed_precision: true
  precision {
    enter: 0
    fraccio: 16
    rounding: "nearest"
  }
}
layer {
  name: "ip3"
  type: "InnerProduct"
  bottom: "ip2"
  top: "ip3"
  inner_product_param {
    num_output: 10
    weight_filler {
      type: "gaussian"
      mean: 0
      std: 0.01
    }
  }
  bias_param {
    filler {
      value: 0
    }
  }
  fixed_precision: true
  precision {
    enter: 0
    fraccio: 16
    rounding: "nearest"
  }
}
layer {
  name: "accuracy"
  type: "Accuracy"
  bottom: "ip3"
  bottom: "label"
  top: "accuracy"
}
layer {
  name: "loss"
  type: "SoftmaxWithLoss"
  bottom: "ip3"
  bottom: "label"
  top: "loss"
  fixed_precision: true
  precision {
    enter: 0
    fraccio: 16
    rounding: "nearest"
  }
}
I0402 18:51:13.057401 27141 layer_factory.hpp:77] Creating layer mnist
I0402 18:51:13.057458 27141 db_lmdb.cpp:35] Opened lmdb data/mnist_test_lmdb
I0402 18:51:13.057476 27141 net.cpp:84] Creating Layer mnist
I0402 18:51:13.057484 27141 net.cpp:380] mnist -> data
I0402 18:51:13.057497 27141 net.cpp:380] mnist -> label
I0402 18:51:13.057515 27141 data_layer.cpp:45] output data size: 100,1,28,28
I0402 18:51:13.058300 27141 net.cpp:122] Setting up mnist
I0402 18:51:13.058322 27141 net.cpp:129] Top shape: 100 1 28 28 (78400)
I0402 18:51:13.058331 27141 net.cpp:129] Top shape: 100 (100)
I0402 18:51:13.058336 27141 net.cpp:137] Memory required for data: 628000
I0402 18:51:13.058342 27141 layer_factory.hpp:77] Creating layer label_mnist_1_split
I0402 18:51:13.058356 27141 net.cpp:84] Creating Layer label_mnist_1_split
I0402 18:51:13.058363 27141 net.cpp:406] label_mnist_1_split <- label
I0402 18:51:13.058375 27141 net.cpp:380] label_mnist_1_split -> label_mnist_1_split_0
I0402 18:51:13.058389 27141 net.cpp:380] label_mnist_1_split -> label_mnist_1_split_1
I0402 18:51:13.058401 27141 net.cpp:122] Setting up label_mnist_1_split
I0402 18:51:13.058413 27141 net.cpp:129] Top shape: 100 (100)
I0402 18:51:13.058423 27141 net.cpp:129] Top shape: 100 (100)
I0402 18:51:13.058430 27141 net.cpp:137] Memory required for data: 629600
I0402 18:51:13.058437 27141 layer_factory.hpp:77] Creating layer ip1
I0402 18:51:13.058450 27141 net.cpp:84] Creating Layer ip1
I0402 18:51:13.058459 27141 net.cpp:406] ip1 <- data
I0402 18:51:13.058468 27141 net.cpp:380] ip1 -> ip1
I0402 18:51:13.128056 27141 net.cpp:122] Setting up ip1
I0402 18:51:13.128101 27141 net.cpp:129] Top shape: 100 1000 (100000)
I0402 18:51:13.128108 27141 net.cpp:137] Memory required for data: 1429600
I0402 18:51:13.128125 27141 layer_factory.hpp:77] Creating layer relu1
I0402 18:51:13.128139 27141 net.cpp:84] Creating Layer relu1
I0402 18:51:13.128147 27141 net.cpp:406] relu1 <- ip1
I0402 18:51:13.128156 27141 net.cpp:367] relu1 -> ip1 (in-place)
I0402 18:51:13.128170 27141 net.cpp:122] Setting up relu1
I0402 18:51:13.128178 27141 net.cpp:129] Top shape: 100 1000 (100000)
I0402 18:51:13.128183 27141 net.cpp:137] Memory required for data: 2229600
I0402 18:51:13.128190 27141 layer_factory.hpp:77] Creating layer ip2
I0402 18:51:13.128204 27141 net.cpp:84] Creating Layer ip2
I0402 18:51:13.128211 27141 net.cpp:406] ip2 <- ip1
I0402 18:51:13.128229 27141 net.cpp:380] ip2 -> ip2
I0402 18:51:13.200973 27141 net.cpp:122] Setting up ip2
I0402 18:51:13.201032 27141 net.cpp:129] Top shape: 100 1000 (100000)
I0402 18:51:13.201041 27141 net.cpp:137] Memory required for data: 3029600
I0402 18:51:13.201058 27141 layer_factory.hpp:77] Creating layer relu2
I0402 18:51:13.201076 27141 net.cpp:84] Creating Layer relu2
I0402 18:51:13.201086 27141 net.cpp:406] relu2 <- ip2
I0402 18:51:13.201097 27141 net.cpp:367] relu2 -> ip2 (in-place)
I0402 18:51:13.201113 27141 net.cpp:122] Setting up relu2
I0402 18:51:13.201124 27141 net.cpp:129] Top shape: 100 1000 (100000)
I0402 18:51:13.201130 27141 net.cpp:137] Memory required for data: 3829600
I0402 18:51:13.201136 27141 layer_factory.hpp:77] Creating layer ip3
I0402 18:51:13.201149 27141 net.cpp:84] Creating Layer ip3
I0402 18:51:13.201158 27141 net.cpp:406] ip3 <- ip2
I0402 18:51:13.201166 27141 net.cpp:380] ip3 -> ip3
I0402 18:51:13.201969 27141 net.cpp:122] Setting up ip3
I0402 18:51:13.201987 27141 net.cpp:129] Top shape: 100 10 (1000)
I0402 18:51:13.201995 27141 net.cpp:137] Memory required for data: 3837600
I0402 18:51:13.202008 27141 layer_factory.hpp:77] Creating layer ip3_ip3_0_split
I0402 18:51:13.202023 27141 net.cpp:84] Creating Layer ip3_ip3_0_split
I0402 18:51:13.202030 27141 net.cpp:406] ip3_ip3_0_split <- ip3
I0402 18:51:13.202039 27141 net.cpp:380] ip3_ip3_0_split -> ip3_ip3_0_split_0
I0402 18:51:13.202051 27141 net.cpp:380] ip3_ip3_0_split -> ip3_ip3_0_split_1
I0402 18:51:13.202065 27141 net.cpp:122] Setting up ip3_ip3_0_split
I0402 18:51:13.202076 27141 net.cpp:129] Top shape: 100 10 (1000)
I0402 18:51:13.202085 27141 net.cpp:129] Top shape: 100 10 (1000)
I0402 18:51:13.202092 27141 net.cpp:137] Memory required for data: 3853600
I0402 18:51:13.202100 27141 layer_factory.hpp:77] Creating layer accuracy
I0402 18:51:13.202111 27141 net.cpp:84] Creating Layer accuracy
I0402 18:51:13.202118 27141 net.cpp:406] accuracy <- ip3_ip3_0_split_0
I0402 18:51:13.202126 27141 net.cpp:406] accuracy <- label_mnist_1_split_0
I0402 18:51:13.202136 27141 net.cpp:380] accuracy -> accuracy
I0402 18:51:13.202147 27141 net.cpp:122] Setting up accuracy
I0402 18:51:13.202157 27141 net.cpp:129] Top shape: (1)
I0402 18:51:13.202163 27141 net.cpp:137] Memory required for data: 3853608
I0402 18:51:13.202170 27141 layer_factory.hpp:77] Creating layer loss
I0402 18:51:13.202183 27141 net.cpp:84] Creating Layer loss
I0402 18:51:13.202189 27141 net.cpp:406] loss <- ip3_ip3_0_split_1
I0402 18:51:13.202198 27141 net.cpp:406] loss <- label_mnist_1_split_1
I0402 18:51:13.202208 27141 net.cpp:380] loss -> loss
I0402 18:51:13.202220 27141 layer_factory.hpp:77] Creating layer loss
I0402 18:51:13.202244 27141 net.cpp:122] Setting up loss
I0402 18:51:13.202251 27141 net.cpp:129] Top shape: (1)
I0402 18:51:13.202257 27141 net.cpp:132]     with loss weight 1
I0402 18:51:13.202272 27141 net.cpp:137] Memory required for data: 3853616
I0402 18:51:13.202280 27141 net.cpp:198] loss needs backward computation.
I0402 18:51:13.202286 27141 net.cpp:200] accuracy does not need backward computation.
I0402 18:51:13.202294 27141 net.cpp:198] ip3_ip3_0_split needs backward computation.
I0402 18:51:13.202301 27141 net.cpp:198] ip3 needs backward computation.
I0402 18:51:13.202308 27141 net.cpp:198] relu2 needs backward computation.
I0402 18:51:13.202314 27141 net.cpp:198] ip2 needs backward computation.
I0402 18:51:13.202322 27141 net.cpp:198] relu1 needs backward computation.
I0402 18:51:13.202328 27141 net.cpp:198] ip1 needs backward computation.
I0402 18:51:13.202335 27141 net.cpp:200] label_mnist_1_split does not need backward computation.
I0402 18:51:13.202344 27141 net.cpp:200] mnist does not need backward computation.
I0402 18:51:13.202352 27141 net.cpp:242] This network produces output accuracy
I0402 18:51:13.202358 27141 net.cpp:242] This network produces output loss
I0402 18:51:13.202375 27141 net.cpp:255] Network initialization done.
I0402 18:51:13.202419 27141 solver.cpp:56] Solver scaffolding done.
I0402 18:51:13.202445 27141 caffe_double.cpp:248] Starting Optimization
I0402 18:51:13.202455 27141 solver.cpp:273] Solving LeNet
I0402 18:51:13.202468 27141 solver.cpp:274] Learning Rate Policy: inv
I0402 18:51:13.205237 27141 solver.cpp:331] Iteration 0, Testing net (#0)
I0402 18:51:14.554966 27148 data_layer.cpp:73] Restarting data prefetching from start.
I0402 18:51:14.611223 27141 solver.cpp:398]     Test net output #0: accuracy = 0.1705
I0402 18:51:14.611286 27141 solver.cpp:398]     Test net output #1: loss = 2.30206 (* 1 = 2.30206 loss)
I0402 18:51:14.643488 27141 solver.cpp:219] Iteration 0 (-7.84727e-44 iter/s, 1.44s/600 iters), loss = 2.302
I0402 18:51:14.643553 27141 solver.cpp:238]     Train net output #0: accuracy = 0.16
I0402 18:51:14.643571 27141 solver.cpp:238]     Train net output #1: loss = 2.302 (* 1 = 2.302 loss)
I0402 18:51:14.643586 27141 sgd_solver.cpp:107] Iteration 0, lr = 0.1
I0402 18:51:52.459959 27146 data_layer.cpp:73] Restarting data prefetching from start.
I0402 18:51:52.704181 27141 solver.cpp:331] Iteration 600, Testing net (#0)
I0402 18:51:54.030341 27148 data_layer.cpp:73] Restarting data prefetching from start.
I0402 18:51:54.084697 27141 solver.cpp:398]     Test net output #0: accuracy = 0.9516
I0402 18:51:54.084761 27141 solver.cpp:398]     Test net output #1: loss = 0.154038 (* 1 = 0.154038 loss)
I0402 18:51:54.114071 27141 solver.cpp:219] Iteration 600 (15.2014 iter/s, 39.47s/600 iters), loss = 0.107125
I0402 18:51:54.114137 27141 solver.cpp:238]     Train net output #0: accuracy = 0.97
I0402 18:51:54.114157 27141 solver.cpp:238]     Train net output #1: loss = 0.107125 (* 1 = 0.107125 loss)
I0402 18:51:54.114171 27141 sgd_solver.cpp:107] Iteration 600, lr = 0.0957239
I0402 18:52:30.658865 27146 data_layer.cpp:73] Restarting data prefetching from start.
I0402 18:52:30.897644 27141 solver.cpp:331] Iteration 1200, Testing net (#0)
I0402 18:52:32.227126 27148 data_layer.cpp:73] Restarting data prefetching from start.
I0402 18:52:32.281589 27141 solver.cpp:398]     Test net output #0: accuracy = 0.9653
I0402 18:52:32.281656 27141 solver.cpp:398]     Test net output #1: loss = 0.114477 (* 1 = 0.114477 loss)
I0402 18:52:32.310910 27141 solver.cpp:219] Iteration 1200 (15.7085 iter/s, 38.196s/600 iters), loss = 0.0718538
I0402 18:52:32.310979 27141 solver.cpp:238]     Train net output #0: accuracy = 0.98
I0402 18:52:32.311000 27141 solver.cpp:238]     Train net output #1: loss = 0.0718538 (* 1 = 0.0718538 loss)
I0402 18:52:32.311014 27141 sgd_solver.cpp:107] Iteration 1200, lr = 0.0918516
I0402 18:53:08.240124 27146 data_layer.cpp:73] Restarting data prefetching from start.
I0402 18:53:08.471660 27141 solver.cpp:331] Iteration 1800, Testing net (#0)
I0402 18:53:09.807528 27148 data_layer.cpp:73] Restarting data prefetching from start.
I0402 18:53:09.862037 27141 solver.cpp:398]     Test net output #0: accuracy = 0.9692
I0402 18:53:09.862102 27141 solver.cpp:398]     Test net output #1: loss = 0.100594 (* 1 = 0.100594 loss)
I0402 18:53:09.891227 27141 solver.cpp:219] Iteration 1800 (15.9659 iter/s, 37.58s/600 iters), loss = 0.0648226
I0402 18:53:09.891294 27141 solver.cpp:238]     Train net output #0: accuracy = 0.99
I0402 18:53:09.891314 27141 solver.cpp:238]     Train net output #1: loss = 0.0648226 (* 1 = 0.0648226 loss)
I0402 18:53:09.891329 27141 sgd_solver.cpp:107] Iteration 1800, lr = 0.088326
I0402 18:53:45.397905 27146 data_layer.cpp:73] Restarting data prefetching from start.
I0402 18:53:45.626570 27141 solver.cpp:331] Iteration 2400, Testing net (#0)
I0402 18:53:46.959144 27148 data_layer.cpp:73] Restarting data prefetching from start.
I0402 18:53:47.013706 27141 solver.cpp:398]     Test net output #0: accuracy = 0.9766
I0402 18:53:47.013772 27141 solver.cpp:398]     Test net output #1: loss = 0.0881927 (* 1 = 0.0881927 loss)
I0402 18:53:47.042848 27141 solver.cpp:219] Iteration 2400 (16.1503 iter/s, 37.151s/600 iters), loss = 0.0395671
I0402 18:53:47.042917 27141 solver.cpp:238]     Train net output #0: accuracy = 0.99
I0402 18:53:47.042937 27141 solver.cpp:238]     Train net output #1: loss = 0.0395671 (* 1 = 0.0395671 loss)
I0402 18:53:47.042969 27141 sgd_solver.cpp:107] Iteration 2400, lr = 0.0851008
I0402 18:54:22.138494 27146 data_layer.cpp:73] Restarting data prefetching from start.
I0402 18:54:22.371088 27141 solver.cpp:331] Iteration 3000, Testing net (#0)
I0402 18:54:23.703313 27148 data_layer.cpp:73] Restarting data prefetching from start.
I0402 18:54:23.757586 27141 solver.cpp:398]     Test net output #0: accuracy = 0.9745
I0402 18:54:23.757650 27141 solver.cpp:398]     Test net output #1: loss = 0.0912657 (* 1 = 0.0912657 loss)
I0402 18:54:23.786504 27141 solver.cpp:219] Iteration 3000 (16.3296 iter/s, 36.743s/600 iters), loss = 0.0354959
I0402 18:54:23.786571 27141 solver.cpp:238]     Train net output #0: accuracy = 0.98
I0402 18:54:23.786590 27141 solver.cpp:238]     Train net output #1: loss = 0.0354959 (* 1 = 0.0354959 loss)
I0402 18:54:23.786605 27141 sgd_solver.cpp:107] Iteration 3000, lr = 0.0821377
I0402 18:54:58.537060 27146 data_layer.cpp:73] Restarting data prefetching from start.
I0402 18:54:58.764838 27141 solver.cpp:331] Iteration 3600, Testing net (#0)
I0402 18:55:00.092021 27148 data_layer.cpp:73] Restarting data prefetching from start.
I0402 18:55:00.146610 27141 solver.cpp:398]     Test net output #0: accuracy = 0.9772
I0402 18:55:00.146677 27141 solver.cpp:398]     Test net output #1: loss = 0.0790949 (* 1 = 0.0790949 loss)
I0402 18:55:00.180018 27141 solver.cpp:219] Iteration 3600 (16.4867 iter/s, 36.393s/600 iters), loss = 0.0270114
I0402 18:55:00.180096 27141 solver.cpp:238]     Train net output #0: accuracy = 0.99
I0402 18:55:00.180117 27141 solver.cpp:238]     Train net output #1: loss = 0.0270114 (* 1 = 0.0270114 loss)
I0402 18:55:00.180132 27141 sgd_solver.cpp:107] Iteration 3600, lr = 0.0794046
I0402 18:55:34.568804 27146 data_layer.cpp:73] Restarting data prefetching from start.
I0402 18:55:34.792255 27141 solver.cpp:331] Iteration 4200, Testing net (#0)
I0402 18:55:36.118207 27148 data_layer.cpp:73] Restarting data prefetching from start.
I0402 18:55:36.176373 27141 solver.cpp:398]     Test net output #0: accuracy = 0.9801
I0402 18:55:36.176441 27141 solver.cpp:398]     Test net output #1: loss = 0.0771446 (* 1 = 0.0771446 loss)
I0402 18:55:36.205705 27141 solver.cpp:219] Iteration 4200 (16.6551 iter/s, 36.025s/600 iters), loss = 0.00993278
I0402 18:55:36.205773 27141 solver.cpp:238]     Train net output #0: accuracy = 1
I0402 18:55:36.205792 27141 solver.cpp:238]     Train net output #1: loss = 0.00993278 (* 1 = 0.00993278 loss)
I0402 18:55:36.205807 27141 sgd_solver.cpp:107] Iteration 4200, lr = 0.0768748
I0402 18:56:10.064139 27146 data_layer.cpp:73] Restarting data prefetching from start.
I0402 18:56:10.283149 27141 solver.cpp:331] Iteration 4800, Testing net (#0)
I0402 18:56:11.609544 27148 data_layer.cpp:73] Restarting data prefetching from start.
I0402 18:56:11.667929 27141 solver.cpp:398]     Test net output #0: accuracy = 0.9829
I0402 18:56:11.667996 27141 solver.cpp:398]     Test net output #1: loss = 0.0686965 (* 1 = 0.0686965 loss)
I0402 18:56:11.697870 27141 solver.cpp:219] Iteration 4800 (16.9052 iter/s, 35.492s/600 iters), loss = 0.00415014
I0402 18:56:11.697937 27141 solver.cpp:238]     Train net output #0: accuracy = 1
I0402 18:56:11.697957 27141 solver.cpp:238]     Train net output #1: loss = 0.00415014 (* 1 = 0.00415014 loss)
I0402 18:56:11.697970 27141 sgd_solver.cpp:107] Iteration 4800, lr = 0.0745253
I0402 18:56:45.173375 27146 data_layer.cpp:73] Restarting data prefetching from start.
I0402 18:56:45.393322 27141 solver.cpp:331] Iteration 5400, Testing net (#0)
I0402 18:56:46.719099 27148 data_layer.cpp:73] Restarting data prefetching from start.
I0402 18:56:46.773454 27141 solver.cpp:398]     Test net output #0: accuracy = 0.982
I0402 18:56:46.773515 27141 solver.cpp:398]     Test net output #1: loss = 0.0785907 (* 1 = 0.0785907 loss)
I0402 18:56:46.802248 27141 solver.cpp:219] Iteration 5400 (17.0921 iter/s, 35.104s/600 iters), loss = 0.00927199
I0402 18:56:46.802314 27141 solver.cpp:238]     Train net output #0: accuracy = 0.99
I0402 18:56:46.802331 27141 solver.cpp:238]     Train net output #1: loss = 0.00927199 (* 1 = 0.00927199 loss)
I0402 18:56:46.802364 27141 sgd_solver.cpp:107] Iteration 5400, lr = 0.0723368
I0402 18:57:19.990386 27146 data_layer.cpp:73] Restarting data prefetching from start.
I0402 18:57:20.209316 27141 solver.cpp:331] Iteration 6000, Testing net (#0)
I0402 18:57:21.535851 27148 data_layer.cpp:73] Restarting data prefetching from start.
I0402 18:57:21.590144 27141 solver.cpp:398]     Test net output #0: accuracy = 0.9836
I0402 18:57:21.590209 27141 solver.cpp:398]     Test net output #1: loss = 0.0725497 (* 1 = 0.0725497 loss)
I0402 18:57:21.618975 27141 solver.cpp:219] Iteration 6000 (17.2335 iter/s, 34.816s/600 iters), loss = 0.00659596
I0402 18:57:21.619041 27141 solver.cpp:238]     Train net output #0: accuracy = 1
I0402 18:57:21.619061 27141 solver.cpp:238]     Train net output #1: loss = 0.00659596 (* 1 = 0.00659596 loss)
I0402 18:57:21.619076 27141 sgd_solver.cpp:107] Iteration 6000, lr = 0.0702927
I0402 18:57:54.151280 27146 data_layer.cpp:73] Restarting data prefetching from start.
I0402 18:57:54.374089 27141 solver.cpp:331] Iteration 6600, Testing net (#0)
I0402 18:57:55.705127 27148 data_layer.cpp:73] Restarting data prefetching from start.
I0402 18:57:55.759377 27141 solver.cpp:398]     Test net output #0: accuracy = 0.9824
I0402 18:57:55.759440 27141 solver.cpp:398]     Test net output #1: loss = 0.0793134 (* 1 = 0.0793134 loss)
I0402 18:57:55.788319 27141 solver.cpp:219] Iteration 6600 (17.5598 iter/s, 34.169s/600 iters), loss = 0.00262081
I0402 18:57:55.788388 27141 solver.cpp:238]     Train net output #0: accuracy = 1
I0402 18:57:55.788408 27141 solver.cpp:238]     Train net output #1: loss = 0.00262081 (* 1 = 0.00262081 loss)
I0402 18:57:55.788422 27141 sgd_solver.cpp:107] Iteration 6600, lr = 0.0683784
I0402 18:58:31.535781 27146 data_layer.cpp:73] Restarting data prefetching from start.
I0402 18:58:31.784080 27141 solver.cpp:331] Iteration 7200, Testing net (#0)
I0402 18:58:33.108670 27148 data_layer.cpp:73] Restarting data prefetching from start.
I0402 18:58:33.167790 27141 solver.cpp:398]     Test net output #0: accuracy = 0.9834
I0402 18:58:33.167887 27141 solver.cpp:398]     Test net output #1: loss = 0.0747041 (* 1 = 0.0747041 loss)
I0402 18:58:33.197837 27141 solver.cpp:219] Iteration 7200 (16.0389 iter/s, 37.409s/600 iters), loss = 0.012198
I0402 18:58:33.197906 27141 solver.cpp:238]     Train net output #0: accuracy = 0.99
I0402 18:58:33.197926 27141 solver.cpp:238]     Train net output #1: loss = 0.012198 (* 1 = 0.012198 loss)
I0402 18:58:33.197939 27141 sgd_solver.cpp:107] Iteration 7200, lr = 0.0665815
I0402 18:59:10.765950 27146 data_layer.cpp:73] Restarting data prefetching from start.
I0402 18:59:11.018535 27141 solver.cpp:331] Iteration 7800, Testing net (#0)
I0402 18:59:12.353081 27148 data_layer.cpp:73] Restarting data prefetching from start.
I0402 18:59:12.407457 27141 solver.cpp:398]     Test net output #0: accuracy = 0.9856
I0402 18:59:12.407523 27141 solver.cpp:398]     Test net output #1: loss = 0.0650003 (* 1 = 0.0650003 loss)
I0402 18:59:12.436380 27141 solver.cpp:219] Iteration 7800 (15.2913 iter/s, 39.238s/600 iters), loss = 0.000777263
I0402 18:59:12.436447 27141 solver.cpp:238]     Train net output #0: accuracy = 1
I0402 18:59:12.436466 27141 solver.cpp:238]     Train net output #1: loss = 0.000777263 (* 1 = 0.000777263 loss)
I0402 18:59:12.436480 27141 sgd_solver.cpp:107] Iteration 7800, lr = 0.0648911
I0402 18:59:50.642303 27146 data_layer.cpp:73] Restarting data prefetching from start.
I0402 18:59:50.902967 27141 solver.cpp:331] Iteration 8400, Testing net (#0)
I0402 18:59:52.233608 27148 data_layer.cpp:73] Restarting data prefetching from start.
I0402 18:59:52.287915 27141 solver.cpp:398]     Test net output #0: accuracy = 0.9861
I0402 18:59:52.287976 27141 solver.cpp:398]     Test net output #1: loss = 0.066634 (* 1 = 0.066634 loss)
I0402 18:59:52.316901 27141 solver.cpp:219] Iteration 8400 (15.0451 iter/s, 39.88s/600 iters), loss = 0.000869517
I0402 18:59:52.316969 27141 solver.cpp:238]     Train net output #0: accuracy = 1
I0402 18:59:52.317006 27141 solver.cpp:238]     Train net output #1: loss = 0.000869517 (* 1 = 0.000869517 loss)
I0402 18:59:52.317029 27141 sgd_solver.cpp:107] Iteration 8400, lr = 0.0632975
I0402 19:00:31.055341 27146 data_layer.cpp:73] Restarting data prefetching from start.
I0402 19:00:31.316114 27141 solver.cpp:331] Iteration 9000, Testing net (#0)
I0402 19:00:32.623811 27148 data_layer.cpp:73] Restarting data prefetching from start.
I0402 19:00:32.681421 27141 solver.cpp:398]     Test net output #0: accuracy = 0.9859
I0402 19:00:32.681478 27141 solver.cpp:398]     Test net output #1: loss = 0.0667004 (* 1 = 0.0667004 loss)
I0402 19:00:32.710219 27141 solver.cpp:219] Iteration 9000 (14.8541 iter/s, 40.393s/600 iters), loss = 0.000527601
I0402 19:00:32.710285 27141 solver.cpp:238]     Train net output #0: accuracy = 1
I0402 19:00:32.710305 27141 solver.cpp:238]     Train net output #1: loss = 0.000527601 (* 1 = 0.000527601 loss)
I0402 19:00:32.710320 27141 sgd_solver.cpp:107] Iteration 9000, lr = 0.0617924
I0402 19:01:11.744823 27146 data_layer.cpp:73] Restarting data prefetching from start.
I0402 19:01:12.006768 27141 solver.cpp:331] Iteration 9600, Testing net (#0)
I0402 19:01:13.335007 27148 data_layer.cpp:73] Restarting data prefetching from start.
I0402 19:01:13.389641 27141 solver.cpp:398]     Test net output #0: accuracy = 0.9859
I0402 19:01:13.389706 27141 solver.cpp:398]     Test net output #1: loss = 0.0673357 (* 1 = 0.0673357 loss)
I0402 19:01:13.418562 27141 solver.cpp:219] Iteration 9600 (14.7391 iter/s, 40.708s/600 iters), loss = 0.00049152
I0402 19:01:13.418627 27141 solver.cpp:238]     Train net output #0: accuracy = 1
I0402 19:01:13.418647 27141 solver.cpp:238]     Train net output #1: loss = 0.00049152 (* 1 = 0.00049152 loss)
I0402 19:01:13.418660 27141 sgd_solver.cpp:107] Iteration 9600, lr = 0.0603682
I0402 19:01:52.981874 27146 data_layer.cpp:73] Restarting data prefetching from start.
I0402 19:01:53.250865 27141 solver.cpp:331] Iteration 10200, Testing net (#0)
I0402 19:01:54.574811 27148 data_layer.cpp:73] Restarting data prefetching from start.
I0402 19:01:54.629426 27141 solver.cpp:398]     Test net output #0: accuracy = 0.986
I0402 19:01:54.629489 27141 solver.cpp:398]     Test net output #1: loss = 0.0679705 (* 1 = 0.0679705 loss)
I0402 19:01:54.658509 27141 solver.cpp:219] Iteration 10200 (14.5493 iter/s, 41.239s/600 iters), loss = 0.000452897
I0402 19:01:54.658576 27141 solver.cpp:238]     Train net output #0: accuracy = 1
I0402 19:01:54.658594 27141 solver.cpp:238]     Train net output #1: loss = 0.000452897 (* 1 = 0.000452897 loss)
I0402 19:01:54.658608 27141 sgd_solver.cpp:107] Iteration 10200, lr = 0.0590183
I0402 19:02:34.942775 27146 data_layer.cpp:73] Restarting data prefetching from start.
I0402 19:02:35.216769 27141 solver.cpp:331] Iteration 10800, Testing net (#0)
I0402 19:02:36.540873 27148 data_layer.cpp:73] Restarting data prefetching from start.
I0402 19:02:36.595589 27141 solver.cpp:398]     Test net output #0: accuracy = 0.9859
I0402 19:02:36.595654 27141 solver.cpp:398]     Test net output #1: loss = 0.0685309 (* 1 = 0.0685309 loss)
I0402 19:02:36.624475 27141 solver.cpp:219] Iteration 10800 (14.2976 iter/s, 41.965s/600 iters), loss = 0.000422665
I0402 19:02:36.624542 27141 solver.cpp:238]     Train net output #0: accuracy = 1
I0402 19:02:36.624562 27141 solver.cpp:238]     Train net output #1: loss = 0.000422665 (* 1 = 0.000422665 loss)
I0402 19:02:36.624577 27141 sgd_solver.cpp:107] Iteration 10800, lr = 0.0577368
I0402 19:03:17.510454 27146 data_layer.cpp:73] Restarting data prefetching from start.
I0402 19:03:17.789623 27141 solver.cpp:331] Iteration 11400, Testing net (#0)
I0402 19:03:19.116840 27148 data_layer.cpp:73] Restarting data prefetching from start.
I0402 19:03:19.176142 27141 solver.cpp:398]     Test net output #0: accuracy = 0.9859
I0402 19:03:19.176205 27141 solver.cpp:398]     Test net output #1: loss = 0.0690204 (* 1 = 0.0690204 loss)
I0402 19:03:19.205078 27141 solver.cpp:219] Iteration 11400 (14.0911 iter/s, 42.58s/600 iters), loss = 0.00039664
I0402 19:03:19.205159 27141 solver.cpp:238]     Train net output #0: accuracy = 1
I0402 19:03:19.205179 27141 solver.cpp:238]     Train net output #1: loss = 0.00039664 (* 1 = 0.00039664 loss)
I0402 19:03:19.205193 27141 sgd_solver.cpp:107] Iteration 11400, lr = 0.0565184
I0402 19:04:00.862892 27146 data_layer.cpp:73] Restarting data prefetching from start.
I0402 19:04:01.142769 27141 solver.cpp:331] Iteration 12000, Testing net (#0)
I0402 19:04:02.506522 27148 data_layer.cpp:73] Restarting data prefetching from start.
I0402 19:04:02.560992 27141 solver.cpp:398]     Test net output #0: accuracy = 0.9857
I0402 19:04:02.561063 27141 solver.cpp:398]     Test net output #1: loss = 0.0694017 (* 1 = 0.0694017 loss)
I0402 19:04:02.589869 27141 solver.cpp:219] Iteration 12000 (13.83 iter/s, 43.384s/600 iters), loss = 0.000377692
I0402 19:04:02.589931 27141 solver.cpp:238]     Train net output #0: accuracy = 1
I0402 19:04:02.589951 27141 solver.cpp:238]     Train net output #1: loss = 0.000377692 (* 1 = 0.000377692 loss)
I0402 19:04:02.589965 27141 sgd_solver.cpp:107] Iteration 12000, lr = 0.0553583
I0402 19:04:44.978554 27146 data_layer.cpp:73] Restarting data prefetching from start.
I0402 19:04:45.265183 27141 solver.cpp:331] Iteration 12600, Testing net (#0)
I0402 19:04:46.587443 27148 data_layer.cpp:73] Restarting data prefetching from start.
I0402 19:04:46.641649 27141 solver.cpp:398]     Test net output #0: accuracy = 0.9857
I0402 19:04:46.641712 27141 solver.cpp:398]     Test net output #1: loss = 0.069753 (* 1 = 0.069753 loss)
I0402 19:04:46.674903 27141 solver.cpp:219] Iteration 12600 (13.6104 iter/s, 44.084s/600 iters), loss = 0.000362138
I0402 19:04:46.674970 27141 solver.cpp:238]     Train net output #0: accuracy = 1
I0402 19:04:46.674990 27141 solver.cpp:238]     Train net output #1: loss = 0.000362138 (* 1 = 0.000362138 loss)
I0402 19:04:46.675005 27141 sgd_solver.cpp:107] Iteration 12600, lr = 0.0542524
I0402 19:05:29.981612 27146 data_layer.cpp:73] Restarting data prefetching from start.
I0402 19:05:30.276767 27141 solver.cpp:331] Iteration 13200, Testing net (#0)
I0402 19:05:31.600267 27148 data_layer.cpp:73] Restarting data prefetching from start.
I0402 19:05:31.654405 27141 solver.cpp:398]     Test net output #0: accuracy = 0.9859
I0402 19:05:31.654466 27141 solver.cpp:398]     Test net output #1: loss = 0.0700345 (* 1 = 0.0700345 loss)
I0402 19:05:31.688516 27141 solver.cpp:219] Iteration 13200 (13.3295 iter/s, 45.013s/600 iters), loss = 0.00035176
I0402 19:05:31.688583 27141 solver.cpp:238]     Train net output #0: accuracy = 1
I0402 19:05:31.688602 27141 solver.cpp:238]     Train net output #1: loss = 0.00035176 (* 1 = 0.00035176 loss)
I0402 19:05:31.688617 27141 sgd_solver.cpp:107] Iteration 13200, lr = 0.0531966
I0402 19:06:16.451985 27146 data_layer.cpp:73] Restarting data prefetching from start.
I0402 19:06:16.757256 27141 solver.cpp:331] Iteration 13800, Testing net (#0)
I0402 19:06:18.083112 27148 data_layer.cpp:73] Restarting data prefetching from start.
I0402 19:06:18.137352 27141 solver.cpp:398]     Test net output #0: accuracy = 0.9859
I0402 19:06:18.137416 27141 solver.cpp:398]     Test net output #1: loss = 0.0703118 (* 1 = 0.0703118 loss)
I0402 19:06:18.171056 27141 solver.cpp:219] Iteration 13800 (12.9082 iter/s, 46.482s/600 iters), loss = 0.000342577
I0402 19:06:18.171128 27141 solver.cpp:238]     Train net output #0: accuracy = 1
I0402 19:06:18.171149 27141 solver.cpp:238]     Train net output #1: loss = 0.000342577 (* 1 = 0.000342577 loss)
I0402 19:06:18.171164 27141 sgd_solver.cpp:107] Iteration 13800, lr = 0.0521876
I0402 19:07:04.368048 27146 data_layer.cpp:73] Restarting data prefetching from start.
I0402 19:07:04.682616 27141 solver.cpp:331] Iteration 14400, Testing net (#0)
I0402 19:07:05.991842 27148 data_layer.cpp:73] Restarting data prefetching from start.
I0402 19:07:06.045326 27141 solver.cpp:398]     Test net output #0: accuracy = 0.9858
I0402 19:07:06.045389 27141 solver.cpp:398]     Test net output #1: loss = 0.0705184 (* 1 = 0.0705184 loss)
I0402 19:07:06.073982 27141 solver.cpp:219] Iteration 14400 (12.5256 iter/s, 47.902s/600 iters), loss = 0.000333616
I0402 19:07:06.074064 27141 solver.cpp:238]     Train net output #0: accuracy = 1
I0402 19:07:06.074082 27141 solver.cpp:238]     Train net output #1: loss = 0.000333616 (* 1 = 0.000333616 loss)
I0402 19:07:06.074095 27141 sgd_solver.cpp:107] Iteration 14400, lr = 0.0512221
I0402 19:07:53.932487 27146 data_layer.cpp:73] Restarting data prefetching from start.
I0402 19:07:54.258141 27141 solver.cpp:331] Iteration 15000, Testing net (#0)
I0402 19:07:55.579809 27148 data_layer.cpp:73] Restarting data prefetching from start.
I0402 19:07:55.634451 27141 solver.cpp:398]     Test net output #0: accuracy = 0.9859
I0402 19:07:55.634516 27141 solver.cpp:398]     Test net output #1: loss = 0.0707322 (* 1 = 0.0707322 loss)
I0402 19:07:55.666879 27141 solver.cpp:219] Iteration 15000 (12.0987 iter/s, 49.592s/600 iters), loss = 0.000325147
I0402 19:07:55.666947 27141 solver.cpp:238]     Train net output #0: accuracy = 1
I0402 19:07:55.666967 27141 solver.cpp:238]     Train net output #1: loss = 0.000325147 (* 1 = 0.000325147 loss)
I0402 19:07:55.666982 27141 sgd_solver.cpp:107] Iteration 15000, lr = 0.0502973
I0402 19:08:45.089102 27146 data_layer.cpp:73] Restarting data prefetching from start.
I0402 19:08:45.422464 27141 solver.cpp:331] Iteration 15600, Testing net (#0)
I0402 19:08:46.740484 27148 data_layer.cpp:73] Restarting data prefetching from start.
I0402 19:08:46.793648 27141 solver.cpp:398]     Test net output #0: accuracy = 0.9858
I0402 19:08:46.793711 27141 solver.cpp:398]     Test net output #1: loss = 0.0709446 (* 1 = 0.0709446 loss)
I0402 19:08:46.821806 27141 solver.cpp:219] Iteration 15600 (11.7293 iter/s, 51.154s/600 iters), loss = 0.000316283
I0402 19:08:46.821871 27141 solver.cpp:238]     Train net output #0: accuracy = 1
I0402 19:08:46.821889 27141 solver.cpp:238]     Train net output #1: loss = 0.000316283 (* 1 = 0.000316283 loss)
I0402 19:08:46.821903 27141 sgd_solver.cpp:107] Iteration 15600, lr = 0.0494106
I0402 19:09:37.060922 27146 data_layer.cpp:73] Restarting data prefetching from start.
I0402 19:09:37.404798 27141 solver.cpp:331] Iteration 16200, Testing net (#0)
I0402 19:09:38.732945 27148 data_layer.cpp:73] Restarting data prefetching from start.
I0402 19:09:38.787649 27141 solver.cpp:398]     Test net output #0: accuracy = 0.9857
I0402 19:09:38.787714 27141 solver.cpp:398]     Test net output #1: loss = 0.0711229 (* 1 = 0.0711229 loss)
I0402 19:09:38.816448 27141 solver.cpp:219] Iteration 16200 (11.5398 iter/s, 51.994s/600 iters), loss = 0.00030667
I0402 19:09:38.816514 27141 solver.cpp:238]     Train net output #0: accuracy = 1
I0402 19:09:38.816534 27141 solver.cpp:238]     Train net output #1: loss = 0.00030667 (* 1 = 0.00030667 loss)
I0402 19:09:38.816548 27141 sgd_solver.cpp:107] Iteration 16200, lr = 0.0485595
I0402 19:10:29.746835 27146 data_layer.cpp:73] Restarting data prefetching from start.
I0402 19:10:30.087965 27141 solver.cpp:331] Iteration 16800, Testing net (#0)
I0402 19:10:31.416553 27148 data_layer.cpp:73] Restarting data prefetching from start.
I0402 19:10:31.470679 27141 solver.cpp:398]     Test net output #0: accuracy = 0.9857
I0402 19:10:31.470743 27141 solver.cpp:398]     Test net output #1: loss = 0.071287 (* 1 = 0.071287 loss)
I0402 19:10:31.499397 27141 solver.cpp:219] Iteration 16800 (11.3891 iter/s, 52.682s/600 iters), loss = 0.000301043
I0402 19:10:31.499464 27141 solver.cpp:238]     Train net output #0: accuracy = 1
I0402 19:10:31.499483 27141 solver.cpp:238]     Train net output #1: loss = 0.000301043 (* 1 = 0.000301043 loss)
I0402 19:10:31.499497 27141 sgd_solver.cpp:107] Iteration 16800, lr = 0.0477418
I0402 19:11:22.809137 27146 data_layer.cpp:73] Restarting data prefetching from start.
I0402 19:11:23.154019 27141 solver.cpp:331] Iteration 17400, Testing net (#0)
I0402 19:11:24.479343 27148 data_layer.cpp:73] Restarting data prefetching from start.
I0402 19:11:24.534185 27141 solver.cpp:398]     Test net output #0: accuracy = 0.9857
I0402 19:11:24.534251 27141 solver.cpp:398]     Test net output #1: loss = 0.0714359 (* 1 = 0.0714359 loss)
I0402 19:11:24.563118 27141 solver.cpp:219] Iteration 17400 (11.3073 iter/s, 53.063s/600 iters), loss = 0.000294988
I0402 19:11:24.563185 27141 solver.cpp:238]     Train net output #0: accuracy = 1
I0402 19:11:24.563205 27141 solver.cpp:238]     Train net output #1: loss = 0.000294988 (* 1 = 0.000294988 loss)
I0402 19:11:24.563218 27141 sgd_solver.cpp:107] Iteration 17400, lr = 0.0469556
I0402 19:12:16.300942 27146 data_layer.cpp:73] Restarting data prefetching from start.
I0402 19:12:16.645984 27141 solver.cpp:448] Snapshotting to binary proto file _iter_18000.caffemodel
I0402 19:12:16.693919 27141 sgd_solver.cpp:287] Snapshotting solver state to binary proto file _iter_18000.solverstate
I0402 19:12:16.734730 27141 solver.cpp:311] Iteration 18000, loss = 0.000292875
I0402 19:12:16.734784 27141 solver.cpp:331] Iteration 18000, Testing net (#0)
I0402 19:12:18.068045 27148 data_layer.cpp:73] Restarting data prefetching from start.
I0402 19:12:18.122715 27141 solver.cpp:398]     Test net output #0: accuracy = 0.9857
I0402 19:12:18.122779 27141 solver.cpp:398]     Test net output #1: loss = 0.0715547 (* 1 = 0.0715547 loss)
I0402 19:12:18.122793 27141 solver.cpp:316] Optimization Done.
I0402 19:12:18.122802 27141 caffe_double.cpp:259] Optimization Done.
