I0331 11:45:53.809026 12571 caffe_double.cpp:211] Use CPU.
I0331 11:45:53.809584 12571 solver.cpp:44] Initializing solver from parameters: 
test_iter: 100
test_interval: 600
base_lr: 0.1
display: 600
max_iter: 18000
lr_policy: "inv"
gamma: 0.0001
power: 0.75
momentum: 0.9
solver_mode: CPU
net_param {
  name: "LeNet"
  layer {
    name: "mnist"
    type: "Data"
    top: "data"
    top: "label"
    include {
      phase: TRAIN
    }
    transform_param {
      scale: 0.00390625
    }
    data_param {
      source: "data/mnist_train_lmdb"
      batch_size: 100
      backend: LMDB
    }
  }
  layer {
    name: "mnist"
    type: "Data"
    top: "data"
    top: "label"
    include {
      phase: TEST
    }
    transform_param {
      scale: 0.00390625
    }
    data_param {
      source: "data/mnist_test_lmdb"
      batch_size: 100
      backend: LMDB
    }
  }
  layer {
    name: "ip1"
    type: "InnerProduct"
    bottom: "data"
    top: "ip1"
    inner_product_param {
      num_output: 1000
      weight_filler {
        type: "gaussian"
        mean: 0
        std: 0.01
      }
    }
    bias_param {
      filler {
        value: 0
      }
    }
    fixed_precision: true
    precision {
      enter: 8
      fraccio: 8
      rounding: "nearest"
    }
  }
  layer {
    name: "relu1"
    type: "ReLU"
    bottom: "ip1"
    top: "ip1"
    fixed_precision: true
    precision {
      enter: 8
      fraccio: 8
      rounding: "nearest"
    }
  }
  layer {
    name: "ip2"
    type: "InnerProduct"
    bottom: "ip1"
    top: "ip2"
    inner_product_param {
      num_output: 1000
      weight_filler {
        type: "gaussian"
        mean: 0
        std: 0.01
      }
    }
    bias_param {
      filler {
        value: 0
      }
    }
    fixed_precision: true
    precision {
      enter: 8
      fraccio: 8
      rounding: "nearest"
    }
  }
  layer {
    name: "relu2"
    type: "ReLU"
    bottom: "ip2"
    top: "ip2"
    bias_param {
      filler {
        value: 0
      }
    }
    fixed_precision: true
    precision {
      enter: 8
      fraccio: 8
      rounding: "nearest"
    }
  }
  layer {
    name: "ip3"
    type: "InnerProduct"
    bottom: "ip2"
    top: "ip3"
    inner_product_param {
      num_output: 10
      weight_filler {
        type: "gaussian"
        mean: 0
        std: 0.01
      }
    }
    bias_param {
      filler {
        value: 0
      }
    }
    fixed_precision: true
    precision {
      enter: 8
      fraccio: 8
      rounding: "nearest"
    }
  }
  layer {
    name: "accuracy"
    type: "Accuracy"
    bottom: "ip3"
    bottom: "label"
    top: "accuracy"
  }
  layer {
    name: "loss"
    type: "SoftmaxWithLoss"
    bottom: "ip3"
    bottom: "label"
    top: "loss"
    fixed_precision: true
    precision {
      enter: 8
      fraccio: 8
      rounding: "nearest"
    }
  }
}
train_state {
  level: 0
  stage: ""
}
fixed_precision: true
precision {
  enter: 8
  fraccio: 8
  rounding: "nearest"
}
I0331 11:45:53.809645 12571 solver.cpp:82] Creating training net specified in net_param.
I0331 11:45:53.809710 12571 net.cpp:294] The NetState phase (0) differed from the phase (1) specified by a rule in layer mnist
I0331 11:45:53.809882 12571 net.cpp:51] Initializing net from parameters: 
name: "LeNet"
state {
  phase: TRAIN
  level: 0
  stage: ""
}
layer {
  name: "mnist"
  type: "Data"
  top: "data"
  top: "label"
  include {
    phase: TRAIN
  }
  transform_param {
    scale: 0.00390625
  }
  data_param {
    source: "data/mnist_train_lmdb"
    batch_size: 100
    backend: LMDB
  }
}
layer {
  name: "ip1"
  type: "InnerProduct"
  bottom: "data"
  top: "ip1"
  inner_product_param {
    num_output: 1000
    weight_filler {
      type: "gaussian"
      mean: 0
      std: 0.01
    }
  }
  bias_param {
    filler {
      value: 0
    }
  }
  fixed_precision: true
  precision {
    enter: 8
    fraccio: 8
    rounding: "nearest"
  }
}
layer {
  name: "relu1"
  type: "ReLU"
  bottom: "ip1"
  top: "ip1"
  fixed_precision: true
  precision {
    enter: 8
    fraccio: 8
    rounding: "nearest"
  }
}
layer {
  name: "ip2"
  type: "InnerProduct"
  bottom: "ip1"
  top: "ip2"
  inner_product_param {
    num_output: 1000
    weight_filler {
      type: "gaussian"
      mean: 0
      std: 0.01
    }
  }
  bias_param {
    filler {
      value: 0
    }
  }
  fixed_precision: true
  precision {
    enter: 8
    fraccio: 8
    rounding: "nearest"
  }
}
layer {
  name: "relu2"
  type: "ReLU"
  bottom: "ip2"
  top: "ip2"
  bias_param {
    filler {
      value: 0
    }
  }
  fixed_precision: true
  precision {
    enter: 8
    fraccio: 8
    rounding: "nearest"
  }
}
layer {
  name: "ip3"
  type: "InnerProduct"
  bottom: "ip2"
  top: "ip3"
  inner_product_param {
    num_output: 10
    weight_filler {
      type: "gaussian"
      mean: 0
      std: 0.01
    }
  }
  bias_param {
    filler {
      value: 0
    }
  }
  fixed_precision: true
  precision {
    enter: 8
    fraccio: 8
    rounding: "nearest"
  }
}
layer {
  name: "accuracy"
  type: "Accuracy"
  bottom: "ip3"
  bottom: "label"
  top: "accuracy"
}
layer {
  name: "loss"
  type: "SoftmaxWithLoss"
  bottom: "ip3"
  bottom: "label"
  top: "loss"
  fixed_precision: true
  precision {
    enter: 8
    fraccio: 8
    rounding: "nearest"
  }
}
I0331 11:45:53.810016 12571 layer_factory.hpp:77] Creating layer mnist
I0331 11:45:53.810144 12571 db_lmdb.cpp:35] Opened lmdb data/mnist_train_lmdb
I0331 11:45:53.810178 12571 net.cpp:84] Creating Layer mnist
I0331 11:45:53.810194 12571 net.cpp:380] mnist -> data
I0331 11:45:53.810227 12571 net.cpp:380] mnist -> label
I0331 11:45:53.810271 12571 data_layer.cpp:45] output data size: 100,1,28,28
I0331 11:45:53.812059 12571 net.cpp:122] Setting up mnist
I0331 11:45:53.812100 12571 net.cpp:129] Top shape: 100 1 28 28 (78400)
I0331 11:45:53.812111 12571 net.cpp:129] Top shape: 100 (100)
I0331 11:45:53.812119 12571 net.cpp:137] Memory required for data: 628000
I0331 11:45:53.812134 12571 layer_factory.hpp:77] Creating layer label_mnist_1_split
I0331 11:45:53.812160 12571 net.cpp:84] Creating Layer label_mnist_1_split
I0331 11:45:53.812171 12571 net.cpp:406] label_mnist_1_split <- label
I0331 11:45:53.812191 12571 net.cpp:380] label_mnist_1_split -> label_mnist_1_split_0
I0331 11:45:53.812208 12571 net.cpp:380] label_mnist_1_split -> label_mnist_1_split_1
I0331 11:45:53.812225 12571 net.cpp:122] Setting up label_mnist_1_split
I0331 11:45:53.812238 12571 net.cpp:129] Top shape: 100 (100)
I0331 11:45:53.812247 12571 net.cpp:129] Top shape: 100 (100)
I0331 11:45:53.812253 12571 net.cpp:137] Memory required for data: 629600
I0331 11:45:53.812260 12571 layer_factory.hpp:77] Creating layer ip1
I0331 11:45:53.812280 12571 net.cpp:84] Creating Layer ip1
I0331 11:45:53.812288 12571 net.cpp:406] ip1 <- data
I0331 11:45:53.812297 12571 net.cpp:380] ip1 -> ip1
I0331 11:45:53.934515 12571 net.cpp:122] Setting up ip1
I0331 11:45:53.934552 12571 net.cpp:129] Top shape: 100 1000 (100000)
I0331 11:45:53.934561 12571 net.cpp:137] Memory required for data: 1429600
I0331 11:45:53.934586 12571 layer_factory.hpp:77] Creating layer relu1
I0331 11:45:53.934604 12571 net.cpp:84] Creating Layer relu1
I0331 11:45:53.934615 12571 net.cpp:406] relu1 <- ip1
I0331 11:45:53.934626 12571 net.cpp:367] relu1 -> ip1 (in-place)
I0331 11:45:53.934648 12571 net.cpp:122] Setting up relu1
I0331 11:45:53.934658 12571 net.cpp:129] Top shape: 100 1000 (100000)
I0331 11:45:53.934664 12571 net.cpp:137] Memory required for data: 2229600
I0331 11:45:53.934670 12571 layer_factory.hpp:77] Creating layer ip2
I0331 11:45:53.934685 12571 net.cpp:84] Creating Layer ip2
I0331 11:45:53.934691 12571 net.cpp:406] ip2 <- ip1
I0331 11:45:53.934702 12571 net.cpp:380] ip2 -> ip2
I0331 11:45:54.007597 12571 net.cpp:122] Setting up ip2
I0331 11:45:54.007645 12571 net.cpp:129] Top shape: 100 1000 (100000)
I0331 11:45:54.007654 12571 net.cpp:137] Memory required for data: 3029600
I0331 11:45:54.007671 12571 layer_factory.hpp:77] Creating layer relu2
I0331 11:45:54.007688 12571 net.cpp:84] Creating Layer relu2
I0331 11:45:54.007696 12571 net.cpp:406] relu2 <- ip2
I0331 11:45:54.007705 12571 net.cpp:367] relu2 -> ip2 (in-place)
I0331 11:45:54.007740 12571 net.cpp:122] Setting up relu2
I0331 11:45:54.007766 12571 net.cpp:129] Top shape: 100 1000 (100000)
I0331 11:45:54.007769 12571 net.cpp:137] Memory required for data: 3829600
I0331 11:45:54.007773 12571 layer_factory.hpp:77] Creating layer ip3
I0331 11:45:54.007781 12571 net.cpp:84] Creating Layer ip3
I0331 11:45:54.007786 12571 net.cpp:406] ip3 <- ip2
I0331 11:45:54.007791 12571 net.cpp:380] ip3 -> ip3
I0331 11:45:54.008533 12571 net.cpp:122] Setting up ip3
I0331 11:45:54.008540 12571 net.cpp:129] Top shape: 100 10 (1000)
I0331 11:45:54.008555 12571 net.cpp:137] Memory required for data: 3837600
I0331 11:45:54.008563 12571 layer_factory.hpp:77] Creating layer ip3_ip3_0_split
I0331 11:45:54.008569 12571 net.cpp:84] Creating Layer ip3_ip3_0_split
I0331 11:45:54.008574 12571 net.cpp:406] ip3_ip3_0_split <- ip3
I0331 11:45:54.008580 12571 net.cpp:380] ip3_ip3_0_split -> ip3_ip3_0_split_0
I0331 11:45:54.008587 12571 net.cpp:380] ip3_ip3_0_split -> ip3_ip3_0_split_1
I0331 11:45:54.008596 12571 net.cpp:122] Setting up ip3_ip3_0_split
I0331 11:45:54.008602 12571 net.cpp:129] Top shape: 100 10 (1000)
I0331 11:45:54.008606 12571 net.cpp:129] Top shape: 100 10 (1000)
I0331 11:45:54.008610 12571 net.cpp:137] Memory required for data: 3853600
I0331 11:45:54.008613 12571 layer_factory.hpp:77] Creating layer accuracy
I0331 11:45:54.008620 12571 net.cpp:84] Creating Layer accuracy
I0331 11:45:54.008625 12571 net.cpp:406] accuracy <- ip3_ip3_0_split_0
I0331 11:45:54.008630 12571 net.cpp:406] accuracy <- label_mnist_1_split_0
I0331 11:45:54.008636 12571 net.cpp:380] accuracy -> accuracy
I0331 11:45:54.008644 12571 net.cpp:122] Setting up accuracy
I0331 11:45:54.008649 12571 net.cpp:129] Top shape: (1)
I0331 11:45:54.008653 12571 net.cpp:137] Memory required for data: 3853608
I0331 11:45:54.008657 12571 layer_factory.hpp:77] Creating layer loss
I0331 11:45:54.008668 12571 net.cpp:84] Creating Layer loss
I0331 11:45:54.008672 12571 net.cpp:406] loss <- ip3_ip3_0_split_1
I0331 11:45:54.008677 12571 net.cpp:406] loss <- label_mnist_1_split_1
I0331 11:45:54.008682 12571 net.cpp:380] loss -> loss
I0331 11:45:54.008695 12571 layer_factory.hpp:77] Creating layer loss
I0331 11:45:54.008713 12571 net.cpp:122] Setting up loss
I0331 11:45:54.008719 12571 net.cpp:129] Top shape: (1)
I0331 11:45:54.008723 12571 net.cpp:132]     with loss weight 1
I0331 11:45:54.008744 12571 net.cpp:137] Memory required for data: 3853616
I0331 11:45:54.008747 12571 net.cpp:198] loss needs backward computation.
I0331 11:45:54.008751 12571 net.cpp:200] accuracy does not need backward computation.
I0331 11:45:54.008756 12571 net.cpp:198] ip3_ip3_0_split needs backward computation.
I0331 11:45:54.008760 12571 net.cpp:198] ip3 needs backward computation.
I0331 11:45:54.008764 12571 net.cpp:198] relu2 needs backward computation.
I0331 11:45:54.008769 12571 net.cpp:198] ip2 needs backward computation.
I0331 11:45:54.008772 12571 net.cpp:198] relu1 needs backward computation.
I0331 11:45:54.008776 12571 net.cpp:198] ip1 needs backward computation.
I0331 11:45:54.008782 12571 net.cpp:200] label_mnist_1_split does not need backward computation.
I0331 11:45:54.008786 12571 net.cpp:200] mnist does not need backward computation.
I0331 11:45:54.008790 12571 net.cpp:242] This network produces output accuracy
I0331 11:45:54.008795 12571 net.cpp:242] This network produces output loss
I0331 11:45:54.008803 12571 net.cpp:255] Network initialization done.
I0331 11:45:54.008855 12571 solver.cpp:173] Creating test net (#0) specified by net_param
I0331 11:45:54.008873 12571 net.cpp:294] The NetState phase (1) differed from the phase (0) specified by a rule in layer mnist
I0331 11:45:54.008986 12571 net.cpp:51] Initializing net from parameters: 
name: "LeNet"
state {
  phase: TEST
}
layer {
  name: "mnist"
  type: "Data"
  top: "data"
  top: "label"
  include {
    phase: TEST
  }
  transform_param {
    scale: 0.00390625
  }
  data_param {
    source: "data/mnist_test_lmdb"
    batch_size: 100
    backend: LMDB
  }
}
layer {
  name: "ip1"
  type: "InnerProduct"
  bottom: "data"
  top: "ip1"
  inner_product_param {
    num_output: 1000
    weight_filler {
      type: "gaussian"
      mean: 0
      std: 0.01
    }
  }
  bias_param {
    filler {
      value: 0
    }
  }
  fixed_precision: true
  precision {
    enter: 8
    fraccio: 8
    rounding: "nearest"
  }
}
layer {
  name: "relu1"
  type: "ReLU"
  bottom: "ip1"
  top: "ip1"
  fixed_precision: true
  precision {
    enter: 8
    fraccio: 8
    rounding: "nearest"
  }
}
layer {
  name: "ip2"
  type: "InnerProduct"
  bottom: "ip1"
  top: "ip2"
  inner_product_param {
    num_output: 1000
    weight_filler {
      type: "gaussian"
      mean: 0
      std: 0.01
    }
  }
  bias_param {
    filler {
      value: 0
    }
  }
  fixed_precision: true
  precision {
    enter: 8
    fraccio: 8
    rounding: "nearest"
  }
}
layer {
  name: "relu2"
  type: "ReLU"
  bottom: "ip2"
  top: "ip2"
  bias_param {
    filler {
      value: 0
    }
  }
  fixed_precision: true
  precision {
    enter: 8
    fraccio: 8
    rounding: "nearest"
  }
}
layer {
  name: "ip3"
  type: "InnerProduct"
  bottom: "ip2"
  top: "ip3"
  inner_product_param {
    num_output: 10
    weight_filler {
      type: "gaussian"
      mean: 0
      std: 0.01
    }
  }
  bias_param {
    filler {
      value: 0
    }
  }
  fixed_precision: true
  precision {
    enter: 8
    fraccio: 8
    rounding: "nearest"
  }
}
layer {
  name: "accuracy"
  type: "Accuracy"
  bottom: "ip3"
  bottom: "label"
  top: "accuracy"
}
layer {
  name: "loss"
  type: "SoftmaxWithLoss"
  bottom: "ip3"
  bottom: "label"
  top: "loss"
  fixed_precision: true
  precision {
    enter: 8
    fraccio: 8
    rounding: "nearest"
  }
}
I0331 11:45:54.009048 12571 layer_factory.hpp:77] Creating layer mnist
I0331 11:45:54.009105 12571 db_lmdb.cpp:35] Opened lmdb data/mnist_test_lmdb
I0331 11:45:54.009119 12571 net.cpp:84] Creating Layer mnist
I0331 11:45:54.009126 12571 net.cpp:380] mnist -> data
I0331 11:45:54.009135 12571 net.cpp:380] mnist -> label
I0331 11:45:54.009150 12571 data_layer.cpp:45] output data size: 100,1,28,28
I0331 11:45:54.009907 12571 net.cpp:122] Setting up mnist
I0331 11:45:54.009917 12571 net.cpp:129] Top shape: 100 1 28 28 (78400)
I0331 11:45:54.009922 12571 net.cpp:129] Top shape: 100 (100)
I0331 11:45:54.009925 12571 net.cpp:137] Memory required for data: 628000
I0331 11:45:54.009929 12571 layer_factory.hpp:77] Creating layer label_mnist_1_split
I0331 11:45:54.009937 12571 net.cpp:84] Creating Layer label_mnist_1_split
I0331 11:45:54.009940 12571 net.cpp:406] label_mnist_1_split <- label
I0331 11:45:54.009948 12571 net.cpp:380] label_mnist_1_split -> label_mnist_1_split_0
I0331 11:45:54.009953 12571 net.cpp:380] label_mnist_1_split -> label_mnist_1_split_1
I0331 11:45:54.009963 12571 net.cpp:122] Setting up label_mnist_1_split
I0331 11:45:54.009968 12571 net.cpp:129] Top shape: 100 (100)
I0331 11:45:54.009971 12571 net.cpp:129] Top shape: 100 (100)
I0331 11:45:54.009974 12571 net.cpp:137] Memory required for data: 629600
I0331 11:45:54.009979 12571 layer_factory.hpp:77] Creating layer ip1
I0331 11:45:54.009987 12571 net.cpp:84] Creating Layer ip1
I0331 11:45:54.009991 12571 net.cpp:406] ip1 <- data
I0331 11:45:54.009996 12571 net.cpp:380] ip1 -> ip1
I0331 11:45:54.063632 12571 net.cpp:122] Setting up ip1
I0331 11:45:54.063675 12571 net.cpp:129] Top shape: 100 1000 (100000)
I0331 11:45:54.063680 12571 net.cpp:137] Memory required for data: 1429600
I0331 11:45:54.063694 12571 layer_factory.hpp:77] Creating layer relu1
I0331 11:45:54.063706 12571 net.cpp:84] Creating Layer relu1
I0331 11:45:54.063711 12571 net.cpp:406] relu1 <- ip1
I0331 11:45:54.063717 12571 net.cpp:367] relu1 -> ip1 (in-place)
I0331 11:45:54.063725 12571 net.cpp:122] Setting up relu1
I0331 11:45:54.063730 12571 net.cpp:129] Top shape: 100 1000 (100000)
I0331 11:45:54.063733 12571 net.cpp:137] Memory required for data: 2229600
I0331 11:45:54.063737 12571 layer_factory.hpp:77] Creating layer ip2
I0331 11:45:54.063748 12571 net.cpp:84] Creating Layer ip2
I0331 11:45:54.063752 12571 net.cpp:406] ip2 <- ip1
I0331 11:45:54.063758 12571 net.cpp:380] ip2 -> ip2
I0331 11:45:54.131531 12571 net.cpp:122] Setting up ip2
I0331 11:45:54.131583 12571 net.cpp:129] Top shape: 100 1000 (100000)
I0331 11:45:54.131588 12571 net.cpp:137] Memory required for data: 3029600
I0331 11:45:54.131602 12571 layer_factory.hpp:77] Creating layer relu2
I0331 11:45:54.131613 12571 net.cpp:84] Creating Layer relu2
I0331 11:45:54.131618 12571 net.cpp:406] relu2 <- ip2
I0331 11:45:54.131625 12571 net.cpp:367] relu2 -> ip2 (in-place)
I0331 11:45:54.131634 12571 net.cpp:122] Setting up relu2
I0331 11:45:54.131639 12571 net.cpp:129] Top shape: 100 1000 (100000)
I0331 11:45:54.131644 12571 net.cpp:137] Memory required for data: 3829600
I0331 11:45:54.131646 12571 layer_factory.hpp:77] Creating layer ip3
I0331 11:45:54.131654 12571 net.cpp:84] Creating Layer ip3
I0331 11:45:54.131659 12571 net.cpp:406] ip3 <- ip2
I0331 11:45:54.131664 12571 net.cpp:380] ip3 -> ip3
I0331 11:45:54.132393 12571 net.cpp:122] Setting up ip3
I0331 11:45:54.132416 12571 net.cpp:129] Top shape: 100 10 (1000)
I0331 11:45:54.132421 12571 net.cpp:137] Memory required for data: 3837600
I0331 11:45:54.132428 12571 layer_factory.hpp:77] Creating layer ip3_ip3_0_split
I0331 11:45:54.132434 12571 net.cpp:84] Creating Layer ip3_ip3_0_split
I0331 11:45:54.132437 12571 net.cpp:406] ip3_ip3_0_split <- ip3
I0331 11:45:54.132443 12571 net.cpp:380] ip3_ip3_0_split -> ip3_ip3_0_split_0
I0331 11:45:54.132452 12571 net.cpp:380] ip3_ip3_0_split -> ip3_ip3_0_split_1
I0331 11:45:54.132459 12571 net.cpp:122] Setting up ip3_ip3_0_split
I0331 11:45:54.132464 12571 net.cpp:129] Top shape: 100 10 (1000)
I0331 11:45:54.132468 12571 net.cpp:129] Top shape: 100 10 (1000)
I0331 11:45:54.132472 12571 net.cpp:137] Memory required for data: 3853600
I0331 11:45:54.132474 12571 layer_factory.hpp:77] Creating layer accuracy
I0331 11:45:54.132483 12571 net.cpp:84] Creating Layer accuracy
I0331 11:45:54.132486 12571 net.cpp:406] accuracy <- ip3_ip3_0_split_0
I0331 11:45:54.132491 12571 net.cpp:406] accuracy <- label_mnist_1_split_0
I0331 11:45:54.132496 12571 net.cpp:380] accuracy -> accuracy
I0331 11:45:54.132503 12571 net.cpp:122] Setting up accuracy
I0331 11:45:54.132508 12571 net.cpp:129] Top shape: (1)
I0331 11:45:54.132513 12571 net.cpp:137] Memory required for data: 3853608
I0331 11:45:54.132515 12571 layer_factory.hpp:77] Creating layer loss
I0331 11:45:54.132521 12571 net.cpp:84] Creating Layer loss
I0331 11:45:54.132525 12571 net.cpp:406] loss <- ip3_ip3_0_split_1
I0331 11:45:54.132529 12571 net.cpp:406] loss <- label_mnist_1_split_1
I0331 11:45:54.132536 12571 net.cpp:380] loss -> loss
I0331 11:45:54.132544 12571 layer_factory.hpp:77] Creating layer loss
I0331 11:45:54.132560 12571 net.cpp:122] Setting up loss
I0331 11:45:54.132565 12571 net.cpp:129] Top shape: (1)
I0331 11:45:54.132570 12571 net.cpp:132]     with loss weight 1
I0331 11:45:54.132580 12571 net.cpp:137] Memory required for data: 3853616
I0331 11:45:54.132585 12571 net.cpp:198] loss needs backward computation.
I0331 11:45:54.132588 12571 net.cpp:200] accuracy does not need backward computation.
I0331 11:45:54.132591 12571 net.cpp:198] ip3_ip3_0_split needs backward computation.
I0331 11:45:54.132596 12571 net.cpp:198] ip3 needs backward computation.
I0331 11:45:54.132601 12571 net.cpp:198] relu2 needs backward computation.
I0331 11:45:54.132603 12571 net.cpp:198] ip2 needs backward computation.
I0331 11:45:54.132606 12571 net.cpp:198] relu1 needs backward computation.
I0331 11:45:54.132609 12571 net.cpp:198] ip1 needs backward computation.
I0331 11:45:54.132613 12571 net.cpp:200] label_mnist_1_split does not need backward computation.
I0331 11:45:54.132618 12571 net.cpp:200] mnist does not need backward computation.
I0331 11:45:54.132622 12571 net.cpp:242] This network produces output accuracy
I0331 11:45:54.132625 12571 net.cpp:242] This network produces output loss
I0331 11:45:54.132635 12571 net.cpp:255] Network initialization done.
I0331 11:45:54.132674 12571 solver.cpp:56] Solver scaffolding done.
I0331 11:45:54.132694 12571 caffe_double.cpp:248] Starting Optimization
I0331 11:45:54.132702 12571 solver.cpp:273] Solving LeNet
I0331 11:45:54.132710 12571 solver.cpp:274] Learning Rate Policy: inv
I0331 11:45:54.135522 12571 solver.cpp:331] Iteration 0, Testing net (#0)
I0331 11:45:55.473304 12578 data_layer.cpp:73] Restarting data prefetching from start.
I0331 11:45:55.528782 12571 solver.cpp:398]     Test net output #0: accuracy = 0.1141
I0331 11:45:55.528847 12571 solver.cpp:398]     Test net output #1: loss = 2.30262 (* 1 = 2.30262 loss)
I0331 11:45:55.558850 12571 solver.cpp:219] Iteration 0 (-7.9874e-44 iter/s, 1.426s/600 iters), loss = 2.3027
I0331 11:45:55.558915 12571 solver.cpp:238]     Train net output #0: accuracy = 0.13
I0331 11:45:55.558938 12571 solver.cpp:238]     Train net output #1: loss = 2.3027 (* 1 = 2.3027 loss)
I0331 11:45:55.558954 12571 sgd_solver.cpp:107] Iteration 0, lr = 0.1
I0331 11:46:26.140961 12576 data_layer.cpp:73] Restarting data prefetching from start.
I0331 11:46:26.347664 12571 solver.cpp:331] Iteration 600, Testing net (#0)
I0331 11:46:27.684141 12578 data_layer.cpp:73] Restarting data prefetching from start.
I0331 11:46:27.738612 12571 solver.cpp:398]     Test net output #0: accuracy = 0.8166
I0331 11:46:27.738678 12571 solver.cpp:398]     Test net output #1: loss = 0.682888 (* 1 = 0.682888 loss)
I0331 11:46:27.767478 12571 solver.cpp:219] Iteration 600 (18.6289 iter/s, 32.208s/600 iters), loss = 0.536034
I0331 11:46:27.767546 12571 solver.cpp:238]     Train net output #0: accuracy = 0.85
I0331 11:46:27.767570 12571 solver.cpp:238]     Train net output #1: loss = 0.536034 (* 1 = 0.536034 loss)
I0331 11:46:27.767585 12571 sgd_solver.cpp:107] Iteration 600, lr = 0.0957239
I0331 11:46:58.317816 12576 data_layer.cpp:73] Restarting data prefetching from start.
I0331 11:46:58.519925 12571 solver.cpp:331] Iteration 1200, Testing net (#0)
I0331 11:46:59.865918 12578 data_layer.cpp:73] Restarting data prefetching from start.
I0331 11:46:59.921921 12571 solver.cpp:398]     Test net output #0: accuracy = 0.9054
I0331 11:46:59.921986 12571 solver.cpp:398]     Test net output #1: loss = 0.3773 (* 1 = 0.3773 loss)
I0331 11:46:59.950414 12571 solver.cpp:219] Iteration 1200 (18.644 iter/s, 32.182s/600 iters), loss = 0.200201
I0331 11:46:59.950486 12571 solver.cpp:238]     Train net output #0: accuracy = 0.96
I0331 11:46:59.950510 12571 solver.cpp:238]     Train net output #1: loss = 0.200201 (* 1 = 0.200201 loss)
I0331 11:46:59.950528 12571 sgd_solver.cpp:107] Iteration 1200, lr = 0.0918516
I0331 11:47:30.429718 12576 data_layer.cpp:73] Restarting data prefetching from start.
I0331 11:47:30.630554 12571 solver.cpp:331] Iteration 1800, Testing net (#0)
I0331 11:47:31.969118 12578 data_layer.cpp:73] Restarting data prefetching from start.
I0331 11:47:32.023422 12571 solver.cpp:398]     Test net output #0: accuracy = 0.9114
I0331 11:47:32.023488 12571 solver.cpp:398]     Test net output #1: loss = 0.336909 (* 1 = 0.336909 loss)
I0331 11:47:32.052346 12571 solver.cpp:219] Iteration 1800 (18.691 iter/s, 32.101s/600 iters), loss = 0.191719
I0331 11:47:32.052414 12571 solver.cpp:238]     Train net output #0: accuracy = 0.94
I0331 11:47:32.052438 12571 solver.cpp:238]     Train net output #1: loss = 0.191719 (* 1 = 0.191719 loss)
I0331 11:47:32.052453 12571 sgd_solver.cpp:107] Iteration 1800, lr = 0.088326
I0331 11:48:02.512497 12576 data_layer.cpp:73] Restarting data prefetching from start.
I0331 11:48:02.716395 12571 solver.cpp:331] Iteration 2400, Testing net (#0)
I0331 11:48:04.043042 12578 data_layer.cpp:73] Restarting data prefetching from start.
I0331 11:48:04.097151 12571 solver.cpp:398]     Test net output #0: accuracy = 0.9124
I0331 11:48:04.097216 12571 solver.cpp:398]     Test net output #1: loss = 0.337481 (* 1 = 0.337481 loss)
I0331 11:48:04.125825 12571 solver.cpp:219] Iteration 2400 (18.7073 iter/s, 32.073s/600 iters), loss = 0.183684
I0331 11:48:04.125893 12571 solver.cpp:238]     Train net output #0: accuracy = 0.97
I0331 11:48:04.125916 12571 solver.cpp:238]     Train net output #1: loss = 0.183684 (* 1 = 0.183684 loss)
I0331 11:48:04.125932 12571 sgd_solver.cpp:107] Iteration 2400, lr = 0.0851008
I0331 11:48:34.745751 12576 data_layer.cpp:73] Restarting data prefetching from start.
I0331 11:48:34.946132 12571 solver.cpp:331] Iteration 3000, Testing net (#0)
I0331 11:48:36.272907 12578 data_layer.cpp:73] Restarting data prefetching from start.
I0331 11:48:36.327239 12571 solver.cpp:398]     Test net output #0: accuracy = 0.9304
I0331 11:48:36.327304 12571 solver.cpp:398]     Test net output #1: loss = 0.272705 (* 1 = 0.272705 loss)
I0331 11:48:36.356096 12571 solver.cpp:219] Iteration 3000 (18.6162 iter/s, 32.23s/600 iters), loss = 0.121274
I0331 11:48:36.356164 12571 solver.cpp:238]     Train net output #0: accuracy = 0.96
I0331 11:48:36.356187 12571 solver.cpp:238]     Train net output #1: loss = 0.121274 (* 1 = 0.121274 loss)
I0331 11:48:36.356202 12571 sgd_solver.cpp:107] Iteration 3000, lr = 0.0821377
I0331 11:49:06.716096 12576 data_layer.cpp:73] Restarting data prefetching from start.
I0331 11:49:06.917376 12571 solver.cpp:331] Iteration 3600, Testing net (#0)
I0331 11:49:08.246158 12578 data_layer.cpp:73] Restarting data prefetching from start.
I0331 11:49:08.300422 12571 solver.cpp:398]     Test net output #0: accuracy = 0.9297
I0331 11:49:08.300488 12571 solver.cpp:398]     Test net output #1: loss = 0.283412 (* 1 = 0.283412 loss)
I0331 11:49:08.329161 12571 solver.cpp:219] Iteration 3600 (18.7664 iter/s, 31.972s/600 iters), loss = 0.131137
I0331 11:49:08.329227 12571 solver.cpp:238]     Train net output #0: accuracy = 0.97
I0331 11:49:08.329249 12571 solver.cpp:238]     Train net output #1: loss = 0.131137 (* 1 = 0.131137 loss)
I0331 11:49:08.329264 12571 sgd_solver.cpp:107] Iteration 3600, lr = 0.0794046
I0331 11:49:38.640177 12576 data_layer.cpp:73] Restarting data prefetching from start.
I0331 11:49:38.848147 12571 solver.cpp:331] Iteration 4200, Testing net (#0)
I0331 11:49:40.181674 12578 data_layer.cpp:73] Restarting data prefetching from start.
I0331 11:49:40.235980 12571 solver.cpp:398]     Test net output #0: accuracy = 0.9326
I0331 11:49:40.236044 12571 solver.cpp:398]     Test net output #1: loss = 0.25896 (* 1 = 0.25896 loss)
I0331 11:49:40.264662 12571 solver.cpp:219] Iteration 4200 (18.7882 iter/s, 31.935s/600 iters), loss = 0.132311
I0331 11:49:40.264729 12571 solver.cpp:238]     Train net output #0: accuracy = 0.96
I0331 11:49:40.264750 12571 solver.cpp:238]     Train net output #1: loss = 0.132311 (* 1 = 0.132311 loss)
I0331 11:49:40.264766 12571 sgd_solver.cpp:107] Iteration 4200, lr = 0.0768748
I0331 11:50:10.669682 12576 data_layer.cpp:73] Restarting data prefetching from start.
I0331 11:50:10.870743 12571 solver.cpp:331] Iteration 4800, Testing net (#0)
I0331 11:50:12.204869 12578 data_layer.cpp:73] Restarting data prefetching from start.
I0331 11:50:12.258955 12571 solver.cpp:398]     Test net output #0: accuracy = 0.9295
I0331 11:50:12.259021 12571 solver.cpp:398]     Test net output #1: loss = 0.263748 (* 1 = 0.263748 loss)
I0331 11:50:12.287806 12571 solver.cpp:219] Iteration 4800 (18.7365 iter/s, 32.023s/600 iters), loss = 0.155852
I0331 11:50:12.287874 12571 solver.cpp:238]     Train net output #0: accuracy = 0.96
I0331 11:50:12.287896 12571 solver.cpp:238]     Train net output #1: loss = 0.155852 (* 1 = 0.155852 loss)
I0331 11:50:12.287912 12571 sgd_solver.cpp:107] Iteration 4800, lr = 0.0745253
I0331 11:50:42.742692 12576 data_layer.cpp:73] Restarting data prefetching from start.
I0331 11:50:42.943169 12571 solver.cpp:331] Iteration 5400, Testing net (#0)
I0331 11:50:44.278650 12578 data_layer.cpp:73] Restarting data prefetching from start.
I0331 11:50:44.332733 12571 solver.cpp:398]     Test net output #0: accuracy = 0.9346
I0331 11:50:44.332799 12571 solver.cpp:398]     Test net output #1: loss = 0.251677 (* 1 = 0.251677 loss)
I0331 11:50:44.361313 12571 solver.cpp:219] Iteration 5400 (18.7073 iter/s, 32.073s/600 iters), loss = 0.149102
I0331 11:50:44.361379 12571 solver.cpp:238]     Train net output #0: accuracy = 0.95
I0331 11:50:44.361402 12571 solver.cpp:238]     Train net output #1: loss = 0.149102 (* 1 = 0.149102 loss)
I0331 11:50:44.361433 12571 sgd_solver.cpp:107] Iteration 5400, lr = 0.0723368
I0331 11:51:14.820104 12576 data_layer.cpp:73] Restarting data prefetching from start.
I0331 11:51:15.035220 12571 solver.cpp:331] Iteration 6000, Testing net (#0)
I0331 11:51:16.366446 12578 data_layer.cpp:73] Restarting data prefetching from start.
I0331 11:51:16.420562 12571 solver.cpp:398]     Test net output #0: accuracy = 0.9378
I0331 11:51:16.420629 12571 solver.cpp:398]     Test net output #1: loss = 0.236391 (* 1 = 0.236391 loss)
I0331 11:51:16.449892 12571 solver.cpp:219] Iteration 6000 (18.6986 iter/s, 32.088s/600 iters), loss = 0.128257
I0331 11:51:16.449959 12571 solver.cpp:238]     Train net output #0: accuracy = 0.96
I0331 11:51:16.449980 12571 solver.cpp:238]     Train net output #1: loss = 0.128257 (* 1 = 0.128257 loss)
I0331 11:51:16.449997 12571 sgd_solver.cpp:107] Iteration 6000, lr = 0.0702927
I0331 11:51:46.873301 12576 data_layer.cpp:73] Restarting data prefetching from start.
I0331 11:51:47.075893 12571 solver.cpp:331] Iteration 6600, Testing net (#0)
I0331 11:51:48.404430 12578 data_layer.cpp:73] Restarting data prefetching from start.
I0331 11:51:48.458513 12571 solver.cpp:398]     Test net output #0: accuracy = 0.9438
I0331 11:51:48.458587 12571 solver.cpp:398]     Test net output #1: loss = 0.216747 (* 1 = 0.216747 loss)
I0331 11:51:48.487092 12571 solver.cpp:219] Iteration 6600 (18.7283 iter/s, 32.037s/600 iters), loss = 0.137411
I0331 11:51:48.487159 12571 solver.cpp:238]     Train net output #0: accuracy = 0.97
I0331 11:51:48.487182 12571 solver.cpp:238]     Train net output #1: loss = 0.137411 (* 1 = 0.137411 loss)
I0331 11:51:48.487198 12571 sgd_solver.cpp:107] Iteration 6600, lr = 0.0683784
I0331 11:52:19.871789 12576 data_layer.cpp:73] Restarting data prefetching from start.
I0331 11:52:20.095027 12571 solver.cpp:331] Iteration 7200, Testing net (#0)
I0331 11:52:21.424229 12578 data_layer.cpp:73] Restarting data prefetching from start.
I0331 11:52:21.478425 12571 solver.cpp:398]     Test net output #0: accuracy = 0.9421
I0331 11:52:21.478493 12571 solver.cpp:398]     Test net output #1: loss = 0.224288 (* 1 = 0.224288 loss)
I0331 11:52:21.507333 12571 solver.cpp:219] Iteration 7200 (18.1708 iter/s, 33.02s/600 iters), loss = 0.153927
I0331 11:52:21.507400 12571 solver.cpp:238]     Train net output #0: accuracy = 0.96
I0331 11:52:21.507422 12571 solver.cpp:238]     Train net output #1: loss = 0.153927 (* 1 = 0.153927 loss)
I0331 11:52:21.507438 12571 sgd_solver.cpp:107] Iteration 7200, lr = 0.0665815
I0331 11:52:54.378576 12576 data_layer.cpp:73] Restarting data prefetching from start.
I0331 11:52:54.596743 12571 solver.cpp:331] Iteration 7800, Testing net (#0)
I0331 11:52:55.928382 12578 data_layer.cpp:73] Restarting data prefetching from start.
I0331 11:52:55.982442 12571 solver.cpp:398]     Test net output #0: accuracy = 0.9435
I0331 11:52:55.982511 12571 solver.cpp:398]     Test net output #1: loss = 0.215807 (* 1 = 0.215807 loss)
I0331 11:52:56.011330 12571 solver.cpp:219] Iteration 7800 (17.3898 iter/s, 34.503s/600 iters), loss = 0.157783
I0331 11:52:56.011394 12571 solver.cpp:238]     Train net output #0: accuracy = 0.97
I0331 11:52:56.011415 12571 solver.cpp:238]     Train net output #1: loss = 0.157783 (* 1 = 0.157783 loss)
I0331 11:52:56.011431 12571 sgd_solver.cpp:107] Iteration 7800, lr = 0.0648911
I0331 11:53:29.452507 12576 data_layer.cpp:73] Restarting data prefetching from start.
I0331 11:53:29.678546 12571 solver.cpp:331] Iteration 8400, Testing net (#0)
I0331 11:53:31.010745 12578 data_layer.cpp:73] Restarting data prefetching from start.
I0331 11:53:31.064672 12571 solver.cpp:398]     Test net output #0: accuracy = 0.9481
I0331 11:53:31.064738 12571 solver.cpp:398]     Test net output #1: loss = 0.205051 (* 1 = 0.205051 loss)
I0331 11:53:31.093519 12571 solver.cpp:219] Iteration 8400 (17.1028 iter/s, 35.082s/600 iters), loss = 0.157461
I0331 11:53:31.093588 12571 solver.cpp:238]     Train net output #0: accuracy = 0.96
I0331 11:53:31.093611 12571 solver.cpp:238]     Train net output #1: loss = 0.157461 (* 1 = 0.157461 loss)
I0331 11:53:31.093641 12571 sgd_solver.cpp:107] Iteration 8400, lr = 0.0632975
I0331 11:54:04.836052 12576 data_layer.cpp:73] Restarting data prefetching from start.
I0331 11:54:05.061447 12571 solver.cpp:331] Iteration 9000, Testing net (#0)
I0331 11:54:06.395524 12578 data_layer.cpp:73] Restarting data prefetching from start.
I0331 11:54:06.449897 12571 solver.cpp:398]     Test net output #0: accuracy = 0.9484
I0331 11:54:06.449964 12571 solver.cpp:398]     Test net output #1: loss = 0.20872 (* 1 = 0.20872 loss)
I0331 11:54:06.478588 12571 solver.cpp:219] Iteration 9000 (16.9568 iter/s, 35.384s/600 iters), loss = 0.122599
I0331 11:54:06.478655 12571 solver.cpp:238]     Train net output #0: accuracy = 0.96
I0331 11:54:06.478678 12571 solver.cpp:238]     Train net output #1: loss = 0.122599 (* 1 = 0.122599 loss)
I0331 11:54:06.478694 12571 sgd_solver.cpp:107] Iteration 9000, lr = 0.0617924
I0331 11:54:40.481942 12576 data_layer.cpp:73] Restarting data prefetching from start.
I0331 11:54:40.712520 12571 solver.cpp:331] Iteration 9600, Testing net (#0)
I0331 11:54:42.029636 12578 data_layer.cpp:73] Restarting data prefetching from start.
I0331 11:54:42.085544 12571 solver.cpp:398]     Test net output #0: accuracy = 0.9478
I0331 11:54:42.085615 12571 solver.cpp:398]     Test net output #1: loss = 0.202813 (* 1 = 0.202813 loss)
I0331 11:54:42.114176 12571 solver.cpp:219] Iteration 9600 (16.8374 iter/s, 35.635s/600 iters), loss = 0.169278
I0331 11:54:42.114243 12571 solver.cpp:238]     Train net output #0: accuracy = 0.96
I0331 11:54:42.114265 12571 solver.cpp:238]     Train net output #1: loss = 0.169278 (* 1 = 0.169278 loss)
I0331 11:54:42.114280 12571 sgd_solver.cpp:107] Iteration 9600, lr = 0.0603682
I0331 11:55:16.287783 12576 data_layer.cpp:73] Restarting data prefetching from start.
I0331 11:55:16.514153 12571 solver.cpp:331] Iteration 10200, Testing net (#0)
I0331 11:55:17.838280 12578 data_layer.cpp:73] Restarting data prefetching from start.
I0331 11:55:17.891937 12571 solver.cpp:398]     Test net output #0: accuracy = 0.9474
I0331 11:55:17.892002 12571 solver.cpp:398]     Test net output #1: loss = 0.207172 (* 1 = 0.207172 loss)
I0331 11:55:17.920694 12571 solver.cpp:219] Iteration 10200 (16.757 iter/s, 35.806s/600 iters), loss = 0.159433
I0331 11:55:17.920760 12571 solver.cpp:238]     Train net output #0: accuracy = 0.97
I0331 11:55:17.920783 12571 solver.cpp:238]     Train net output #1: loss = 0.159433 (* 1 = 0.159433 loss)
I0331 11:55:17.920799 12571 sgd_solver.cpp:107] Iteration 10200, lr = 0.0590183
I0331 11:55:52.371994 12576 data_layer.cpp:73] Restarting data prefetching from start.
I0331 11:55:52.598469 12571 solver.cpp:331] Iteration 10800, Testing net (#0)
I0331 11:55:53.925571 12578 data_layer.cpp:73] Restarting data prefetching from start.
I0331 11:55:53.979930 12571 solver.cpp:398]     Test net output #0: accuracy = 0.9443
I0331 11:55:53.979996 12571 solver.cpp:398]     Test net output #1: loss = 0.220857 (* 1 = 0.220857 loss)
I0331 11:55:54.008719 12571 solver.cpp:219] Iteration 10800 (16.6265 iter/s, 36.087s/600 iters), loss = 0.174075
I0331 11:55:54.008788 12571 solver.cpp:238]     Train net output #0: accuracy = 0.96
I0331 11:55:54.008810 12571 solver.cpp:238]     Train net output #1: loss = 0.174075 (* 1 = 0.174075 loss)
I0331 11:55:54.008826 12571 sgd_solver.cpp:107] Iteration 10800, lr = 0.0577368
I0331 11:56:28.861223 12576 data_layer.cpp:73] Restarting data prefetching from start.
I0331 11:56:29.093219 12571 solver.cpp:331] Iteration 11400, Testing net (#0)
I0331 11:56:30.424839 12578 data_layer.cpp:73] Restarting data prefetching from start.
I0331 11:56:30.478883 12571 solver.cpp:398]     Test net output #0: accuracy = 0.9501
I0331 11:56:30.478950 12571 solver.cpp:398]     Test net output #1: loss = 0.197847 (* 1 = 0.197847 loss)
I0331 11:56:30.507633 12571 solver.cpp:219] Iteration 11400 (16.4393 iter/s, 36.498s/600 iters), loss = 0.131731
I0331 11:56:30.507702 12571 solver.cpp:238]     Train net output #0: accuracy = 0.96
I0331 11:56:30.507725 12571 solver.cpp:238]     Train net output #1: loss = 0.131731 (* 1 = 0.131731 loss)
I0331 11:56:30.507758 12571 sgd_solver.cpp:107] Iteration 11400, lr = 0.0565184
I0331 11:57:05.617300 12576 data_layer.cpp:73] Restarting data prefetching from start.
I0331 11:57:05.865263 12571 solver.cpp:331] Iteration 12000, Testing net (#0)
I0331 11:57:07.195209 12578 data_layer.cpp:73] Restarting data prefetching from start.
I0331 11:57:07.249440 12571 solver.cpp:398]     Test net output #0: accuracy = 0.9459
I0331 11:57:07.249514 12571 solver.cpp:398]     Test net output #1: loss = 0.213545 (* 1 = 0.213545 loss)
I0331 11:57:07.278177 12571 solver.cpp:219] Iteration 12000 (16.3176 iter/s, 36.77s/600 iters), loss = 0.141938
I0331 11:57:07.278246 12571 solver.cpp:238]     Train net output #0: accuracy = 0.96
I0331 11:57:07.278268 12571 solver.cpp:238]     Train net output #1: loss = 0.141938 (* 1 = 0.141938 loss)
I0331 11:57:07.278283 12571 sgd_solver.cpp:107] Iteration 12000, lr = 0.0553583
I0331 11:57:42.532621 12576 data_layer.cpp:73] Restarting data prefetching from start.
I0331 11:57:42.771070 12571 solver.cpp:331] Iteration 12600, Testing net (#0)
I0331 11:57:44.153352 12578 data_layer.cpp:73] Restarting data prefetching from start.
I0331 11:57:44.208943 12571 solver.cpp:398]     Test net output #0: accuracy = 0.9468
I0331 11:57:44.209008 12571 solver.cpp:398]     Test net output #1: loss = 0.204911 (* 1 = 0.204911 loss)
I0331 11:57:44.236357 12571 solver.cpp:219] Iteration 12600 (16.2346 iter/s, 36.958s/600 iters), loss = 0.156206
I0331 11:57:44.236425 12571 solver.cpp:238]     Train net output #0: accuracy = 0.96
I0331 11:57:44.236448 12571 solver.cpp:238]     Train net output #1: loss = 0.156206 (* 1 = 0.156206 loss)
I0331 11:57:44.236464 12571 sgd_solver.cpp:107] Iteration 12600, lr = 0.0542524
I0331 11:58:19.766902 12576 data_layer.cpp:73] Restarting data prefetching from start.
I0331 11:58:20.000432 12571 solver.cpp:331] Iteration 13200, Testing net (#0)
I0331 11:58:21.339241 12578 data_layer.cpp:73] Restarting data prefetching from start.
I0331 11:58:21.393455 12571 solver.cpp:398]     Test net output #0: accuracy = 0.9492
I0331 11:58:21.393522 12571 solver.cpp:398]     Test net output #1: loss = 0.197138 (* 1 = 0.197138 loss)
I0331 11:58:21.422323 12571 solver.cpp:219] Iteration 13200 (16.1355 iter/s, 37.185s/600 iters), loss = 0.102059
I0331 11:58:21.422391 12571 solver.cpp:238]     Train net output #0: accuracy = 0.97
I0331 11:58:21.422415 12571 solver.cpp:238]     Train net output #1: loss = 0.102059 (* 1 = 0.102059 loss)
I0331 11:58:21.422430 12571 sgd_solver.cpp:107] Iteration 13200, lr = 0.0531966
I0331 11:58:57.096667 12576 data_layer.cpp:73] Restarting data prefetching from start.
I0331 11:58:57.338536 12571 solver.cpp:331] Iteration 13800, Testing net (#0)
I0331 11:58:58.668856 12578 data_layer.cpp:73] Restarting data prefetching from start.
I0331 11:58:58.722978 12571 solver.cpp:398]     Test net output #0: accuracy = 0.9496
I0331 11:58:58.723045 12571 solver.cpp:398]     Test net output #1: loss = 0.197699 (* 1 = 0.197699 loss)
I0331 11:58:58.751703 12571 solver.cpp:219] Iteration 13800 (16.0733 iter/s, 37.329s/600 iters), loss = 0.131004
I0331 11:58:58.751770 12571 solver.cpp:238]     Train net output #0: accuracy = 0.97
I0331 11:58:58.751792 12571 solver.cpp:238]     Train net output #1: loss = 0.131004 (* 1 = 0.131004 loss)
I0331 11:58:58.751807 12571 sgd_solver.cpp:107] Iteration 13800, lr = 0.0521876
I0331 11:59:34.432972 12576 data_layer.cpp:73] Restarting data prefetching from start.
I0331 11:59:34.674227 12571 solver.cpp:331] Iteration 14400, Testing net (#0)
I0331 11:59:36.071681 12578 data_layer.cpp:73] Restarting data prefetching from start.
I0331 11:59:36.135934 12571 solver.cpp:398]     Test net output #0: accuracy = 0.9474
I0331 11:59:36.136001 12571 solver.cpp:398]     Test net output #1: loss = 0.197946 (* 1 = 0.197946 loss)
I0331 11:59:36.170651 12571 solver.cpp:219] Iteration 14400 (16.0351 iter/s, 37.418s/600 iters), loss = 0.107694
I0331 11:59:36.170723 12571 solver.cpp:238]     Train net output #0: accuracy = 0.97
I0331 11:59:36.170765 12571 solver.cpp:238]     Train net output #1: loss = 0.107694 (* 1 = 0.107694 loss)
I0331 11:59:36.170783 12571 sgd_solver.cpp:107] Iteration 14400, lr = 0.0512221
I0331 12:00:12.077244 12576 data_layer.cpp:73] Restarting data prefetching from start.
I0331 12:00:12.357169 12571 solver.cpp:331] Iteration 15000, Testing net (#0)
I0331 12:00:13.696668 12578 data_layer.cpp:73] Restarting data prefetching from start.
I0331 12:00:13.750885 12571 solver.cpp:398]     Test net output #0: accuracy = 0.9494
I0331 12:00:13.750951 12571 solver.cpp:398]     Test net output #1: loss = 0.198674 (* 1 = 0.198674 loss)
I0331 12:00:13.779803 12571 solver.cpp:219] Iteration 15000 (15.9536 iter/s, 37.609s/600 iters), loss = 0.116221
I0331 12:00:13.779871 12571 solver.cpp:238]     Train net output #0: accuracy = 0.97
I0331 12:00:13.779894 12571 solver.cpp:238]     Train net output #1: loss = 0.116221 (* 1 = 0.116221 loss)
I0331 12:00:13.779909 12571 sgd_solver.cpp:107] Iteration 15000, lr = 0.0502973
I0331 12:00:49.507560 12576 data_layer.cpp:73] Restarting data prefetching from start.
I0331 12:00:49.750985 12571 solver.cpp:331] Iteration 15600, Testing net (#0)
I0331 12:00:51.071626 12578 data_layer.cpp:73] Restarting data prefetching from start.
I0331 12:00:51.126020 12571 solver.cpp:398]     Test net output #0: accuracy = 0.9495
I0331 12:00:51.126090 12571 solver.cpp:398]     Test net output #1: loss = 0.201266 (* 1 = 0.201266 loss)
I0331 12:00:51.161268 12571 solver.cpp:219] Iteration 15600 (16.0509 iter/s, 37.381s/600 iters), loss = 0.106174
I0331 12:00:51.161342 12571 solver.cpp:238]     Train net output #0: accuracy = 0.97
I0331 12:00:51.161366 12571 solver.cpp:238]     Train net output #1: loss = 0.106174 (* 1 = 0.106174 loss)
I0331 12:00:51.161386 12571 sgd_solver.cpp:107] Iteration 15600, lr = 0.0494106
I0331 12:01:27.063130 12576 data_layer.cpp:73] Restarting data prefetching from start.
I0331 12:01:27.307894 12571 solver.cpp:331] Iteration 16200, Testing net (#0)
I0331 12:01:28.631206 12578 data_layer.cpp:73] Restarting data prefetching from start.
I0331 12:01:28.691429 12571 solver.cpp:398]     Test net output #0: accuracy = 0.9501
I0331 12:01:28.691498 12571 solver.cpp:398]     Test net output #1: loss = 0.195379 (* 1 = 0.195379 loss)
I0331 12:01:28.720326 12571 solver.cpp:219] Iteration 16200 (15.9753 iter/s, 37.558s/600 iters), loss = 0.129587
I0331 12:01:28.720393 12571 solver.cpp:238]     Train net output #0: accuracy = 0.97
I0331 12:01:28.720415 12571 solver.cpp:238]     Train net output #1: loss = 0.129587 (* 1 = 0.129587 loss)
I0331 12:01:28.720432 12571 sgd_solver.cpp:107] Iteration 16200, lr = 0.0485595
I0331 12:02:04.574905 12576 data_layer.cpp:73] Restarting data prefetching from start.
I0331 12:02:04.818413 12571 solver.cpp:331] Iteration 16800, Testing net (#0)
I0331 12:02:06.146504 12578 data_layer.cpp:73] Restarting data prefetching from start.
I0331 12:02:06.206394 12571 solver.cpp:398]     Test net output #0: accuracy = 0.9499
I0331 12:02:06.206463 12571 solver.cpp:398]     Test net output #1: loss = 0.195785 (* 1 = 0.195785 loss)
I0331 12:02:06.235252 12571 solver.cpp:219] Iteration 16800 (15.994 iter/s, 37.514s/600 iters), loss = 0.133083
I0331 12:02:06.235317 12571 solver.cpp:238]     Train net output #0: accuracy = 0.96
I0331 12:02:06.235339 12571 solver.cpp:238]     Train net output #1: loss = 0.133083 (* 1 = 0.133083 loss)
I0331 12:02:06.235355 12571 sgd_solver.cpp:107] Iteration 16800, lr = 0.0477418
I0331 12:02:42.365844 12576 data_layer.cpp:73] Restarting data prefetching from start.
I0331 12:02:42.603299 12571 solver.cpp:331] Iteration 17400, Testing net (#0)
I0331 12:02:43.930552 12578 data_layer.cpp:73] Restarting data prefetching from start.
I0331 12:02:43.984500 12571 solver.cpp:398]     Test net output #0: accuracy = 0.9517
I0331 12:02:43.984566 12571 solver.cpp:398]     Test net output #1: loss = 0.198165 (* 1 = 0.198165 loss)
I0331 12:02:44.013092 12571 solver.cpp:219] Iteration 17400 (15.8827 iter/s, 37.777s/600 iters), loss = 0.1034
I0331 12:02:44.013159 12571 solver.cpp:238]     Train net output #0: accuracy = 0.96
I0331 12:02:44.013197 12571 solver.cpp:238]     Train net output #1: loss = 0.1034 (* 1 = 0.1034 loss)
I0331 12:02:44.013213 12571 sgd_solver.cpp:107] Iteration 17400, lr = 0.0469556
I0331 12:03:20.101694 12576 data_layer.cpp:73] Restarting data prefetching from start.
I0331 12:03:20.340489 12571 solver.cpp:448] Snapshotting to binary proto file _iter_18000.caffemodel
I0331 12:03:20.390341 12571 sgd_solver.cpp:287] Snapshotting solver state to binary proto file _iter_18000.solverstate
I0331 12:03:20.433054 12571 solver.cpp:311] Iteration 18000, loss = 0.0988536
I0331 12:03:20.433109 12571 solver.cpp:331] Iteration 18000, Testing net (#0)
I0331 12:03:21.771503 12578 data_layer.cpp:73] Restarting data prefetching from start.
I0331 12:03:21.826439 12571 solver.cpp:398]     Test net output #0: accuracy = 0.9497
I0331 12:03:21.826505 12571 solver.cpp:398]     Test net output #1: loss = 0.199041 (* 1 = 0.199041 loss)
I0331 12:03:21.826519 12571 solver.cpp:316] Optimization Done.
I0331 12:03:21.826529 12571 caffe_double.cpp:259] Optimization Done.
