I0509 12:43:11.572523 14681 caffe_double.cpp:214] Use CPU.
I0509 12:43:11.575284 14681 solver.cpp:44] Initializing solver from parameters: 
test_iter: 100
test_interval: 600
base_lr: 0.1
display: 600
max_iter: 18000
lr_policy: "inv"
gamma: 0.0001
power: 0.75
momentum: 0.9
solver_mode: CPU
net_param {
  name: "LeNet"
  layer {
    name: "mnist"
    type: "Data"
    top: "data"
    top: "label"
    include {
      phase: TRAIN
    }
    transform_param {
      scale: 0.00390625
    }
    data_param {
      source: "data/mnist_train_lmdb"
      batch_size: 100
      backend: LMDB
    }
  }
  layer {
    name: "mnist"
    type: "Data"
    top: "data"
    top: "label"
    include {
      phase: TEST
    }
    transform_param {
      scale: 0.00390625
    }
    data_param {
      source: "data/mnist_test_lmdb"
      batch_size: 100
      backend: LMDB
    }
  }
  layer {
    name: "ip1"
    type: "InnerProduct"
    bottom: "data"
    top: "ip1"
    inner_product_param {
      num_output: 1000
      weight_filler {
        type: "gaussian"
        mean: 0
        std: 0.01
      }
    }
    bias_param {
      filler {
        value: 0
      }
    }
    fixed_precision: true
    precision {
      enter: 2
      fraccio: 14
      rounding: "stochastic"
    }
  }
  layer {
    name: "relu1"
    type: "ReLU"
    bottom: "ip1"
    top: "ip1"
    fixed_precision: true
    precision {
      enter: 2
      fraccio: 14
      rounding: "stochastic"
    }
  }
  layer {
    name: "ip2"
    type: "InnerProduct"
    bottom: "ip1"
    top: "ip2"
    inner_product_param {
      num_output: 1000
      weight_filler {
        type: "gaussian"
        mean: 0
        std: 0.01
      }
    }
    bias_param {
      filler {
        value: 0
      }
    }
    fixed_precision: true
    precision {
      enter: 2
      fraccio: 14
      rounding: "stochastic"
    }
  }
  layer {
    name: "relu2"
    type: "ReLU"
    bottom: "ip2"
    top: "ip2"
    bias_param {
      filler {
        value: 0
      }
    }
    fixed_precision: true
    precision {
      enter: 2
      fraccio: 14
      rounding: "stochastic"
    }
  }
  layer {
    name: "ip3"
    type: "InnerProduct"
    bottom: "ip2"
    top: "ip3"
    inner_product_param {
      num_output: 10
      weight_filler {
        type: "gaussian"
        mean: 0
        std: 0.01
      }
    }
    bias_param {
      filler {
        value: 0
      }
    }
    fixed_precision: true
    precision {
      enter: 2
      fraccio: 14
      rounding: "stochastic"
    }
  }
  layer {
    name: "accuracy"
    type: "Accuracy"
    bottom: "ip3"
    bottom: "label"
    top: "accuracy"
  }
  layer {
    name: "loss"
    type: "SoftmaxWithLoss"
    bottom: "ip3"
    bottom: "label"
    top: "loss"
    fixed_precision: true
    precision {
      enter: 2
      fraccio: 14
      rounding: "stochastic"
    }
  }
}
train_state {
  level: 0
  stage: ""
}
fixed_precision: true
precision {
  enter: 2
  fraccio: 14
  rounding: "stochastic"
}
I0509 12:43:11.575376 14681 solver.cpp:82] Creating training net specified in net_param.
I0509 12:43:11.575438 14681 net.cpp:294] The NetState phase (0) differed from the phase (1) specified by a rule in layer mnist
I0509 12:43:11.575565 14681 net.cpp:51] Initializing net from parameters: 
name: "LeNet"
state {
  phase: TRAIN
  level: 0
  stage: ""
}
layer {
  name: "mnist"
  type: "Data"
  top: "data"
  top: "label"
  include {
    phase: TRAIN
  }
  transform_param {
    scale: 0.00390625
  }
  data_param {
    source: "data/mnist_train_lmdb"
    batch_size: 100
    backend: LMDB
  }
}
layer {
  name: "ip1"
  type: "InnerProduct"
  bottom: "data"
  top: "ip1"
  inner_product_param {
    num_output: 1000
    weight_filler {
      type: "gaussian"
      mean: 0
      std: 0.01
    }
  }
  bias_param {
    filler {
      value: 0
    }
  }
  fixed_precision: true
  precision {
    enter: 2
    fraccio: 14
    rounding: "stochastic"
  }
}
layer {
  name: "relu1"
  type: "ReLU"
  bottom: "ip1"
  top: "ip1"
  fixed_precision: true
  precision {
    enter: 2
    fraccio: 14
    rounding: "stochastic"
  }
}
layer {
  name: "ip2"
  type: "InnerProduct"
  bottom: "ip1"
  top: "ip2"
  inner_product_param {
    num_output: 1000
    weight_filler {
      type: "gaussian"
      mean: 0
      std: 0.01
    }
  }
  bias_param {
    filler {
      value: 0
    }
  }
  fixed_precision: true
  precision {
    enter: 2
    fraccio: 14
    rounding: "stochastic"
  }
}
layer {
  name: "relu2"
  type: "ReLU"
  bottom: "ip2"
  top: "ip2"
  bias_param {
    filler {
      value: 0
    }
  }
  fixed_precision: true
  precision {
    enter: 2
    fraccio: 14
    rounding: "stochastic"
  }
}
layer {
  name: "ip3"
  type: "InnerProduct"
  bottom: "ip2"
  top: "ip3"
  inner_product_param {
    num_output: 10
    weight_filler {
      type: "gaussian"
      mean: 0
      std: 0.01
    }
  }
  bias_param {
    filler {
      value: 0
    }
  }
  fixed_precision: true
  precision {
    enter: 2
    fraccio: 14
    rounding: "stochastic"
  }
}
layer {
  name: "accuracy"
  type: "Accuracy"
  bottom: "ip3"
  bottom: "label"
  top: "accuracy"
}
layer {
  name: "loss"
  type: "SoftmaxWithLoss"
  bottom: "ip3"
  bottom: "label"
  top: "loss"
  fixed_precision: true
  precision {
    enter: 2
    fraccio: 14
    rounding: "stochastic"
  }
}
I0509 12:43:11.577008 14681 layer_factory.hpp:77] Creating layer mnist
I0509 12:43:11.579077 14681 db_lmdb.cpp:35] Opened lmdb data/mnist_train_lmdb
I0509 12:43:11.579352 14681 net.cpp:84] Creating Layer mnist
I0509 12:43:11.579382 14681 net.cpp:380] mnist -> data
I0509 12:43:11.579427 14681 net.cpp:380] mnist -> label
I0509 12:43:11.579486 14681 data_layer.cpp:45] output data size: 100,1,28,28
I0509 12:43:11.581243 14681 net.cpp:122] Setting up mnist
I0509 12:43:11.581279 14681 net.cpp:129] Top shape: 100 1 28 28 (78400)
I0509 12:43:11.581293 14681 net.cpp:129] Top shape: 100 (100)
I0509 12:43:11.581305 14681 net.cpp:137] Memory required for data: 628000
I0509 12:43:11.581320 14681 layer_factory.hpp:77] Creating layer label_mnist_1_split
I0509 12:43:11.581336 14681 net.cpp:84] Creating Layer label_mnist_1_split
I0509 12:43:11.581351 14681 net.cpp:406] label_mnist_1_split <- label
I0509 12:43:11.581372 14681 net.cpp:380] label_mnist_1_split -> label_mnist_1_split_0
I0509 12:43:11.581389 14681 net.cpp:380] label_mnist_1_split -> label_mnist_1_split_1
I0509 12:43:11.581408 14681 net.cpp:122] Setting up label_mnist_1_split
I0509 12:43:11.581421 14681 net.cpp:129] Top shape: 100 (100)
I0509 12:43:11.581434 14681 net.cpp:129] Top shape: 100 (100)
I0509 12:43:11.581444 14681 net.cpp:137] Memory required for data: 629600
I0509 12:43:11.581454 14681 layer_factory.hpp:77] Creating layer ip1
I0509 12:43:11.581472 14681 net.cpp:84] Creating Layer ip1
I0509 12:43:11.581485 14681 net.cpp:406] ip1 <- data
I0509 12:43:11.581498 14681 net.cpp:380] ip1 -> ip1
I0509 12:43:11.632829 14681 net.cpp:122] Setting up ip1
I0509 12:43:11.632881 14681 net.cpp:129] Top shape: 100 1000 (100000)
I0509 12:43:11.632892 14681 net.cpp:137] Memory required for data: 1429600
I0509 12:43:11.632923 14681 layer_factory.hpp:77] Creating layer relu1
I0509 12:43:11.632951 14681 net.cpp:84] Creating Layer relu1
I0509 12:43:11.632964 14681 net.cpp:406] relu1 <- ip1
I0509 12:43:11.632979 14681 net.cpp:367] relu1 -> ip1 (in-place)
I0509 12:43:11.632999 14681 net.cpp:122] Setting up relu1
I0509 12:43:11.633013 14681 net.cpp:129] Top shape: 100 1000 (100000)
I0509 12:43:11.633023 14681 net.cpp:137] Memory required for data: 2229600
I0509 12:43:11.633038 14681 layer_factory.hpp:77] Creating layer ip2
I0509 12:43:11.633059 14681 net.cpp:84] Creating Layer ip2
I0509 12:43:11.633070 14681 net.cpp:406] ip2 <- ip1
I0509 12:43:11.633085 14681 net.cpp:380] ip2 -> ip2
I0509 12:43:11.694933 14681 net.cpp:122] Setting up ip2
I0509 12:43:11.694988 14681 net.cpp:129] Top shape: 100 1000 (100000)
I0509 12:43:11.694998 14681 net.cpp:137] Memory required for data: 3029600
I0509 12:43:11.695022 14681 layer_factory.hpp:77] Creating layer relu2
I0509 12:43:11.695052 14681 net.cpp:84] Creating Layer relu2
I0509 12:43:11.695065 14681 net.cpp:406] relu2 <- ip2
I0509 12:43:11.695081 14681 net.cpp:367] relu2 -> ip2 (in-place)
I0509 12:43:11.695103 14681 net.cpp:122] Setting up relu2
I0509 12:43:11.695160 14681 net.cpp:129] Top shape: 100 1000 (100000)
I0509 12:43:11.695173 14681 net.cpp:137] Memory required for data: 3829600
I0509 12:43:11.695183 14681 layer_factory.hpp:77] Creating layer ip3
I0509 12:43:11.695199 14681 net.cpp:84] Creating Layer ip3
I0509 12:43:11.695210 14681 net.cpp:406] ip3 <- ip2
I0509 12:43:11.695225 14681 net.cpp:380] ip3 -> ip3
I0509 12:43:11.695889 14681 net.cpp:122] Setting up ip3
I0509 12:43:11.695911 14681 net.cpp:129] Top shape: 100 10 (1000)
I0509 12:43:11.695922 14681 net.cpp:137] Memory required for data: 3837600
I0509 12:43:11.695940 14681 layer_factory.hpp:77] Creating layer ip3_ip3_0_split
I0509 12:43:11.695955 14681 net.cpp:84] Creating Layer ip3_ip3_0_split
I0509 12:43:11.695966 14681 net.cpp:406] ip3_ip3_0_split <- ip3
I0509 12:43:11.695979 14681 net.cpp:380] ip3_ip3_0_split -> ip3_ip3_0_split_0
I0509 12:43:11.695996 14681 net.cpp:380] ip3_ip3_0_split -> ip3_ip3_0_split_1
I0509 12:43:11.696012 14681 net.cpp:122] Setting up ip3_ip3_0_split
I0509 12:43:11.696027 14681 net.cpp:129] Top shape: 100 10 (1000)
I0509 12:43:11.696045 14681 net.cpp:129] Top shape: 100 10 (1000)
I0509 12:43:11.696054 14681 net.cpp:137] Memory required for data: 3853600
I0509 12:43:11.696065 14681 layer_factory.hpp:77] Creating layer accuracy
I0509 12:43:11.696090 14681 net.cpp:84] Creating Layer accuracy
I0509 12:43:11.696104 14681 net.cpp:406] accuracy <- ip3_ip3_0_split_0
I0509 12:43:11.696115 14681 net.cpp:406] accuracy <- label_mnist_1_split_0
I0509 12:43:11.696128 14681 net.cpp:380] accuracy -> accuracy
I0509 12:43:11.696146 14681 net.cpp:122] Setting up accuracy
I0509 12:43:11.696158 14681 net.cpp:129] Top shape: (1)
I0509 12:43:11.696168 14681 net.cpp:137] Memory required for data: 3853608
I0509 12:43:11.696178 14681 layer_factory.hpp:77] Creating layer loss
I0509 12:43:11.696197 14681 net.cpp:84] Creating Layer loss
I0509 12:43:11.696208 14681 net.cpp:406] loss <- ip3_ip3_0_split_1
I0509 12:43:11.696220 14681 net.cpp:406] loss <- label_mnist_1_split_1
I0509 12:43:11.696234 14681 net.cpp:380] loss -> loss
I0509 12:43:11.696256 14681 layer_factory.hpp:77] Creating layer loss
I0509 12:43:11.696288 14681 net.cpp:122] Setting up loss
I0509 12:43:11.696305 14681 net.cpp:129] Top shape: (1)
I0509 12:43:11.696315 14681 net.cpp:132]     with loss weight 1
I0509 12:43:11.696362 14681 net.cpp:137] Memory required for data: 3853616
I0509 12:43:11.696374 14681 net.cpp:198] loss needs backward computation.
I0509 12:43:11.696385 14681 net.cpp:200] accuracy does not need backward computation.
I0509 12:43:11.696396 14681 net.cpp:198] ip3_ip3_0_split needs backward computation.
I0509 12:43:11.696406 14681 net.cpp:198] ip3 needs backward computation.
I0509 12:43:11.696418 14681 net.cpp:198] relu2 needs backward computation.
I0509 12:43:11.696427 14681 net.cpp:198] ip2 needs backward computation.
I0509 12:43:11.696437 14681 net.cpp:198] relu1 needs backward computation.
I0509 12:43:11.696447 14681 net.cpp:198] ip1 needs backward computation.
I0509 12:43:11.696458 14681 net.cpp:200] label_mnist_1_split does not need backward computation.
I0509 12:43:11.696475 14681 net.cpp:200] mnist does not need backward computation.
I0509 12:43:11.696486 14681 net.cpp:242] This network produces output accuracy
I0509 12:43:11.696501 14681 net.cpp:242] This network produces output loss
I0509 12:43:11.696521 14681 net.cpp:255] Network initialization done.
I0509 12:43:11.696609 14681 solver.cpp:173] Creating test net (#0) specified by net_param
I0509 12:43:11.696645 14681 net.cpp:294] The NetState phase (1) differed from the phase (0) specified by a rule in layer mnist
I0509 12:43:11.696802 14681 net.cpp:51] Initializing net from parameters: 
name: "LeNet"
state {
  phase: TEST
}
layer {
  name: "mnist"
  type: "Data"
  top: "data"
  top: "label"
  include {
    phase: TEST
  }
  transform_param {
    scale: 0.00390625
  }
  data_param {
    source: "data/mnist_test_lmdb"
    batch_size: 100
    backend: LMDB
  }
}
layer {
  name: "ip1"
  type: "InnerProduct"
  bottom: "data"
  top: "ip1"
  inner_product_param {
    num_output: 1000
    weight_filler {
      type: "gaussian"
      mean: 0
      std: 0.01
    }
  }
  bias_param {
    filler {
      value: 0
    }
  }
  fixed_precision: true
  precision {
    enter: 2
    fraccio: 14
    rounding: "stochastic"
  }
}
layer {
  name: "relu1"
  type: "ReLU"
  bottom: "ip1"
  top: "ip1"
  fixed_precision: true
  precision {
    enter: 2
    fraccio: 14
    rounding: "stochastic"
  }
}
layer {
  name: "ip2"
  type: "InnerProduct"
  bottom: "ip1"
  top: "ip2"
  inner_product_param {
    num_output: 1000
    weight_filler {
      type: "gaussian"
      mean: 0
      std: 0.01
    }
  }
  bias_param {
    filler {
      value: 0
    }
  }
  fixed_precision: true
  precision {
    enter: 2
    fraccio: 14
    rounding: "stochastic"
  }
}
layer {
  name: "relu2"
  type: "ReLU"
  bottom: "ip2"
  top: "ip2"
  bias_param {
    filler {
      value: 0
    }
  }
  fixed_precision: true
  precision {
    enter: 2
    fraccio: 14
    rounding: "stochastic"
  }
}
layer {
  name: "ip3"
  type: "InnerProduct"
  bottom: "ip2"
  top: "ip3"
  inner_product_param {
    num_output: 10
    weight_filler {
      type: "gaussian"
      mean: 0
      std: 0.01
    }
  }
  bias_param {
    filler {
      value: 0
    }
  }
  fixed_precision: true
  precision {
    enter: 2
    fraccio: 14
    rounding: "stochastic"
  }
}
layer {
  name: "accuracy"
  type: "Accuracy"
  bottom: "ip3"
  bottom: "label"
  top: "accuracy"
}
layer {
  name: "loss"
  type: "SoftmaxWithLoss"
  bottom: "ip3"
  bottom: "label"
  top: "loss"
  fixed_precision: true
  precision {
    enter: 2
    fraccio: 14
    rounding: "stochastic"
  }
}
I0509 12:43:11.696905 14681 layer_factory.hpp:77] Creating layer mnist
I0509 12:43:11.699136 14681 db_lmdb.cpp:35] Opened lmdb data/mnist_test_lmdb
I0509 12:43:11.699499 14681 net.cpp:84] Creating Layer mnist
I0509 12:43:11.699530 14681 net.cpp:380] mnist -> data
I0509 12:43:11.699551 14681 net.cpp:380] mnist -> label
I0509 12:43:11.699582 14681 data_layer.cpp:45] output data size: 100,1,28,28
I0509 12:43:11.700665 14681 net.cpp:122] Setting up mnist
I0509 12:43:11.700691 14681 net.cpp:129] Top shape: 100 1 28 28 (78400)
I0509 12:43:11.700705 14681 net.cpp:129] Top shape: 100 (100)
I0509 12:43:11.700714 14681 net.cpp:137] Memory required for data: 628000
I0509 12:43:11.700726 14681 layer_factory.hpp:77] Creating layer label_mnist_1_split
I0509 12:43:11.700739 14681 net.cpp:84] Creating Layer label_mnist_1_split
I0509 12:43:11.700752 14681 net.cpp:406] label_mnist_1_split <- label
I0509 12:43:11.700764 14681 net.cpp:380] label_mnist_1_split -> label_mnist_1_split_0
I0509 12:43:11.700783 14681 net.cpp:380] label_mnist_1_split -> label_mnist_1_split_1
I0509 12:43:11.700800 14681 net.cpp:122] Setting up label_mnist_1_split
I0509 12:43:11.700814 14681 net.cpp:129] Top shape: 100 (100)
I0509 12:43:11.700825 14681 net.cpp:129] Top shape: 100 (100)
I0509 12:43:11.700834 14681 net.cpp:137] Memory required for data: 629600
I0509 12:43:11.700845 14681 layer_factory.hpp:77] Creating layer ip1
I0509 12:43:11.700860 14681 net.cpp:84] Creating Layer ip1
I0509 12:43:11.700875 14681 net.cpp:406] ip1 <- data
I0509 12:43:11.700889 14681 net.cpp:380] ip1 -> ip1
I0509 12:43:11.752053 14681 net.cpp:122] Setting up ip1
I0509 12:43:11.752105 14681 net.cpp:129] Top shape: 100 1000 (100000)
I0509 12:43:11.752116 14681 net.cpp:137] Memory required for data: 1429600
I0509 12:43:11.752140 14681 layer_factory.hpp:77] Creating layer relu1
I0509 12:43:11.752166 14681 net.cpp:84] Creating Layer relu1
I0509 12:43:11.752178 14681 net.cpp:406] relu1 <- ip1
I0509 12:43:11.752193 14681 net.cpp:367] relu1 -> ip1 (in-place)
I0509 12:43:11.752213 14681 net.cpp:122] Setting up relu1
I0509 12:43:11.752225 14681 net.cpp:129] Top shape: 100 1000 (100000)
I0509 12:43:11.752235 14681 net.cpp:137] Memory required for data: 2229600
I0509 12:43:11.752245 14681 layer_factory.hpp:77] Creating layer ip2
I0509 12:43:11.752264 14681 net.cpp:84] Creating Layer ip2
I0509 12:43:11.752275 14681 net.cpp:406] ip2 <- ip1
I0509 12:43:11.752336 14681 net.cpp:380] ip2 -> ip2
I0509 12:43:11.814194 14681 net.cpp:122] Setting up ip2
I0509 12:43:11.814246 14681 net.cpp:129] Top shape: 100 1000 (100000)
I0509 12:43:11.814257 14681 net.cpp:137] Memory required for data: 3029600
I0509 12:43:11.814281 14681 layer_factory.hpp:77] Creating layer relu2
I0509 12:43:11.814306 14681 net.cpp:84] Creating Layer relu2
I0509 12:43:11.814317 14681 net.cpp:406] relu2 <- ip2
I0509 12:43:11.814335 14681 net.cpp:367] relu2 -> ip2 (in-place)
I0509 12:43:11.814357 14681 net.cpp:122] Setting up relu2
I0509 12:43:11.814369 14681 net.cpp:129] Top shape: 100 1000 (100000)
I0509 12:43:11.814379 14681 net.cpp:137] Memory required for data: 3829600
I0509 12:43:11.814389 14681 layer_factory.hpp:77] Creating layer ip3
I0509 12:43:11.814406 14681 net.cpp:84] Creating Layer ip3
I0509 12:43:11.814417 14681 net.cpp:406] ip3 <- ip2
I0509 12:43:11.814431 14681 net.cpp:380] ip3 -> ip3
I0509 12:43:11.815088 14681 net.cpp:122] Setting up ip3
I0509 12:43:11.815115 14681 net.cpp:129] Top shape: 100 10 (1000)
I0509 12:43:11.815127 14681 net.cpp:137] Memory required for data: 3837600
I0509 12:43:11.815145 14681 layer_factory.hpp:77] Creating layer ip3_ip3_0_split
I0509 12:43:11.815160 14681 net.cpp:84] Creating Layer ip3_ip3_0_split
I0509 12:43:11.815171 14681 net.cpp:406] ip3_ip3_0_split <- ip3
I0509 12:43:11.815186 14681 net.cpp:380] ip3_ip3_0_split -> ip3_ip3_0_split_0
I0509 12:43:11.815203 14681 net.cpp:380] ip3_ip3_0_split -> ip3_ip3_0_split_1
I0509 12:43:11.815220 14681 net.cpp:122] Setting up ip3_ip3_0_split
I0509 12:43:11.815233 14681 net.cpp:129] Top shape: 100 10 (1000)
I0509 12:43:11.815245 14681 net.cpp:129] Top shape: 100 10 (1000)
I0509 12:43:11.815255 14681 net.cpp:137] Memory required for data: 3853600
I0509 12:43:11.815265 14681 layer_factory.hpp:77] Creating layer accuracy
I0509 12:43:11.815284 14681 net.cpp:84] Creating Layer accuracy
I0509 12:43:11.815294 14681 net.cpp:406] accuracy <- ip3_ip3_0_split_0
I0509 12:43:11.815306 14681 net.cpp:406] accuracy <- label_mnist_1_split_0
I0509 12:43:11.815320 14681 net.cpp:380] accuracy -> accuracy
I0509 12:43:11.815335 14681 net.cpp:122] Setting up accuracy
I0509 12:43:11.815347 14681 net.cpp:129] Top shape: (1)
I0509 12:43:11.815357 14681 net.cpp:137] Memory required for data: 3853608
I0509 12:43:11.815367 14681 layer_factory.hpp:77] Creating layer loss
I0509 12:43:11.815384 14681 net.cpp:84] Creating Layer loss
I0509 12:43:11.815395 14681 net.cpp:406] loss <- ip3_ip3_0_split_1
I0509 12:43:11.815407 14681 net.cpp:406] loss <- label_mnist_1_split_1
I0509 12:43:11.815420 14681 net.cpp:380] loss -> loss
I0509 12:43:11.815438 14681 layer_factory.hpp:77] Creating layer loss
I0509 12:43:11.815469 14681 net.cpp:122] Setting up loss
I0509 12:43:11.815485 14681 net.cpp:129] Top shape: (1)
I0509 12:43:11.815495 14681 net.cpp:132]     with loss weight 1
I0509 12:43:11.815520 14681 net.cpp:137] Memory required for data: 3853616
I0509 12:43:11.815531 14681 net.cpp:198] loss needs backward computation.
I0509 12:43:11.815541 14681 net.cpp:200] accuracy does not need backward computation.
I0509 12:43:11.815552 14681 net.cpp:198] ip3_ip3_0_split needs backward computation.
I0509 12:43:11.815562 14681 net.cpp:198] ip3 needs backward computation.
I0509 12:43:11.815573 14681 net.cpp:198] relu2 needs backward computation.
I0509 12:43:11.815583 14681 net.cpp:198] ip2 needs backward computation.
I0509 12:43:11.815593 14681 net.cpp:198] relu1 needs backward computation.
I0509 12:43:11.815603 14681 net.cpp:198] ip1 needs backward computation.
I0509 12:43:11.815614 14681 net.cpp:200] label_mnist_1_split does not need backward computation.
I0509 12:43:11.815625 14681 net.cpp:200] mnist does not need backward computation.
I0509 12:43:11.815635 14681 net.cpp:242] This network produces output accuracy
I0509 12:43:11.815645 14681 net.cpp:242] This network produces output loss
I0509 12:43:11.815665 14681 net.cpp:255] Network initialization done.
I0509 12:43:11.815719 14681 solver.cpp:56] Solver scaffolding done.
I0509 12:43:11.815764 14681 caffe_double.cpp:251] Starting Optimization
I0509 12:43:11.815817 14681 solver.cpp:273] Solving LeNet
I0509 12:43:11.815829 14681 solver.cpp:274] Learning Rate Policy: inv
I0509 12:43:11.825297 14681 solver.cpp:331] Iteration 0, Testing net (#0)
I0509 12:43:21.863486 14683 data_layer.cpp:73] Restarting data prefetching from start.
I0509 12:43:22.281213 14681 solver.cpp:398]     Test net output #0: accuracy = 0.1642
I0509 12:43:22.281285 14681 solver.cpp:398]     Test net output #1: loss = 2.30277 (* 1 = 2.30277 loss)
I0509 12:43:22.468542 14681 solver.cpp:219] Iteration 0 (0 iter/s, 10.652s/600 iters), loss = 2.30289
I0509 12:43:22.468607 14681 solver.cpp:238]     Train net output #0: accuracy = 0.21
I0509 12:43:22.468631 14681 solver.cpp:238]     Train net output #1: loss = 2.30289 (* 1 = 2.30289 loss)
I0509 12:43:22.468655 14681 sgd_solver.cpp:107] Iteration 0, lr = 0.1
I0509 12:45:57.233626 14682 data_layer.cpp:73] Restarting data prefetching from start.
I0509 12:45:58.258946 14681 solver.cpp:331] Iteration 600, Testing net (#0)
I0509 12:46:08.248775 14683 data_layer.cpp:73] Restarting data prefetching from start.
I0509 12:46:08.664232 14681 solver.cpp:398]     Test net output #0: accuracy = 0.9385
I0509 12:46:08.664331 14681 solver.cpp:398]     Test net output #1: loss = 0.195171 (* 1 = 0.195171 loss)
I0509 12:46:08.849268 14681 solver.cpp:219] Iteration 600 (3.6062 iter/s, 166.38s/600 iters), loss = 0.139387
I0509 12:46:08.849344 14681 solver.cpp:238]     Train net output #0: accuracy = 0.97
I0509 12:46:08.849367 14681 solver.cpp:238]     Train net output #1: loss = 0.139387 (* 1 = 0.139387 loss)
I0509 12:46:08.849386 14681 sgd_solver.cpp:107] Iteration 600, lr = 0.0957239
I0509 12:48:41.970217 14682 data_layer.cpp:73] Restarting data prefetching from start.
I0509 12:48:42.991654 14681 solver.cpp:331] Iteration 1200, Testing net (#0)
I0509 12:48:52.979732 14683 data_layer.cpp:73] Restarting data prefetching from start.
I0509 12:48:53.395460 14681 solver.cpp:398]     Test net output #0: accuracy = 0.9607
I0509 12:48:53.395526 14681 solver.cpp:398]     Test net output #1: loss = 0.127161 (* 1 = 0.127161 loss)
I0509 12:48:53.580345 14681 solver.cpp:219] Iteration 1200 (3.64232 iter/s, 164.73s/600 iters), loss = 0.0952522
I0509 12:48:53.580411 14681 solver.cpp:238]     Train net output #0: accuracy = 0.98
I0509 12:48:53.580433 14681 solver.cpp:238]     Train net output #1: loss = 0.0952522 (* 1 = 0.0952522 loss)
I0509 12:48:53.580452 14681 sgd_solver.cpp:107] Iteration 1200, lr = 0.0918516
I0509 12:51:26.244022 14682 data_layer.cpp:73] Restarting data prefetching from start.
I0509 12:51:27.265106 14681 solver.cpp:331] Iteration 1800, Testing net (#0)
I0509 12:51:37.255049 14683 data_layer.cpp:73] Restarting data prefetching from start.
I0509 12:51:37.670788 14681 solver.cpp:398]     Test net output #0: accuracy = 0.9644
I0509 12:51:37.670848 14681 solver.cpp:398]     Test net output #1: loss = 0.115828 (* 1 = 0.115828 loss)
I0509 12:51:37.855502 14681 solver.cpp:219] Iteration 1800 (3.65241 iter/s, 164.275s/600 iters), loss = 0.0619999
I0509 12:51:37.855569 14681 solver.cpp:238]     Train net output #0: accuracy = 0.98
I0509 12:51:37.855592 14681 solver.cpp:238]     Train net output #1: loss = 0.0619999 (* 1 = 0.0619999 loss)
I0509 12:51:37.855612 14681 sgd_solver.cpp:107] Iteration 1800, lr = 0.088326
I0509 12:54:10.113343 14682 data_layer.cpp:73] Restarting data prefetching from start.
I0509 12:54:11.128639 14681 solver.cpp:331] Iteration 2400, Testing net (#0)
I0509 12:54:21.117409 14683 data_layer.cpp:73] Restarting data prefetching from start.
I0509 12:54:21.533248 14681 solver.cpp:398]     Test net output #0: accuracy = 0.9742
I0509 12:54:21.533319 14681 solver.cpp:398]     Test net output #1: loss = 0.100305 (* 1 = 0.100305 loss)
I0509 12:54:21.718119 14681 solver.cpp:219] Iteration 2400 (3.66162 iter/s, 163.862s/600 iters), loss = 0.0458598
I0509 12:54:21.718186 14681 solver.cpp:238]     Train net output #0: accuracy = 0.98
I0509 12:54:21.718209 14681 solver.cpp:238]     Train net output #1: loss = 0.0458598 (* 1 = 0.0458598 loss)
I0509 12:54:21.718228 14681 sgd_solver.cpp:107] Iteration 2400, lr = 0.0851008
I0509 12:56:53.777945 14682 data_layer.cpp:73] Restarting data prefetching from start.
I0509 12:56:54.794529 14681 solver.cpp:331] Iteration 3000, Testing net (#0)
I0509 12:57:04.783902 14683 data_layer.cpp:73] Restarting data prefetching from start.
I0509 12:57:05.199795 14681 solver.cpp:398]     Test net output #0: accuracy = 0.9765
I0509 12:57:05.199867 14681 solver.cpp:398]     Test net output #1: loss = 0.0859226 (* 1 = 0.0859226 loss)
I0509 12:57:05.384786 14681 solver.cpp:219] Iteration 3000 (3.666 iter/s, 163.666s/600 iters), loss = 0.0105565
I0509 12:57:05.384850 14681 solver.cpp:238]     Train net output #0: accuracy = 1
I0509 12:57:05.384872 14681 solver.cpp:238]     Train net output #1: loss = 0.0105565 (* 1 = 0.0105565 loss)
I0509 12:57:05.384891 14681 sgd_solver.cpp:107] Iteration 3000, lr = 0.0821377
I0509 12:59:36.860558 14682 data_layer.cpp:73] Restarting data prefetching from start.
I0509 12:59:37.868521 14681 solver.cpp:331] Iteration 3600, Testing net (#0)
I0509 12:59:47.813374 14683 data_layer.cpp:73] Restarting data prefetching from start.
I0509 12:59:48.226927 14681 solver.cpp:398]     Test net output #0: accuracy = 0.9715
I0509 12:59:48.227010 14681 solver.cpp:398]     Test net output #1: loss = 0.125619 (* 1 = 0.125619 loss)
I0509 12:59:48.410887 14681 solver.cpp:219] Iteration 3600 (3.68039 iter/s, 163.026s/600 iters), loss = 0.0883599
I0509 12:59:48.410961 14681 solver.cpp:238]     Train net output #0: accuracy = 0.97
I0509 12:59:48.410984 14681 solver.cpp:238]     Train net output #1: loss = 0.0883599 (* 1 = 0.0883599 loss)
I0509 12:59:48.411001 14681 sgd_solver.cpp:107] Iteration 3600, lr = 0.0794046
I0509 13:02:19.100942 14682 data_layer.cpp:73] Restarting data prefetching from start.
I0509 13:02:20.104015 14681 solver.cpp:331] Iteration 4200, Testing net (#0)
I0509 13:02:30.052387 14683 data_layer.cpp:73] Restarting data prefetching from start.
I0509 13:02:30.466974 14681 solver.cpp:398]     Test net output #0: accuracy = 0.9802
I0509 13:02:30.467048 14681 solver.cpp:398]     Test net output #1: loss = 0.0820208 (* 1 = 0.0820208 loss)
I0509 13:02:30.651357 14681 solver.cpp:219] Iteration 4200 (3.69822 iter/s, 162.24s/600 iters), loss = 0.00458689
I0509 13:02:30.651425 14681 solver.cpp:238]     Train net output #0: accuracy = 1
I0509 13:02:30.651448 14681 solver.cpp:238]     Train net output #1: loss = 0.00458689 (* 1 = 0.00458689 loss)
I0509 13:02:30.651464 14681 sgd_solver.cpp:107] Iteration 4200, lr = 0.0768748
I0509 13:05:01.871742 14682 data_layer.cpp:73] Restarting data prefetching from start.
I0509 13:05:02.891818 14681 solver.cpp:331] Iteration 4800, Testing net (#0)
I0509 13:05:12.852196 14683 data_layer.cpp:73] Restarting data prefetching from start.
I0509 13:05:13.500788 14681 blocking_queue.cpp:49] Waiting for data
I0509 13:05:13.606386 14681 solver.cpp:398]     Test net output #0: accuracy = 0.9791
I0509 13:05:13.606465 14681 solver.cpp:398]     Test net output #1: loss = 0.0911734 (* 1 = 0.0911734 loss)
I0509 13:05:13.791436 14681 solver.cpp:219] Iteration 4800 (3.67785 iter/s, 163.139s/600 iters), loss = 0.00763249
I0509 13:05:13.791538 14681 solver.cpp:238]     Train net output #0: accuracy = 1
I0509 13:05:13.791564 14681 solver.cpp:238]     Train net output #1: loss = 0.00763249 (* 1 = 0.00763249 loss)
I0509 13:05:13.791582 14681 sgd_solver.cpp:107] Iteration 4800, lr = 0.0745253
I0509 13:07:44.906014 14682 data_layer.cpp:73] Restarting data prefetching from start.
I0509 13:07:45.916967 14681 solver.cpp:331] Iteration 5400, Testing net (#0)
I0509 13:07:55.875648 14683 data_layer.cpp:73] Restarting data prefetching from start.
I0509 13:07:56.290524 14681 solver.cpp:398]     Test net output #0: accuracy = 0.9813
I0509 13:07:56.290583 14681 solver.cpp:398]     Test net output #1: loss = 0.0852389 (* 1 = 0.0852389 loss)
I0509 13:07:56.474824 14681 solver.cpp:219] Iteration 5400 (3.68815 iter/s, 162.683s/600 iters), loss = 0.00206815
I0509 13:07:56.474884 14681 solver.cpp:238]     Train net output #0: accuracy = 1
I0509 13:07:56.487000 14681 solver.cpp:238]     Train net output #1: loss = 0.00206815 (* 1 = 0.00206815 loss)
I0509 13:07:56.487022 14681 sgd_solver.cpp:107] Iteration 5400, lr = 0.0723368
I0509 13:10:26.944802 14682 data_layer.cpp:73] Restarting data prefetching from start.
I0509 13:10:27.949396 14681 solver.cpp:331] Iteration 6000, Testing net (#0)
I0509 13:10:37.909140 14683 data_layer.cpp:73] Restarting data prefetching from start.
I0509 13:10:38.323528 14681 solver.cpp:398]     Test net output #0: accuracy = 0.9814
I0509 13:10:38.323590 14681 solver.cpp:398]     Test net output #1: loss = 0.0946216 (* 1 = 0.0946216 loss)
I0509 13:10:38.507748 14681 solver.cpp:219] Iteration 6000 (3.70297 iter/s, 162.032s/600 iters), loss = 0.0126337
I0509 13:10:38.507810 14681 solver.cpp:238]     Train net output #0: accuracy = 0.99
I0509 13:10:38.507834 14681 solver.cpp:238]     Train net output #1: loss = 0.0126337 (* 1 = 0.0126337 loss)
I0509 13:10:38.507851 14681 sgd_solver.cpp:107] Iteration 6000, lr = 0.0702927
I0509 13:13:08.711295 14682 data_layer.cpp:73] Restarting data prefetching from start.
I0509 13:13:09.717262 14681 solver.cpp:331] Iteration 6600, Testing net (#0)
I0509 13:13:19.678364 14683 data_layer.cpp:73] Restarting data prefetching from start.
I0509 13:13:20.092788 14681 solver.cpp:398]     Test net output #0: accuracy = 0.9802
I0509 13:13:20.092849 14681 solver.cpp:398]     Test net output #1: loss = 0.0931223 (* 1 = 0.0931223 loss)
I0509 13:13:20.276979 14681 solver.cpp:219] Iteration 6600 (3.70899 iter/s, 161.769s/600 iters), loss = 0.00169432
I0509 13:13:20.277043 14681 solver.cpp:238]     Train net output #0: accuracy = 1
I0509 13:13:20.277066 14681 solver.cpp:238]     Train net output #1: loss = 0.00169432 (* 1 = 0.00169432 loss)
I0509 13:13:20.277084 14681 sgd_solver.cpp:107] Iteration 6600, lr = 0.0683784
I0509 13:16:01.876986 14682 data_layer.cpp:73] Restarting data prefetching from start.
I0509 13:16:02.985620 14681 solver.cpp:331] Iteration 7200, Testing net (#0)
I0509 13:16:12.946548 14683 data_layer.cpp:73] Restarting data prefetching from start.
I0509 13:16:13.361510 14681 solver.cpp:398]     Test net output #0: accuracy = 0.9822
I0509 13:16:13.361577 14681 solver.cpp:398]     Test net output #1: loss = 0.0904988 (* 1 = 0.0904988 loss)
I0509 13:16:13.545867 14681 solver.cpp:219] Iteration 7200 (3.46284 iter/s, 173.268s/600 iters), loss = 0.0090928
I0509 13:16:13.545935 14681 solver.cpp:238]     Train net output #0: accuracy = 1
I0509 13:16:13.545958 14681 solver.cpp:238]     Train net output #1: loss = 0.0090928 (* 1 = 0.0090928 loss)
I0509 13:16:13.545975 14681 sgd_solver.cpp:107] Iteration 7200, lr = 0.0665815
I0509 13:19:00.318697 14682 data_layer.cpp:73] Restarting data prefetching from start.
I0509 13:19:01.447485 14681 solver.cpp:331] Iteration 7800, Testing net (#0)
I0509 13:19:11.406675 14683 data_layer.cpp:73] Restarting data prefetching from start.
I0509 13:19:11.821017 14681 solver.cpp:398]     Test net output #0: accuracy = 0.9811
I0509 13:19:11.821101 14681 solver.cpp:398]     Test net output #1: loss = 0.105723 (* 1 = 0.105723 loss)
I0509 13:19:12.005097 14681 solver.cpp:219] Iteration 7800 (3.36212 iter/s, 178.459s/600 iters), loss = 0.00119831
I0509 13:19:12.005173 14681 solver.cpp:238]     Train net output #0: accuracy = 1
I0509 13:19:12.005198 14681 solver.cpp:238]     Train net output #1: loss = 0.00119831 (* 1 = 0.00119831 loss)
I0509 13:19:12.005214 14681 sgd_solver.cpp:107] Iteration 7800, lr = 0.0648911
I0509 13:21:59.698909 14682 data_layer.cpp:73] Restarting data prefetching from start.
I0509 13:22:00.832553 14681 solver.cpp:331] Iteration 8400, Testing net (#0)
I0509 13:22:10.794855 14683 data_layer.cpp:73] Restarting data prefetching from start.
I0509 13:22:11.209281 14681 solver.cpp:398]     Test net output #0: accuracy = 0.9835
I0509 13:22:11.209358 14681 solver.cpp:398]     Test net output #1: loss = 0.096858 (* 1 = 0.096858 loss)
I0509 13:22:11.393949 14681 solver.cpp:219] Iteration 8400 (3.34471 iter/s, 179.388s/600 iters), loss = 0.0213115
I0509 13:22:11.410055 14681 solver.cpp:238]     Train net output #0: accuracy = 0.99
I0509 13:22:11.410094 14681 solver.cpp:238]     Train net output #1: loss = 0.0213115 (* 1 = 0.0213115 loss)
I0509 13:22:11.410111 14681 sgd_solver.cpp:107] Iteration 8400, lr = 0.0632975
I0509 13:25:00.176003 14682 data_layer.cpp:73] Restarting data prefetching from start.
I0509 13:25:01.310536 14681 solver.cpp:331] Iteration 9000, Testing net (#0)
I0509 13:25:11.275975 14683 data_layer.cpp:73] Restarting data prefetching from start.
I0509 13:25:11.691325 14681 solver.cpp:398]     Test net output #0: accuracy = 0.983
I0509 13:25:11.691402 14681 solver.cpp:398]     Test net output #1: loss = 0.0988042 (* 1 = 0.0988042 loss)
I0509 13:25:11.875563 14681 solver.cpp:219] Iteration 9000 (3.32474 iter/s, 180.465s/600 iters), loss = 0.00158692
I0509 13:25:11.875640 14681 solver.cpp:238]     Train net output #0: accuracy = 1
I0509 13:25:11.875663 14681 solver.cpp:238]     Train net output #1: loss = 0.00158692 (* 1 = 0.00158692 loss)
I0509 13:25:11.875680 14681 sgd_solver.cpp:107] Iteration 9000, lr = 0.0617924
I0509 13:28:01.184309 14682 data_layer.cpp:73] Restarting data prefetching from start.
I0509 13:28:02.318547 14681 solver.cpp:331] Iteration 9600, Testing net (#0)
I0509 13:28:12.281643 14683 data_layer.cpp:73] Restarting data prefetching from start.
I0509 13:28:12.696190 14681 solver.cpp:398]     Test net output #0: accuracy = 0.9831
I0509 13:28:12.698786 14681 solver.cpp:398]     Test net output #1: loss = 0.102014 (* 1 = 0.102014 loss)
I0509 13:28:12.883018 14681 solver.cpp:219] Iteration 9600 (3.31479 iter/s, 181.007s/600 iters), loss = 0.000380633
I0509 13:28:12.883096 14681 solver.cpp:238]     Train net output #0: accuracy = 1
I0509 13:28:12.883121 14681 solver.cpp:238]     Train net output #1: loss = 0.000380633 (* 1 = 0.000380633 loss)
I0509 13:28:12.883137 14681 sgd_solver.cpp:107] Iteration 9600, lr = 0.0603682
I0509 13:31:02.029294 14682 data_layer.cpp:73] Restarting data prefetching from start.
I0509 13:31:03.166857 14681 solver.cpp:331] Iteration 10200, Testing net (#0)
I0509 13:31:13.130476 14683 data_layer.cpp:73] Restarting data prefetching from start.
I0509 13:31:13.545150 14681 solver.cpp:398]     Test net output #0: accuracy = 0.9828
I0509 13:31:13.545222 14681 solver.cpp:398]     Test net output #1: loss = 0.113802 (* 1 = 0.113802 loss)
I0509 13:31:13.729403 14681 solver.cpp:219] Iteration 10200 (3.31774 iter/s, 180.846s/600 iters), loss = 0.000746472
I0509 13:31:13.729482 14681 solver.cpp:238]     Train net output #0: accuracy = 1
I0509 13:31:13.729506 14681 solver.cpp:238]     Train net output #1: loss = 0.000746472 (* 1 = 0.000746472 loss)
I0509 13:31:13.729522 14681 sgd_solver.cpp:107] Iteration 10200, lr = 0.0590183
I0509 13:34:03.164436 14682 data_layer.cpp:73] Restarting data prefetching from start.
I0509 13:34:04.302690 14681 solver.cpp:331] Iteration 10800, Testing net (#0)
I0509 13:34:14.271632 14683 data_layer.cpp:73] Restarting data prefetching from start.
I0509 13:34:14.686432 14681 solver.cpp:398]     Test net output #0: accuracy = 0.9833
I0509 13:34:14.686511 14681 solver.cpp:398]     Test net output #1: loss = 0.106751 (* 1 = 0.106751 loss)
I0509 13:34:14.870743 14681 solver.cpp:219] Iteration 10800 (3.31234 iter/s, 181.141s/600 iters), loss = 0.000203701
I0509 13:34:14.870820 14681 solver.cpp:238]     Train net output #0: accuracy = 1
I0509 13:34:14.870841 14681 solver.cpp:238]     Train net output #1: loss = 0.000203701 (* 1 = 0.000203701 loss)
I0509 13:34:14.870859 14681 sgd_solver.cpp:107] Iteration 10800, lr = 0.0577368
I0509 13:37:04.306310 14682 data_layer.cpp:73] Restarting data prefetching from start.
I0509 13:37:05.446075 14681 solver.cpp:331] Iteration 11400, Testing net (#0)
I0509 13:37:15.410332 14683 data_layer.cpp:73] Restarting data prefetching from start.
I0509 13:37:15.825369 14681 solver.cpp:398]     Test net output #0: accuracy = 0.9842
I0509 13:37:15.825431 14681 solver.cpp:398]     Test net output #1: loss = 0.109073 (* 1 = 0.109073 loss)
I0509 13:37:16.026314 14681 solver.cpp:219] Iteration 11400 (3.31208 iter/s, 181.155s/600 iters), loss = 0.000455572
I0509 13:37:16.026408 14681 solver.cpp:238]     Train net output #0: accuracy = 1
I0509 13:37:16.026432 14681 solver.cpp:238]     Train net output #1: loss = 0.000455572 (* 1 = 0.000455572 loss)
I0509 13:37:16.026450 14681 sgd_solver.cpp:107] Iteration 11400, lr = 0.0565184
I0509 13:40:05.559211 14682 data_layer.cpp:73] Restarting data prefetching from start.
I0509 13:40:06.697845 14681 solver.cpp:331] Iteration 12000, Testing net (#0)
I0509 13:40:16.663913 14683 data_layer.cpp:73] Restarting data prefetching from start.
I0509 13:40:17.078609 14681 solver.cpp:398]     Test net output #0: accuracy = 0.9843
I0509 13:40:17.078688 14681 solver.cpp:398]     Test net output #1: loss = 0.108841 (* 1 = 0.108841 loss)
I0509 13:40:17.262773 14681 solver.cpp:219] Iteration 12000 (3.3106 iter/s, 181.236s/600 iters), loss = 0.00012109
I0509 13:40:17.262850 14681 solver.cpp:238]     Train net output #0: accuracy = 1
I0509 13:40:17.262872 14681 solver.cpp:238]     Train net output #1: loss = 0.00012109 (* 1 = 0.00012109 loss)
I0509 13:40:17.262889 14681 sgd_solver.cpp:107] Iteration 12000, lr = 0.0553583
I0509 13:43:06.846318 14682 data_layer.cpp:73] Restarting data prefetching from start.
I0509 13:43:07.985282 14681 solver.cpp:331] Iteration 12600, Testing net (#0)
I0509 13:43:17.952708 14683 data_layer.cpp:73] Restarting data prefetching from start.
I0509 13:43:18.367583 14681 solver.cpp:398]     Test net output #0: accuracy = 0.9843
I0509 13:43:18.367662 14681 solver.cpp:398]     Test net output #1: loss = 0.112937 (* 1 = 0.112937 loss)
I0509 13:43:18.551919 14681 solver.cpp:219] Iteration 12600 (3.30963 iter/s, 181.289s/600 iters), loss = 0.000297402
I0509 13:43:18.551995 14681 solver.cpp:238]     Train net output #0: accuracy = 1
I0509 13:43:18.552018 14681 solver.cpp:238]     Train net output #1: loss = 0.000297402 (* 1 = 0.000297402 loss)
I0509 13:43:18.552042 14681 sgd_solver.cpp:107] Iteration 12600, lr = 0.0542524
I0509 13:46:08.206634 14682 data_layer.cpp:73] Restarting data prefetching from start.
I0509 13:46:09.347842 14681 solver.cpp:331] Iteration 13200, Testing net (#0)
I0509 13:46:19.315179 14683 data_layer.cpp:73] Restarting data prefetching from start.
I0509 13:46:19.730007 14681 solver.cpp:398]     Test net output #0: accuracy = 0.985
I0509 13:46:19.730090 14681 solver.cpp:398]     Test net output #1: loss = 0.115006 (* 1 = 0.115006 loss)
I0509 13:46:19.914230 14681 solver.cpp:219] Iteration 13200 (3.3083 iter/s, 181.362s/600 iters), loss = 0.000351215
I0509 13:46:19.914307 14681 solver.cpp:238]     Train net output #0: accuracy = 1
I0509 13:46:19.914330 14681 solver.cpp:238]     Train net output #1: loss = 0.000351215 (* 1 = 0.000351215 loss)
I0509 13:46:19.914347 14681 sgd_solver.cpp:107] Iteration 13200, lr = 0.0531966
I0509 13:49:09.652227 14682 data_layer.cpp:73] Restarting data prefetching from start.
I0509 13:49:10.792423 14681 solver.cpp:331] Iteration 13800, Testing net (#0)
I0509 13:49:20.759367 14683 data_layer.cpp:73] Restarting data prefetching from start.
I0509 13:49:21.174670 14681 solver.cpp:398]     Test net output #0: accuracy = 0.9845
I0509 13:49:21.174751 14681 solver.cpp:398]     Test net output #1: loss = 0.116548 (* 1 = 0.116548 loss)
I0509 13:49:21.358919 14681 solver.cpp:219] Iteration 13800 (3.30681 iter/s, 181.444s/600 iters), loss = 0.000429647
I0509 13:49:21.358996 14681 solver.cpp:238]     Train net output #0: accuracy = 1
I0509 13:49:21.359019 14681 solver.cpp:238]     Train net output #1: loss = 0.000429647 (* 1 = 0.000429647 loss)
I0509 13:49:21.359042 14681 sgd_solver.cpp:107] Iteration 13800, lr = 0.0521876
I0509 13:52:11.294456 14682 data_layer.cpp:73] Restarting data prefetching from start.
I0509 13:52:12.438730 14681 solver.cpp:331] Iteration 14400, Testing net (#0)
I0509 13:52:22.412717 14683 data_layer.cpp:73] Restarting data prefetching from start.
I0509 13:52:22.827839 14681 solver.cpp:398]     Test net output #0: accuracy = 0.984
I0509 13:52:22.827919 14681 solver.cpp:398]     Test net output #1: loss = 0.121064 (* 1 = 0.121064 loss)
I0509 13:52:23.031126 14681 solver.cpp:219] Iteration 14400 (3.30266 iter/s, 181.672s/600 iters), loss = 0.000771145
I0509 13:52:23.031208 14681 solver.cpp:238]     Train net output #0: accuracy = 1
I0509 13:52:23.031231 14681 solver.cpp:238]     Train net output #1: loss = 0.000771145 (* 1 = 0.000771145 loss)
I0509 13:52:23.031250 14681 sgd_solver.cpp:107] Iteration 14400, lr = 0.0512221
