I0509 12:44:51.965783  9531 caffe_double.cpp:214] Use CPU.
I0509 12:44:51.966516  9531 solver.cpp:44] Initializing solver from parameters: 
test_iter: 100
test_interval: 600
base_lr: 0.1
display: 600
max_iter: 18000
lr_policy: "inv"
gamma: 0.0001
power: 0.75
momentum: 0.9
solver_mode: CPU
net_param {
  name: "LeNet"
  layer {
    name: "mnist"
    type: "Data"
    top: "data"
    top: "label"
    include {
      phase: TRAIN
    }
    transform_param {
      scale: 0.00390625
    }
    data_param {
      source: "data/mnist_train_lmdb"
      batch_size: 100
      backend: LMDB
    }
  }
  layer {
    name: "mnist"
    type: "Data"
    top: "data"
    top: "label"
    include {
      phase: TEST
    }
    transform_param {
      scale: 0.00390625
    }
    data_param {
      source: "data/mnist_test_lmdb"
      batch_size: 100
      backend: LMDB
    }
  }
  layer {
    name: "ip1"
    type: "InnerProduct"
    bottom: "data"
    top: "ip1"
    inner_product_param {
      num_output: 1000
      weight_filler {
        type: "gaussian"
        mean: 0
        std: 0.01
      }
    }
    bias_param {
      filler {
        value: 0
      }
    }
    fixed_precision: true
    precision {
      enter: 2
      fraccio: 14
      rounding: "stochastic"
    }
  }
  layer {
    name: "relu1"
    type: "ReLU"
    bottom: "ip1"
    top: "ip1"
    fixed_precision: true
    precision {
      enter: 2
      fraccio: 14
      rounding: "stochastic"
    }
  }
  layer {
    name: "ip2"
    type: "InnerProduct"
    bottom: "ip1"
    top: "ip2"
    inner_product_param {
      num_output: 1000
      weight_filler {
        type: "gaussian"
        mean: 0
        std: 0.01
      }
    }
    bias_param {
      filler {
        value: 0
      }
    }
    fixed_precision: true
    precision {
      enter: 2
      fraccio: 14
      rounding: "stochastic"
    }
  }
  layer {
    name: "relu2"
    type: "ReLU"
    bottom: "ip2"
    top: "ip2"
    bias_param {
      filler {
        value: 0
      }
    }
    fixed_precision: true
    precision {
      enter: 2
      fraccio: 14
      rounding: "stochastic"
    }
  }
  layer {
    name: "ip3"
    type: "InnerProduct"
    bottom: "ip2"
    top: "ip3"
    inner_product_param {
      num_output: 10
      weight_filler {
        type: "gaussian"
        mean: 0
        std: 0.01
      }
    }
    bias_param {
      filler {
        value: 0
      }
    }
    fixed_precision: true
    precision {
      enter: 2
      fraccio: 14
      rounding: "stochastic"
    }
  }
  layer {
    name: "accuracy"
    type: "Accuracy"
    bottom: "ip3"
    bottom: "label"
    top: "accuracy"
  }
  layer {
    name: "loss"
    type: "SoftmaxWithLoss"
    bottom: "ip3"
    bottom: "label"
    top: "loss"
    fixed_precision: true
    precision {
      enter: 2
      fraccio: 14
      rounding: "stochastic"
    }
  }
}
train_state {
  level: 0
  stage: ""
}
fixed_precision: true
precision {
  enter: 2
  fraccio: 14
  rounding: "stochastic"
}
I0509 12:44:51.966609  9531 solver.cpp:82] Creating training net specified in net_param.
I0509 12:44:51.966673  9531 net.cpp:294] The NetState phase (0) differed from the phase (1) specified by a rule in layer mnist
I0509 12:44:51.966804  9531 net.cpp:51] Initializing net from parameters: 
name: "LeNet"
state {
  phase: TRAIN
  level: 0
  stage: ""
}
layer {
  name: "mnist"
  type: "Data"
  top: "data"
  top: "label"
  include {
    phase: TRAIN
  }
  transform_param {
    scale: 0.00390625
  }
  data_param {
    source: "data/mnist_train_lmdb"
    batch_size: 100
    backend: LMDB
  }
}
layer {
  name: "ip1"
  type: "InnerProduct"
  bottom: "data"
  top: "ip1"
  inner_product_param {
    num_output: 1000
    weight_filler {
      type: "gaussian"
      mean: 0
      std: 0.01
    }
  }
  bias_param {
    filler {
      value: 0
    }
  }
  fixed_precision: true
  precision {
    enter: 2
    fraccio: 14
    rounding: "stochastic"
  }
}
layer {
  name: "relu1"
  type: "ReLU"
  bottom: "ip1"
  top: "ip1"
  fixed_precision: true
  precision {
    enter: 2
    fraccio: 14
    rounding: "stochastic"
  }
}
layer {
  name: "ip2"
  type: "InnerProduct"
  bottom: "ip1"
  top: "ip2"
  inner_product_param {
    num_output: 1000
    weight_filler {
      type: "gaussian"
      mean: 0
      std: 0.01
    }
  }
  bias_param {
    filler {
      value: 0
    }
  }
  fixed_precision: true
  precision {
    enter: 2
    fraccio: 14
    rounding: "stochastic"
  }
}
layer {
  name: "relu2"
  type: "ReLU"
  bottom: "ip2"
  top: "ip2"
  bias_param {
    filler {
      value: 0
    }
  }
  fixed_precision: true
  precision {
    enter: 2
    fraccio: 14
    rounding: "stochastic"
  }
}
layer {
  name: "ip3"
  type: "InnerProduct"
  bottom: "ip2"
  top: "ip3"
  inner_product_param {
    num_output: 10
    weight_filler {
      type: "gaussian"
      mean: 0
      std: 0.01
    }
  }
  bias_param {
    filler {
      value: 0
    }
  }
  fixed_precision: true
  precision {
    enter: 2
    fraccio: 14
    rounding: "stochastic"
  }
}
layer {
  name: "accuracy"
  type: "Accuracy"
  bottom: "ip3"
  bottom: "label"
  top: "accuracy"
}
layer {
  name: "loss"
  type: "SoftmaxWithLoss"
  bottom: "ip3"
  bottom: "label"
  top: "loss"
  fixed_precision: true
  precision {
    enter: 2
    fraccio: 14
    rounding: "stochastic"
  }
}
I0509 12:44:51.968596  9531 layer_factory.hpp:77] Creating layer mnist
I0509 12:44:51.969501  9531 db_lmdb.cpp:35] Opened lmdb data/mnist_train_lmdb
I0509 12:44:51.969756  9531 net.cpp:84] Creating Layer mnist
I0509 12:44:51.969789  9531 net.cpp:380] mnist -> data
I0509 12:44:51.969836  9531 net.cpp:380] mnist -> label
I0509 12:44:51.969897  9531 data_layer.cpp:45] output data size: 100,1,28,28
I0509 12:44:51.971647  9531 net.cpp:122] Setting up mnist
I0509 12:44:51.971683  9531 net.cpp:129] Top shape: 100 1 28 28 (78400)
I0509 12:44:51.971699  9531 net.cpp:129] Top shape: 100 (100)
I0509 12:44:51.971709  9531 net.cpp:137] Memory required for data: 628000
I0509 12:44:51.971726  9531 layer_factory.hpp:77] Creating layer label_mnist_1_split
I0509 12:44:51.971745  9531 net.cpp:84] Creating Layer label_mnist_1_split
I0509 12:44:51.971760  9531 net.cpp:406] label_mnist_1_split <- label
I0509 12:44:51.971779  9531 net.cpp:380] label_mnist_1_split -> label_mnist_1_split_0
I0509 12:44:51.971797  9531 net.cpp:380] label_mnist_1_split -> label_mnist_1_split_1
I0509 12:44:51.971818  9531 net.cpp:122] Setting up label_mnist_1_split
I0509 12:44:51.971833  9531 net.cpp:129] Top shape: 100 (100)
I0509 12:44:51.971845  9531 net.cpp:129] Top shape: 100 (100)
I0509 12:44:51.971855  9531 net.cpp:137] Memory required for data: 629600
I0509 12:44:51.971866  9531 layer_factory.hpp:77] Creating layer ip1
I0509 12:44:51.971886  9531 net.cpp:84] Creating Layer ip1
I0509 12:44:51.971899  9531 net.cpp:406] ip1 <- data
I0509 12:44:51.971915  9531 net.cpp:380] ip1 -> ip1
I0509 12:44:52.023624  9531 net.cpp:122] Setting up ip1
I0509 12:44:52.023695  9531 net.cpp:129] Top shape: 100 1000 (100000)
I0509 12:44:52.023706  9531 net.cpp:137] Memory required for data: 1429600
I0509 12:44:52.023737  9531 layer_factory.hpp:77] Creating layer relu1
I0509 12:44:52.023766  9531 net.cpp:84] Creating Layer relu1
I0509 12:44:52.023779  9531 net.cpp:406] relu1 <- ip1
I0509 12:44:52.023795  9531 net.cpp:367] relu1 -> ip1 (in-place)
I0509 12:44:52.023816  9531 net.cpp:122] Setting up relu1
I0509 12:44:52.023830  9531 net.cpp:129] Top shape: 100 1000 (100000)
I0509 12:44:52.023841  9531 net.cpp:137] Memory required for data: 2229600
I0509 12:44:52.023851  9531 layer_factory.hpp:77] Creating layer ip2
I0509 12:44:52.023872  9531 net.cpp:84] Creating Layer ip2
I0509 12:44:52.023885  9531 net.cpp:406] ip2 <- ip1
I0509 12:44:52.023900  9531 net.cpp:380] ip2 -> ip2
I0509 12:44:52.086289  9531 net.cpp:122] Setting up ip2
I0509 12:44:52.086346  9531 net.cpp:129] Top shape: 100 1000 (100000)
I0509 12:44:52.086359  9531 net.cpp:137] Memory required for data: 3029600
I0509 12:44:52.086381  9531 layer_factory.hpp:77] Creating layer relu2
I0509 12:44:52.086405  9531 net.cpp:84] Creating Layer relu2
I0509 12:44:52.086418  9531 net.cpp:406] relu2 <- ip2
I0509 12:44:52.086436  9531 net.cpp:367] relu2 -> ip2 (in-place)
I0509 12:44:52.086455  9531 net.cpp:122] Setting up relu2
I0509 12:44:52.086514  9531 net.cpp:129] Top shape: 100 1000 (100000)
I0509 12:44:52.086525  9531 net.cpp:137] Memory required for data: 3829600
I0509 12:44:52.086536  9531 layer_factory.hpp:77] Creating layer ip3
I0509 12:44:52.086555  9531 net.cpp:84] Creating Layer ip3
I0509 12:44:52.086566  9531 net.cpp:406] ip3 <- ip2
I0509 12:44:52.086582  9531 net.cpp:380] ip3 -> ip3
I0509 12:44:52.087257  9531 net.cpp:122] Setting up ip3
I0509 12:44:52.087280  9531 net.cpp:129] Top shape: 100 10 (1000)
I0509 12:44:52.087291  9531 net.cpp:137] Memory required for data: 3837600
I0509 12:44:52.087309  9531 layer_factory.hpp:77] Creating layer ip3_ip3_0_split
I0509 12:44:52.087324  9531 net.cpp:84] Creating Layer ip3_ip3_0_split
I0509 12:44:52.087335  9531 net.cpp:406] ip3_ip3_0_split <- ip3
I0509 12:44:52.087349  9531 net.cpp:380] ip3_ip3_0_split -> ip3_ip3_0_split_0
I0509 12:44:52.087364  9531 net.cpp:380] ip3_ip3_0_split -> ip3_ip3_0_split_1
I0509 12:44:52.087383  9531 net.cpp:122] Setting up ip3_ip3_0_split
I0509 12:44:52.087396  9531 net.cpp:129] Top shape: 100 10 (1000)
I0509 12:44:52.087409  9531 net.cpp:129] Top shape: 100 10 (1000)
I0509 12:44:52.087419  9531 net.cpp:137] Memory required for data: 3853600
I0509 12:44:52.087430  9531 layer_factory.hpp:77] Creating layer accuracy
I0509 12:44:52.087453  9531 net.cpp:84] Creating Layer accuracy
I0509 12:44:52.087466  9531 net.cpp:406] accuracy <- ip3_ip3_0_split_0
I0509 12:44:52.087478  9531 net.cpp:406] accuracy <- label_mnist_1_split_0
I0509 12:44:52.087492  9531 net.cpp:380] accuracy -> accuracy
I0509 12:44:52.087510  9531 net.cpp:122] Setting up accuracy
I0509 12:44:52.087524  9531 net.cpp:129] Top shape: (1)
I0509 12:44:52.087534  9531 net.cpp:137] Memory required for data: 3853608
I0509 12:44:52.087545  9531 layer_factory.hpp:77] Creating layer loss
I0509 12:44:52.087563  9531 net.cpp:84] Creating Layer loss
I0509 12:44:52.087575  9531 net.cpp:406] loss <- ip3_ip3_0_split_1
I0509 12:44:52.087587  9531 net.cpp:406] loss <- label_mnist_1_split_1
I0509 12:44:52.087600  9531 net.cpp:380] loss -> loss
I0509 12:44:52.087622  9531 layer_factory.hpp:77] Creating layer loss
I0509 12:44:52.087654  9531 net.cpp:122] Setting up loss
I0509 12:44:52.087671  9531 net.cpp:129] Top shape: (1)
I0509 12:44:52.087680  9531 net.cpp:132]     with loss weight 1
I0509 12:44:52.087724  9531 net.cpp:137] Memory required for data: 3853616
I0509 12:44:52.087736  9531 net.cpp:198] loss needs backward computation.
I0509 12:44:52.087748  9531 net.cpp:200] accuracy does not need backward computation.
I0509 12:44:52.087759  9531 net.cpp:198] ip3_ip3_0_split needs backward computation.
I0509 12:44:52.087769  9531 net.cpp:198] ip3 needs backward computation.
I0509 12:44:52.087779  9531 net.cpp:198] relu2 needs backward computation.
I0509 12:44:52.087790  9531 net.cpp:198] ip2 needs backward computation.
I0509 12:44:52.087800  9531 net.cpp:198] relu1 needs backward computation.
I0509 12:44:52.087810  9531 net.cpp:198] ip1 needs backward computation.
I0509 12:44:52.087821  9531 net.cpp:200] label_mnist_1_split does not need backward computation.
I0509 12:44:52.087836  9531 net.cpp:200] mnist does not need backward computation.
I0509 12:44:52.087847  9531 net.cpp:242] This network produces output accuracy
I0509 12:44:52.087862  9531 net.cpp:242] This network produces output loss
I0509 12:44:52.087882  9531 net.cpp:255] Network initialization done.
I0509 12:44:52.087975  9531 solver.cpp:173] Creating test net (#0) specified by net_param
I0509 12:44:52.088011  9531 net.cpp:294] The NetState phase (1) differed from the phase (0) specified by a rule in layer mnist
I0509 12:44:52.088167  9531 net.cpp:51] Initializing net from parameters: 
name: "LeNet"
state {
  phase: TEST
}
layer {
  name: "mnist"
  type: "Data"
  top: "data"
  top: "label"
  include {
    phase: TEST
  }
  transform_param {
    scale: 0.00390625
  }
  data_param {
    source: "data/mnist_test_lmdb"
    batch_size: 100
    backend: LMDB
  }
}
layer {
  name: "ip1"
  type: "InnerProduct"
  bottom: "data"
  top: "ip1"
  inner_product_param {
    num_output: 1000
    weight_filler {
      type: "gaussian"
      mean: 0
      std: 0.01
    }
  }
  bias_param {
    filler {
      value: 0
    }
  }
  fixed_precision: true
  precision {
    enter: 2
    fraccio: 14
    rounding: "stochastic"
  }
}
layer {
  name: "relu1"
  type: "ReLU"
  bottom: "ip1"
  top: "ip1"
  fixed_precision: true
  precision {
    enter: 2
    fraccio: 14
    rounding: "stochastic"
  }
}
layer {
  name: "ip2"
  type: "InnerProduct"
  bottom: "ip1"
  top: "ip2"
  inner_product_param {
    num_output: 1000
    weight_filler {
      type: "gaussian"
      mean: 0
      std: 0.01
    }
  }
  bias_param {
    filler {
      value: 0
    }
  }
  fixed_precision: true
  precision {
    enter: 2
    fraccio: 14
    rounding: "stochastic"
  }
}
layer {
  name: "relu2"
  type: "ReLU"
  bottom: "ip2"
  top: "ip2"
  bias_param {
    filler {
      value: 0
    }
  }
  fixed_precision: true
  precision {
    enter: 2
    fraccio: 14
    rounding: "stochastic"
  }
}
layer {
  name: "ip3"
  type: "InnerProduct"
  bottom: "ip2"
  top: "ip3"
  inner_product_param {
    num_output: 10
    weight_filler {
      type: "gaussian"
      mean: 0
      std: 0.01
    }
  }
  bias_param {
    filler {
      value: 0
    }
  }
  fixed_precision: true
  precision {
    enter: 2
    fraccio: 14
    rounding: "stochastic"
  }
}
layer {
  name: "accuracy"
  type: "Accuracy"
  bottom: "ip3"
  bottom: "label"
  top: "accuracy"
}
layer {
  name: "loss"
  type: "SoftmaxWithLoss"
  bottom: "ip3"
  bottom: "label"
  top: "loss"
  fixed_precision: true
  precision {
    enter: 2
    fraccio: 14
    rounding: "stochastic"
  }
}
I0509 12:44:52.088271  9531 layer_factory.hpp:77] Creating layer mnist
I0509 12:44:52.089220  9531 db_lmdb.cpp:35] Opened lmdb data/mnist_test_lmdb
I0509 12:44:52.089483  9531 net.cpp:84] Creating Layer mnist
I0509 12:44:52.089515  9531 net.cpp:380] mnist -> data
I0509 12:44:52.089539  9531 net.cpp:380] mnist -> label
I0509 12:44:52.089567  9531 data_layer.cpp:45] output data size: 100,1,28,28
I0509 12:44:52.090663  9531 net.cpp:122] Setting up mnist
I0509 12:44:52.090689  9531 net.cpp:129] Top shape: 100 1 28 28 (78400)
I0509 12:44:52.090703  9531 net.cpp:129] Top shape: 100 (100)
I0509 12:44:52.090713  9531 net.cpp:137] Memory required for data: 628000
I0509 12:44:52.090724  9531 layer_factory.hpp:77] Creating layer label_mnist_1_split
I0509 12:44:52.090739  9531 net.cpp:84] Creating Layer label_mnist_1_split
I0509 12:44:52.090750  9531 net.cpp:406] label_mnist_1_split <- label
I0509 12:44:52.090764  9531 net.cpp:380] label_mnist_1_split -> label_mnist_1_split_0
I0509 12:44:52.090783  9531 net.cpp:380] label_mnist_1_split -> label_mnist_1_split_1
I0509 12:44:52.090801  9531 net.cpp:122] Setting up label_mnist_1_split
I0509 12:44:52.090816  9531 net.cpp:129] Top shape: 100 (100)
I0509 12:44:52.090827  9531 net.cpp:129] Top shape: 100 (100)
I0509 12:44:52.090837  9531 net.cpp:137] Memory required for data: 629600
I0509 12:44:52.090847  9531 layer_factory.hpp:77] Creating layer ip1
I0509 12:44:52.090863  9531 net.cpp:84] Creating Layer ip1
I0509 12:44:52.090878  9531 net.cpp:406] ip1 <- data
I0509 12:44:52.090893  9531 net.cpp:380] ip1 -> ip1
I0509 12:44:52.142652  9531 net.cpp:122] Setting up ip1
I0509 12:44:52.142724  9531 net.cpp:129] Top shape: 100 1000 (100000)
I0509 12:44:52.142735  9531 net.cpp:137] Memory required for data: 1429600
I0509 12:44:52.142760  9531 layer_factory.hpp:77] Creating layer relu1
I0509 12:44:52.142784  9531 net.cpp:84] Creating Layer relu1
I0509 12:44:52.142797  9531 net.cpp:406] relu1 <- ip1
I0509 12:44:52.142813  9531 net.cpp:367] relu1 -> ip1 (in-place)
I0509 12:44:52.142833  9531 net.cpp:122] Setting up relu1
I0509 12:44:52.142846  9531 net.cpp:129] Top shape: 100 1000 (100000)
I0509 12:44:52.142856  9531 net.cpp:137] Memory required for data: 2229600
I0509 12:44:52.142868  9531 layer_factory.hpp:77] Creating layer ip2
I0509 12:44:52.142887  9531 net.cpp:84] Creating Layer ip2
I0509 12:44:52.142899  9531 net.cpp:406] ip2 <- ip1
I0509 12:44:52.142968  9531 net.cpp:380] ip2 -> ip2
I0509 12:44:52.205574  9531 net.cpp:122] Setting up ip2
I0509 12:44:52.205638  9531 net.cpp:129] Top shape: 100 1000 (100000)
I0509 12:44:52.205649  9531 net.cpp:137] Memory required for data: 3029600
I0509 12:44:52.205673  9531 layer_factory.hpp:77] Creating layer relu2
I0509 12:44:52.205698  9531 net.cpp:84] Creating Layer relu2
I0509 12:44:52.205711  9531 net.cpp:406] relu2 <- ip2
I0509 12:44:52.205731  9531 net.cpp:367] relu2 -> ip2 (in-place)
I0509 12:44:52.205752  9531 net.cpp:122] Setting up relu2
I0509 12:44:52.205766  9531 net.cpp:129] Top shape: 100 1000 (100000)
I0509 12:44:52.205776  9531 net.cpp:137] Memory required for data: 3829600
I0509 12:44:52.205786  9531 layer_factory.hpp:77] Creating layer ip3
I0509 12:44:52.205803  9531 net.cpp:84] Creating Layer ip3
I0509 12:44:52.205816  9531 net.cpp:406] ip3 <- ip2
I0509 12:44:52.205829  9531 net.cpp:380] ip3 -> ip3
I0509 12:44:52.206503  9531 net.cpp:122] Setting up ip3
I0509 12:44:52.206537  9531 net.cpp:129] Top shape: 100 10 (1000)
I0509 12:44:52.206548  9531 net.cpp:137] Memory required for data: 3837600
I0509 12:44:52.206565  9531 layer_factory.hpp:77] Creating layer ip3_ip3_0_split
I0509 12:44:52.206583  9531 net.cpp:84] Creating Layer ip3_ip3_0_split
I0509 12:44:52.206593  9531 net.cpp:406] ip3_ip3_0_split <- ip3
I0509 12:44:52.206609  9531 net.cpp:380] ip3_ip3_0_split -> ip3_ip3_0_split_0
I0509 12:44:52.206626  9531 net.cpp:380] ip3_ip3_0_split -> ip3_ip3_0_split_1
I0509 12:44:52.206645  9531 net.cpp:122] Setting up ip3_ip3_0_split
I0509 12:44:52.206658  9531 net.cpp:129] Top shape: 100 10 (1000)
I0509 12:44:52.206671  9531 net.cpp:129] Top shape: 100 10 (1000)
I0509 12:44:52.206681  9531 net.cpp:137] Memory required for data: 3853600
I0509 12:44:52.206691  9531 layer_factory.hpp:77] Creating layer accuracy
I0509 12:44:52.206710  9531 net.cpp:84] Creating Layer accuracy
I0509 12:44:52.206722  9531 net.cpp:406] accuracy <- ip3_ip3_0_split_0
I0509 12:44:52.206734  9531 net.cpp:406] accuracy <- label_mnist_1_split_0
I0509 12:44:52.206748  9531 net.cpp:380] accuracy -> accuracy
I0509 12:44:52.206763  9531 net.cpp:122] Setting up accuracy
I0509 12:44:52.206776  9531 net.cpp:129] Top shape: (1)
I0509 12:44:52.206786  9531 net.cpp:137] Memory required for data: 3853608
I0509 12:44:52.206797  9531 layer_factory.hpp:77] Creating layer loss
I0509 12:44:52.206814  9531 net.cpp:84] Creating Layer loss
I0509 12:44:52.206825  9531 net.cpp:406] loss <- ip3_ip3_0_split_1
I0509 12:44:52.206837  9531 net.cpp:406] loss <- label_mnist_1_split_1
I0509 12:44:52.206851  9531 net.cpp:380] loss -> loss
I0509 12:44:52.206869  9531 layer_factory.hpp:77] Creating layer loss
I0509 12:44:52.206902  9531 net.cpp:122] Setting up loss
I0509 12:44:52.206917  9531 net.cpp:129] Top shape: (1)
I0509 12:44:52.206928  9531 net.cpp:132]     with loss weight 1
I0509 12:44:52.206948  9531 net.cpp:137] Memory required for data: 3853616
I0509 12:44:52.206959  9531 net.cpp:198] loss needs backward computation.
I0509 12:44:52.206969  9531 net.cpp:200] accuracy does not need backward computation.
I0509 12:44:52.206980  9531 net.cpp:198] ip3_ip3_0_split needs backward computation.
I0509 12:44:52.206991  9531 net.cpp:198] ip3 needs backward computation.
I0509 12:44:52.207001  9531 net.cpp:198] relu2 needs backward computation.
I0509 12:44:52.207012  9531 net.cpp:198] ip2 needs backward computation.
I0509 12:44:52.207022  9531 net.cpp:198] relu1 needs backward computation.
I0509 12:44:52.207037  9531 net.cpp:198] ip1 needs backward computation.
I0509 12:44:52.207049  9531 net.cpp:200] label_mnist_1_split does not need backward computation.
I0509 12:44:52.207060  9531 net.cpp:200] mnist does not need backward computation.
I0509 12:44:52.207070  9531 net.cpp:242] This network produces output accuracy
I0509 12:44:52.207082  9531 net.cpp:242] This network produces output loss
I0509 12:44:52.207103  9531 net.cpp:255] Network initialization done.
I0509 12:44:52.207157  9531 solver.cpp:56] Solver scaffolding done.
I0509 12:44:52.207203  9531 caffe_double.cpp:251] Starting Optimization
I0509 12:44:52.207259  9531 solver.cpp:273] Solving LeNet
I0509 12:44:52.207271  9531 solver.cpp:274] Learning Rate Policy: inv
I0509 12:44:52.217388  9531 solver.cpp:331] Iteration 0, Testing net (#0)
I0509 12:45:02.456797  9533 data_layer.cpp:73] Restarting data prefetching from start.
I0509 12:45:02.879720  9531 solver.cpp:398]     Test net output #0: accuracy = 0.1483
I0509 12:45:02.879801  9531 solver.cpp:398]     Test net output #1: loss = 2.30131 (* 1 = 2.30131 loss)
I0509 12:45:03.069367  9531 solver.cpp:219] Iteration 0 (0 iter/s, 10.862s/600 iters), loss = 2.30141
I0509 12:45:03.069447  9531 solver.cpp:238]     Train net output #0: accuracy = 0.19
I0509 12:45:03.069469  9531 solver.cpp:238]     Train net output #1: loss = 2.30141 (* 1 = 2.30141 loss)
I0509 12:45:03.069494  9531 sgd_solver.cpp:107] Iteration 0, lr = 0.1
I0509 12:47:14.107874  9532 data_layer.cpp:73] Restarting data prefetching from start.
I0509 12:47:14.975008  9531 solver.cpp:331] Iteration 600, Testing net (#0)
I0509 12:47:25.084272  9533 data_layer.cpp:73] Restarting data prefetching from start.
I0509 12:47:25.505869  9531 solver.cpp:398]     Test net output #0: accuracy = 0.9474
I0509 12:47:25.505951  9531 solver.cpp:398]     Test net output #1: loss = 0.164552 (* 1 = 0.164552 loss)
I0509 12:47:25.693105  9531 solver.cpp:219] Iteration 600 (4.20689 iter/s, 142.623s/600 iters), loss = 0.112088
I0509 12:47:25.693186  9531 solver.cpp:238]     Train net output #0: accuracy = 0.98
I0509 12:47:25.693208  9531 solver.cpp:238]     Train net output #1: loss = 0.112088 (* 1 = 0.112088 loss)
I0509 12:47:25.693226  9531 sgd_solver.cpp:107] Iteration 600, lr = 0.0957239
I0509 12:49:36.276021  9532 data_layer.cpp:73] Restarting data prefetching from start.
I0509 12:49:37.152848  9531 solver.cpp:331] Iteration 1200, Testing net (#0)
I0509 12:49:47.266234  9533 data_layer.cpp:73] Restarting data prefetching from start.
I0509 12:49:47.689337  9531 solver.cpp:398]     Test net output #0: accuracy = 0.9585
I0509 12:49:47.689419  9531 solver.cpp:398]     Test net output #1: loss = 0.144944 (* 1 = 0.144944 loss)
I0509 12:49:47.879488  9531 solver.cpp:219] Iteration 1200 (4.21982 iter/s, 142.186s/600 iters), loss = 0.0833289
I0509 12:49:47.879570  9531 solver.cpp:238]     Train net output #0: accuracy = 0.98
I0509 12:49:47.879591  9531 solver.cpp:238]     Train net output #1: loss = 0.0833289 (* 1 = 0.0833289 loss)
I0509 12:49:47.879611  9531 sgd_solver.cpp:107] Iteration 1200, lr = 0.0918516
I0509 12:51:58.150377  9532 data_layer.cpp:73] Restarting data prefetching from start.
I0509 12:51:59.024526  9531 solver.cpp:331] Iteration 1800, Testing net (#0)
I0509 12:52:09.188127  9533 data_layer.cpp:73] Restarting data prefetching from start.
I0509 12:52:09.612669  9531 solver.cpp:398]     Test net output #0: accuracy = 0.9682
I0509 12:52:09.612752  9531 solver.cpp:398]     Test net output #1: loss = 0.112264 (* 1 = 0.112264 loss)
I0509 12:52:09.801476  9531 solver.cpp:219] Iteration 1800 (4.2277 iter/s, 141.921s/600 iters), loss = 0.0524138
I0509 12:52:09.801559  9531 solver.cpp:238]     Train net output #0: accuracy = 0.99
I0509 12:52:09.801582  9531 solver.cpp:238]     Train net output #1: loss = 0.0524138 (* 1 = 0.0524138 loss)
I0509 12:52:09.801601  9531 sgd_solver.cpp:107] Iteration 1800, lr = 0.088326
I0509 12:54:20.007627  9532 data_layer.cpp:73] Restarting data prefetching from start.
I0509 12:54:20.881243  9531 solver.cpp:331] Iteration 2400, Testing net (#0)
I0509 12:54:31.016227  9533 data_layer.cpp:73] Restarting data prefetching from start.
I0509 12:54:31.437665  9531 solver.cpp:398]     Test net output #0: accuracy = 0.9641
I0509 12:54:31.437752  9531 solver.cpp:398]     Test net output #1: loss = 0.132367 (* 1 = 0.132367 loss)
I0509 12:54:31.624552  9531 solver.cpp:219] Iteration 2400 (4.23066 iter/s, 141.822s/600 iters), loss = 0.0643882
I0509 12:54:31.624632  9531 solver.cpp:238]     Train net output #0: accuracy = 0.98
I0509 12:54:31.624655  9531 solver.cpp:238]     Train net output #1: loss = 0.0643882 (* 1 = 0.0643882 loss)
I0509 12:54:31.624671  9531 sgd_solver.cpp:107] Iteration 2400, lr = 0.0851008
I0509 12:56:41.531711  9532 data_layer.cpp:73] Restarting data prefetching from start.
I0509 12:56:42.408964  9531 solver.cpp:331] Iteration 3000, Testing net (#0)
I0509 12:56:52.550472  9533 data_layer.cpp:73] Restarting data prefetching from start.
I0509 12:56:52.978427  9531 solver.cpp:398]     Test net output #0: accuracy = 0.9744
I0509 12:56:52.978512  9531 solver.cpp:398]     Test net output #1: loss = 0.0985163 (* 1 = 0.0985163 loss)
I0509 12:56:53.168812  9531 solver.cpp:219] Iteration 3000 (4.23896 iter/s, 141.544s/600 iters), loss = 0.0368552
I0509 12:56:53.168895  9531 solver.cpp:238]     Train net output #0: accuracy = 0.99
I0509 12:56:53.168917  9531 solver.cpp:238]     Train net output #1: loss = 0.0368552 (* 1 = 0.0368552 loss)
I0509 12:56:53.168936  9531 sgd_solver.cpp:107] Iteration 3000, lr = 0.0821377
I0509 12:59:03.279093  9532 data_layer.cpp:73] Restarting data prefetching from start.
I0509 12:59:04.159368  9531 solver.cpp:331] Iteration 3600, Testing net (#0)
I0509 12:59:14.322180  9533 data_layer.cpp:73] Restarting data prefetching from start.
I0509 12:59:14.743670  9531 solver.cpp:398]     Test net output #0: accuracy = 0.9776
I0509 12:59:14.743749  9531 solver.cpp:398]     Test net output #1: loss = 0.0880309 (* 1 = 0.0880309 loss)
I0509 12:59:14.930476  9531 solver.cpp:219] Iteration 3600 (4.23248 iter/s, 141.761s/600 iters), loss = 0.0225848
I0509 12:59:14.930557  9531 solver.cpp:238]     Train net output #0: accuracy = 0.99
I0509 12:59:14.930579  9531 solver.cpp:238]     Train net output #1: loss = 0.0225848 (* 1 = 0.0225848 loss)
I0509 12:59:14.930598  9531 sgd_solver.cpp:107] Iteration 3600, lr = 0.0794046
I0509 13:01:25.127717  9532 data_layer.cpp:73] Restarting data prefetching from start.
I0509 13:01:26.005471  9531 solver.cpp:331] Iteration 4200, Testing net (#0)
I0509 13:01:36.091549  9533 data_layer.cpp:73] Restarting data prefetching from start.
I0509 13:01:36.512845  9531 solver.cpp:398]     Test net output #0: accuracy = 0.9792
I0509 13:01:36.513703  9531 solver.cpp:398]     Test net output #1: loss = 0.0857565 (* 1 = 0.0857565 loss)
I0509 13:01:36.699268  9531 solver.cpp:219] Iteration 4200 (4.23227 iter/s, 141.768s/600 iters), loss = 0.0187953
I0509 13:01:36.699352  9531 solver.cpp:238]     Train net output #0: accuracy = 0.99
I0509 13:01:36.699373  9531 solver.cpp:238]     Train net output #1: loss = 0.0187953 (* 1 = 0.0187953 loss)
I0509 13:01:36.699390  9531 sgd_solver.cpp:107] Iteration 4200, lr = 0.0768748
I0509 13:03:46.243041  9532 data_layer.cpp:73] Restarting data prefetching from start.
I0509 13:03:46.891000  9531 blocking_queue.cpp:49] Waiting for data
I0509 13:03:59.241566  9531 solver.cpp:331] Iteration 4800, Testing net (#0)
I0509 13:04:09.320339  9533 data_layer.cpp:73] Restarting data prefetching from start.
I0509 13:04:09.737927  9531 solver.cpp:398]     Test net output #0: accuracy = 0.9795
I0509 13:04:09.738013  9531 solver.cpp:398]     Test net output #1: loss = 0.0883361 (* 1 = 0.0883361 loss)
I0509 13:04:09.926059  9531 solver.cpp:219] Iteration 4800 (3.91578 iter/s, 153.226s/600 iters), loss = 0.00317172
I0509 13:04:09.926136  9531 solver.cpp:238]     Train net output #0: accuracy = 1
I0509 13:04:09.926157  9531 solver.cpp:238]     Train net output #1: loss = 0.00317172 (* 1 = 0.00317172 loss)
I0509 13:04:09.926177  9531 sgd_solver.cpp:107] Iteration 4800, lr = 0.0745253
I0509 13:06:19.934222  9532 data_layer.cpp:73] Restarting data prefetching from start.
I0509 13:06:20.799135  9531 solver.cpp:331] Iteration 5400, Testing net (#0)
I0509 13:06:30.863245  9533 data_layer.cpp:73] Restarting data prefetching from start.
I0509 13:06:31.281967  9531 solver.cpp:398]     Test net output #0: accuracy = 0.981
I0509 13:06:31.282078  9531 solver.cpp:398]     Test net output #1: loss = 0.0927647 (* 1 = 0.0927647 loss)
I0509 13:06:31.467802  9531 solver.cpp:219] Iteration 5400 (4.23905 iter/s, 141.541s/600 iters), loss = 0.0108041
I0509 13:06:31.480383  9531 solver.cpp:238]     Train net output #0: accuracy = 0.99
I0509 13:06:31.480427  9531 solver.cpp:238]     Train net output #1: loss = 0.0108041 (* 1 = 0.0108041 loss)
I0509 13:06:31.480448  9531 sgd_solver.cpp:107] Iteration 5400, lr = 0.0723368
I0509 13:08:41.817749  9532 data_layer.cpp:73] Restarting data prefetching from start.
I0509 13:08:42.685500  9531 solver.cpp:331] Iteration 6000, Testing net (#0)
I0509 13:08:52.806744  9533 data_layer.cpp:73] Restarting data prefetching from start.
I0509 13:08:53.225512  9531 solver.cpp:398]     Test net output #0: accuracy = 0.9799
I0509 13:08:53.225597  9531 solver.cpp:398]     Test net output #1: loss = 0.0979163 (* 1 = 0.0979163 loss)
I0509 13:08:53.412817  9531 solver.cpp:219] Iteration 6000 (4.22738 iter/s, 141.932s/600 iters), loss = 0.00672632
I0509 13:08:53.412899  9531 solver.cpp:238]     Train net output #0: accuracy = 1
I0509 13:08:53.412922  9531 solver.cpp:238]     Train net output #1: loss = 0.00672632 (* 1 = 0.00672632 loss)
I0509 13:08:53.412940  9531 sgd_solver.cpp:107] Iteration 6000, lr = 0.0702927
I0509 13:11:03.509379  9532 data_layer.cpp:73] Restarting data prefetching from start.
I0509 13:11:04.386160  9531 solver.cpp:331] Iteration 6600, Testing net (#0)
I0509 13:11:14.523466  9533 data_layer.cpp:73] Restarting data prefetching from start.
I0509 13:11:14.942456  9531 solver.cpp:398]     Test net output #0: accuracy = 0.9802
I0509 13:11:14.942539  9531 solver.cpp:398]     Test net output #1: loss = 0.107017 (* 1 = 0.107017 loss)
I0509 13:11:15.130579  9531 solver.cpp:219] Iteration 6600 (4.23379 iter/s, 141.717s/600 iters), loss = 0.0179333
I0509 13:11:15.130661  9531 solver.cpp:238]     Train net output #0: accuracy = 0.99
I0509 13:11:15.130683  9531 solver.cpp:238]     Train net output #1: loss = 0.0179333 (* 1 = 0.0179333 loss)
I0509 13:11:15.130702  9531 sgd_solver.cpp:107] Iteration 6600, lr = 0.0683784
I0509 13:13:28.543872  9532 data_layer.cpp:73] Restarting data prefetching from start.
I0509 13:13:29.451874  9531 solver.cpp:331] Iteration 7200, Testing net (#0)
I0509 13:13:39.565227  9533 data_layer.cpp:73] Restarting data prefetching from start.
I0509 13:13:39.991319  9531 solver.cpp:398]     Test net output #0: accuracy = 0.9813
I0509 13:13:39.991405  9531 solver.cpp:398]     Test net output #1: loss = 0.0974887 (* 1 = 0.0974887 loss)
I0509 13:13:40.179550  9531 solver.cpp:219] Iteration 7200 (4.13656 iter/s, 145.048s/600 iters), loss = 0.000919128
I0509 13:13:40.179633  9531 solver.cpp:238]     Train net output #0: accuracy = 1
I0509 13:13:40.179656  9531 solver.cpp:238]     Train net output #1: loss = 0.000919128 (* 1 = 0.000919128 loss)
I0509 13:13:40.179674  9531 sgd_solver.cpp:107] Iteration 7200, lr = 0.0665815
I0509 13:15:55.612121  9532 data_layer.cpp:73] Restarting data prefetching from start.
I0509 13:15:56.524641  9531 solver.cpp:331] Iteration 7800, Testing net (#0)
I0509 13:16:06.635277  9533 data_layer.cpp:73] Restarting data prefetching from start.
I0509 13:16:07.054669  9531 solver.cpp:398]     Test net output #0: accuracy = 0.9809
I0509 13:16:07.054750  9531 solver.cpp:398]     Test net output #1: loss = 0.116114 (* 1 = 0.116114 loss)
I0509 13:16:07.240684  9531 solver.cpp:219] Iteration 7800 (4.07994 iter/s, 147.061s/600 iters), loss = 0.000132282
I0509 13:16:07.240767  9531 solver.cpp:238]     Train net output #0: accuracy = 1
I0509 13:16:07.240789  9531 solver.cpp:238]     Train net output #1: loss = 0.000132282 (* 1 = 0.000132282 loss)
I0509 13:16:07.240808  9531 sgd_solver.cpp:107] Iteration 7800, lr = 0.0648911
I0509 13:18:23.468706  9532 data_layer.cpp:73] Restarting data prefetching from start.
I0509 13:18:24.380663  9531 solver.cpp:331] Iteration 8400, Testing net (#0)
I0509 13:18:34.581271  9533 data_layer.cpp:73] Restarting data prefetching from start.
I0509 13:18:35.002859  9531 solver.cpp:398]     Test net output #0: accuracy = 0.9805
I0509 13:18:35.002938  9531 solver.cpp:398]     Test net output #1: loss = 0.117926 (* 1 = 0.117926 loss)
I0509 13:18:35.188779  9531 solver.cpp:219] Iteration 8400 (4.05548 iter/s, 147.948s/600 iters), loss = 0.0024578
I0509 13:18:35.209913  9531 solver.cpp:238]     Train net output #0: accuracy = 1
I0509 13:18:35.209959  9531 solver.cpp:238]     Train net output #1: loss = 0.0024578 (* 1 = 0.0024578 loss)
I0509 13:18:35.209980  9531 sgd_solver.cpp:107] Iteration 8400, lr = 0.0632975
I0509 13:20:51.887192  9532 data_layer.cpp:73] Restarting data prefetching from start.
I0509 13:20:52.796926  9531 solver.cpp:331] Iteration 9000, Testing net (#0)
I0509 13:21:02.960019  9533 data_layer.cpp:73] Restarting data prefetching from start.
I0509 13:21:03.381314  9531 solver.cpp:398]     Test net output #0: accuracy = 0.9825
I0509 13:21:03.381398  9531 solver.cpp:398]     Test net output #1: loss = 0.109281 (* 1 = 0.109281 loss)
I0509 13:21:03.567109  9531 solver.cpp:219] Iteration 9000 (4.0443 iter/s, 148.357s/600 iters), loss = 0.000669466
I0509 13:21:03.567191  9531 solver.cpp:238]     Train net output #0: accuracy = 1
I0509 13:21:03.567214  9531 solver.cpp:238]     Train net output #1: loss = 0.000669466 (* 1 = 0.000669466 loss)
I0509 13:21:03.567231  9531 sgd_solver.cpp:107] Iteration 9000, lr = 0.0617924
I0509 13:23:20.734118  9532 data_layer.cpp:73] Restarting data prefetching from start.
I0509 13:23:21.654132  9531 solver.cpp:331] Iteration 9600, Testing net (#0)
I0509 13:23:31.832895  9533 data_layer.cpp:73] Restarting data prefetching from start.
I0509 13:23:32.250403  9531 solver.cpp:398]     Test net output #0: accuracy = 0.9804
I0509 13:23:32.250486  9531 solver.cpp:398]     Test net output #1: loss = 0.119259 (* 1 = 0.119259 loss)
I0509 13:23:32.435945  9531 solver.cpp:219] Iteration 9600 (4.03042 iter/s, 148.868s/600 iters), loss = 0.000567852
I0509 13:23:32.436036  9531 solver.cpp:238]     Train net output #0: accuracy = 1
I0509 13:23:32.436061  9531 solver.cpp:238]     Train net output #1: loss = 0.000567852 (* 1 = 0.000567852 loss)
I0509 13:23:32.436079  9531 sgd_solver.cpp:107] Iteration 9600, lr = 0.0603682
I0509 13:25:49.750064  9532 data_layer.cpp:73] Restarting data prefetching from start.
I0509 13:25:50.670630  9531 solver.cpp:331] Iteration 10200, Testing net (#0)
I0509 13:26:00.830132  9533 data_layer.cpp:73] Restarting data prefetching from start.
I0509 13:26:01.254232  9531 solver.cpp:398]     Test net output #0: accuracy = 0.9834
I0509 13:26:01.254317  9531 solver.cpp:398]     Test net output #1: loss = 0.109702 (* 1 = 0.109702 loss)
I0509 13:26:01.442968  9531 solver.cpp:219] Iteration 10200 (4.02668 iter/s, 149.006s/600 iters), loss = 0.000399687
I0509 13:26:01.443054  9531 solver.cpp:238]     Train net output #0: accuracy = 1
I0509 13:26:01.443078  9531 solver.cpp:238]     Train net output #1: loss = 0.000399687 (* 1 = 0.000399687 loss)
I0509 13:26:01.443096  9531 sgd_solver.cpp:107] Iteration 10200, lr = 0.0590183
I0509 13:28:18.955667  9532 data_layer.cpp:73] Restarting data prefetching from start.
I0509 13:28:19.877686  9531 solver.cpp:331] Iteration 10800, Testing net (#0)
I0509 13:28:29.967602  9533 data_layer.cpp:73] Restarting data prefetching from start.
I0509 13:28:30.388968  9531 solver.cpp:398]     Test net output #0: accuracy = 0.9834
I0509 13:28:30.389058  9531 solver.cpp:398]     Test net output #1: loss = 0.112332 (* 1 = 0.112332 loss)
I0509 13:28:30.574324  9531 solver.cpp:219] Iteration 10800 (4.02331 iter/s, 149.131s/600 iters), loss = 0.000305522
I0509 13:28:30.574407  9531 solver.cpp:238]     Train net output #0: accuracy = 1
I0509 13:28:30.574429  9531 solver.cpp:238]     Train net output #1: loss = 0.000305522 (* 1 = 0.000305522 loss)
I0509 13:28:30.574447  9531 sgd_solver.cpp:107] Iteration 10800, lr = 0.0577368
I0509 13:30:47.984091  9532 data_layer.cpp:73] Restarting data prefetching from start.
I0509 13:30:48.910524  9531 solver.cpp:331] Iteration 11400, Testing net (#0)
I0509 13:30:59.072365  9533 data_layer.cpp:73] Restarting data prefetching from start.
I0509 13:30:59.491858  9531 solver.cpp:398]     Test net output #0: accuracy = 0.9844
I0509 13:30:59.491961  9531 solver.cpp:398]     Test net output #1: loss = 0.108053 (* 1 = 0.108053 loss)
I0509 13:30:59.694090  9531 solver.cpp:219] Iteration 11400 (4.02363 iter/s, 149.119s/600 iters), loss = 0.000250024
I0509 13:30:59.694175  9531 solver.cpp:238]     Train net output #0: accuracy = 1
I0509 13:30:59.694198  9531 solver.cpp:238]     Train net output #1: loss = 0.000250024 (* 1 = 0.000250024 loss)
I0509 13:30:59.694217  9531 sgd_solver.cpp:107] Iteration 11400, lr = 0.0565184
I0509 13:33:17.145658  9532 data_layer.cpp:73] Restarting data prefetching from start.
I0509 13:33:18.065332  9531 solver.cpp:331] Iteration 12000, Testing net (#0)
I0509 13:33:28.217790  9533 data_layer.cpp:73] Restarting data prefetching from start.
I0509 13:33:28.644994  9531 solver.cpp:398]     Test net output #0: accuracy = 0.9834
I0509 13:33:28.645107  9531 solver.cpp:398]     Test net output #1: loss = 0.118899 (* 1 = 0.118899 loss)
I0509 13:33:28.834619  9531 solver.cpp:219] Iteration 12000 (4.02307 iter/s, 149.14s/600 iters), loss = 0.00105357
I0509 13:33:28.834700  9531 solver.cpp:238]     Train net output #0: accuracy = 1
I0509 13:33:28.834722  9531 solver.cpp:238]     Train net output #1: loss = 0.00105357 (* 1 = 0.00105357 loss)
I0509 13:33:28.834741  9531 sgd_solver.cpp:107] Iteration 12000, lr = 0.0553583
I0509 13:35:46.739902  9532 data_layer.cpp:73] Restarting data prefetching from start.
I0509 13:35:47.675792  9531 solver.cpp:331] Iteration 12600, Testing net (#0)
I0509 13:35:57.818743  9533 data_layer.cpp:73] Restarting data prefetching from start.
I0509 13:35:58.247082  9531 solver.cpp:398]     Test net output #0: accuracy = 0.9832
I0509 13:35:58.247164  9531 solver.cpp:398]     Test net output #1: loss = 0.123902 (* 1 = 0.123902 loss)
I0509 13:35:58.436560  9531 solver.cpp:219] Iteration 12600 (4.01067 iter/s, 149.601s/600 iters), loss = 0.000347063
I0509 13:35:58.436645  9531 solver.cpp:238]     Train net output #0: accuracy = 1
I0509 13:35:58.436667  9531 solver.cpp:238]     Train net output #1: loss = 0.000347063 (* 1 = 0.000347063 loss)
I0509 13:35:58.436686  9531 sgd_solver.cpp:107] Iteration 12600, lr = 0.0542524
I0509 13:38:16.268965  9532 data_layer.cpp:73] Restarting data prefetching from start.
I0509 13:38:17.184851  9531 solver.cpp:331] Iteration 13200, Testing net (#0)
I0509 13:38:27.350662  9533 data_layer.cpp:73] Restarting data prefetching from start.
I0509 13:38:27.768412  9531 solver.cpp:398]     Test net output #0: accuracy = 0.9839
I0509 13:38:27.768493  9531 solver.cpp:398]     Test net output #1: loss = 0.12873 (* 1 = 0.12873 loss)
I0509 13:38:27.953927  9531 solver.cpp:219] Iteration 13200 (4.01292 iter/s, 149.517s/600 iters), loss = 0.001411
I0509 13:38:27.954008  9531 solver.cpp:238]     Train net output #0: accuracy = 1
I0509 13:38:27.954036  9531 solver.cpp:238]     Train net output #1: loss = 0.001411 (* 1 = 0.001411 loss)
I0509 13:38:27.954056  9531 sgd_solver.cpp:107] Iteration 13200, lr = 0.0531966
I0509 13:40:46.004962  9532 data_layer.cpp:73] Restarting data prefetching from start.
I0509 13:40:46.932457  9531 solver.cpp:331] Iteration 13800, Testing net (#0)
I0509 13:40:57.072592  9533 data_layer.cpp:73] Restarting data prefetching from start.
I0509 13:40:57.504159  9531 solver.cpp:398]     Test net output #0: accuracy = 0.9834
I0509 13:40:57.504240  9531 solver.cpp:398]     Test net output #1: loss = 0.132258 (* 1 = 0.132258 loss)
I0509 13:40:57.694746  9531 solver.cpp:219] Iteration 13800 (4.00695 iter/s, 149.74s/600 iters), loss = 0.000516175
I0509 13:40:57.694828  9531 solver.cpp:238]     Train net output #0: accuracy = 1
I0509 13:40:57.694850  9531 solver.cpp:238]     Train net output #1: loss = 0.000516175 (* 1 = 0.000516175 loss)
I0509 13:40:57.694869  9531 sgd_solver.cpp:107] Iteration 13800, lr = 0.0521876
I0509 13:43:15.650337  9532 data_layer.cpp:73] Restarting data prefetching from start.
I0509 13:43:16.569563  9531 solver.cpp:331] Iteration 14400, Testing net (#0)
I0509 13:43:26.637379  9533 data_layer.cpp:73] Restarting data prefetching from start.
I0509 13:43:27.055631  9531 solver.cpp:398]     Test net output #0: accuracy = 0.982
I0509 13:43:27.055714  9531 solver.cpp:398]     Test net output #1: loss = 0.134671 (* 1 = 0.134671 loss)
I0509 13:43:27.253804  9531 solver.cpp:219] Iteration 14400 (4.01182 iter/s, 149.558s/600 iters), loss = 0.00026709
I0509 13:43:27.253895  9531 solver.cpp:238]     Train net output #0: accuracy = 1
I0509 13:43:27.253918  9531 solver.cpp:238]     Train net output #1: loss = 0.00026709 (* 1 = 0.00026709 loss)
I0509 13:43:27.253937  9531 sgd_solver.cpp:107] Iteration 14400, lr = 0.0512221
I0509 13:45:45.476402  9532 data_layer.cpp:73] Restarting data prefetching from start.
I0509 13:45:46.394852  9531 solver.cpp:331] Iteration 15000, Testing net (#0)
I0509 13:45:56.553704  9533 data_layer.cpp:73] Restarting data prefetching from start.
I0509 13:45:56.977385  9531 solver.cpp:398]     Test net output #0: accuracy = 0.9806
I0509 13:45:56.977470  9531 solver.cpp:398]     Test net output #1: loss = 0.124009 (* 1 = 0.124009 loss)
I0509 13:45:57.165290  9531 solver.cpp:219] Iteration 15000 (4.00237 iter/s, 149.911s/600 iters), loss = 0.000619499
I0509 13:45:57.165372  9531 solver.cpp:238]     Train net output #0: accuracy = 1
I0509 13:45:57.165395  9531 solver.cpp:238]     Train net output #1: loss = 0.000619499 (* 1 = 0.000619499 loss)
I0509 13:45:57.165412  9531 sgd_solver.cpp:107] Iteration 15000, lr = 0.0502973
I0509 13:48:15.240700  9532 data_layer.cpp:73] Restarting data prefetching from start.
I0509 13:48:16.176935  9531 solver.cpp:331] Iteration 15600, Testing net (#0)
I0509 13:48:26.376750  9533 data_layer.cpp:73] Restarting data prefetching from start.
I0509 13:48:26.800233  9531 solver.cpp:398]     Test net output #0: accuracy = 0.9844
I0509 13:48:26.800319  9531 solver.cpp:398]     Test net output #1: loss = 0.110997 (* 1 = 0.110997 loss)
I0509 13:48:26.987985  9531 solver.cpp:219] Iteration 15600 (4.00475 iter/s, 149.822s/600 iters), loss = 0.000352651
I0509 13:48:26.988070  9531 solver.cpp:238]     Train net output #0: accuracy = 1
I0509 13:48:26.988093  9531 solver.cpp:238]     Train net output #1: loss = 0.000352651 (* 1 = 0.000352651 loss)
I0509 13:48:26.988111  9531 sgd_solver.cpp:107] Iteration 15600, lr = 0.0494106
I0509 13:50:45.018159  9532 data_layer.cpp:73] Restarting data prefetching from start.
I0509 13:50:45.939802  9531 solver.cpp:331] Iteration 16200, Testing net (#0)
I0509 13:50:56.128468  9533 data_layer.cpp:73] Restarting data prefetching from start.
I0509 13:50:56.548609  9531 solver.cpp:398]     Test net output #0: accuracy = 0.9841
I0509 13:50:56.548691  9531 solver.cpp:398]     Test net output #1: loss = 0.118912 (* 1 = 0.118912 loss)
I0509 13:50:56.733994  9531 solver.cpp:219] Iteration 16200 (4.00681 iter/s, 149.745s/600 iters), loss = 0.000406898
I0509 13:50:56.734078  9531 solver.cpp:238]     Train net output #0: accuracy = 1
I0509 13:50:56.734102  9531 solver.cpp:238]     Train net output #1: loss = 0.000406898 (* 1 = 0.000406898 loss)
I0509 13:50:56.734122  9531 sgd_solver.cpp:107] Iteration 16200, lr = 0.0485595
