I0407 20:28:59.024616 24603 caffe_double.cpp:211] Use CPU.
I0407 20:28:59.025194 24603 solver.cpp:44] Initializing solver from parameters: 
test_iter: 100
test_interval: 600
base_lr: 0.1
display: 600
max_iter: 18000
lr_policy: "inv"
gamma: 0.0001
power: 0.75
momentum: 0.9
solver_mode: CPU
net_param {
  name: "LeNet"
  layer {
    name: "mnist"
    type: "Data"
    top: "data"
    top: "label"
    include {
      phase: TRAIN
    }
    transform_param {
      scale: 0.00390625
    }
    data_param {
      source: "data/mnist_train_lmdb"
      batch_size: 100
      backend: LMDB
    }
  }
  layer {
    name: "mnist"
    type: "Data"
    top: "data"
    top: "label"
    include {
      phase: TEST
    }
    transform_param {
      scale: 0.00390625
    }
    data_param {
      source: "data/mnist_test_lmdb"
      batch_size: 100
      backend: LMDB
    }
  }
  layer {
    name: "ip1"
    type: "InnerProduct"
    bottom: "data"
    top: "ip1"
    inner_product_param {
      num_output: 1000
      weight_filler {
        type: "gaussian"
        mean: 0
        std: 0.01
      }
    }
    bias_param {
      filler {
        value: 0
      }
    }
    fixed_precision: true
    precision {
      enter: 2
      fraccio: 14
      rounding: "withProb"
      prob: 0.5
    }
  }
  layer {
    name: "relu1"
    type: "ReLU"
    bottom: "ip1"
    top: "ip1"
    fixed_precision: true
    precision {
      enter: 2
      fraccio: 14
      rounding: "withProb"
      prob: 0.5
    }
  }
  layer {
    name: "ip2"
    type: "InnerProduct"
    bottom: "ip1"
    top: "ip2"
    inner_product_param {
      num_output: 1000
      weight_filler {
        type: "gaussian"
        mean: 0
        std: 0.01
      }
    }
    bias_param {
      filler {
        value: 0
      }
    }
    fixed_precision: true
    precision {
      enter: 2
      fraccio: 14
      rounding: "withProb"
      prob: 0.5
    }
  }
  layer {
    name: "relu2"
    type: "ReLU"
    bottom: "ip2"
    top: "ip2"
    bias_param {
      filler {
        value: 0
      }
    }
    fixed_precision: true
    precision {
      enter: 2
      fraccio: 14
      rounding: "withProb"
      prob: 0.5
    }
  }
  layer {
    name: "ip3"
    type: "InnerProduct"
    bottom: "ip2"
    top: "ip3"
    inner_product_param {
      num_output: 10
      weight_filler {
        type: "gaussian"
        mean: 0
        std: 0.01
      }
    }
    bias_param {
      filler {
        value: 0
      }
    }
    fixed_precision: true
    precision {
      enter: 2
      fraccio: 14
      rounding: "withProb"
      prob: 0.5
    }
  }
  layer {
    name: "accuracy"
    type: "Accuracy"
    bottom: "ip3"
    bottom: "label"
    top: "accuracy"
  }
  layer {
    name: "loss"
    type: "SoftmaxWithLoss"
    bottom: "ip3"
    bottom: "label"
    top: "loss"
    fixed_precision: true
    precision {
      enter: 2
      fraccio: 14
      rounding: "withProb"
      prob: 0.5
    }
  }
}
train_state {
  level: 0
  stage: ""
}
fixed_precision: true
precision {
  enter: 2
  fraccio: 14
  rounding: "withProb"
  prob: 0.5
}
I0407 20:28:59.025255 24603 solver.cpp:82] Creating training net specified in net_param.
I0407 20:28:59.025315 24603 net.cpp:294] The NetState phase (0) differed from the phase (1) specified by a rule in layer mnist
I0407 20:28:59.025498 24603 net.cpp:51] Initializing net from parameters: 
name: "LeNet"
state {
  phase: TRAIN
  level: 0
  stage: ""
}
layer {
  name: "mnist"
  type: "Data"
  top: "data"
  top: "label"
  include {
    phase: TRAIN
  }
  transform_param {
    scale: 0.00390625
  }
  data_param {
    source: "data/mnist_train_lmdb"
    batch_size: 100
    backend: LMDB
  }
}
layer {
  name: "ip1"
  type: "InnerProduct"
  bottom: "data"
  top: "ip1"
  inner_product_param {
    num_output: 1000
    weight_filler {
      type: "gaussian"
      mean: 0
      std: 0.01
    }
  }
  bias_param {
    filler {
      value: 0
    }
  }
  fixed_precision: true
  precision {
    enter: 2
    fraccio: 14
    rounding: "withProb"
    prob: 0.5
  }
}
layer {
  name: "relu1"
  type: "ReLU"
  bottom: "ip1"
  top: "ip1"
  fixed_precision: true
  precision {
    enter: 2
    fraccio: 14
    rounding: "withProb"
    prob: 0.5
  }
}
layer {
  name: "ip2"
  type: "InnerProduct"
  bottom: "ip1"
  top: "ip2"
  inner_product_param {
    num_output: 1000
    weight_filler {
      type: "gaussian"
      mean: 0
      std: 0.01
    }
  }
  bias_param {
    filler {
      value: 0
    }
  }
  fixed_precision: true
  precision {
    enter: 2
    fraccio: 14
    rounding: "withProb"
    prob: 0.5
  }
}
layer {
  name: "relu2"
  type: "ReLU"
  bottom: "ip2"
  top: "ip2"
  bias_param {
    filler {
      value: 0
    }
  }
  fixed_precision: true
  precision {
    enter: 2
    fraccio: 14
    rounding: "withProb"
    prob: 0.5
  }
}
layer {
  name: "ip3"
  type: "InnerProduct"
  bottom: "ip2"
  top: "ip3"
  inner_product_param {
    num_output: 10
    weight_filler {
      type: "gaussian"
      mean: 0
      std: 0.01
    }
  }
  bias_param {
    filler {
      value: 0
    }
  }
  fixed_precision: true
  precision {
    enter: 2
    fraccio: 14
    rounding: "withProb"
    prob: 0.5
  }
}
layer {
  name: "accuracy"
  type: "Accuracy"
  bottom: "ip3"
  bottom: "label"
  top: "accuracy"
}
layer {
  name: "loss"
  type: "SoftmaxWithLoss"
  bottom: "ip3"
  bottom: "label"
  top: "loss"
  fixed_precision: true
  precision {
    enter: 2
    fraccio: 14
    rounding: "withProb"
    prob: 0.5
  }
}
I0407 20:28:59.025626 24603 layer_factory.hpp:77] Creating layer mnist
I0407 20:28:59.025749 24603 db_lmdb.cpp:35] Opened lmdb data/mnist_train_lmdb
I0407 20:28:59.025779 24603 net.cpp:84] Creating Layer mnist
I0407 20:28:59.025791 24603 net.cpp:380] mnist -> data
I0407 20:28:59.025820 24603 net.cpp:380] mnist -> label
I0407 20:28:59.025862 24603 data_layer.cpp:45] output data size: 100,1,28,28
I0407 20:28:59.027701 24603 net.cpp:122] Setting up mnist
I0407 20:28:59.027730 24603 net.cpp:129] Top shape: 100 1 28 28 (78400)
I0407 20:28:59.027741 24603 net.cpp:129] Top shape: 100 (100)
I0407 20:28:59.027750 24603 net.cpp:137] Memory required for data: 628000
I0407 20:28:59.027760 24603 layer_factory.hpp:77] Creating layer label_mnist_1_split
I0407 20:28:59.027779 24603 net.cpp:84] Creating Layer label_mnist_1_split
I0407 20:28:59.027788 24603 net.cpp:406] label_mnist_1_split <- label
I0407 20:28:59.027803 24603 net.cpp:380] label_mnist_1_split -> label_mnist_1_split_0
I0407 20:28:59.027817 24603 net.cpp:380] label_mnist_1_split -> label_mnist_1_split_1
I0407 20:28:59.027830 24603 net.cpp:122] Setting up label_mnist_1_split
I0407 20:28:59.027840 24603 net.cpp:129] Top shape: 100 (100)
I0407 20:28:59.027849 24603 net.cpp:129] Top shape: 100 (100)
I0407 20:28:59.027856 24603 net.cpp:137] Memory required for data: 629600
I0407 20:28:59.027863 24603 layer_factory.hpp:77] Creating layer ip1
I0407 20:28:59.027876 24603 net.cpp:84] Creating Layer ip1
I0407 20:28:59.027884 24603 net.cpp:406] ip1 <- data
I0407 20:28:59.027894 24603 net.cpp:380] ip1 -> ip1
I0407 20:28:59.139750 24603 net.cpp:122] Setting up ip1
I0407 20:28:59.139787 24603 net.cpp:129] Top shape: 100 1000 (100000)
I0407 20:28:59.139796 24603 net.cpp:137] Memory required for data: 1429600
I0407 20:28:59.139819 24603 layer_factory.hpp:77] Creating layer relu1
I0407 20:28:59.139837 24603 net.cpp:84] Creating Layer relu1
I0407 20:28:59.139847 24603 net.cpp:406] relu1 <- ip1
I0407 20:28:59.139858 24603 net.cpp:367] relu1 -> ip1 (in-place)
I0407 20:28:59.139881 24603 net.cpp:122] Setting up relu1
I0407 20:28:59.139891 24603 net.cpp:129] Top shape: 100 1000 (100000)
I0407 20:28:59.139899 24603 net.cpp:137] Memory required for data: 2229600
I0407 20:28:59.139905 24603 layer_factory.hpp:77] Creating layer ip2
I0407 20:28:59.139920 24603 net.cpp:84] Creating Layer ip2
I0407 20:28:59.139928 24603 net.cpp:406] ip2 <- ip1
I0407 20:28:59.139940 24603 net.cpp:380] ip2 -> ip2
I0407 20:28:59.242125 24603 net.cpp:122] Setting up ip2
I0407 20:28:59.242168 24603 net.cpp:129] Top shape: 100 1000 (100000)
I0407 20:28:59.242175 24603 net.cpp:137] Memory required for data: 3029600
I0407 20:28:59.242194 24603 layer_factory.hpp:77] Creating layer relu2
I0407 20:28:59.242221 24603 net.cpp:84] Creating Layer relu2
I0407 20:28:59.242243 24603 net.cpp:406] relu2 <- ip2
I0407 20:28:59.242254 24603 net.cpp:367] relu2 -> ip2 (in-place)
I0407 20:28:59.242270 24603 net.cpp:122] Setting up relu2
I0407 20:28:59.242281 24603 net.cpp:129] Top shape: 100 1000 (100000)
I0407 20:28:59.242290 24603 net.cpp:137] Memory required for data: 3829600
I0407 20:28:59.242297 24603 layer_factory.hpp:77] Creating layer ip3
I0407 20:28:59.242311 24603 net.cpp:84] Creating Layer ip3
I0407 20:28:59.242318 24603 net.cpp:406] ip3 <- ip2
I0407 20:28:59.242328 24603 net.cpp:380] ip3 -> ip3
I0407 20:28:59.243423 24603 net.cpp:122] Setting up ip3
I0407 20:28:59.243438 24603 net.cpp:129] Top shape: 100 10 (1000)
I0407 20:28:59.243445 24603 net.cpp:137] Memory required for data: 3837600
I0407 20:28:59.243460 24603 layer_factory.hpp:77] Creating layer ip3_ip3_0_split
I0407 20:28:59.243482 24603 net.cpp:84] Creating Layer ip3_ip3_0_split
I0407 20:28:59.243489 24603 net.cpp:406] ip3_ip3_0_split <- ip3
I0407 20:28:59.243499 24603 net.cpp:380] ip3_ip3_0_split -> ip3_ip3_0_split_0
I0407 20:28:59.243513 24603 net.cpp:380] ip3_ip3_0_split -> ip3_ip3_0_split_1
I0407 20:28:59.243530 24603 net.cpp:122] Setting up ip3_ip3_0_split
I0407 20:28:59.243538 24603 net.cpp:129] Top shape: 100 10 (1000)
I0407 20:28:59.243546 24603 net.cpp:129] Top shape: 100 10 (1000)
I0407 20:28:59.243553 24603 net.cpp:137] Memory required for data: 3853600
I0407 20:28:59.243561 24603 layer_factory.hpp:77] Creating layer accuracy
I0407 20:28:59.243574 24603 net.cpp:84] Creating Layer accuracy
I0407 20:28:59.243584 24603 net.cpp:406] accuracy <- ip3_ip3_0_split_0
I0407 20:28:59.243593 24603 net.cpp:406] accuracy <- label_mnist_1_split_0
I0407 20:28:59.243603 24603 net.cpp:380] accuracy -> accuracy
I0407 20:28:59.243616 24603 net.cpp:122] Setting up accuracy
I0407 20:28:59.243625 24603 net.cpp:129] Top shape: (1)
I0407 20:28:59.243633 24603 net.cpp:137] Memory required for data: 3853608
I0407 20:28:59.243638 24603 layer_factory.hpp:77] Creating layer loss
I0407 20:28:59.243654 24603 net.cpp:84] Creating Layer loss
I0407 20:28:59.243661 24603 net.cpp:406] loss <- ip3_ip3_0_split_1
I0407 20:28:59.243669 24603 net.cpp:406] loss <- label_mnist_1_split_1
I0407 20:28:59.243679 24603 net.cpp:380] loss -> loss
I0407 20:28:59.243701 24603 layer_factory.hpp:77] Creating layer loss
I0407 20:28:59.243727 24603 net.cpp:122] Setting up loss
I0407 20:28:59.243736 24603 net.cpp:129] Top shape: (1)
I0407 20:28:59.243742 24603 net.cpp:132]     with loss weight 1
I0407 20:28:59.243768 24603 net.cpp:137] Memory required for data: 3853616
I0407 20:28:59.243775 24603 net.cpp:198] loss needs backward computation.
I0407 20:28:59.243782 24603 net.cpp:200] accuracy does not need backward computation.
I0407 20:28:59.243798 24603 net.cpp:198] ip3_ip3_0_split needs backward computation.
I0407 20:28:59.243806 24603 net.cpp:198] ip3 needs backward computation.
I0407 20:28:59.243813 24603 net.cpp:198] relu2 needs backward computation.
I0407 20:28:59.243820 24603 net.cpp:198] ip2 needs backward computation.
I0407 20:28:59.243827 24603 net.cpp:198] relu1 needs backward computation.
I0407 20:28:59.243834 24603 net.cpp:198] ip1 needs backward computation.
I0407 20:28:59.243842 24603 net.cpp:200] label_mnist_1_split does not need backward computation.
I0407 20:28:59.243851 24603 net.cpp:200] mnist does not need backward computation.
I0407 20:28:59.243858 24603 net.cpp:242] This network produces output accuracy
I0407 20:28:59.243866 24603 net.cpp:242] This network produces output loss
I0407 20:28:59.243881 24603 net.cpp:255] Network initialization done.
I0407 20:28:59.243940 24603 solver.cpp:173] Creating test net (#0) specified by net_param
I0407 20:28:59.243966 24603 net.cpp:294] The NetState phase (1) differed from the phase (0) specified by a rule in layer mnist
I0407 20:28:59.244092 24603 net.cpp:51] Initializing net from parameters: 
name: "LeNet"
state {
  phase: TEST
}
layer {
  name: "mnist"
  type: "Data"
  top: "data"
  top: "label"
  include {
    phase: TEST
  }
  transform_param {
    scale: 0.00390625
  }
  data_param {
    source: "data/mnist_test_lmdb"
    batch_size: 100
    backend: LMDB
  }
}
layer {
  name: "ip1"
  type: "InnerProduct"
  bottom: "data"
  top: "ip1"
  inner_product_param {
    num_output: 1000
    weight_filler {
      type: "gaussian"
      mean: 0
      std: 0.01
    }
  }
  bias_param {
    filler {
      value: 0
    }
  }
  fixed_precision: true
  precision {
    enter: 2
    fraccio: 14
    rounding: "withProb"
    prob: 0.5
  }
}
layer {
  name: "relu1"
  type: "ReLU"
  bottom: "ip1"
  top: "ip1"
  fixed_precision: true
  precision {
    enter: 2
    fraccio: 14
    rounding: "withProb"
    prob: 0.5
  }
}
layer {
  name: "ip2"
  type: "InnerProduct"
  bottom: "ip1"
  top: "ip2"
  inner_product_param {
    num_output: 1000
    weight_filler {
      type: "gaussian"
      mean: 0
      std: 0.01
    }
  }
  bias_param {
    filler {
      value: 0
    }
  }
  fixed_precision: true
  precision {
    enter: 2
    fraccio: 14
    rounding: "withProb"
    prob: 0.5
  }
}
layer {
  name: "relu2"
  type: "ReLU"
  bottom: "ip2"
  top: "ip2"
  bias_param {
    filler {
      value: 0
    }
  }
  fixed_precision: true
  precision {
    enter: 2
    fraccio: 14
    rounding: "withProb"
    prob: 0.5
  }
}
layer {
  name: "ip3"
  type: "InnerProduct"
  bottom: "ip2"
  top: "ip3"
  inner_product_param {
    num_output: 10
    weight_filler {
      type: "gaussian"
      mean: 0
      std: 0.01
    }
  }
  bias_param {
    filler {
      value: 0
    }
  }
  fixed_precision: true
  precision {
    enter: 2
    fraccio: 14
    rounding: "withProb"
    prob: 0.5
  }
}
layer {
  name: "accuracy"
  type: "Accuracy"
  bottom: "ip3"
  bottom: "label"
  top: "accuracy"
}
layer {
  name: "loss"
  type: "SoftmaxWithLoss"
  bottom: "ip3"
  bottom: "label"
  top: "loss"
  fixed_precision: true
  precision {
    enter: 2
    fraccio: 14
    rounding: "withProb"
    prob: 0.5
  }
}
I0407 20:28:59.244164 24603 layer_factory.hpp:77] Creating layer mnist
I0407 20:28:59.244225 24603 db_lmdb.cpp:35] Opened lmdb data/mnist_test_lmdb
I0407 20:28:59.244244 24603 net.cpp:84] Creating Layer mnist
I0407 20:28:59.244256 24603 net.cpp:380] mnist -> data
I0407 20:28:59.244269 24603 net.cpp:380] mnist -> label
I0407 20:28:59.244288 24603 data_layer.cpp:45] output data size: 100,1,28,28
I0407 20:28:59.245105 24603 net.cpp:122] Setting up mnist
I0407 20:28:59.245126 24603 net.cpp:129] Top shape: 100 1 28 28 (78400)
I0407 20:28:59.245134 24603 net.cpp:129] Top shape: 100 (100)
I0407 20:28:59.245141 24603 net.cpp:137] Memory required for data: 628000
I0407 20:28:59.245148 24603 layer_factory.hpp:77] Creating layer label_mnist_1_split
I0407 20:28:59.245163 24603 net.cpp:84] Creating Layer label_mnist_1_split
I0407 20:28:59.245172 24603 net.cpp:406] label_mnist_1_split <- label
I0407 20:28:59.245182 24603 net.cpp:380] label_mnist_1_split -> label_mnist_1_split_0
I0407 20:28:59.245196 24603 net.cpp:380] label_mnist_1_split -> label_mnist_1_split_1
I0407 20:28:59.245210 24603 net.cpp:122] Setting up label_mnist_1_split
I0407 20:28:59.245221 24603 net.cpp:129] Top shape: 100 (100)
I0407 20:28:59.245232 24603 net.cpp:129] Top shape: 100 (100)
I0407 20:28:59.245239 24603 net.cpp:137] Memory required for data: 629600
I0407 20:28:59.245246 24603 layer_factory.hpp:77] Creating layer ip1
I0407 20:28:59.245261 24603 net.cpp:84] Creating Layer ip1
I0407 20:28:59.245267 24603 net.cpp:406] ip1 <- data
I0407 20:28:59.245280 24603 net.cpp:380] ip1 -> ip1
I0407 20:28:59.322540 24603 net.cpp:122] Setting up ip1
I0407 20:28:59.322579 24603 net.cpp:129] Top shape: 100 1000 (100000)
I0407 20:28:59.322587 24603 net.cpp:137] Memory required for data: 1429600
I0407 20:28:59.322603 24603 layer_factory.hpp:77] Creating layer relu1
I0407 20:28:59.322618 24603 net.cpp:84] Creating Layer relu1
I0407 20:28:59.322625 24603 net.cpp:406] relu1 <- ip1
I0407 20:28:59.322638 24603 net.cpp:367] relu1 -> ip1 (in-place)
I0407 20:28:59.322651 24603 net.cpp:122] Setting up relu1
I0407 20:28:59.322659 24603 net.cpp:129] Top shape: 100 1000 (100000)
I0407 20:28:59.322674 24603 net.cpp:137] Memory required for data: 2229600
I0407 20:28:59.322697 24603 layer_factory.hpp:77] Creating layer ip2
I0407 20:28:59.322711 24603 net.cpp:84] Creating Layer ip2
I0407 20:28:59.322720 24603 net.cpp:406] ip2 <- ip1
I0407 20:28:59.322731 24603 net.cpp:380] ip2 -> ip2
I0407 20:28:59.404734 24603 net.cpp:122] Setting up ip2
I0407 20:28:59.404772 24603 net.cpp:129] Top shape: 100 1000 (100000)
I0407 20:28:59.404783 24603 net.cpp:137] Memory required for data: 3029600
I0407 20:28:59.404801 24603 layer_factory.hpp:77] Creating layer relu2
I0407 20:28:59.404821 24603 net.cpp:84] Creating Layer relu2
I0407 20:28:59.404830 24603 net.cpp:406] relu2 <- ip2
I0407 20:28:59.404840 24603 net.cpp:367] relu2 -> ip2 (in-place)
I0407 20:28:59.404855 24603 net.cpp:122] Setting up relu2
I0407 20:28:59.404865 24603 net.cpp:129] Top shape: 100 1000 (100000)
I0407 20:28:59.404870 24603 net.cpp:137] Memory required for data: 3829600
I0407 20:28:59.404875 24603 layer_factory.hpp:77] Creating layer ip3
I0407 20:28:59.404886 24603 net.cpp:84] Creating Layer ip3
I0407 20:28:59.404892 24603 net.cpp:406] ip3 <- ip2
I0407 20:28:59.404901 24603 net.cpp:380] ip3 -> ip3
I0407 20:28:59.405763 24603 net.cpp:122] Setting up ip3
I0407 20:28:59.405782 24603 net.cpp:129] Top shape: 100 10 (1000)
I0407 20:28:59.405791 24603 net.cpp:137] Memory required for data: 3837600
I0407 20:28:59.405803 24603 layer_factory.hpp:77] Creating layer ip3_ip3_0_split
I0407 20:28:59.405817 24603 net.cpp:84] Creating Layer ip3_ip3_0_split
I0407 20:28:59.405823 24603 net.cpp:406] ip3_ip3_0_split <- ip3
I0407 20:28:59.405833 24603 net.cpp:380] ip3_ip3_0_split -> ip3_ip3_0_split_0
I0407 20:28:59.405844 24603 net.cpp:380] ip3_ip3_0_split -> ip3_ip3_0_split_1
I0407 20:28:59.405856 24603 net.cpp:122] Setting up ip3_ip3_0_split
I0407 20:28:59.405865 24603 net.cpp:129] Top shape: 100 10 (1000)
I0407 20:28:59.405874 24603 net.cpp:129] Top shape: 100 10 (1000)
I0407 20:28:59.405879 24603 net.cpp:137] Memory required for data: 3853600
I0407 20:28:59.405885 24603 layer_factory.hpp:77] Creating layer accuracy
I0407 20:28:59.405895 24603 net.cpp:84] Creating Layer accuracy
I0407 20:28:59.405901 24603 net.cpp:406] accuracy <- ip3_ip3_0_split_0
I0407 20:28:59.405908 24603 net.cpp:406] accuracy <- label_mnist_1_split_0
I0407 20:28:59.405918 24603 net.cpp:380] accuracy -> accuracy
I0407 20:28:59.405928 24603 net.cpp:122] Setting up accuracy
I0407 20:28:59.405936 24603 net.cpp:129] Top shape: (1)
I0407 20:28:59.405942 24603 net.cpp:137] Memory required for data: 3853608
I0407 20:28:59.405949 24603 layer_factory.hpp:77] Creating layer loss
I0407 20:28:59.405958 24603 net.cpp:84] Creating Layer loss
I0407 20:28:59.405964 24603 net.cpp:406] loss <- ip3_ip3_0_split_1
I0407 20:28:59.405972 24603 net.cpp:406] loss <- label_mnist_1_split_1
I0407 20:28:59.405980 24603 net.cpp:380] loss -> loss
I0407 20:28:59.405992 24603 layer_factory.hpp:77] Creating layer loss
I0407 20:28:59.406014 24603 net.cpp:122] Setting up loss
I0407 20:28:59.406021 24603 net.cpp:129] Top shape: (1)
I0407 20:28:59.406028 24603 net.cpp:132]     with loss weight 1
I0407 20:28:59.406041 24603 net.cpp:137] Memory required for data: 3853616
I0407 20:28:59.406046 24603 net.cpp:198] loss needs backward computation.
I0407 20:28:59.406054 24603 net.cpp:200] accuracy does not need backward computation.
I0407 20:28:59.406060 24603 net.cpp:198] ip3_ip3_0_split needs backward computation.
I0407 20:28:59.406066 24603 net.cpp:198] ip3 needs backward computation.
I0407 20:28:59.406072 24603 net.cpp:198] relu2 needs backward computation.
I0407 20:28:59.406078 24603 net.cpp:198] ip2 needs backward computation.
I0407 20:28:59.406083 24603 net.cpp:198] relu1 needs backward computation.
I0407 20:28:59.406090 24603 net.cpp:198] ip1 needs backward computation.
I0407 20:28:59.406096 24603 net.cpp:200] label_mnist_1_split does not need backward computation.
I0407 20:28:59.406103 24603 net.cpp:200] mnist does not need backward computation.
I0407 20:28:59.406111 24603 net.cpp:242] This network produces output accuracy
I0407 20:28:59.406126 24603 net.cpp:242] This network produces output loss
I0407 20:28:59.406148 24603 net.cpp:255] Network initialization done.
I0407 20:28:59.406193 24603 solver.cpp:56] Solver scaffolding done.
I0407 20:28:59.406216 24603 caffe_double.cpp:248] Starting Optimization
I0407 20:28:59.406222 24603 solver.cpp:273] Solving LeNet
I0407 20:28:59.406227 24603 solver.cpp:274] Learning Rate Policy: inv
I0407 20:28:59.409204 24603 solver.cpp:331] Iteration 0, Testing net (#0)
I0407 20:29:01.486752 24609 data_layer.cpp:73] Restarting data prefetching from start.
I0407 20:29:01.571812 24603 solver.cpp:398]     Test net output #0: accuracy = 0.0981
I0407 20:29:01.571880 24603 solver.cpp:398]     Test net output #1: loss = 2.30214 (* 1 = 2.30214 loss)
I0407 20:29:01.617144 24603 solver.cpp:219] Iteration 0 (-3.31414e-38 iter/s, 2.21s/600 iters), loss = 2.30306
I0407 20:29:01.617208 24603 solver.cpp:238]     Train net output #0: accuracy = 0.05
I0407 20:29:01.617226 24603 solver.cpp:238]     Train net output #1: loss = 2.30306 (* 1 = 2.30306 loss)
I0407 20:29:01.617241 24603 sgd_solver.cpp:107] Iteration 0, lr = 0.1
I0407 20:30:20.312616 24607 data_layer.cpp:73] Restarting data prefetching from start.
I0407 20:30:20.836961 24603 solver.cpp:331] Iteration 600, Testing net (#0)
I0407 20:30:22.907387 24609 data_layer.cpp:73] Restarting data prefetching from start.
I0407 20:30:22.992986 24603 solver.cpp:398]     Test net output #0: accuracy = 0.9546
I0407 20:30:22.993052 24603 solver.cpp:398]     Test net output #1: loss = 0.151346 (* 1 = 0.151346 loss)
I0407 20:30:23.037845 24603 solver.cpp:219] Iteration 600 (7.3692 iter/s, 81.42s/600 iters), loss = 0.116794
I0407 20:30:23.037909 24603 solver.cpp:238]     Train net output #0: accuracy = 0.97
I0407 20:30:23.037930 24603 solver.cpp:238]     Train net output #1: loss = 0.116794 (* 1 = 0.116794 loss)
I0407 20:30:23.037943 24603 sgd_solver.cpp:107] Iteration 600, lr = 0.0957239
I0407 20:31:41.679973 24607 data_layer.cpp:73] Restarting data prefetching from start.
I0407 20:31:42.233194 24603 solver.cpp:331] Iteration 1200, Testing net (#0)
I0407 20:31:44.287889 24609 data_layer.cpp:73] Restarting data prefetching from start.
I0407 20:31:44.372612 24603 solver.cpp:398]     Test net output #0: accuracy = 0.9679
I0407 20:31:44.372678 24603 solver.cpp:398]     Test net output #1: loss = 0.114081 (* 1 = 0.114081 loss)
I0407 20:31:44.417372 24603 solver.cpp:219] Iteration 1200 (7.37291 iter/s, 81.379s/600 iters), loss = 0.087434
I0407 20:31:44.417436 24603 solver.cpp:238]     Train net output #0: accuracy = 0.98
I0407 20:31:44.417455 24603 solver.cpp:238]     Train net output #1: loss = 0.087434 (* 1 = 0.087434 loss)
I0407 20:31:44.417469 24603 sgd_solver.cpp:107] Iteration 1200, lr = 0.0918516
I0407 20:33:02.821636 24607 data_layer.cpp:73] Restarting data prefetching from start.
I0407 20:33:03.346228 24603 solver.cpp:331] Iteration 1800, Testing net (#0)
I0407 20:33:05.399830 24609 data_layer.cpp:73] Restarting data prefetching from start.
I0407 20:33:05.484679 24603 solver.cpp:398]     Test net output #0: accuracy = 0.9604
I0407 20:33:05.484745 24603 solver.cpp:398]     Test net output #1: loss = 0.155108 (* 1 = 0.155108 loss)
I0407 20:33:05.529470 24603 solver.cpp:219] Iteration 1800 (7.39718 iter/s, 81.112s/600 iters), loss = 0.0898905
I0407 20:33:05.529536 24603 solver.cpp:238]     Train net output #0: accuracy = 0.96
I0407 20:33:05.529556 24603 solver.cpp:238]     Train net output #1: loss = 0.0898905 (* 1 = 0.0898905 loss)
I0407 20:33:05.529570 24603 sgd_solver.cpp:107] Iteration 1800, lr = 0.088326
I0407 20:34:24.079272 24607 data_layer.cpp:73] Restarting data prefetching from start.
I0407 20:34:24.603761 24603 solver.cpp:331] Iteration 2400, Testing net (#0)
I0407 20:34:26.662257 24609 data_layer.cpp:73] Restarting data prefetching from start.
I0407 20:34:26.749794 24603 solver.cpp:398]     Test net output #0: accuracy = 0.9693
I0407 20:34:26.749861 24603 solver.cpp:398]     Test net output #1: loss = 0.118542 (* 1 = 0.118542 loss)
I0407 20:34:26.794620 24603 solver.cpp:219] Iteration 2400 (7.38325 iter/s, 81.265s/600 iters), loss = 0.0671737
I0407 20:34:26.794747 24603 solver.cpp:238]     Train net output #0: accuracy = 0.98
I0407 20:34:26.794778 24603 solver.cpp:238]     Train net output #1: loss = 0.0671737 (* 1 = 0.0671737 loss)
I0407 20:34:26.794795 24603 sgd_solver.cpp:107] Iteration 2400, lr = 0.0851008
I0407 20:35:45.105197 24607 data_layer.cpp:73] Restarting data prefetching from start.
I0407 20:35:45.629030 24603 solver.cpp:331] Iteration 3000, Testing net (#0)
I0407 20:35:47.690048 24609 data_layer.cpp:73] Restarting data prefetching from start.
I0407 20:35:47.775409 24603 solver.cpp:398]     Test net output #0: accuracy = 0.975
I0407 20:35:47.775473 24603 solver.cpp:398]     Test net output #1: loss = 0.0977756 (* 1 = 0.0977756 loss)
I0407 20:35:47.820206 24603 solver.cpp:219] Iteration 3000 (7.40512 iter/s, 81.025s/600 iters), loss = 0.023773
I0407 20:35:47.820273 24603 solver.cpp:238]     Train net output #0: accuracy = 0.99
I0407 20:35:47.820296 24603 solver.cpp:238]     Train net output #1: loss = 0.023773 (* 1 = 0.023773 loss)
I0407 20:35:47.820310 24603 sgd_solver.cpp:107] Iteration 3000, lr = 0.0821377
I0407 20:37:06.187413 24607 data_layer.cpp:73] Restarting data prefetching from start.
I0407 20:37:06.702867 24603 solver.cpp:331] Iteration 3600, Testing net (#0)
I0407 20:37:08.730381 24609 data_layer.cpp:73] Restarting data prefetching from start.
I0407 20:37:08.815438 24603 solver.cpp:398]     Test net output #0: accuracy = 0.9767
I0407 20:37:08.815503 24603 solver.cpp:398]     Test net output #1: loss = 0.0928283 (* 1 = 0.0928283 loss)
I0407 20:37:08.860153 24603 solver.cpp:219] Iteration 3600 (7.40384 iter/s, 81.039s/600 iters), loss = 0.0168735
I0407 20:37:08.860221 24603 solver.cpp:238]     Train net output #0: accuracy = 0.99
I0407 20:37:08.860244 24603 solver.cpp:238]     Train net output #1: loss = 0.0168735 (* 1 = 0.0168735 loss)
I0407 20:37:08.860260 24603 sgd_solver.cpp:107] Iteration 3600, lr = 0.0794046
I0407 20:38:27.255686 24607 data_layer.cpp:73] Restarting data prefetching from start.
I0407 20:38:27.782752 24603 solver.cpp:331] Iteration 4200, Testing net (#0)
I0407 20:38:29.842793 24609 data_layer.cpp:73] Restarting data prefetching from start.
I0407 20:38:29.927757 24603 solver.cpp:398]     Test net output #0: accuracy = 0.9814
I0407 20:38:29.927824 24603 solver.cpp:398]     Test net output #1: loss = 0.080249 (* 1 = 0.080249 loss)
I0407 20:38:29.972638 24603 solver.cpp:219] Iteration 4200 (7.39718 iter/s, 81.112s/600 iters), loss = 0.0561681
I0407 20:38:29.972707 24603 solver.cpp:238]     Train net output #0: accuracy = 0.97
I0407 20:38:29.972729 24603 solver.cpp:238]     Train net output #1: loss = 0.0561681 (* 1 = 0.0561681 loss)
I0407 20:38:29.972745 24603 sgd_solver.cpp:107] Iteration 4200, lr = 0.0768748
I0407 20:39:48.346287 24607 data_layer.cpp:73] Restarting data prefetching from start.
I0407 20:39:48.853449 24603 solver.cpp:331] Iteration 4800, Testing net (#0)
I0407 20:39:50.870575 24609 data_layer.cpp:73] Restarting data prefetching from start.
I0407 20:39:50.955415 24603 solver.cpp:398]     Test net output #0: accuracy = 0.9825
I0407 20:39:50.955478 24603 solver.cpp:398]     Test net output #1: loss = 0.0801125 (* 1 = 0.0801125 loss)
I0407 20:39:51.000401 24603 solver.cpp:219] Iteration 4800 (7.40494 iter/s, 81.027s/600 iters), loss = 0.0104192
I0407 20:39:51.000469 24603 solver.cpp:238]     Train net output #0: accuracy = 1
I0407 20:39:51.000493 24603 solver.cpp:238]     Train net output #1: loss = 0.0104192 (* 1 = 0.0104192 loss)
I0407 20:39:51.000509 24603 sgd_solver.cpp:107] Iteration 4800, lr = 0.0745253
I0407 20:41:09.413615 24607 data_layer.cpp:73] Restarting data prefetching from start.
I0407 20:41:09.939999 24603 solver.cpp:331] Iteration 5400, Testing net (#0)
I0407 20:41:11.994874 24609 data_layer.cpp:73] Restarting data prefetching from start.
I0407 20:41:12.079525 24603 solver.cpp:398]     Test net output #0: accuracy = 0.983
I0407 20:41:12.079591 24603 solver.cpp:398]     Test net output #1: loss = 0.0800847 (* 1 = 0.0800847 loss)
I0407 20:41:12.124418 24603 solver.cpp:219] Iteration 5400 (7.39618 iter/s, 81.123s/600 iters), loss = 0.00993025
I0407 20:41:12.124487 24603 solver.cpp:238]     Train net output #0: accuracy = 1
I0407 20:41:12.124511 24603 solver.cpp:238]     Train net output #1: loss = 0.00993025 (* 1 = 0.00993025 loss)
I0407 20:41:12.124526 24603 sgd_solver.cpp:107] Iteration 5400, lr = 0.0723368
I0407 20:42:30.599759 24607 data_layer.cpp:73] Restarting data prefetching from start.
I0407 20:42:31.124999 24603 solver.cpp:331] Iteration 6000, Testing net (#0)
I0407 20:42:33.177803 24609 data_layer.cpp:73] Restarting data prefetching from start.
I0407 20:42:33.265326 24603 solver.cpp:398]     Test net output #0: accuracy = 0.9833
I0407 20:42:33.265393 24603 solver.cpp:398]     Test net output #1: loss = 0.0886936 (* 1 = 0.0886936 loss)
I0407 20:42:33.310175 24603 solver.cpp:219] Iteration 6000 (7.39053 iter/s, 81.185s/600 iters), loss = 0.000850498
I0407 20:42:33.310245 24603 solver.cpp:238]     Train net output #0: accuracy = 1
I0407 20:42:33.310267 24603 solver.cpp:238]     Train net output #1: loss = 0.000850498 (* 1 = 0.000850498 loss)
I0407 20:42:33.310282 24603 sgd_solver.cpp:107] Iteration 6000, lr = 0.0702927
I0407 20:43:53.054844 24607 data_layer.cpp:73] Restarting data prefetching from start.
I0407 20:43:53.588140 24603 solver.cpp:331] Iteration 6600, Testing net (#0)
I0407 20:43:55.677501 24609 data_layer.cpp:73] Restarting data prefetching from start.
I0407 20:43:55.765987 24603 solver.cpp:398]     Test net output #0: accuracy = 0.9846
I0407 20:43:55.766065 24603 solver.cpp:398]     Test net output #1: loss = 0.0745613 (* 1 = 0.0745613 loss)
I0407 20:43:55.811193 24603 solver.cpp:219] Iteration 6600 (7.27273 iter/s, 82.5s/600 iters), loss = 0.00147289
I0407 20:43:55.811264 24603 solver.cpp:238]     Train net output #0: accuracy = 1
I0407 20:43:55.811285 24603 solver.cpp:238]     Train net output #1: loss = 0.00147289 (* 1 = 0.00147289 loss)
I0407 20:43:55.811300 24603 sgd_solver.cpp:107] Iteration 6600, lr = 0.0683784
I0407 20:45:16.319252 24607 data_layer.cpp:73] Restarting data prefetching from start.
I0407 20:45:16.860951 24603 solver.cpp:331] Iteration 7200, Testing net (#0)
I0407 20:45:18.943783 24609 data_layer.cpp:73] Restarting data prefetching from start.
I0407 20:45:19.029654 24603 solver.cpp:398]     Test net output #0: accuracy = 0.9802
I0407 20:45:19.029723 24603 solver.cpp:398]     Test net output #1: loss = 0.107028 (* 1 = 0.107028 loss)
I0407 20:45:19.074903 24603 solver.cpp:219] Iteration 7200 (7.20608 iter/s, 83.263s/600 iters), loss = 0.00798586
I0407 20:45:19.074971 24603 solver.cpp:238]     Train net output #0: accuracy = 0.99
I0407 20:45:19.074995 24603 solver.cpp:238]     Train net output #1: loss = 0.00798586 (* 1 = 0.00798586 loss)
I0407 20:45:19.075011 24603 sgd_solver.cpp:107] Iteration 7200, lr = 0.0665815
I0407 20:46:39.974637 24607 data_layer.cpp:73] Restarting data prefetching from start.
I0407 20:46:40.515493 24603 solver.cpp:331] Iteration 7800, Testing net (#0)
I0407 20:46:42.604001 24609 data_layer.cpp:73] Restarting data prefetching from start.
I0407 20:46:42.694579 24603 solver.cpp:398]     Test net output #0: accuracy = 0.9851
I0407 20:46:42.694646 24603 solver.cpp:398]     Test net output #1: loss = 0.0766726 (* 1 = 0.0766726 loss)
I0407 20:46:42.740018 24603 solver.cpp:219] Iteration 7800 (7.17146 iter/s, 83.665s/600 iters), loss = 0.000408496
I0407 20:46:42.740094 24603 solver.cpp:238]     Train net output #0: accuracy = 1
I0407 20:46:42.740118 24603 solver.cpp:238]     Train net output #1: loss = 0.000408496 (* 1 = 0.000408496 loss)
I0407 20:46:42.740135 24603 sgd_solver.cpp:107] Iteration 7800, lr = 0.0648911
I0407 20:48:03.818235 24607 data_layer.cpp:73] Restarting data prefetching from start.
I0407 20:48:04.360976 24603 solver.cpp:331] Iteration 8400, Testing net (#0)
I0407 20:48:06.447335 24609 data_layer.cpp:73] Restarting data prefetching from start.
I0407 20:48:06.533128 24603 solver.cpp:398]     Test net output #0: accuracy = 0.9857
I0407 20:48:06.533218 24603 solver.cpp:398]     Test net output #1: loss = 0.079872 (* 1 = 0.079872 loss)
I0407 20:48:06.578434 24603 solver.cpp:219] Iteration 8400 (7.15666 iter/s, 83.838s/600 iters), loss = 0.00176423
I0407 20:48:06.578506 24603 solver.cpp:238]     Train net output #0: accuracy = 1
I0407 20:48:06.578529 24603 solver.cpp:238]     Train net output #1: loss = 0.00176423 (* 1 = 0.00176423 loss)
I0407 20:48:06.578547 24603 sgd_solver.cpp:107] Iteration 8400, lr = 0.0632975
I0407 20:49:27.638566 24607 data_layer.cpp:73] Restarting data prefetching from start.
I0407 20:49:28.186870 24603 solver.cpp:331] Iteration 9000, Testing net (#0)
I0407 20:49:30.271826 24609 data_layer.cpp:73] Restarting data prefetching from start.
I0407 20:49:30.357437 24603 solver.cpp:398]     Test net output #0: accuracy = 0.9859
I0407 20:49:30.357507 24603 solver.cpp:398]     Test net output #1: loss = 0.0776787 (* 1 = 0.0776787 loss)
I0407 20:49:30.402618 24603 solver.cpp:219] Iteration 9000 (7.15785 iter/s, 83.824s/600 iters), loss = 0.000504019
I0407 20:49:30.402746 24603 solver.cpp:238]     Train net output #0: accuracy = 1
I0407 20:49:30.402777 24603 solver.cpp:238]     Train net output #1: loss = 0.000504019 (* 1 = 0.000504019 loss)
I0407 20:49:30.402794 24603 sgd_solver.cpp:107] Iteration 9000, lr = 0.0617924
I0407 20:50:51.547807 24607 data_layer.cpp:73] Restarting data prefetching from start.
I0407 20:50:52.091326 24603 solver.cpp:331] Iteration 9600, Testing net (#0)
I0407 20:50:54.171427 24609 data_layer.cpp:73] Restarting data prefetching from start.
I0407 20:50:54.261185 24603 solver.cpp:398]     Test net output #0: accuracy = 0.9862
I0407 20:50:54.261257 24603 solver.cpp:398]     Test net output #1: loss = 0.0784373 (* 1 = 0.0784373 loss)
I0407 20:50:54.306212 24603 solver.cpp:219] Iteration 9600 (7.15111 iter/s, 83.903s/600 iters), loss = 0.000557568
I0407 20:50:54.306278 24603 solver.cpp:238]     Train net output #0: accuracy = 1
I0407 20:50:54.306309 24603 solver.cpp:238]     Train net output #1: loss = 0.000557568 (* 1 = 0.000557568 loss)
I0407 20:50:54.306325 24603 sgd_solver.cpp:107] Iteration 9600, lr = 0.0603682
I0407 20:52:15.594190 24607 data_layer.cpp:73] Restarting data prefetching from start.
I0407 20:52:16.138391 24603 solver.cpp:331] Iteration 10200, Testing net (#0)
I0407 20:52:18.225383 24609 data_layer.cpp:73] Restarting data prefetching from start.
I0407 20:52:18.311298 24603 solver.cpp:398]     Test net output #0: accuracy = 0.9864
I0407 20:52:18.311365 24603 solver.cpp:398]     Test net output #1: loss = 0.0791956 (* 1 = 0.0791956 loss)
I0407 20:52:18.356350 24603 solver.cpp:219] Iteration 10200 (7.13861 iter/s, 84.05s/600 iters), loss = 0.000386806
I0407 20:52:18.356421 24603 solver.cpp:238]     Train net output #0: accuracy = 1
I0407 20:52:18.356446 24603 solver.cpp:238]     Train net output #1: loss = 0.000386806 (* 1 = 0.000386806 loss)
I0407 20:52:18.356462 24603 sgd_solver.cpp:107] Iteration 10200, lr = 0.0590183
I0407 20:53:39.573149 24607 data_layer.cpp:73] Restarting data prefetching from start.
I0407 20:53:40.116986 24603 solver.cpp:331] Iteration 10800, Testing net (#0)
I0407 20:53:42.210201 24609 data_layer.cpp:73] Restarting data prefetching from start.
I0407 20:53:42.295732 24603 solver.cpp:398]     Test net output #0: accuracy = 0.9865
I0407 20:53:42.295801 24603 solver.cpp:398]     Test net output #1: loss = 0.0799081 (* 1 = 0.0799081 loss)
I0407 20:53:42.340916 24603 solver.cpp:219] Iteration 10800 (7.14422 iter/s, 83.984s/600 iters), loss = 0.000306733
I0407 20:53:42.340987 24603 solver.cpp:238]     Train net output #0: accuracy = 1
I0407 20:53:42.341011 24603 solver.cpp:238]     Train net output #1: loss = 0.000306733 (* 1 = 0.000306733 loss)
I0407 20:53:42.341027 24603 sgd_solver.cpp:107] Iteration 10800, lr = 0.0577368
I0407 20:55:03.574112 24607 data_layer.cpp:73] Restarting data prefetching from start.
I0407 20:55:04.119953 24603 solver.cpp:331] Iteration 11400, Testing net (#0)
I0407 20:55:06.205027 24609 data_layer.cpp:73] Restarting data prefetching from start.
I0407 20:55:06.290555 24603 solver.cpp:398]     Test net output #0: accuracy = 0.9866
I0407 20:55:06.290647 24603 solver.cpp:398]     Test net output #1: loss = 0.0806823 (* 1 = 0.0806823 loss)
I0407 20:55:06.335739 24603 solver.cpp:219] Iteration 11400 (7.14337 iter/s, 83.994s/600 iters), loss = 0.000256127
I0407 20:55:06.335810 24603 solver.cpp:238]     Train net output #0: accuracy = 1
I0407 20:55:06.335832 24603 solver.cpp:238]     Train net output #1: loss = 0.000256127 (* 1 = 0.000256127 loss)
I0407 20:55:06.335849 24603 sgd_solver.cpp:107] Iteration 11400, lr = 0.0565184
I0407 20:56:27.653525 24607 data_layer.cpp:73] Restarting data prefetching from start.
I0407 20:56:28.202924 24603 solver.cpp:331] Iteration 12000, Testing net (#0)
I0407 20:56:30.286741 24609 data_layer.cpp:73] Restarting data prefetching from start.
I0407 20:56:30.372280 24603 solver.cpp:398]     Test net output #0: accuracy = 0.9867
I0407 20:56:30.372349 24603 solver.cpp:398]     Test net output #1: loss = 0.0812895 (* 1 = 0.0812895 loss)
I0407 20:56:30.417435 24603 solver.cpp:219] Iteration 12000 (7.13598 iter/s, 84.081s/600 iters), loss = 0.000220581
I0407 20:56:30.417505 24603 solver.cpp:238]     Train net output #0: accuracy = 1
I0407 20:56:30.417527 24603 solver.cpp:238]     Train net output #1: loss = 0.000220581 (* 1 = 0.000220581 loss)
I0407 20:56:30.417544 24603 sgd_solver.cpp:107] Iteration 12000, lr = 0.0553583
I0407 20:57:51.886543 24607 data_layer.cpp:73] Restarting data prefetching from start.
I0407 20:57:52.432705 24603 solver.cpp:331] Iteration 12600, Testing net (#0)
I0407 20:57:54.516669 24609 data_layer.cpp:73] Restarting data prefetching from start.
I0407 20:57:54.601809 24603 solver.cpp:398]     Test net output #0: accuracy = 0.9868
I0407 20:57:54.601878 24603 solver.cpp:398]     Test net output #1: loss = 0.0817787 (* 1 = 0.0817787 loss)
I0407 20:57:54.646996 24603 solver.cpp:219] Iteration 12600 (7.12344 iter/s, 84.229s/600 iters), loss = 0.00019521
I0407 20:57:54.647064 24603 solver.cpp:238]     Train net output #0: accuracy = 1
I0407 20:57:54.647085 24603 solver.cpp:238]     Train net output #1: loss = 0.00019521 (* 1 = 0.00019521 loss)
I0407 20:57:54.647101 24603 sgd_solver.cpp:107] Iteration 12600, lr = 0.0542524
I0407 20:59:16.150110 24607 data_layer.cpp:73] Restarting data prefetching from start.
I0407 20:59:16.701516 24603 solver.cpp:331] Iteration 13200, Testing net (#0)
I0407 20:59:18.787750 24609 data_layer.cpp:73] Restarting data prefetching from start.
I0407 20:59:18.873442 24603 solver.cpp:398]     Test net output #0: accuracy = 0.9868
I0407 20:59:18.873510 24603 solver.cpp:398]     Test net output #1: loss = 0.0822855 (* 1 = 0.0822855 loss)
I0407 20:59:18.918457 24603 solver.cpp:219] Iteration 13200 (7.11989 iter/s, 84.271s/600 iters), loss = 0.000169824
I0407 20:59:18.918526 24603 solver.cpp:238]     Train net output #0: accuracy = 1
I0407 20:59:18.918548 24603 solver.cpp:238]     Train net output #1: loss = 0.000169824 (* 1 = 0.000169824 loss)
I0407 20:59:18.918565 24603 sgd_solver.cpp:107] Iteration 13200, lr = 0.0531966
I0407 21:00:40.625818 24607 data_layer.cpp:73] Restarting data prefetching from start.
I0407 21:00:41.172901 24603 solver.cpp:331] Iteration 13800, Testing net (#0)
I0407 21:00:43.259589 24609 data_layer.cpp:73] Restarting data prefetching from start.
I0407 21:00:43.345175 24603 solver.cpp:398]     Test net output #0: accuracy = 0.9868
I0407 21:00:43.345242 24603 solver.cpp:398]     Test net output #1: loss = 0.0826902 (* 1 = 0.0826902 loss)
I0407 21:00:43.390353 24603 solver.cpp:219] Iteration 13800 (7.10303 iter/s, 84.471s/600 iters), loss = 0.000151902
I0407 21:00:43.390429 24603 solver.cpp:238]     Train net output #0: accuracy = 1
I0407 21:00:43.390453 24603 solver.cpp:238]     Train net output #1: loss = 0.000151902 (* 1 = 0.000151902 loss)
I0407 21:00:43.390470 24603 sgd_solver.cpp:107] Iteration 13800, lr = 0.0521876
I0407 21:02:05.164656 24607 data_layer.cpp:73] Restarting data prefetching from start.
I0407 21:02:05.712054 24603 solver.cpp:331] Iteration 14400, Testing net (#0)
I0407 21:02:07.760761 24609 data_layer.cpp:73] Restarting data prefetching from start.
I0407 21:02:07.846071 24603 solver.cpp:398]     Test net output #0: accuracy = 0.9869
I0407 21:02:07.846138 24603 solver.cpp:398]     Test net output #1: loss = 0.0830952 (* 1 = 0.0830952 loss)
I0407 21:02:07.891144 24603 solver.cpp:219] Iteration 14400 (7.10059 iter/s, 84.5s/600 iters), loss = 0.000137688
I0407 21:02:07.891211 24603 solver.cpp:238]     Train net output #0: accuracy = 1
I0407 21:02:07.891232 24603 solver.cpp:238]     Train net output #1: loss = 0.000137688 (* 1 = 0.000137688 loss)
I0407 21:02:07.891247 24603 sgd_solver.cpp:107] Iteration 14400, lr = 0.0512221
I0407 21:03:29.637930 24607 data_layer.cpp:73] Restarting data prefetching from start.
I0407 21:03:30.188716 24603 solver.cpp:331] Iteration 15000, Testing net (#0)
I0407 21:03:32.275010 24609 data_layer.cpp:73] Restarting data prefetching from start.
I0407 21:03:32.360549 24603 solver.cpp:398]     Test net output #0: accuracy = 0.9868
I0407 21:03:32.360616 24603 solver.cpp:398]     Test net output #1: loss = 0.0834356 (* 1 = 0.0834356 loss)
I0407 21:03:32.405598 24603 solver.cpp:219] Iteration 15000 (7.09942 iter/s, 84.514s/600 iters), loss = 0.000125919
I0407 21:03:32.405671 24603 solver.cpp:238]     Train net output #0: accuracy = 1
I0407 21:03:32.405695 24603 solver.cpp:238]     Train net output #1: loss = 0.000125919 (* 1 = 0.000125919 loss)
I0407 21:03:32.405712 24603 sgd_solver.cpp:107] Iteration 15000, lr = 0.0502973
I0407 21:04:53.999423 24607 data_layer.cpp:73] Restarting data prefetching from start.
I0407 21:04:54.541425 24603 solver.cpp:331] Iteration 15600, Testing net (#0)
I0407 21:04:56.600339 24609 data_layer.cpp:73] Restarting data prefetching from start.
I0407 21:04:56.689296 24603 solver.cpp:398]     Test net output #0: accuracy = 0.9867
I0407 21:04:56.689363 24603 solver.cpp:398]     Test net output #1: loss = 0.0837303 (* 1 = 0.0837303 loss)
I0407 21:04:56.734530 24603 solver.cpp:219] Iteration 15600 (7.11507 iter/s, 84.328s/600 iters), loss = 0.000117408
I0407 21:04:56.734602 24603 solver.cpp:238]     Train net output #0: accuracy = 1
I0407 21:04:56.734627 24603 solver.cpp:238]     Train net output #1: loss = 0.000117408 (* 1 = 0.000117408 loss)
I0407 21:04:56.734642 24603 sgd_solver.cpp:107] Iteration 15600, lr = 0.0494106
I0407 21:06:17.289429 24607 data_layer.cpp:73] Restarting data prefetching from start.
I0407 21:06:17.826588 24603 solver.cpp:331] Iteration 16200, Testing net (#0)
I0407 21:06:19.880587 24609 data_layer.cpp:73] Restarting data prefetching from start.
I0407 21:06:19.965152 24603 solver.cpp:398]     Test net output #0: accuracy = 0.9868
I0407 21:06:19.965220 24603 solver.cpp:398]     Test net output #1: loss = 0.0840615 (* 1 = 0.0840615 loss)
I0407 21:06:20.009893 24603 solver.cpp:219] Iteration 16200 (7.20504 iter/s, 83.275s/600 iters), loss = 0.000109091
I0407 21:06:20.009961 24603 solver.cpp:238]     Train net output #0: accuracy = 1
I0407 21:06:20.009984 24603 solver.cpp:238]     Train net output #1: loss = 0.000109091 (* 1 = 0.000109091 loss)
I0407 21:06:20.009999 24603 sgd_solver.cpp:107] Iteration 16200, lr = 0.0485595
I0407 21:07:40.387833 24607 data_layer.cpp:73] Restarting data prefetching from start.
I0407 21:07:40.926580 24603 solver.cpp:331] Iteration 16800, Testing net (#0)
I0407 21:07:42.984362 24609 data_layer.cpp:73] Restarting data prefetching from start.
I0407 21:07:43.069044 24603 solver.cpp:398]     Test net output #0: accuracy = 0.9869
I0407 21:07:43.069109 24603 solver.cpp:398]     Test net output #1: loss = 0.0843049 (* 1 = 0.0843049 loss)
I0407 21:07:43.113765 24603 solver.cpp:219] Iteration 16800 (7.21996 iter/s, 83.103s/600 iters), loss = 0.000101584
I0407 21:07:43.113831 24603 solver.cpp:238]     Train net output #0: accuracy = 1
I0407 21:07:43.113853 24603 solver.cpp:238]     Train net output #1: loss = 0.000101584 (* 1 = 0.000101584 loss)
I0407 21:07:43.113869 24603 sgd_solver.cpp:107] Iteration 16800, lr = 0.0477418
I0407 21:09:03.595250 24607 data_layer.cpp:73] Restarting data prefetching from start.
I0407 21:09:04.135967 24603 solver.cpp:331] Iteration 17400, Testing net (#0)
I0407 21:09:06.170471 24609 data_layer.cpp:73] Restarting data prefetching from start.
I0407 21:09:06.255486 24603 solver.cpp:398]     Test net output #0: accuracy = 0.9867
I0407 21:09:06.255551 24603 solver.cpp:398]     Test net output #1: loss = 0.0845617 (* 1 = 0.0845617 loss)
I0407 21:09:06.297998 24603 solver.cpp:219] Iteration 17400 (7.21293 iter/s, 83.184s/600 iters), loss = 9.53204e-05
I0407 21:09:06.298064 24603 solver.cpp:238]     Train net output #0: accuracy = 1
I0407 21:09:06.298086 24603 solver.cpp:238]     Train net output #1: loss = 9.53204e-05 (* 1 = 9.53204e-05 loss)
I0407 21:09:06.298101 24603 sgd_solver.cpp:107] Iteration 17400, lr = 0.0469556
I0407 21:10:26.870872 24607 data_layer.cpp:73] Restarting data prefetching from start.
I0407 21:10:27.409209 24603 solver.cpp:448] Snapshotting to binary proto file _iter_18000.caffemodel
I0407 21:10:27.456645 24603 sgd_solver.cpp:278] Snapshotting solver state to binary proto file _iter_18000.solverstate
I0407 21:10:27.790196 24603 solver.cpp:311] Iteration 18000, loss = 8.93778e-05
I0407 21:10:27.790241 24603 solver.cpp:331] Iteration 18000, Testing net (#0)
I0407 21:10:29.749747 24609 data_layer.cpp:73] Restarting data prefetching from start.
I0407 21:10:29.834935 24603 solver.cpp:398]     Test net output #0: accuracy = 0.9867
I0407 21:10:29.835003 24603 solver.cpp:398]     Test net output #1: loss = 0.0848119 (* 1 = 0.0848119 loss)
I0407 21:10:29.835018 24603 solver.cpp:316] Optimization Done.
I0407 21:10:29.835026 24603 caffe_double.cpp:259] Optimization Done.
