I0406 01:14:47.635074 10874 caffe_double.cpp:211] Use CPU.
I0406 01:14:47.635684 10874 solver.cpp:44] Initializing solver from parameters: 
test_iter: 100
test_interval: 600
base_lr: 0.1
display: 600
max_iter: 18000
lr_policy: "inv"
gamma: 0.0001
power: 0.75
momentum: 0.9
solver_mode: CPU
net_param {
  name: "LeNet"
  layer {
    name: "mnist"
    type: "Data"
    top: "data"
    top: "label"
    include {
      phase: TRAIN
    }
    transform_param {
      scale: 0.00390625
    }
    data_param {
      source: "data/mnist_train_lmdb"
      batch_size: 100
      backend: LMDB
    }
  }
  layer {
    name: "mnist"
    type: "Data"
    top: "data"
    top: "label"
    include {
      phase: TEST
    }
    transform_param {
      scale: 0.00390625
    }
    data_param {
      source: "data/mnist_test_lmdb"
      batch_size: 100
      backend: LMDB
    }
  }
  layer {
    name: "ip1"
    type: "InnerProduct"
    bottom: "data"
    top: "ip1"
    inner_product_param {
      num_output: 1000
      weight_filler {
        type: "gaussian"
        mean: 0
        std: 0.01
      }
    }
    bias_param {
      filler {
        value: 0
      }
    }
    fixed_precision: true
    precision {
      enter: 1
      fraccio: 10
      rounding: "stochastic"
    }
  }
  layer {
    name: "relu1"
    type: "ReLU"
    bottom: "ip1"
    top: "ip1"
    fixed_precision: true
    precision {
      enter: 1
      fraccio: 10
      rounding: "stochastic"
    }
  }
  layer {
    name: "ip2"
    type: "InnerProduct"
    bottom: "ip1"
    top: "ip2"
    inner_product_param {
      num_output: 1000
      weight_filler {
        type: "gaussian"
        mean: 0
        std: 0.01
      }
    }
    bias_param {
      filler {
        value: 0
      }
    }
    fixed_precision: true
    precision {
      enter: 1
      fraccio: 10
      rounding: "stochastic"
    }
  }
  layer {
    name: "relu2"
    type: "ReLU"
    bottom: "ip2"
    top: "ip2"
    bias_param {
      filler {
        value: 0
      }
    }
    fixed_precision: true
    precision {
      enter: 1
      fraccio: 10
      rounding: "stochastic"
    }
  }
  layer {
    name: "ip3"
    type: "InnerProduct"
    bottom: "ip2"
    top: "ip3"
    inner_product_param {
      num_output: 10
      weight_filler {
        type: "gaussian"
        mean: 0
        std: 0.01
      }
    }
    bias_param {
      filler {
        value: 0
      }
    }
    fixed_precision: true
    precision {
      enter: 1
      fraccio: 10
      rounding: "stochastic"
    }
  }
  layer {
    name: "accuracy"
    type: "Accuracy"
    bottom: "ip3"
    bottom: "label"
    top: "accuracy"
  }
  layer {
    name: "loss"
    type: "SoftmaxWithLoss"
    bottom: "ip3"
    bottom: "label"
    top: "loss"
    fixed_precision: true
    precision {
      enter: 1
      fraccio: 10
      rounding: "stochastic"
    }
  }
}
train_state {
  level: 0
  stage: ""
}
fixed_precision: true
precision {
  enter: 1
  fraccio: 10
  rounding: "stochastic"
}
I0406 01:14:47.635746 10874 solver.cpp:82] Creating training net specified in net_param.
I0406 01:14:47.635802 10874 net.cpp:294] The NetState phase (0) differed from the phase (1) specified by a rule in layer mnist
I0406 01:14:47.635969 10874 net.cpp:51] Initializing net from parameters: 
name: "LeNet"
state {
  phase: TRAIN
  level: 0
  stage: ""
}
layer {
  name: "mnist"
  type: "Data"
  top: "data"
  top: "label"
  include {
    phase: TRAIN
  }
  transform_param {
    scale: 0.00390625
  }
  data_param {
    source: "data/mnist_train_lmdb"
    batch_size: 100
    backend: LMDB
  }
}
layer {
  name: "ip1"
  type: "InnerProduct"
  bottom: "data"
  top: "ip1"
  inner_product_param {
    num_output: 1000
    weight_filler {
      type: "gaussian"
      mean: 0
      std: 0.01
    }
  }
  bias_param {
    filler {
      value: 0
    }
  }
  fixed_precision: true
  precision {
    enter: 1
    fraccio: 10
    rounding: "stochastic"
  }
}
layer {
  name: "relu1"
  type: "ReLU"
  bottom: "ip1"
  top: "ip1"
  fixed_precision: true
  precision {
    enter: 1
    fraccio: 10
    rounding: "stochastic"
  }
}
layer {
  name: "ip2"
  type: "InnerProduct"
  bottom: "ip1"
  top: "ip2"
  inner_product_param {
    num_output: 1000
    weight_filler {
      type: "gaussian"
      mean: 0
      std: 0.01
    }
  }
  bias_param {
    filler {
      value: 0
    }
  }
  fixed_precision: true
  precision {
    enter: 1
    fraccio: 10
    rounding: "stochastic"
  }
}
layer {
  name: "relu2"
  type: "ReLU"
  bottom: "ip2"
  top: "ip2"
  bias_param {
    filler {
      value: 0
    }
  }
  fixed_precision: true
  precision {
    enter: 1
    fraccio: 10
    rounding: "stochastic"
  }
}
layer {
  name: "ip3"
  type: "InnerProduct"
  bottom: "ip2"
  top: "ip3"
  inner_product_param {
    num_output: 10
    weight_filler {
      type: "gaussian"
      mean: 0
      std: 0.01
    }
  }
  bias_param {
    filler {
      value: 0
    }
  }
  fixed_precision: true
  precision {
    enter: 1
    fraccio: 10
    rounding: "stochastic"
  }
}
layer {
  name: "accuracy"
  type: "Accuracy"
  bottom: "ip3"
  bottom: "label"
  top: "accuracy"
}
layer {
  name: "loss"
  type: "SoftmaxWithLoss"
  bottom: "ip3"
  bottom: "label"
  top: "loss"
  fixed_precision: true
  precision {
    enter: 1
    fraccio: 10
    rounding: "stochastic"
  }
}
I0406 01:14:47.636097 10874 layer_factory.hpp:77] Creating layer mnist
I0406 01:14:47.636217 10874 db_lmdb.cpp:35] Opened lmdb data/mnist_train_lmdb
I0406 01:14:47.636247 10874 net.cpp:84] Creating Layer mnist
I0406 01:14:47.636260 10874 net.cpp:380] mnist -> data
I0406 01:14:47.636288 10874 net.cpp:380] mnist -> label
I0406 01:14:47.636327 10874 data_layer.cpp:45] output data size: 100,1,28,28
I0406 01:14:47.638072 10874 net.cpp:122] Setting up mnist
I0406 01:14:47.638094 10874 net.cpp:129] Top shape: 100 1 28 28 (78400)
I0406 01:14:47.638105 10874 net.cpp:129] Top shape: 100 (100)
I0406 01:14:47.638113 10874 net.cpp:137] Memory required for data: 628000
I0406 01:14:47.638124 10874 layer_factory.hpp:77] Creating layer label_mnist_1_split
I0406 01:14:47.638140 10874 net.cpp:84] Creating Layer label_mnist_1_split
I0406 01:14:47.638149 10874 net.cpp:406] label_mnist_1_split <- label
I0406 01:14:47.638162 10874 net.cpp:380] label_mnist_1_split -> label_mnist_1_split_0
I0406 01:14:47.638175 10874 net.cpp:380] label_mnist_1_split -> label_mnist_1_split_1
I0406 01:14:47.638190 10874 net.cpp:122] Setting up label_mnist_1_split
I0406 01:14:47.638200 10874 net.cpp:129] Top shape: 100 (100)
I0406 01:14:47.638207 10874 net.cpp:129] Top shape: 100 (100)
I0406 01:14:47.638214 10874 net.cpp:137] Memory required for data: 629600
I0406 01:14:47.638221 10874 layer_factory.hpp:77] Creating layer ip1
I0406 01:14:47.638237 10874 net.cpp:84] Creating Layer ip1
I0406 01:14:47.638244 10874 net.cpp:406] ip1 <- data
I0406 01:14:47.638254 10874 net.cpp:380] ip1 -> ip1
I0406 01:14:47.752004 10874 net.cpp:122] Setting up ip1
I0406 01:14:47.752044 10874 net.cpp:129] Top shape: 100 1000 (100000)
I0406 01:14:47.752056 10874 net.cpp:137] Memory required for data: 1429600
I0406 01:14:47.752085 10874 layer_factory.hpp:77] Creating layer relu1
I0406 01:14:47.752107 10874 net.cpp:84] Creating Layer relu1
I0406 01:14:47.752120 10874 net.cpp:406] relu1 <- ip1
I0406 01:14:47.752133 10874 net.cpp:367] relu1 -> ip1 (in-place)
I0406 01:14:47.752158 10874 net.cpp:122] Setting up relu1
I0406 01:14:47.752171 10874 net.cpp:129] Top shape: 100 1000 (100000)
I0406 01:14:47.752177 10874 net.cpp:137] Memory required for data: 2229600
I0406 01:14:47.752185 10874 layer_factory.hpp:77] Creating layer ip2
I0406 01:14:47.752202 10874 net.cpp:84] Creating Layer ip2
I0406 01:14:47.752210 10874 net.cpp:406] ip2 <- ip1
I0406 01:14:47.752221 10874 net.cpp:380] ip2 -> ip2
I0406 01:14:47.854385 10874 net.cpp:122] Setting up ip2
I0406 01:14:47.854426 10874 net.cpp:129] Top shape: 100 1000 (100000)
I0406 01:14:47.854435 10874 net.cpp:137] Memory required for data: 3029600
I0406 01:14:47.854456 10874 layer_factory.hpp:77] Creating layer relu2
I0406 01:14:47.854480 10874 net.cpp:84] Creating Layer relu2
I0406 01:14:47.854490 10874 net.cpp:406] relu2 <- ip2
I0406 01:14:47.854502 10874 net.cpp:367] relu2 -> ip2 (in-place)
I0406 01:14:47.854526 10874 net.cpp:122] Setting up relu2
I0406 01:14:47.854547 10874 net.cpp:129] Top shape: 100 1000 (100000)
I0406 01:14:47.854553 10874 net.cpp:137] Memory required for data: 3829600
I0406 01:14:47.854559 10874 layer_factory.hpp:77] Creating layer ip3
I0406 01:14:47.854571 10874 net.cpp:84] Creating Layer ip3
I0406 01:14:47.854579 10874 net.cpp:406] ip3 <- ip2
I0406 01:14:47.854588 10874 net.cpp:380] ip3 -> ip3
I0406 01:14:47.855521 10874 net.cpp:122] Setting up ip3
I0406 01:14:47.855533 10874 net.cpp:129] Top shape: 100 10 (1000)
I0406 01:14:47.855540 10874 net.cpp:137] Memory required for data: 3837600
I0406 01:14:47.855553 10874 layer_factory.hpp:77] Creating layer ip3_ip3_0_split
I0406 01:14:47.855563 10874 net.cpp:84] Creating Layer ip3_ip3_0_split
I0406 01:14:47.855571 10874 net.cpp:406] ip3_ip3_0_split <- ip3
I0406 01:14:47.855581 10874 net.cpp:380] ip3_ip3_0_split -> ip3_ip3_0_split_0
I0406 01:14:47.855592 10874 net.cpp:380] ip3_ip3_0_split -> ip3_ip3_0_split_1
I0406 01:14:47.855607 10874 net.cpp:122] Setting up ip3_ip3_0_split
I0406 01:14:47.855617 10874 net.cpp:129] Top shape: 100 10 (1000)
I0406 01:14:47.855624 10874 net.cpp:129] Top shape: 100 10 (1000)
I0406 01:14:47.855630 10874 net.cpp:137] Memory required for data: 3853600
I0406 01:14:47.855638 10874 layer_factory.hpp:77] Creating layer accuracy
I0406 01:14:47.855650 10874 net.cpp:84] Creating Layer accuracy
I0406 01:14:47.855656 10874 net.cpp:406] accuracy <- ip3_ip3_0_split_0
I0406 01:14:47.855664 10874 net.cpp:406] accuracy <- label_mnist_1_split_0
I0406 01:14:47.855674 10874 net.cpp:380] accuracy -> accuracy
I0406 01:14:47.855686 10874 net.cpp:122] Setting up accuracy
I0406 01:14:47.855696 10874 net.cpp:129] Top shape: (1)
I0406 01:14:47.855703 10874 net.cpp:137] Memory required for data: 3853608
I0406 01:14:47.855710 10874 layer_factory.hpp:77] Creating layer loss
I0406 01:14:47.855723 10874 net.cpp:84] Creating Layer loss
I0406 01:14:47.855729 10874 net.cpp:406] loss <- ip3_ip3_0_split_1
I0406 01:14:47.855737 10874 net.cpp:406] loss <- label_mnist_1_split_1
I0406 01:14:47.855747 10874 net.cpp:380] loss -> loss
I0406 01:14:47.855767 10874 layer_factory.hpp:77] Creating layer loss
I0406 01:14:47.855789 10874 net.cpp:122] Setting up loss
I0406 01:14:47.855798 10874 net.cpp:129] Top shape: (1)
I0406 01:14:47.855803 10874 net.cpp:132]     with loss weight 1
I0406 01:14:47.855829 10874 net.cpp:137] Memory required for data: 3853616
I0406 01:14:47.855835 10874 net.cpp:198] loss needs backward computation.
I0406 01:14:47.855844 10874 net.cpp:200] accuracy does not need backward computation.
I0406 01:14:47.855851 10874 net.cpp:198] ip3_ip3_0_split needs backward computation.
I0406 01:14:47.855859 10874 net.cpp:198] ip3 needs backward computation.
I0406 01:14:47.855866 10874 net.cpp:198] relu2 needs backward computation.
I0406 01:14:47.855873 10874 net.cpp:198] ip2 needs backward computation.
I0406 01:14:47.855880 10874 net.cpp:198] relu1 needs backward computation.
I0406 01:14:47.855886 10874 net.cpp:198] ip1 needs backward computation.
I0406 01:14:47.855893 10874 net.cpp:200] label_mnist_1_split does not need backward computation.
I0406 01:14:47.855901 10874 net.cpp:200] mnist does not need backward computation.
I0406 01:14:47.855908 10874 net.cpp:242] This network produces output accuracy
I0406 01:14:47.855916 10874 net.cpp:242] This network produces output loss
I0406 01:14:47.855931 10874 net.cpp:255] Network initialization done.
I0406 01:14:47.855986 10874 solver.cpp:173] Creating test net (#0) specified by net_param
I0406 01:14:47.856010 10874 net.cpp:294] The NetState phase (1) differed from the phase (0) specified by a rule in layer mnist
I0406 01:14:47.856122 10874 net.cpp:51] Initializing net from parameters: 
name: "LeNet"
state {
  phase: TEST
}
layer {
  name: "mnist"
  type: "Data"
  top: "data"
  top: "label"
  include {
    phase: TEST
  }
  transform_param {
    scale: 0.00390625
  }
  data_param {
    source: "data/mnist_test_lmdb"
    batch_size: 100
    backend: LMDB
  }
}
layer {
  name: "ip1"
  type: "InnerProduct"
  bottom: "data"
  top: "ip1"
  inner_product_param {
    num_output: 1000
    weight_filler {
      type: "gaussian"
      mean: 0
      std: 0.01
    }
  }
  bias_param {
    filler {
      value: 0
    }
  }
  fixed_precision: true
  precision {
    enter: 1
    fraccio: 10
    rounding: "stochastic"
  }
}
layer {
  name: "relu1"
  type: "ReLU"
  bottom: "ip1"
  top: "ip1"
  fixed_precision: true
  precision {
    enter: 1
    fraccio: 10
    rounding: "stochastic"
  }
}
layer {
  name: "ip2"
  type: "InnerProduct"
  bottom: "ip1"
  top: "ip2"
  inner_product_param {
    num_output: 1000
    weight_filler {
      type: "gaussian"
      mean: 0
      std: 0.01
    }
  }
  bias_param {
    filler {
      value: 0
    }
  }
  fixed_precision: true
  precision {
    enter: 1
    fraccio: 10
    rounding: "stochastic"
  }
}
layer {
  name: "relu2"
  type: "ReLU"
  bottom: "ip2"
  top: "ip2"
  bias_param {
    filler {
      value: 0
    }
  }
  fixed_precision: true
  precision {
    enter: 1
    fraccio: 10
    rounding: "stochastic"
  }
}
layer {
  name: "ip3"
  type: "InnerProduct"
  bottom: "ip2"
  top: "ip3"
  inner_product_param {
    num_output: 10
    weight_filler {
      type: "gaussian"
      mean: 0
      std: 0.01
    }
  }
  bias_param {
    filler {
      value: 0
    }
  }
  fixed_precision: true
  precision {
    enter: 1
    fraccio: 10
    rounding: "stochastic"
  }
}
layer {
  name: "accuracy"
  type: "Accuracy"
  bottom: "ip3"
  bottom: "label"
  top: "accuracy"
}
layer {
  name: "loss"
  type: "SoftmaxWithLoss"
  bottom: "ip3"
  bottom: "label"
  top: "loss"
  fixed_precision: true
  precision {
    enter: 1
    fraccio: 10
    rounding: "stochastic"
  }
}
I0406 01:14:47.856190 10874 layer_factory.hpp:77] Creating layer mnist
I0406 01:14:47.856250 10874 db_lmdb.cpp:35] Opened lmdb data/mnist_test_lmdb
I0406 01:14:47.856267 10874 net.cpp:84] Creating Layer mnist
I0406 01:14:47.856276 10874 net.cpp:380] mnist -> data
I0406 01:14:47.856292 10874 net.cpp:380] mnist -> label
I0406 01:14:47.856310 10874 data_layer.cpp:45] output data size: 100,1,28,28
I0406 01:14:47.857146 10874 net.cpp:122] Setting up mnist
I0406 01:14:47.857168 10874 net.cpp:129] Top shape: 100 1 28 28 (78400)
I0406 01:14:47.857177 10874 net.cpp:129] Top shape: 100 (100)
I0406 01:14:47.857184 10874 net.cpp:137] Memory required for data: 628000
I0406 01:14:47.857192 10874 layer_factory.hpp:77] Creating layer label_mnist_1_split
I0406 01:14:47.857206 10874 net.cpp:84] Creating Layer label_mnist_1_split
I0406 01:14:47.857214 10874 net.cpp:406] label_mnist_1_split <- label
I0406 01:14:47.857224 10874 net.cpp:380] label_mnist_1_split -> label_mnist_1_split_0
I0406 01:14:47.857237 10874 net.cpp:380] label_mnist_1_split -> label_mnist_1_split_1
I0406 01:14:47.857250 10874 net.cpp:122] Setting up label_mnist_1_split
I0406 01:14:47.857260 10874 net.cpp:129] Top shape: 100 (100)
I0406 01:14:47.857270 10874 net.cpp:129] Top shape: 100 (100)
I0406 01:14:47.857277 10874 net.cpp:137] Memory required for data: 629600
I0406 01:14:47.857285 10874 layer_factory.hpp:77] Creating layer ip1
I0406 01:14:47.857297 10874 net.cpp:84] Creating Layer ip1
I0406 01:14:47.857306 10874 net.cpp:406] ip1 <- data
I0406 01:14:47.857318 10874 net.cpp:380] ip1 -> ip1
I0406 01:14:47.924435 10874 net.cpp:122] Setting up ip1
I0406 01:14:47.924476 10874 net.cpp:129] Top shape: 100 1000 (100000)
I0406 01:14:47.924486 10874 net.cpp:137] Memory required for data: 1429600
I0406 01:14:47.924509 10874 layer_factory.hpp:77] Creating layer relu1
I0406 01:14:47.924525 10874 net.cpp:84] Creating Layer relu1
I0406 01:14:47.924535 10874 net.cpp:406] relu1 <- ip1
I0406 01:14:47.924549 10874 net.cpp:367] relu1 -> ip1 (in-place)
I0406 01:14:47.924566 10874 net.cpp:122] Setting up relu1
I0406 01:14:47.924574 10874 net.cpp:129] Top shape: 100 1000 (100000)
I0406 01:14:47.924579 10874 net.cpp:137] Memory required for data: 2229600
I0406 01:14:47.924587 10874 layer_factory.hpp:77] Creating layer ip2
I0406 01:14:47.924600 10874 net.cpp:84] Creating Layer ip2
I0406 01:14:47.924612 10874 net.cpp:406] ip2 <- ip1
I0406 01:14:47.924636 10874 net.cpp:380] ip2 -> ip2
I0406 01:14:48.009142 10874 net.cpp:122] Setting up ip2
I0406 01:14:48.009176 10874 net.cpp:129] Top shape: 100 1000 (100000)
I0406 01:14:48.009186 10874 net.cpp:137] Memory required for data: 3029600
I0406 01:14:48.009205 10874 layer_factory.hpp:77] Creating layer relu2
I0406 01:14:48.009223 10874 net.cpp:84] Creating Layer relu2
I0406 01:14:48.009233 10874 net.cpp:406] relu2 <- ip2
I0406 01:14:48.009244 10874 net.cpp:367] relu2 -> ip2 (in-place)
I0406 01:14:48.009258 10874 net.cpp:122] Setting up relu2
I0406 01:14:48.009268 10874 net.cpp:129] Top shape: 100 1000 (100000)
I0406 01:14:48.009274 10874 net.cpp:137] Memory required for data: 3829600
I0406 01:14:48.009280 10874 layer_factory.hpp:77] Creating layer ip3
I0406 01:14:48.009292 10874 net.cpp:84] Creating Layer ip3
I0406 01:14:48.009299 10874 net.cpp:406] ip3 <- ip2
I0406 01:14:48.009306 10874 net.cpp:380] ip3 -> ip3
I0406 01:14:48.010221 10874 net.cpp:122] Setting up ip3
I0406 01:14:48.010253 10874 net.cpp:129] Top shape: 100 10 (1000)
I0406 01:14:48.010262 10874 net.cpp:137] Memory required for data: 3837600
I0406 01:14:48.010273 10874 layer_factory.hpp:77] Creating layer ip3_ip3_0_split
I0406 01:14:48.010283 10874 net.cpp:84] Creating Layer ip3_ip3_0_split
I0406 01:14:48.010288 10874 net.cpp:406] ip3_ip3_0_split <- ip3
I0406 01:14:48.010294 10874 net.cpp:380] ip3_ip3_0_split -> ip3_ip3_0_split_0
I0406 01:14:48.010301 10874 net.cpp:380] ip3_ip3_0_split -> ip3_ip3_0_split_1
I0406 01:14:48.010310 10874 net.cpp:122] Setting up ip3_ip3_0_split
I0406 01:14:48.010316 10874 net.cpp:129] Top shape: 100 10 (1000)
I0406 01:14:48.010321 10874 net.cpp:129] Top shape: 100 10 (1000)
I0406 01:14:48.010324 10874 net.cpp:137] Memory required for data: 3853600
I0406 01:14:48.010327 10874 layer_factory.hpp:77] Creating layer accuracy
I0406 01:14:48.010334 10874 net.cpp:84] Creating Layer accuracy
I0406 01:14:48.010339 10874 net.cpp:406] accuracy <- ip3_ip3_0_split_0
I0406 01:14:48.010344 10874 net.cpp:406] accuracy <- label_mnist_1_split_0
I0406 01:14:48.010350 10874 net.cpp:380] accuracy -> accuracy
I0406 01:14:48.010357 10874 net.cpp:122] Setting up accuracy
I0406 01:14:48.010363 10874 net.cpp:129] Top shape: (1)
I0406 01:14:48.010366 10874 net.cpp:137] Memory required for data: 3853608
I0406 01:14:48.010371 10874 layer_factory.hpp:77] Creating layer loss
I0406 01:14:48.010380 10874 net.cpp:84] Creating Layer loss
I0406 01:14:48.010387 10874 net.cpp:406] loss <- ip3_ip3_0_split_1
I0406 01:14:48.010392 10874 net.cpp:406] loss <- label_mnist_1_split_1
I0406 01:14:48.010398 10874 net.cpp:380] loss -> loss
I0406 01:14:48.010406 10874 layer_factory.hpp:77] Creating layer loss
I0406 01:14:48.010423 10874 net.cpp:122] Setting up loss
I0406 01:14:48.010429 10874 net.cpp:129] Top shape: (1)
I0406 01:14:48.010434 10874 net.cpp:132]     with loss weight 1
I0406 01:14:48.010445 10874 net.cpp:137] Memory required for data: 3853616
I0406 01:14:48.010449 10874 net.cpp:198] loss needs backward computation.
I0406 01:14:48.010453 10874 net.cpp:200] accuracy does not need backward computation.
I0406 01:14:48.010457 10874 net.cpp:198] ip3_ip3_0_split needs backward computation.
I0406 01:14:48.010462 10874 net.cpp:198] ip3 needs backward computation.
I0406 01:14:48.010465 10874 net.cpp:198] relu2 needs backward computation.
I0406 01:14:48.010468 10874 net.cpp:198] ip2 needs backward computation.
I0406 01:14:48.010471 10874 net.cpp:198] relu1 needs backward computation.
I0406 01:14:48.010475 10874 net.cpp:198] ip1 needs backward computation.
I0406 01:14:48.010479 10874 net.cpp:200] label_mnist_1_split does not need backward computation.
I0406 01:14:48.010483 10874 net.cpp:200] mnist does not need backward computation.
I0406 01:14:48.010488 10874 net.cpp:242] This network produces output accuracy
I0406 01:14:48.010491 10874 net.cpp:242] This network produces output loss
I0406 01:14:48.010500 10874 net.cpp:255] Network initialization done.
I0406 01:14:48.010540 10874 solver.cpp:56] Solver scaffolding done.
I0406 01:14:48.010567 10874 caffe_double.cpp:248] Starting Optimization
I0406 01:14:48.010581 10874 solver.cpp:273] Solving LeNet
I0406 01:14:48.010583 10874 solver.cpp:274] Learning Rate Policy: inv
I0406 01:14:48.013397 10874 solver.cpp:331] Iteration 0, Testing net (#0)
I0406 01:14:49.908702 10880 data_layer.cpp:73] Restarting data prefetching from start.
I0406 01:14:49.989269 10874 solver.cpp:398]     Test net output #0: accuracy = 0.1512
I0406 01:14:49.989337 10874 solver.cpp:398]     Test net output #1: loss = 2.30197 (* 1 = 2.30197 loss)
I0406 01:14:50.030977 10874 solver.cpp:219] Iteration 0 (-7.03805e-38 iter/s, 2.02s/600 iters), loss = 2.3018
I0406 01:14:50.031041 10874 solver.cpp:238]     Train net output #0: accuracy = 0.19
I0406 01:14:50.031060 10874 solver.cpp:238]     Train net output #1: loss = 2.3018 (* 1 = 2.3018 loss)
I0406 01:14:50.031075 10874 sgd_solver.cpp:107] Iteration 0, lr = 0.1
I0406 01:16:00.621160 10878 data_layer.cpp:73] Restarting data prefetching from start.
I0406 01:16:01.091759 10874 solver.cpp:331] Iteration 600, Testing net (#0)
I0406 01:16:02.958292 10880 data_layer.cpp:73] Restarting data prefetching from start.
I0406 01:16:03.034673 10874 solver.cpp:398]     Test net output #0: accuracy = 0.9526
I0406 01:16:03.034740 10874 solver.cpp:398]     Test net output #1: loss = 0.154557 (* 1 = 0.154557 loss)
I0406 01:16:03.074762 10874 solver.cpp:219] Iteration 600 (8.21434 iter/s, 73.043s/600 iters), loss = 0.121594
I0406 01:16:03.074826 10874 solver.cpp:238]     Train net output #0: accuracy = 0.97
I0406 01:16:03.074846 10874 solver.cpp:238]     Train net output #1: loss = 0.121594 (* 1 = 0.121594 loss)
I0406 01:16:03.074861 10874 sgd_solver.cpp:107] Iteration 600, lr = 0.0957239
I0406 01:17:13.148213 10878 data_layer.cpp:73] Restarting data prefetching from start.
I0406 01:17:13.618083 10874 solver.cpp:331] Iteration 1200, Testing net (#0)
I0406 01:17:15.509728 10880 data_layer.cpp:73] Restarting data prefetching from start.
I0406 01:17:15.585721 10874 solver.cpp:398]     Test net output #0: accuracy = 0.9668
I0406 01:17:15.585855 10874 solver.cpp:398]     Test net output #1: loss = 0.10867 (* 1 = 0.10867 loss)
I0406 01:17:15.626178 10874 solver.cpp:219] Iteration 1200 (8.27004 iter/s, 72.551s/600 iters), loss = 0.0874347
I0406 01:17:15.626241 10874 solver.cpp:238]     Train net output #0: accuracy = 0.98
I0406 01:17:15.626260 10874 solver.cpp:238]     Train net output #1: loss = 0.0874347 (* 1 = 0.0874347 loss)
I0406 01:17:15.626276 10874 sgd_solver.cpp:107] Iteration 1200, lr = 0.0918516
I0406 01:18:25.423951 10878 data_layer.cpp:73] Restarting data prefetching from start.
I0406 01:18:25.893453 10874 solver.cpp:331] Iteration 1800, Testing net (#0)
I0406 01:18:27.739902 10880 data_layer.cpp:73] Restarting data prefetching from start.
I0406 01:18:27.815834 10874 solver.cpp:398]     Test net output #0: accuracy = 0.9667
I0406 01:18:27.815898 10874 solver.cpp:398]     Test net output #1: loss = 0.112435 (* 1 = 0.112435 loss)
I0406 01:18:27.855793 10874 solver.cpp:219] Iteration 1800 (8.30691 iter/s, 72.229s/600 iters), loss = 0.0882334
I0406 01:18:27.855855 10874 solver.cpp:238]     Train net output #0: accuracy = 0.99
I0406 01:18:27.855875 10874 solver.cpp:238]     Train net output #1: loss = 0.0882334 (* 1 = 0.0882334 loss)
I0406 01:18:27.855890 10874 sgd_solver.cpp:107] Iteration 1800, lr = 0.088326
I0406 01:19:37.571096 10878 data_layer.cpp:73] Restarting data prefetching from start.
I0406 01:19:38.036310 10874 solver.cpp:331] Iteration 2400, Testing net (#0)
I0406 01:19:39.883750 10880 data_layer.cpp:73] Restarting data prefetching from start.
I0406 01:19:39.959676 10874 solver.cpp:398]     Test net output #0: accuracy = 0.9658
I0406 01:19:39.959736 10874 solver.cpp:398]     Test net output #1: loss = 0.122919 (* 1 = 0.122919 loss)
I0406 01:19:39.999701 10874 solver.cpp:219] Iteration 2400 (8.31682 iter/s, 72.143s/600 iters), loss = 0.0439678
I0406 01:19:39.999763 10874 solver.cpp:238]     Train net output #0: accuracy = 0.99
I0406 01:19:39.999783 10874 solver.cpp:238]     Train net output #1: loss = 0.0439678 (* 1 = 0.0439678 loss)
I0406 01:19:39.999810 10874 sgd_solver.cpp:107] Iteration 2400, lr = 0.0851008
I0406 01:20:49.606791 10878 data_layer.cpp:73] Restarting data prefetching from start.
I0406 01:20:50.072568 10874 solver.cpp:331] Iteration 3000, Testing net (#0)
I0406 01:20:51.920467 10880 data_layer.cpp:73] Restarting data prefetching from start.
I0406 01:20:51.996304 10874 solver.cpp:398]     Test net output #0: accuracy = 0.9692
I0406 01:20:51.996369 10874 solver.cpp:398]     Test net output #1: loss = 0.112684 (* 1 = 0.112684 loss)
I0406 01:20:52.036375 10874 solver.cpp:219] Iteration 3000 (8.32917 iter/s, 72.036s/600 iters), loss = 0.0286057
I0406 01:20:52.036437 10874 solver.cpp:238]     Train net output #0: accuracy = 0.99
I0406 01:20:52.036456 10874 solver.cpp:238]     Train net output #1: loss = 0.0286057 (* 1 = 0.0286057 loss)
I0406 01:20:52.036471 10874 sgd_solver.cpp:107] Iteration 3000, lr = 0.0821377
I0406 01:22:01.622858 10878 data_layer.cpp:73] Restarting data prefetching from start.
I0406 01:22:02.090842 10874 solver.cpp:331] Iteration 3600, Testing net (#0)
I0406 01:22:03.944361 10880 data_layer.cpp:73] Restarting data prefetching from start.
I0406 01:22:04.020047 10874 solver.cpp:398]     Test net output #0: accuracy = 0.9768
I0406 01:22:04.020112 10874 solver.cpp:398]     Test net output #1: loss = 0.0895658 (* 1 = 0.0895658 loss)
I0406 01:22:04.060288 10874 solver.cpp:219] Iteration 3600 (8.33067 iter/s, 72.023s/600 iters), loss = 0.00958743
I0406 01:22:04.060353 10874 solver.cpp:238]     Train net output #0: accuracy = 1
I0406 01:22:04.060371 10874 solver.cpp:238]     Train net output #1: loss = 0.00958743 (* 1 = 0.00958743 loss)
I0406 01:22:04.060386 10874 sgd_solver.cpp:107] Iteration 3600, lr = 0.0794046
I0406 01:23:13.648808 10878 data_layer.cpp:73] Restarting data prefetching from start.
I0406 01:23:14.115547 10874 solver.cpp:331] Iteration 4200, Testing net (#0)
I0406 01:23:15.960064 10880 data_layer.cpp:73] Restarting data prefetching from start.
I0406 01:23:16.036015 10874 solver.cpp:398]     Test net output #0: accuracy = 0.977
I0406 01:23:16.036082 10874 solver.cpp:398]     Test net output #1: loss = 0.0868116 (* 1 = 0.0868116 loss)
I0406 01:23:16.076063 10874 solver.cpp:219] Iteration 4200 (8.3316 iter/s, 72.015s/600 iters), loss = 0.027418
I0406 01:23:16.076129 10874 solver.cpp:238]     Train net output #0: accuracy = 0.98
I0406 01:23:16.076149 10874 solver.cpp:238]     Train net output #1: loss = 0.027418 (* 1 = 0.027418 loss)
I0406 01:23:16.076164 10874 sgd_solver.cpp:107] Iteration 4200, lr = 0.0768748
I0406 01:24:25.725548 10878 data_layer.cpp:73] Restarting data prefetching from start.
I0406 01:24:26.189389 10874 solver.cpp:331] Iteration 4800, Testing net (#0)
I0406 01:24:28.029578 10880 data_layer.cpp:73] Restarting data prefetching from start.
I0406 01:24:28.105732 10874 solver.cpp:398]     Test net output #0: accuracy = 0.9767
I0406 01:24:28.105798 10874 solver.cpp:398]     Test net output #1: loss = 0.0873155 (* 1 = 0.0873155 loss)
I0406 01:24:28.145793 10874 solver.cpp:219] Iteration 4800 (8.32535 iter/s, 72.069s/600 iters), loss = 0.0235766
I0406 01:24:28.145858 10874 solver.cpp:238]     Train net output #0: accuracy = 0.98
I0406 01:24:28.145876 10874 solver.cpp:238]     Train net output #1: loss = 0.0235766 (* 1 = 0.0235766 loss)
I0406 01:24:28.145890 10874 sgd_solver.cpp:107] Iteration 4800, lr = 0.0745253
I0406 01:25:37.580329 10878 data_layer.cpp:73] Restarting data prefetching from start.
I0406 01:25:38.044219 10874 solver.cpp:331] Iteration 5400, Testing net (#0)
I0406 01:25:39.888012 10880 data_layer.cpp:73] Restarting data prefetching from start.
I0406 01:25:39.963843 10874 solver.cpp:398]     Test net output #0: accuracy = 0.9799
I0406 01:25:39.963907 10874 solver.cpp:398]     Test net output #1: loss = 0.0788492 (* 1 = 0.0788492 loss)
I0406 01:25:40.003906 10874 solver.cpp:219] Iteration 5400 (8.3498 iter/s, 71.858s/600 iters), loss = 0.005372
I0406 01:25:40.003969 10874 solver.cpp:238]     Train net output #0: accuracy = 1
I0406 01:25:40.004003 10874 solver.cpp:238]     Train net output #1: loss = 0.005372 (* 1 = 0.005372 loss)
I0406 01:25:40.004019 10874 sgd_solver.cpp:107] Iteration 5400, lr = 0.0723368
I0406 01:26:49.438781 10878 data_layer.cpp:73] Restarting data prefetching from start.
I0406 01:26:49.902087 10874 solver.cpp:331] Iteration 6000, Testing net (#0)
I0406 01:26:51.750177 10880 data_layer.cpp:73] Restarting data prefetching from start.
I0406 01:26:51.825947 10874 solver.cpp:398]     Test net output #0: accuracy = 0.9827
I0406 01:26:51.826012 10874 solver.cpp:398]     Test net output #1: loss = 0.0767497 (* 1 = 0.0767497 loss)
I0406 01:26:51.865917 10874 solver.cpp:219] Iteration 6000 (8.34945 iter/s, 71.861s/600 iters), loss = 0.00629334
I0406 01:26:51.865978 10874 solver.cpp:238]     Train net output #0: accuracy = 1
I0406 01:26:51.865996 10874 solver.cpp:238]     Train net output #1: loss = 0.00629334 (* 1 = 0.00629334 loss)
I0406 01:26:51.866010 10874 sgd_solver.cpp:107] Iteration 6000, lr = 0.0702927
I0406 01:28:01.462358 10878 data_layer.cpp:73] Restarting data prefetching from start.
I0406 01:28:01.930465 10874 solver.cpp:331] Iteration 6600, Testing net (#0)
I0406 01:28:03.782510 10880 data_layer.cpp:73] Restarting data prefetching from start.
I0406 01:28:03.858304 10874 solver.cpp:398]     Test net output #0: accuracy = 0.9807
I0406 01:28:03.858371 10874 solver.cpp:398]     Test net output #1: loss = 0.0819778 (* 1 = 0.0819778 loss)
I0406 01:28:03.898275 10874 solver.cpp:219] Iteration 6600 (8.32963 iter/s, 72.032s/600 iters), loss = 0.0106892
I0406 01:28:03.898339 10874 solver.cpp:238]     Train net output #0: accuracy = 1
I0406 01:28:03.898357 10874 solver.cpp:238]     Train net output #1: loss = 0.0106892 (* 1 = 0.0106892 loss)
I0406 01:28:03.898371 10874 sgd_solver.cpp:107] Iteration 6600, lr = 0.0683784
I0406 01:29:40.656770 10878 data_layer.cpp:73] Restarting data prefetching from start.
I0406 01:29:41.364796 10874 solver.cpp:331] Iteration 7200, Testing net (#0)
I0406 01:29:43.215790 10880 data_layer.cpp:73] Restarting data prefetching from start.
I0406 01:29:43.291788 10874 solver.cpp:398]     Test net output #0: accuracy = 0.9823
I0406 01:29:43.291852 10874 solver.cpp:398]     Test net output #1: loss = 0.0768089 (* 1 = 0.0768089 loss)
I0406 01:29:43.331714 10874 solver.cpp:219] Iteration 7200 (6.03421 iter/s, 99.433s/600 iters), loss = 0.00320689
I0406 01:29:43.331778 10874 solver.cpp:238]     Train net output #0: accuracy = 1
I0406 01:29:43.331796 10874 solver.cpp:238]     Train net output #1: loss = 0.00320689 (* 1 = 0.00320689 loss)
I0406 01:29:43.331810 10874 sgd_solver.cpp:107] Iteration 7200, lr = 0.0665815
I0406 01:31:32.120528 10878 data_layer.cpp:73] Restarting data prefetching from start.
I0406 01:31:32.870167 10874 solver.cpp:331] Iteration 7800, Testing net (#0)
I0406 01:31:34.721261 10880 data_layer.cpp:73] Restarting data prefetching from start.
I0406 01:31:34.797034 10874 solver.cpp:398]     Test net output #0: accuracy = 0.9822
I0406 01:31:34.797099 10874 solver.cpp:398]     Test net output #1: loss = 0.0815191 (* 1 = 0.0815191 loss)
I0406 01:31:34.836912 10874 solver.cpp:219] Iteration 7800 (5.38092 iter/s, 111.505s/600 iters), loss = 0.00178227
I0406 01:31:34.836977 10874 solver.cpp:238]     Train net output #0: accuracy = 1
I0406 01:31:34.836997 10874 solver.cpp:238]     Train net output #1: loss = 0.00178227 (* 1 = 0.00178227 loss)
I0406 01:31:34.837011 10874 sgd_solver.cpp:107] Iteration 7800, lr = 0.0648911
I0406 01:33:28.814239 10878 data_layer.cpp:73] Restarting data prefetching from start.
I0406 01:33:29.591794 10874 solver.cpp:331] Iteration 8400, Testing net (#0)
I0406 01:33:31.443001 10880 data_layer.cpp:73] Restarting data prefetching from start.
I0406 01:33:31.518838 10874 solver.cpp:398]     Test net output #0: accuracy = 0.9835
I0406 01:33:31.518903 10874 solver.cpp:398]     Test net output #1: loss = 0.078756 (* 1 = 0.078756 loss)
I0406 01:33:31.558665 10874 solver.cpp:219] Iteration 8400 (5.14046 iter/s, 116.721s/600 iters), loss = 0.0005646
I0406 01:33:31.558728 10874 solver.cpp:238]     Train net output #0: accuracy = 1
I0406 01:33:31.558764 10874 solver.cpp:238]     Train net output #1: loss = 0.0005646 (* 1 = 0.0005646 loss)
I0406 01:33:31.558779 10874 sgd_solver.cpp:107] Iteration 8400, lr = 0.0632975
I0406 01:35:29.265065 10878 data_layer.cpp:73] Restarting data prefetching from start.
I0406 01:35:30.065141 10874 solver.cpp:331] Iteration 9000, Testing net (#0)
I0406 01:35:31.913899 10880 data_layer.cpp:73] Restarting data prefetching from start.
I0406 01:35:31.989842 10874 solver.cpp:398]     Test net output #0: accuracy = 0.9843
I0406 01:35:31.989912 10874 solver.cpp:398]     Test net output #1: loss = 0.0807929 (* 1 = 0.0807929 loss)
I0406 01:35:32.029611 10874 solver.cpp:219] Iteration 9000 (4.98049 iter/s, 120.47s/600 iters), loss = 0.00110083
I0406 01:35:32.029680 10874 solver.cpp:238]     Train net output #0: accuracy = 1
I0406 01:35:32.029700 10874 solver.cpp:238]     Train net output #1: loss = 0.00110083 (* 1 = 0.00110083 loss)
I0406 01:35:32.029716 10874 sgd_solver.cpp:107] Iteration 9000, lr = 0.0617924
I0406 01:37:32.697173 10878 data_layer.cpp:73] Restarting data prefetching from start.
I0406 01:37:33.512599 10874 solver.cpp:331] Iteration 9600, Testing net (#0)
I0406 01:37:35.363349 10880 data_layer.cpp:73] Restarting data prefetching from start.
I0406 01:37:35.439049 10874 solver.cpp:398]     Test net output #0: accuracy = 0.9841
I0406 01:37:35.439116 10874 solver.cpp:398]     Test net output #1: loss = 0.0796889 (* 1 = 0.0796889 loss)
I0406 01:37:35.478667 10874 solver.cpp:219] Iteration 9600 (4.86035 iter/s, 123.448s/600 iters), loss = 0.00145465
I0406 01:37:35.478734 10874 solver.cpp:238]     Train net output #0: accuracy = 1
I0406 01:37:35.478755 10874 solver.cpp:238]     Train net output #1: loss = 0.00145465 (* 1 = 0.00145465 loss)
I0406 01:37:35.478771 10874 sgd_solver.cpp:107] Iteration 9600, lr = 0.0603682
I0406 01:39:38.805486 10878 data_layer.cpp:73] Restarting data prefetching from start.
I0406 01:39:39.637197 10874 solver.cpp:331] Iteration 10200, Testing net (#0)
I0406 01:39:41.489729 10880 data_layer.cpp:73] Restarting data prefetching from start.
I0406 01:39:41.565707 10874 solver.cpp:398]     Test net output #0: accuracy = 0.9844
I0406 01:39:41.565770 10874 solver.cpp:398]     Test net output #1: loss = 0.0773677 (* 1 = 0.0773677 loss)
I0406 01:39:41.605602 10874 solver.cpp:219] Iteration 10200 (4.75715 iter/s, 126.126s/600 iters), loss = 0.000710981
I0406 01:39:41.605665 10874 solver.cpp:238]     Train net output #0: accuracy = 1
I0406 01:39:41.605684 10874 solver.cpp:238]     Train net output #1: loss = 0.000710981 (* 1 = 0.000710981 loss)
I0406 01:39:41.605698 10874 sgd_solver.cpp:107] Iteration 10200, lr = 0.0590183
I0406 01:41:47.347298 10878 data_layer.cpp:73] Restarting data prefetching from start.
I0406 01:41:48.197763 10874 solver.cpp:331] Iteration 10800, Testing net (#0)
I0406 01:41:50.041448 10880 data_layer.cpp:73] Restarting data prefetching from start.
I0406 01:41:50.117184 10874 solver.cpp:398]     Test net output #0: accuracy = 0.984
I0406 01:41:50.117246 10874 solver.cpp:398]     Test net output #1: loss = 0.0825768 (* 1 = 0.0825768 loss)
I0406 01:41:50.160682 10874 solver.cpp:219] Iteration 10800 (4.66726 iter/s, 128.555s/600 iters), loss = 0.00030511
I0406 01:41:50.160754 10874 solver.cpp:238]     Train net output #0: accuracy = 1
I0406 01:41:50.160774 10874 solver.cpp:238]     Train net output #1: loss = 0.00030511 (* 1 = 0.00030511 loss)
I0406 01:41:50.160789 10874 sgd_solver.cpp:107] Iteration 10800, lr = 0.0577368
I0406 01:43:58.013576 10878 data_layer.cpp:73] Restarting data prefetching from start.
I0406 01:43:58.881000 10874 solver.cpp:331] Iteration 11400, Testing net (#0)
I0406 01:44:00.732260 10880 data_layer.cpp:73] Restarting data prefetching from start.
I0406 01:44:00.807829 10874 solver.cpp:398]     Test net output #0: accuracy = 0.9838
I0406 01:44:00.807893 10874 solver.cpp:398]     Test net output #1: loss = 0.0831732 (* 1 = 0.0831732 loss)
I0406 01:44:00.847396 10874 solver.cpp:219] Iteration 11400 (4.59116 iter/s, 130.686s/600 iters), loss = 0.000510388
I0406 01:44:00.847477 10874 solver.cpp:238]     Train net output #0: accuracy = 1
I0406 01:44:00.847553 10874 solver.cpp:238]     Train net output #1: loss = 0.000510388 (* 1 = 0.000510388 loss)
I0406 01:44:00.847573 10874 sgd_solver.cpp:107] Iteration 11400, lr = 0.0565184
I0406 01:46:11.019771 10878 data_layer.cpp:73] Restarting data prefetching from start.
I0406 01:46:11.898396 10874 solver.cpp:331] Iteration 12000, Testing net (#0)
I0406 01:46:13.741096 10880 data_layer.cpp:73] Restarting data prefetching from start.
I0406 01:46:13.816510 10874 solver.cpp:398]     Test net output #0: accuracy = 0.9845
I0406 01:46:13.816577 10874 solver.cpp:398]     Test net output #1: loss = 0.0829761 (* 1 = 0.0829761 loss)
I0406 01:46:13.856222 10874 solver.cpp:219] Iteration 12000 (4.51101 iter/s, 133.008s/600 iters), loss = 0.000607037
I0406 01:46:13.856287 10874 solver.cpp:238]     Train net output #0: accuracy = 1
I0406 01:46:13.856307 10874 solver.cpp:238]     Train net output #1: loss = 0.000607037 (* 1 = 0.000607037 loss)
I0406 01:46:13.856322 10874 sgd_solver.cpp:107] Iteration 12000, lr = 0.0553583
I0406 01:48:25.929141 10878 data_layer.cpp:73] Restarting data prefetching from start.
I0406 01:48:26.823027 10874 solver.cpp:331] Iteration 12600, Testing net (#0)
I0406 01:48:28.665593 10880 data_layer.cpp:73] Restarting data prefetching from start.
I0406 01:48:28.742131 10874 solver.cpp:398]     Test net output #0: accuracy = 0.9844
I0406 01:48:28.742198 10874 solver.cpp:398]     Test net output #1: loss = 0.0838798 (* 1 = 0.0838798 loss)
I0406 01:48:28.781895 10874 solver.cpp:219] Iteration 12600 (4.44691 iter/s, 134.925s/600 iters), loss = 0.000327847
I0406 01:48:28.781962 10874 solver.cpp:238]     Train net output #0: accuracy = 1
I0406 01:48:28.781981 10874 solver.cpp:238]     Train net output #1: loss = 0.000327847 (* 1 = 0.000327847 loss)
I0406 01:48:28.781996 10874 sgd_solver.cpp:107] Iteration 12600, lr = 0.0542524
I0406 01:50:42.820165 10878 data_layer.cpp:73] Restarting data prefetching from start.
I0406 01:50:43.728147 10874 solver.cpp:331] Iteration 13200, Testing net (#0)
I0406 01:50:45.565744 10880 data_layer.cpp:73] Restarting data prefetching from start.
I0406 01:50:45.641257 10874 solver.cpp:398]     Test net output #0: accuracy = 0.9839
I0406 01:50:45.641321 10874 solver.cpp:398]     Test net output #1: loss = 0.0866072 (* 1 = 0.0866072 loss)
I0406 01:50:45.684846 10874 solver.cpp:219] Iteration 13200 (4.3827 iter/s, 136.902s/600 iters), loss = 0.000399244
I0406 01:50:45.684914 10874 solver.cpp:238]     Train net output #0: accuracy = 1
I0406 01:50:45.684933 10874 solver.cpp:238]     Train net output #1: loss = 0.000399244 (* 1 = 0.000399244 loss)
I0406 01:50:45.684947 10874 sgd_solver.cpp:107] Iteration 13200, lr = 0.0531966
I0406 01:53:02.187238 10878 data_layer.cpp:73] Restarting data prefetching from start.
I0406 01:53:03.108168 10874 solver.cpp:331] Iteration 13800, Testing net (#0)
I0406 01:53:04.950749 10880 data_layer.cpp:73] Restarting data prefetching from start.
I0406 01:53:05.026134 10874 solver.cpp:398]     Test net output #0: accuracy = 0.9844
I0406 01:53:05.026198 10874 solver.cpp:398]     Test net output #1: loss = 0.0893548 (* 1 = 0.0893548 loss)
I0406 01:53:05.065840 10874 solver.cpp:219] Iteration 13800 (4.30478 iter/s, 139.38s/600 iters), loss = 0.000248685
I0406 01:53:05.065912 10874 solver.cpp:238]     Train net output #0: accuracy = 1
I0406 01:53:05.065932 10874 solver.cpp:238]     Train net output #1: loss = 0.000248685 (* 1 = 0.000248685 loss)
I0406 01:53:05.065945 10874 sgd_solver.cpp:107] Iteration 13800, lr = 0.0521876
I0406 01:55:23.462222 10878 data_layer.cpp:73] Restarting data prefetching from start.
I0406 01:55:24.396793 10874 solver.cpp:331] Iteration 14400, Testing net (#0)
I0406 01:55:26.242913 10880 data_layer.cpp:73] Restarting data prefetching from start.
I0406 01:55:26.318451 10874 solver.cpp:398]     Test net output #0: accuracy = 0.9844
I0406 01:55:26.318518 10874 solver.cpp:398]     Test net output #1: loss = 0.0902032 (* 1 = 0.0902032 loss)
I0406 01:55:26.358119 10874 solver.cpp:219] Iteration 14400 (4.24652 iter/s, 141.292s/600 iters), loss = 0.000396835
I0406 01:55:26.358187 10874 solver.cpp:238]     Train net output #0: accuracy = 1
I0406 01:55:26.358206 10874 solver.cpp:238]     Train net output #1: loss = 0.000396835 (* 1 = 0.000396835 loss)
I0406 01:55:26.358220 10874 sgd_solver.cpp:107] Iteration 14400, lr = 0.0512221
I0406 01:57:45.852021 10878 data_layer.cpp:73] Restarting data prefetching from start.
I0406 01:57:46.793288 10874 solver.cpp:331] Iteration 15000, Testing net (#0)
I0406 01:57:48.630575 10880 data_layer.cpp:73] Restarting data prefetching from start.
I0406 01:57:48.710063 10874 solver.cpp:398]     Test net output #0: accuracy = 0.9839
I0406 01:57:48.710132 10874 solver.cpp:398]     Test net output #1: loss = 0.092508 (* 1 = 0.092508 loss)
I0406 01:57:48.749927 10874 solver.cpp:219] Iteration 15000 (4.21375 iter/s, 142.391s/600 iters), loss = 0.000391701
I0406 01:57:48.749992 10874 solver.cpp:238]     Train net output #0: accuracy = 1
I0406 01:57:48.750011 10874 solver.cpp:238]     Train net output #1: loss = 0.000391701 (* 1 = 0.000391701 loss)
I0406 01:57:48.750026 10874 sgd_solver.cpp:107] Iteration 15000, lr = 0.0502973
I0406 02:00:09.003100 10878 data_layer.cpp:73] Restarting data prefetching from start.
I0406 02:00:09.935313 10874 solver.cpp:331] Iteration 15600, Testing net (#0)
I0406 02:00:11.748795 10880 data_layer.cpp:73] Restarting data prefetching from start.
I0406 02:00:11.823488 10874 solver.cpp:398]     Test net output #0: accuracy = 0.9846
I0406 02:00:11.823554 10874 solver.cpp:398]     Test net output #1: loss = 0.0922457 (* 1 = 0.0922457 loss)
I0406 02:00:11.862725 10874 solver.cpp:219] Iteration 15600 (4.19252 iter/s, 143.112s/600 iters), loss = 0.000374444
I0406 02:00:11.862790 10874 solver.cpp:238]     Train net output #0: accuracy = 1
I0406 02:00:11.862809 10874 solver.cpp:238]     Train net output #1: loss = 0.000374444 (* 1 = 0.000374444 loss)
I0406 02:00:11.862823 10874 sgd_solver.cpp:107] Iteration 15600, lr = 0.0494106
I0406 02:02:31.157585 10878 data_layer.cpp:73] Restarting data prefetching from start.
I0406 02:02:32.096737 10874 solver.cpp:331] Iteration 16200, Testing net (#0)
I0406 02:02:33.910202 10880 data_layer.cpp:73] Restarting data prefetching from start.
I0406 02:02:33.984918 10874 solver.cpp:398]     Test net output #0: accuracy = 0.9842
I0406 02:02:33.984983 10874 solver.cpp:398]     Test net output #1: loss = 0.0934762 (* 1 = 0.0934762 loss)
I0406 02:02:34.024132 10874 solver.cpp:219] Iteration 16200 (4.22057 iter/s, 142.161s/600 iters), loss = 0.000246045
I0406 02:02:34.024195 10874 solver.cpp:238]     Train net output #0: accuracy = 1
I0406 02:02:34.024214 10874 solver.cpp:238]     Train net output #1: loss = 0.000246045 (* 1 = 0.000246045 loss)
I0406 02:02:34.024229 10874 sgd_solver.cpp:107] Iteration 16200, lr = 0.0485595
I0406 02:04:53.807049 10878 data_layer.cpp:73] Restarting data prefetching from start.
I0406 02:04:54.744251 10874 solver.cpp:331] Iteration 16800, Testing net (#0)
I0406 02:04:56.553901 10880 data_layer.cpp:73] Restarting data prefetching from start.
I0406 02:04:56.628499 10874 solver.cpp:398]     Test net output #0: accuracy = 0.9842
I0406 02:04:56.628561 10874 solver.cpp:398]     Test net output #1: loss = 0.0949065 (* 1 = 0.0949065 loss)
I0406 02:04:56.671864 10874 solver.cpp:219] Iteration 16800 (4.20619 iter/s, 142.647s/600 iters), loss = 0.000201526
I0406 02:04:56.671926 10874 solver.cpp:238]     Train net output #0: accuracy = 1
I0406 02:04:56.671944 10874 solver.cpp:238]     Train net output #1: loss = 0.000201526 (* 1 = 0.000201526 loss)
I0406 02:04:56.671958 10874 sgd_solver.cpp:107] Iteration 16800, lr = 0.0477418
I0406 02:07:16.772267 10878 data_layer.cpp:73] Restarting data prefetching from start.
I0406 02:07:17.711766 10874 solver.cpp:331] Iteration 17400, Testing net (#0)
I0406 02:07:19.521538 10880 data_layer.cpp:73] Restarting data prefetching from start.
I0406 02:07:19.596196 10874 solver.cpp:398]     Test net output #0: accuracy = 0.9837
I0406 02:07:19.596272 10874 solver.cpp:398]     Test net output #1: loss = 0.0948562 (* 1 = 0.0948562 loss)
I0406 02:07:19.635190 10874 solver.cpp:219] Iteration 17400 (4.19689 iter/s, 142.963s/600 iters), loss = 0.000335246
I0406 02:07:19.635253 10874 solver.cpp:238]     Train net output #0: accuracy = 1
I0406 02:07:19.635272 10874 solver.cpp:238]     Train net output #1: loss = 0.000335246 (* 1 = 0.000335246 loss)
I0406 02:07:19.635285 10874 sgd_solver.cpp:107] Iteration 17400, lr = 0.0469556
I0406 02:09:39.736174 10878 data_layer.cpp:73] Restarting data prefetching from start.
I0406 02:09:40.675189 10874 solver.cpp:448] Snapshotting to binary proto file _iter_18000.caffemodel
I0406 02:09:40.721290 10874 sgd_solver.cpp:278] Snapshotting solver state to binary proto file _iter_18000.solverstate
I0406 02:09:40.766798 10874 solver.cpp:311] Iteration 18000, loss = 0.000541245
I0406 02:09:40.766849 10874 solver.cpp:331] Iteration 18000, Testing net (#0)
I0406 02:09:42.599655 10880 data_layer.cpp:73] Restarting data prefetching from start.
I0406 02:09:42.677296 10874 solver.cpp:398]     Test net output #0: accuracy = 0.9841
I0406 02:09:42.677361 10874 solver.cpp:398]     Test net output #1: loss = 0.0962514 (* 1 = 0.0962514 loss)
I0406 02:09:42.677376 10874 solver.cpp:316] Optimization Done.
I0406 02:09:42.677386 10874 caffe_double.cpp:259] Optimization Done.
