I0404 20:14:05.360663 24164 caffe_double.cpp:211] Use CPU.
I0404 20:14:05.361243 24164 solver.cpp:44] Initializing solver from parameters: 
test_iter: 100
test_interval: 600
base_lr: 0.1
display: 600
max_iter: 18000
lr_policy: "inv"
gamma: 0.0001
power: 0.75
momentum: 0.9
solver_mode: CPU
net_param {
  name: "LeNet"
  layer {
    name: "mnist"
    type: "Data"
    top: "data"
    top: "label"
    include {
      phase: TRAIN
    }
    transform_param {
      scale: 0.00390625
    }
    data_param {
      source: "data/mnist_train_lmdb"
      batch_size: 100
      backend: LMDB
    }
  }
  layer {
    name: "mnist"
    type: "Data"
    top: "data"
    top: "label"
    include {
      phase: TEST
    }
    transform_param {
      scale: 0.00390625
    }
    data_param {
      source: "data/mnist_test_lmdb"
      batch_size: 100
      backend: LMDB
    }
  }
  layer {
    name: "ip1"
    type: "InnerProduct"
    bottom: "data"
    top: "ip1"
    inner_product_param {
      num_output: 1000
      weight_filler {
        type: "gaussian"
        mean: 0
        std: 0.01
      }
    }
    bias_param {
      filler {
        value: 0
      }
    }
    fixed_precision: true
    precision {
      enter: 0
      fraccio: 12
      rounding: "stochastic"
    }
  }
  layer {
    name: "relu1"
    type: "ReLU"
    bottom: "ip1"
    top: "ip1"
    fixed_precision: true
    precision {
      enter: 0
      fraccio: 12
      rounding: "stochastic"
    }
  }
  layer {
    name: "ip2"
    type: "InnerProduct"
    bottom: "ip1"
    top: "ip2"
    inner_product_param {
      num_output: 1000
      weight_filler {
        type: "gaussian"
        mean: 0
        std: 0.01
      }
    }
    bias_param {
      filler {
        value: 0
      }
    }
    fixed_precision: true
    precision {
      enter: 0
      fraccio: 12
      rounding: "stochastic"
    }
  }
  layer {
    name: "relu2"
    type: "ReLU"
    bottom: "ip2"
    top: "ip2"
    bias_param {
      filler {
        value: 0
      }
    }
    fixed_precision: true
    precision {
      enter: 0
      fraccio: 12
      rounding: "stochastic"
    }
  }
  layer {
    name: "ip3"
    type: "InnerProduct"
    bottom: "ip2"
    top: "ip3"
    inner_product_param {
      num_output: 10
      weight_filler {
        type: "gaussian"
        mean: 0
        std: 0.01
      }
    }
    bias_param {
      filler {
        value: 0
      }
    }
    fixed_precision: true
    precision {
      enter: 0
      fraccio: 12
      rounding: "stochastic"
    }
  }
  layer {
    name: "accuracy"
    type: "Accuracy"
    bottom: "ip3"
    bottom: "label"
    top: "accuracy"
  }
  layer {
    name: "loss"
    type: "SoftmaxWithLoss"
    bottom: "ip3"
    bottom: "label"
    top: "loss"
    fixed_precision: true
    precision {
      enter: 0
      fraccio: 12
      rounding: "stochastic"
    }
  }
}
train_state {
  level: 0
  stage: ""
}
fixed_precision: true
precision {
  enter: 0
  fraccio: 12
  rounding: "stochastic"
}
I0404 20:14:05.361311 24164 solver.cpp:82] Creating training net specified in net_param.
I0404 20:14:05.361376 24164 net.cpp:294] The NetState phase (0) differed from the phase (1) specified by a rule in layer mnist
I0404 20:14:05.361547 24164 net.cpp:51] Initializing net from parameters: 
name: "LeNet"
state {
  phase: TRAIN
  level: 0
  stage: ""
}
layer {
  name: "mnist"
  type: "Data"
  top: "data"
  top: "label"
  include {
    phase: TRAIN
  }
  transform_param {
    scale: 0.00390625
  }
  data_param {
    source: "data/mnist_train_lmdb"
    batch_size: 100
    backend: LMDB
  }
}
layer {
  name: "ip1"
  type: "InnerProduct"
  bottom: "data"
  top: "ip1"
  inner_product_param {
    num_output: 1000
    weight_filler {
      type: "gaussian"
      mean: 0
      std: 0.01
    }
  }
  bias_param {
    filler {
      value: 0
    }
  }
  fixed_precision: true
  precision {
    enter: 0
    fraccio: 12
    rounding: "stochastic"
  }
}
layer {
  name: "relu1"
  type: "ReLU"
  bottom: "ip1"
  top: "ip1"
  fixed_precision: true
  precision {
    enter: 0
    fraccio: 12
    rounding: "stochastic"
  }
}
layer {
  name: "ip2"
  type: "InnerProduct"
  bottom: "ip1"
  top: "ip2"
  inner_product_param {
    num_output: 1000
    weight_filler {
      type: "gaussian"
      mean: 0
      std: 0.01
    }
  }
  bias_param {
    filler {
      value: 0
    }
  }
  fixed_precision: true
  precision {
    enter: 0
    fraccio: 12
    rounding: "stochastic"
  }
}
layer {
  name: "relu2"
  type: "ReLU"
  bottom: "ip2"
  top: "ip2"
  bias_param {
    filler {
      value: 0
    }
  }
  fixed_precision: true
  precision {
    enter: 0
    fraccio: 12
    rounding: "stochastic"
  }
}
layer {
  name: "ip3"
  type: "InnerProduct"
  bottom: "ip2"
  top: "ip3"
  inner_product_param {
    num_output: 10
    weight_filler {
      type: "gaussian"
      mean: 0
      std: 0.01
    }
  }
  bias_param {
    filler {
      value: 0
    }
  }
  fixed_precision: true
  precision {
    enter: 0
    fraccio: 12
    rounding: "stochastic"
  }
}
layer {
  name: "accuracy"
  type: "Accuracy"
  bottom: "ip3"
  bottom: "label"
  top: "accuracy"
}
layer {
  name: "loss"
  type: "SoftmaxWithLoss"
  bottom: "ip3"
  bottom: "label"
  top: "loss"
  fixed_precision: true
  precision {
    enter: 0
    fraccio: 12
    rounding: "stochastic"
  }
}
I0404 20:14:05.361682 24164 layer_factory.hpp:77] Creating layer mnist
I0404 20:14:05.361814 24164 db_lmdb.cpp:35] Opened lmdb data/mnist_train_lmdb
I0404 20:14:05.361847 24164 net.cpp:84] Creating Layer mnist
I0404 20:14:05.361861 24164 net.cpp:380] mnist -> data
I0404 20:14:05.361893 24164 net.cpp:380] mnist -> label
I0404 20:14:05.361935 24164 data_layer.cpp:45] output data size: 100,1,28,28
I0404 20:14:05.363692 24164 net.cpp:122] Setting up mnist
I0404 20:14:05.363721 24164 net.cpp:129] Top shape: 100 1 28 28 (78400)
I0404 20:14:05.363734 24164 net.cpp:129] Top shape: 100 (100)
I0404 20:14:05.363744 24164 net.cpp:137] Memory required for data: 628000
I0404 20:14:05.363756 24164 layer_factory.hpp:77] Creating layer label_mnist_1_split
I0404 20:14:05.363775 24164 net.cpp:84] Creating Layer label_mnist_1_split
I0404 20:14:05.363787 24164 net.cpp:406] label_mnist_1_split <- label
I0404 20:14:05.363803 24164 net.cpp:380] label_mnist_1_split -> label_mnist_1_split_0
I0404 20:14:05.363819 24164 net.cpp:380] label_mnist_1_split -> label_mnist_1_split_1
I0404 20:14:05.363837 24164 net.cpp:122] Setting up label_mnist_1_split
I0404 20:14:05.363848 24164 net.cpp:129] Top shape: 100 (100)
I0404 20:14:05.363858 24164 net.cpp:129] Top shape: 100 (100)
I0404 20:14:05.363865 24164 net.cpp:137] Memory required for data: 629600
I0404 20:14:05.363874 24164 layer_factory.hpp:77] Creating layer ip1
I0404 20:14:05.363893 24164 net.cpp:84] Creating Layer ip1
I0404 20:14:05.363901 24164 net.cpp:406] ip1 <- data
I0404 20:14:05.363912 24164 net.cpp:380] ip1 -> ip1
I0404 20:14:05.474769 24164 net.cpp:122] Setting up ip1
I0404 20:14:05.474810 24164 net.cpp:129] Top shape: 100 1000 (100000)
I0404 20:14:05.474817 24164 net.cpp:137] Memory required for data: 1429600
I0404 20:14:05.474833 24164 layer_factory.hpp:77] Creating layer relu1
I0404 20:14:05.474846 24164 net.cpp:84] Creating Layer relu1
I0404 20:14:05.474851 24164 net.cpp:406] relu1 <- ip1
I0404 20:14:05.474859 24164 net.cpp:367] relu1 -> ip1 (in-place)
I0404 20:14:05.474872 24164 net.cpp:122] Setting up relu1
I0404 20:14:05.474879 24164 net.cpp:129] Top shape: 100 1000 (100000)
I0404 20:14:05.474882 24164 net.cpp:137] Memory required for data: 2229600
I0404 20:14:05.474886 24164 layer_factory.hpp:77] Creating layer ip2
I0404 20:14:05.474895 24164 net.cpp:84] Creating Layer ip2
I0404 20:14:05.474900 24164 net.cpp:406] ip2 <- ip1
I0404 20:14:05.474906 24164 net.cpp:380] ip2 -> ip2
I0404 20:14:05.562928 24164 net.cpp:122] Setting up ip2
I0404 20:14:05.562975 24164 net.cpp:129] Top shape: 100 1000 (100000)
I0404 20:14:05.562980 24164 net.cpp:137] Memory required for data: 3029600
I0404 20:14:05.562994 24164 layer_factory.hpp:77] Creating layer relu2
I0404 20:14:05.563007 24164 net.cpp:84] Creating Layer relu2
I0404 20:14:05.563014 24164 net.cpp:406] relu2 <- ip2
I0404 20:14:05.563021 24164 net.cpp:367] relu2 -> ip2 (in-place)
I0404 20:14:05.563041 24164 net.cpp:122] Setting up relu2
I0404 20:14:05.563056 24164 net.cpp:129] Top shape: 100 1000 (100000)
I0404 20:14:05.563060 24164 net.cpp:137] Memory required for data: 3829600
I0404 20:14:05.563063 24164 layer_factory.hpp:77] Creating layer ip3
I0404 20:14:05.563071 24164 net.cpp:84] Creating Layer ip3
I0404 20:14:05.563076 24164 net.cpp:406] ip3 <- ip2
I0404 20:14:05.563081 24164 net.cpp:380] ip3 -> ip3
I0404 20:14:05.563952 24164 net.cpp:122] Setting up ip3
I0404 20:14:05.563961 24164 net.cpp:129] Top shape: 100 10 (1000)
I0404 20:14:05.563974 24164 net.cpp:137] Memory required for data: 3837600
I0404 20:14:05.563982 24164 layer_factory.hpp:77] Creating layer ip3_ip3_0_split
I0404 20:14:05.563988 24164 net.cpp:84] Creating Layer ip3_ip3_0_split
I0404 20:14:05.563992 24164 net.cpp:406] ip3_ip3_0_split <- ip3
I0404 20:14:05.563997 24164 net.cpp:380] ip3_ip3_0_split -> ip3_ip3_0_split_0
I0404 20:14:05.564005 24164 net.cpp:380] ip3_ip3_0_split -> ip3_ip3_0_split_1
I0404 20:14:05.564013 24164 net.cpp:122] Setting up ip3_ip3_0_split
I0404 20:14:05.564018 24164 net.cpp:129] Top shape: 100 10 (1000)
I0404 20:14:05.564023 24164 net.cpp:129] Top shape: 100 10 (1000)
I0404 20:14:05.564028 24164 net.cpp:137] Memory required for data: 3853600
I0404 20:14:05.564033 24164 layer_factory.hpp:77] Creating layer accuracy
I0404 20:14:05.564040 24164 net.cpp:84] Creating Layer accuracy
I0404 20:14:05.564044 24164 net.cpp:406] accuracy <- ip3_ip3_0_split_0
I0404 20:14:05.564049 24164 net.cpp:406] accuracy <- label_mnist_1_split_0
I0404 20:14:05.564056 24164 net.cpp:380] accuracy -> accuracy
I0404 20:14:05.564064 24164 net.cpp:122] Setting up accuracy
I0404 20:14:05.564069 24164 net.cpp:129] Top shape: (1)
I0404 20:14:05.564074 24164 net.cpp:137] Memory required for data: 3853608
I0404 20:14:05.564076 24164 layer_factory.hpp:77] Creating layer loss
I0404 20:14:05.564088 24164 net.cpp:84] Creating Layer loss
I0404 20:14:05.564095 24164 net.cpp:406] loss <- ip3_ip3_0_split_1
I0404 20:14:05.564102 24164 net.cpp:406] loss <- label_mnist_1_split_1
I0404 20:14:05.564111 24164 net.cpp:380] loss -> loss
I0404 20:14:05.564127 24164 layer_factory.hpp:77] Creating layer loss
I0404 20:14:05.564148 24164 net.cpp:122] Setting up loss
I0404 20:14:05.564154 24164 net.cpp:129] Top shape: (1)
I0404 20:14:05.564159 24164 net.cpp:132]     with loss weight 1
I0404 20:14:05.564180 24164 net.cpp:137] Memory required for data: 3853616
I0404 20:14:05.564184 24164 net.cpp:198] loss needs backward computation.
I0404 20:14:05.564188 24164 net.cpp:200] accuracy does not need backward computation.
I0404 20:14:05.564193 24164 net.cpp:198] ip3_ip3_0_split needs backward computation.
I0404 20:14:05.564198 24164 net.cpp:198] ip3 needs backward computation.
I0404 20:14:05.564203 24164 net.cpp:198] relu2 needs backward computation.
I0404 20:14:05.564205 24164 net.cpp:198] ip2 needs backward computation.
I0404 20:14:05.564209 24164 net.cpp:198] relu1 needs backward computation.
I0404 20:14:05.564213 24164 net.cpp:198] ip1 needs backward computation.
I0404 20:14:05.564218 24164 net.cpp:200] label_mnist_1_split does not need backward computation.
I0404 20:14:05.564223 24164 net.cpp:200] mnist does not need backward computation.
I0404 20:14:05.564226 24164 net.cpp:242] This network produces output accuracy
I0404 20:14:05.564231 24164 net.cpp:242] This network produces output loss
I0404 20:14:05.564240 24164 net.cpp:255] Network initialization done.
I0404 20:14:05.564291 24164 solver.cpp:173] Creating test net (#0) specified by net_param
I0404 20:14:05.564309 24164 net.cpp:294] The NetState phase (1) differed from the phase (0) specified by a rule in layer mnist
I0404 20:14:05.564417 24164 net.cpp:51] Initializing net from parameters: 
name: "LeNet"
state {
  phase: TEST
}
layer {
  name: "mnist"
  type: "Data"
  top: "data"
  top: "label"
  include {
    phase: TEST
  }
  transform_param {
    scale: 0.00390625
  }
  data_param {
    source: "data/mnist_test_lmdb"
    batch_size: 100
    backend: LMDB
  }
}
layer {
  name: "ip1"
  type: "InnerProduct"
  bottom: "data"
  top: "ip1"
  inner_product_param {
    num_output: 1000
    weight_filler {
      type: "gaussian"
      mean: 0
      std: 0.01
    }
  }
  bias_param {
    filler {
      value: 0
    }
  }
  fixed_precision: true
  precision {
    enter: 0
    fraccio: 12
    rounding: "stochastic"
  }
}
layer {
  name: "relu1"
  type: "ReLU"
  bottom: "ip1"
  top: "ip1"
  fixed_precision: true
  precision {
    enter: 0
    fraccio: 12
    rounding: "stochastic"
  }
}
layer {
  name: "ip2"
  type: "InnerProduct"
  bottom: "ip1"
  top: "ip2"
  inner_product_param {
    num_output: 1000
    weight_filler {
      type: "gaussian"
      mean: 0
      std: 0.01
    }
  }
  bias_param {
    filler {
      value: 0
    }
  }
  fixed_precision: true
  precision {
    enter: 0
    fraccio: 12
    rounding: "stochastic"
  }
}
layer {
  name: "relu2"
  type: "ReLU"
  bottom: "ip2"
  top: "ip2"
  bias_param {
    filler {
      value: 0
    }
  }
  fixed_precision: true
  precision {
    enter: 0
    fraccio: 12
    rounding: "stochastic"
  }
}
layer {
  name: "ip3"
  type: "InnerProduct"
  bottom: "ip2"
  top: "ip3"
  inner_product_param {
    num_output: 10
    weight_filler {
      type: "gaussian"
      mean: 0
      std: 0.01
    }
  }
  bias_param {
    filler {
      value: 0
    }
  }
  fixed_precision: true
  precision {
    enter: 0
    fraccio: 12
    rounding: "stochastic"
  }
}
layer {
  name: "accuracy"
  type: "Accuracy"
  bottom: "ip3"
  bottom: "label"
  top: "accuracy"
}
layer {
  name: "loss"
  type: "SoftmaxWithLoss"
  bottom: "ip3"
  bottom: "label"
  top: "loss"
  fixed_precision: true
  precision {
    enter: 0
    fraccio: 12
    rounding: "stochastic"
  }
}
I0404 20:14:05.564474 24164 layer_factory.hpp:77] Creating layer mnist
I0404 20:14:05.564532 24164 db_lmdb.cpp:35] Opened lmdb data/mnist_test_lmdb
I0404 20:14:05.564546 24164 net.cpp:84] Creating Layer mnist
I0404 20:14:05.564553 24164 net.cpp:380] mnist -> data
I0404 20:14:05.564561 24164 net.cpp:380] mnist -> label
I0404 20:14:05.564575 24164 data_layer.cpp:45] output data size: 100,1,28,28
I0404 20:14:05.565445 24164 net.cpp:122] Setting up mnist
I0404 20:14:05.565472 24164 net.cpp:129] Top shape: 100 1 28 28 (78400)
I0404 20:14:05.565477 24164 net.cpp:129] Top shape: 100 (100)
I0404 20:14:05.565481 24164 net.cpp:137] Memory required for data: 628000
I0404 20:14:05.565487 24164 layer_factory.hpp:77] Creating layer label_mnist_1_split
I0404 20:14:05.565497 24164 net.cpp:84] Creating Layer label_mnist_1_split
I0404 20:14:05.565501 24164 net.cpp:406] label_mnist_1_split <- label
I0404 20:14:05.565512 24164 net.cpp:380] label_mnist_1_split -> label_mnist_1_split_0
I0404 20:14:05.565521 24164 net.cpp:380] label_mnist_1_split -> label_mnist_1_split_1
I0404 20:14:05.565531 24164 net.cpp:122] Setting up label_mnist_1_split
I0404 20:14:05.565536 24164 net.cpp:129] Top shape: 100 (100)
I0404 20:14:05.565541 24164 net.cpp:129] Top shape: 100 (100)
I0404 20:14:05.565544 24164 net.cpp:137] Memory required for data: 629600
I0404 20:14:05.565547 24164 layer_factory.hpp:77] Creating layer ip1
I0404 20:14:05.565557 24164 net.cpp:84] Creating Layer ip1
I0404 20:14:05.565560 24164 net.cpp:406] ip1 <- data
I0404 20:14:05.565567 24164 net.cpp:380] ip1 -> ip1
I0404 20:14:05.633193 24164 net.cpp:122] Setting up ip1
I0404 20:14:05.633237 24164 net.cpp:129] Top shape: 100 1000 (100000)
I0404 20:14:05.633242 24164 net.cpp:137] Memory required for data: 1429600
I0404 20:14:05.633258 24164 layer_factory.hpp:77] Creating layer relu1
I0404 20:14:05.633268 24164 net.cpp:84] Creating Layer relu1
I0404 20:14:05.633273 24164 net.cpp:406] relu1 <- ip1
I0404 20:14:05.633280 24164 net.cpp:367] relu1 -> ip1 (in-place)
I0404 20:14:05.633291 24164 net.cpp:122] Setting up relu1
I0404 20:14:05.633296 24164 net.cpp:129] Top shape: 100 1000 (100000)
I0404 20:14:05.633299 24164 net.cpp:137] Memory required for data: 2229600
I0404 20:14:05.633302 24164 layer_factory.hpp:77] Creating layer ip2
I0404 20:14:05.633313 24164 net.cpp:84] Creating Layer ip2
I0404 20:14:05.633324 24164 net.cpp:406] ip2 <- ip1
I0404 20:14:05.633359 24164 net.cpp:380] ip2 -> ip2
I0404 20:14:05.715333 24164 net.cpp:122] Setting up ip2
I0404 20:14:05.715381 24164 net.cpp:129] Top shape: 100 1000 (100000)
I0404 20:14:05.715386 24164 net.cpp:137] Memory required for data: 3029600
I0404 20:14:05.715400 24164 layer_factory.hpp:77] Creating layer relu2
I0404 20:14:05.715415 24164 net.cpp:84] Creating Layer relu2
I0404 20:14:05.715420 24164 net.cpp:406] relu2 <- ip2
I0404 20:14:05.715426 24164 net.cpp:367] relu2 -> ip2 (in-place)
I0404 20:14:05.715436 24164 net.cpp:122] Setting up relu2
I0404 20:14:05.715442 24164 net.cpp:129] Top shape: 100 1000 (100000)
I0404 20:14:05.715445 24164 net.cpp:137] Memory required for data: 3829600
I0404 20:14:05.715450 24164 layer_factory.hpp:77] Creating layer ip3
I0404 20:14:05.715456 24164 net.cpp:84] Creating Layer ip3
I0404 20:14:05.715461 24164 net.cpp:406] ip3 <- ip2
I0404 20:14:05.715466 24164 net.cpp:380] ip3 -> ip3
I0404 20:14:05.716336 24164 net.cpp:122] Setting up ip3
I0404 20:14:05.716361 24164 net.cpp:129] Top shape: 100 10 (1000)
I0404 20:14:05.716365 24164 net.cpp:137] Memory required for data: 3837600
I0404 20:14:05.716373 24164 layer_factory.hpp:77] Creating layer ip3_ip3_0_split
I0404 20:14:05.716384 24164 net.cpp:84] Creating Layer ip3_ip3_0_split
I0404 20:14:05.716388 24164 net.cpp:406] ip3_ip3_0_split <- ip3
I0404 20:14:05.716394 24164 net.cpp:380] ip3_ip3_0_split -> ip3_ip3_0_split_0
I0404 20:14:05.716401 24164 net.cpp:380] ip3_ip3_0_split -> ip3_ip3_0_split_1
I0404 20:14:05.716409 24164 net.cpp:122] Setting up ip3_ip3_0_split
I0404 20:14:05.716416 24164 net.cpp:129] Top shape: 100 10 (1000)
I0404 20:14:05.716421 24164 net.cpp:129] Top shape: 100 10 (1000)
I0404 20:14:05.716424 24164 net.cpp:137] Memory required for data: 3853600
I0404 20:14:05.716430 24164 layer_factory.hpp:77] Creating layer accuracy
I0404 20:14:05.716441 24164 net.cpp:84] Creating Layer accuracy
I0404 20:14:05.716449 24164 net.cpp:406] accuracy <- ip3_ip3_0_split_0
I0404 20:14:05.716454 24164 net.cpp:406] accuracy <- label_mnist_1_split_0
I0404 20:14:05.716460 24164 net.cpp:380] accuracy -> accuracy
I0404 20:14:05.716467 24164 net.cpp:122] Setting up accuracy
I0404 20:14:05.716473 24164 net.cpp:129] Top shape: (1)
I0404 20:14:05.716478 24164 net.cpp:137] Memory required for data: 3853608
I0404 20:14:05.716482 24164 layer_factory.hpp:77] Creating layer loss
I0404 20:14:05.716490 24164 net.cpp:84] Creating Layer loss
I0404 20:14:05.716495 24164 net.cpp:406] loss <- ip3_ip3_0_split_1
I0404 20:14:05.716498 24164 net.cpp:406] loss <- label_mnist_1_split_1
I0404 20:14:05.716503 24164 net.cpp:380] loss -> loss
I0404 20:14:05.716512 24164 layer_factory.hpp:77] Creating layer loss
I0404 20:14:05.716528 24164 net.cpp:122] Setting up loss
I0404 20:14:05.716533 24164 net.cpp:129] Top shape: (1)
I0404 20:14:05.716537 24164 net.cpp:132]     with loss weight 1
I0404 20:14:05.716549 24164 net.cpp:137] Memory required for data: 3853616
I0404 20:14:05.716553 24164 net.cpp:198] loss needs backward computation.
I0404 20:14:05.716557 24164 net.cpp:200] accuracy does not need backward computation.
I0404 20:14:05.716562 24164 net.cpp:198] ip3_ip3_0_split needs backward computation.
I0404 20:14:05.716565 24164 net.cpp:198] ip3 needs backward computation.
I0404 20:14:05.716569 24164 net.cpp:198] relu2 needs backward computation.
I0404 20:14:05.716573 24164 net.cpp:198] ip2 needs backward computation.
I0404 20:14:05.716576 24164 net.cpp:198] relu1 needs backward computation.
I0404 20:14:05.716579 24164 net.cpp:198] ip1 needs backward computation.
I0404 20:14:05.716583 24164 net.cpp:200] label_mnist_1_split does not need backward computation.
I0404 20:14:05.716590 24164 net.cpp:200] mnist does not need backward computation.
I0404 20:14:05.716594 24164 net.cpp:242] This network produces output accuracy
I0404 20:14:05.716598 24164 net.cpp:242] This network produces output loss
I0404 20:14:05.716606 24164 net.cpp:255] Network initialization done.
I0404 20:14:05.716646 24164 solver.cpp:56] Solver scaffolding done.
I0404 20:14:05.716673 24164 caffe_double.cpp:248] Starting Optimization
I0404 20:14:05.716686 24164 solver.cpp:273] Solving LeNet
I0404 20:14:05.716689 24164 solver.cpp:274] Learning Rate Policy: inv
I0404 20:14:05.719653 24164 solver.cpp:331] Iteration 0, Testing net (#0)
I0404 20:14:07.599050 24169 data_layer.cpp:73] Restarting data prefetching from start.
I0404 20:14:07.679893 24164 solver.cpp:398]     Test net output #0: accuracy = 0.1173
I0404 20:14:07.679961 24164 solver.cpp:398]     Test net output #1: loss = 2.30294 (* 1 = 2.30294 loss)
I0404 20:14:07.722257 24164 solver.cpp:219] Iteration 0 (-1.4013e-45 iter/s, 2.005s/600 iters), loss = 2.30313
I0404 20:14:07.722450 24164 solver.cpp:238]     Train net output #0: accuracy = 0.08
I0404 20:14:07.723100 24164 solver.cpp:238]     Train net output #1: loss = 2.30313 (* 1 = 2.30313 loss)
I0404 20:14:07.723126 24164 sgd_solver.cpp:107] Iteration 0, lr = 0.1
I0404 20:15:20.206063 24168 data_layer.cpp:73] Restarting data prefetching from start.
I0404 20:15:20.679399 24164 solver.cpp:331] Iteration 600, Testing net (#0)
I0404 20:15:22.533007 24169 data_layer.cpp:73] Restarting data prefetching from start.
I0404 20:15:22.609402 24164 solver.cpp:398]     Test net output #0: accuracy = 0.9377
I0404 20:15:22.609465 24164 solver.cpp:398]     Test net output #1: loss = 0.19512 (* 1 = 0.19512 loss)
I0404 20:15:22.649442 24164 solver.cpp:219] Iteration 600 (8.0079 iter/s, 74.926s/600 iters), loss = 0.123171
I0404 20:15:22.649508 24164 solver.cpp:238]     Train net output #0: accuracy = 0.97
I0404 20:15:22.649528 24164 solver.cpp:238]     Train net output #1: loss = 0.123171 (* 1 = 0.123171 loss)
I0404 20:15:22.649544 24164 sgd_solver.cpp:107] Iteration 600, lr = 0.0957239
I0404 20:16:33.916508 24168 data_layer.cpp:73] Restarting data prefetching from start.
I0404 20:16:34.386096 24164 solver.cpp:331] Iteration 1200, Testing net (#0)
I0404 20:16:36.217794 24169 data_layer.cpp:73] Restarting data prefetching from start.
I0404 20:16:36.293864 24164 solver.cpp:398]     Test net output #0: accuracy = 0.962
I0404 20:16:36.293929 24164 solver.cpp:398]     Test net output #1: loss = 0.124213 (* 1 = 0.124213 loss)
I0404 20:16:36.333945 24164 solver.cpp:219] Iteration 1200 (8.14288 iter/s, 73.684s/600 iters), loss = 0.0810664
I0404 20:16:36.334012 24164 solver.cpp:238]     Train net output #0: accuracy = 0.98
I0404 20:16:36.334033 24164 solver.cpp:238]     Train net output #1: loss = 0.0810664 (* 1 = 0.0810664 loss)
I0404 20:16:36.334048 24164 sgd_solver.cpp:107] Iteration 1200, lr = 0.0918516
I0404 20:17:47.063925 24168 data_layer.cpp:73] Restarting data prefetching from start.
I0404 20:17:47.533700 24164 solver.cpp:331] Iteration 1800, Testing net (#0)
I0404 20:17:49.382634 24169 data_layer.cpp:73] Restarting data prefetching from start.
I0404 20:17:49.458575 24164 solver.cpp:398]     Test net output #0: accuracy = 0.9675
I0404 20:17:49.458647 24164 solver.cpp:398]     Test net output #1: loss = 0.107512 (* 1 = 0.107512 loss)
I0404 20:17:49.498508 24164 solver.cpp:219] Iteration 1800 (8.20075 iter/s, 73.164s/600 iters), loss = 0.0514724
I0404 20:17:49.498576 24164 solver.cpp:238]     Train net output #0: accuracy = 0.99
I0404 20:17:49.498598 24164 solver.cpp:238]     Train net output #1: loss = 0.0514724 (* 1 = 0.0514724 loss)
I0404 20:17:49.498615 24164 sgd_solver.cpp:107] Iteration 1800, lr = 0.088326
I0404 20:18:59.932745 24168 data_layer.cpp:73] Restarting data prefetching from start.
I0404 20:19:00.407392 24164 solver.cpp:331] Iteration 2400, Testing net (#0)
I0404 20:19:02.277904 24169 data_layer.cpp:73] Restarting data prefetching from start.
I0404 20:19:02.353792 24164 solver.cpp:398]     Test net output #0: accuracy = 0.971
I0404 20:19:02.353860 24164 solver.cpp:398]     Test net output #1: loss = 0.0938104 (* 1 = 0.0938104 loss)
I0404 20:19:02.393677 24164 solver.cpp:219] Iteration 2400 (8.23102 iter/s, 72.895s/600 iters), loss = 0.0418982
I0404 20:19:02.393744 24164 solver.cpp:238]     Train net output #0: accuracy = 0.98
I0404 20:19:02.393767 24164 solver.cpp:238]     Train net output #1: loss = 0.0418982 (* 1 = 0.0418982 loss)
I0404 20:19:02.393800 24164 sgd_solver.cpp:107] Iteration 2400, lr = 0.0851008
I0404 20:20:12.506253 24168 data_layer.cpp:73] Restarting data prefetching from start.
I0404 20:20:12.975946 24164 solver.cpp:331] Iteration 3000, Testing net (#0)
I0404 20:20:14.818102 24169 data_layer.cpp:73] Restarting data prefetching from start.
I0404 20:20:14.894999 24164 solver.cpp:398]     Test net output #0: accuracy = 0.9763
I0404 20:20:14.895069 24164 solver.cpp:398]     Test net output #1: loss = 0.0844757 (* 1 = 0.0844757 loss)
I0404 20:20:14.934830 24164 solver.cpp:219] Iteration 3000 (8.27118 iter/s, 72.541s/600 iters), loss = 0.0180442
I0404 20:20:14.934898 24164 solver.cpp:238]     Train net output #0: accuracy = 0.99
I0404 20:20:14.934921 24164 solver.cpp:238]     Train net output #1: loss = 0.0180442 (* 1 = 0.0180442 loss)
I0404 20:20:14.934936 24164 sgd_solver.cpp:107] Iteration 3000, lr = 0.0821377
I0404 20:21:24.899747 24168 data_layer.cpp:73] Restarting data prefetching from start.
I0404 20:21:25.365535 24164 solver.cpp:331] Iteration 3600, Testing net (#0)
I0404 20:21:27.187685 24169 data_layer.cpp:73] Restarting data prefetching from start.
I0404 20:21:27.264133 24164 solver.cpp:398]     Test net output #0: accuracy = 0.9767
I0404 20:21:27.264192 24164 solver.cpp:398]     Test net output #1: loss = 0.0889244 (* 1 = 0.0889244 loss)
I0404 20:21:27.303957 24164 solver.cpp:219] Iteration 3600 (8.29084 iter/s, 72.369s/600 iters), loss = 0.0586074
I0404 20:21:27.304028 24164 solver.cpp:238]     Train net output #0: accuracy = 0.99
I0404 20:21:27.304051 24164 solver.cpp:238]     Train net output #1: loss = 0.0586074 (* 1 = 0.0586074 loss)
I0404 20:21:27.304067 24164 sgd_solver.cpp:107] Iteration 3600, lr = 0.0794046
I0404 20:22:37.120056 24168 data_layer.cpp:73] Restarting data prefetching from start.
I0404 20:22:37.587288 24164 solver.cpp:331] Iteration 4200, Testing net (#0)
I0404 20:22:39.434346 24169 data_layer.cpp:73] Restarting data prefetching from start.
I0404 20:22:39.510138 24164 solver.cpp:398]     Test net output #0: accuracy = 0.9789
I0404 20:22:39.510205 24164 solver.cpp:398]     Test net output #1: loss = 0.0779271 (* 1 = 0.0779271 loss)
I0404 20:22:39.550156 24164 solver.cpp:219] Iteration 4200 (8.30496 iter/s, 72.246s/600 iters), loss = 0.0108828
I0404 20:22:39.550226 24164 solver.cpp:238]     Train net output #0: accuracy = 1
I0404 20:22:39.550248 24164 solver.cpp:238]     Train net output #1: loss = 0.0108828 (* 1 = 0.0108828 loss)
I0404 20:22:39.550264 24164 sgd_solver.cpp:107] Iteration 4200, lr = 0.0768748
I0404 20:23:49.180164 24168 data_layer.cpp:73] Restarting data prefetching from start.
I0404 20:23:49.641657 24164 solver.cpp:331] Iteration 4800, Testing net (#0)
I0404 20:23:51.483685 24169 data_layer.cpp:73] Restarting data prefetching from start.
I0404 20:23:51.559334 24164 solver.cpp:398]     Test net output #0: accuracy = 0.9788
I0404 20:23:51.559401 24164 solver.cpp:398]     Test net output #1: loss = 0.0800424 (* 1 = 0.0800424 loss)
I0404 20:23:51.599084 24164 solver.cpp:219] Iteration 4800 (8.32778 iter/s, 72.048s/600 iters), loss = 0.00148727
I0404 20:23:51.599153 24164 solver.cpp:238]     Train net output #0: accuracy = 1
I0404 20:23:51.599175 24164 solver.cpp:238]     Train net output #1: loss = 0.00148727 (* 1 = 0.00148727 loss)
I0404 20:23:51.599191 24164 sgd_solver.cpp:107] Iteration 4800, lr = 0.0745253
I0404 20:25:01.070205 24168 data_layer.cpp:73] Restarting data prefetching from start.
I0404 20:25:01.532330 24164 solver.cpp:331] Iteration 5400, Testing net (#0)
I0404 20:25:03.400815 24169 data_layer.cpp:73] Restarting data prefetching from start.
I0404 20:25:03.476450 24164 solver.cpp:398]     Test net output #0: accuracy = 0.9818
I0404 20:25:03.476516 24164 solver.cpp:398]     Test net output #1: loss = 0.0733346 (* 1 = 0.0733346 loss)
I0404 20:25:03.516147 24164 solver.cpp:219] Iteration 5400 (8.34307 iter/s, 71.916s/600 iters), loss = 0.00233598
I0404 20:25:03.516216 24164 solver.cpp:238]     Train net output #0: accuracy = 1
I0404 20:25:03.516252 24164 solver.cpp:238]     Train net output #1: loss = 0.00233598 (* 1 = 0.00233598 loss)
I0404 20:25:03.516268 24164 sgd_solver.cpp:107] Iteration 5400, lr = 0.0723368
I0404 20:26:12.672559 24168 data_layer.cpp:73] Restarting data prefetching from start.
I0404 20:26:13.133674 24164 solver.cpp:331] Iteration 6000, Testing net (#0)
I0404 20:26:14.973436 24169 data_layer.cpp:73] Restarting data prefetching from start.
I0404 20:26:15.049062 24164 solver.cpp:398]     Test net output #0: accuracy = 0.983
I0404 20:26:15.049129 24164 solver.cpp:398]     Test net output #1: loss = 0.0742794 (* 1 = 0.0742794 loss)
I0404 20:26:15.088707 24164 solver.cpp:219] Iteration 6000 (8.38317 iter/s, 71.572s/600 iters), loss = 0.00774893
I0404 20:26:15.088774 24164 solver.cpp:238]     Train net output #0: accuracy = 1
I0404 20:26:15.088794 24164 solver.cpp:238]     Train net output #1: loss = 0.00774893 (* 1 = 0.00774893 loss)
I0404 20:26:15.088809 24164 sgd_solver.cpp:107] Iteration 6000, lr = 0.0702927
I0404 20:27:24.133683 24168 data_layer.cpp:73] Restarting data prefetching from start.
I0404 20:27:24.593636 24164 solver.cpp:331] Iteration 6600, Testing net (#0)
I0404 20:27:26.433626 24169 data_layer.cpp:73] Restarting data prefetching from start.
I0404 20:27:26.509160 24164 solver.cpp:398]     Test net output #0: accuracy = 0.9832
I0404 20:27:26.509227 24164 solver.cpp:398]     Test net output #1: loss = 0.0694 (* 1 = 0.0694 loss)
I0404 20:27:26.548720 24164 solver.cpp:219] Iteration 6600 (8.39642 iter/s, 71.459s/600 iters), loss = 0.00120199
I0404 20:27:26.548789 24164 solver.cpp:238]     Train net output #0: accuracy = 1
I0404 20:27:26.548810 24164 solver.cpp:238]     Train net output #1: loss = 0.00120199 (* 1 = 0.00120199 loss)
I0404 20:27:26.548825 24164 sgd_solver.cpp:107] Iteration 6600, lr = 0.0683784
I0404 20:28:41.587627 24168 data_layer.cpp:73] Restarting data prefetching from start.
I0404 20:28:42.107187 24164 solver.cpp:331] Iteration 7200, Testing net (#0)
I0404 20:28:43.943585 24169 data_layer.cpp:73] Restarting data prefetching from start.
I0404 20:28:44.019073 24164 solver.cpp:398]     Test net output #0: accuracy = 0.9838
I0404 20:28:44.019135 24164 solver.cpp:398]     Test net output #1: loss = 0.074494 (* 1 = 0.074494 loss)
I0404 20:28:44.058938 24164 solver.cpp:219] Iteration 7200 (7.74094 iter/s, 77.51s/600 iters), loss = 0.000518031
I0404 20:28:44.059003 24164 solver.cpp:238]     Train net output #0: accuracy = 1
I0404 20:28:44.059023 24164 solver.cpp:238]     Train net output #1: loss = 0.000518031 (* 1 = 0.000518031 loss)
I0404 20:28:44.059038 24164 sgd_solver.cpp:107] Iteration 7200, lr = 0.0665815
I0404 20:30:03.832110 24168 data_layer.cpp:73] Restarting data prefetching from start.
I0404 20:30:04.373155 24164 solver.cpp:331] Iteration 7800, Testing net (#0)
I0404 20:30:06.212471 24169 data_layer.cpp:73] Restarting data prefetching from start.
I0404 20:30:06.287991 24164 solver.cpp:398]     Test net output #0: accuracy = 0.9838
I0404 20:30:06.288058 24164 solver.cpp:398]     Test net output #1: loss = 0.0724827 (* 1 = 0.0724827 loss)
I0404 20:30:06.327600 24164 solver.cpp:219] Iteration 7800 (7.29324 iter/s, 82.268s/600 iters), loss = 0.000596776
I0404 20:30:06.327666 24164 solver.cpp:238]     Train net output #0: accuracy = 1
I0404 20:30:06.327685 24164 solver.cpp:238]     Train net output #1: loss = 0.000596776 (* 1 = 0.000596776 loss)
I0404 20:30:06.327700 24164 sgd_solver.cpp:107] Iteration 7800, lr = 0.0648911
I0404 20:31:28.018291 24168 data_layer.cpp:73] Restarting data prefetching from start.
I0404 20:31:28.572187 24164 solver.cpp:331] Iteration 8400, Testing net (#0)
I0404 20:31:30.418229 24169 data_layer.cpp:73] Restarting data prefetching from start.
I0404 20:31:30.492449 24164 solver.cpp:398]     Test net output #0: accuracy = 0.9841
I0404 20:31:30.492513 24164 solver.cpp:398]     Test net output #1: loss = 0.0755991 (* 1 = 0.0755991 loss)
I0404 20:31:30.531285 24164 solver.cpp:219] Iteration 8400 (7.12564 iter/s, 84.203s/600 iters), loss = 0.000512975
I0404 20:31:30.531350 24164 solver.cpp:238]     Train net output #0: accuracy = 1
I0404 20:31:30.531386 24164 solver.cpp:238]     Train net output #1: loss = 0.000512975 (* 1 = 0.000512975 loss)
I0404 20:31:30.531402 24164 sgd_solver.cpp:107] Iteration 8400, lr = 0.0632975
I0404 20:32:53.325256 24168 data_layer.cpp:73] Restarting data prefetching from start.
I0404 20:32:53.882807 24164 solver.cpp:331] Iteration 9000, Testing net (#0)
I0404 20:32:55.719667 24169 data_layer.cpp:73] Restarting data prefetching from start.
I0404 20:32:55.795243 24164 solver.cpp:398]     Test net output #0: accuracy = 0.9852
I0404 20:32:55.795307 24164 solver.cpp:398]     Test net output #1: loss = 0.0730612 (* 1 = 0.0730612 loss)
I0404 20:32:55.834998 24164 solver.cpp:219] Iteration 9000 (7.03375 iter/s, 85.303s/600 iters), loss = 0.000595499
I0404 20:32:55.835067 24164 solver.cpp:238]     Train net output #0: accuracy = 1
I0404 20:32:55.835088 24164 solver.cpp:238]     Train net output #1: loss = 0.000595499 (* 1 = 0.000595499 loss)
I0404 20:32:55.835103 24164 sgd_solver.cpp:107] Iteration 9000, lr = 0.0617924
I0404 20:34:19.781814 24168 data_layer.cpp:73] Restarting data prefetching from start.
I0404 20:34:20.345808 24164 solver.cpp:331] Iteration 9600, Testing net (#0)
I0404 20:34:22.184938 24169 data_layer.cpp:73] Restarting data prefetching from start.
I0404 20:34:22.260550 24164 solver.cpp:398]     Test net output #0: accuracy = 0.9851
I0404 20:34:22.260617 24164 solver.cpp:398]     Test net output #1: loss = 0.0738434 (* 1 = 0.0738434 loss)
I0404 20:34:22.300307 24164 solver.cpp:219] Iteration 9600 (6.93922 iter/s, 86.465s/600 iters), loss = 0.000445733
I0404 20:34:22.300374 24164 solver.cpp:238]     Train net output #0: accuracy = 1
I0404 20:34:22.300397 24164 solver.cpp:238]     Train net output #1: loss = 0.000445733 (* 1 = 0.000445733 loss)
I0404 20:34:22.300413 24164 sgd_solver.cpp:107] Iteration 9600, lr = 0.0603682
I0404 20:35:47.383505 24168 data_layer.cpp:73] Restarting data prefetching from start.
I0404 20:35:47.958469 24164 solver.cpp:331] Iteration 10200, Testing net (#0)
I0404 20:35:49.794987 24169 data_layer.cpp:73] Restarting data prefetching from start.
I0404 20:35:49.870499 24164 solver.cpp:398]     Test net output #0: accuracy = 0.9851
I0404 20:35:49.870561 24164 solver.cpp:398]     Test net output #1: loss = 0.0753699 (* 1 = 0.0753699 loss)
I0404 20:35:49.910275 24164 solver.cpp:219] Iteration 10200 (6.84861 iter/s, 87.609s/600 iters), loss = 0.000424016
I0404 20:35:49.910341 24164 solver.cpp:238]     Train net output #0: accuracy = 1
I0404 20:35:49.910359 24164 solver.cpp:238]     Train net output #1: loss = 0.000424016 (* 1 = 0.000424016 loss)
I0404 20:35:49.910374 24164 sgd_solver.cpp:107] Iteration 10200, lr = 0.0590183
I0404 20:37:16.399396 24168 data_layer.cpp:73] Restarting data prefetching from start.
I0404 20:37:16.970583 24164 solver.cpp:331] Iteration 10800, Testing net (#0)
I0404 20:37:18.792465 24169 data_layer.cpp:73] Restarting data prefetching from start.
I0404 20:37:18.868772 24164 solver.cpp:398]     Test net output #0: accuracy = 0.9849
I0404 20:37:18.868837 24164 solver.cpp:398]     Test net output #1: loss = 0.0759689 (* 1 = 0.0759689 loss)
I0404 20:37:18.907737 24164 solver.cpp:219] Iteration 10800 (6.7418 iter/s, 88.997s/600 iters), loss = 0.000316199
I0404 20:37:18.907799 24164 solver.cpp:238]     Train net output #0: accuracy = 1
I0404 20:37:18.907819 24164 solver.cpp:238]     Train net output #1: loss = 0.000316199 (* 1 = 0.000316199 loss)
I0404 20:37:18.907833 24164 sgd_solver.cpp:107] Iteration 10800, lr = 0.0577368
I0404 20:38:45.792676 24168 data_layer.cpp:73] Restarting data prefetching from start.
I0404 20:38:46.382853 24164 solver.cpp:331] Iteration 11400, Testing net (#0)
I0404 20:38:48.221917 24169 data_layer.cpp:73] Restarting data prefetching from start.
I0404 20:38:48.297531 24164 solver.cpp:398]     Test net output #0: accuracy = 0.985
I0404 20:38:48.297598 24164 solver.cpp:398]     Test net output #1: loss = 0.0764168 (* 1 = 0.0764168 loss)
I0404 20:38:48.337126 24164 solver.cpp:219] Iteration 11400 (6.70923 iter/s, 89.429s/600 iters), loss = 0.000270956
I0404 20:38:48.337213 24164 solver.cpp:238]     Train net output #0: accuracy = 1
I0404 20:38:48.337234 24164 solver.cpp:238]     Train net output #1: loss = 0.000270956 (* 1 = 0.000270956 loss)
I0404 20:38:48.337249 24164 sgd_solver.cpp:107] Iteration 11400, lr = 0.0565184
I0404 20:40:17.151412 24168 data_layer.cpp:73] Restarting data prefetching from start.
I0404 20:40:17.751777 24164 solver.cpp:331] Iteration 12000, Testing net (#0)
I0404 20:40:19.588431 24169 data_layer.cpp:73] Restarting data prefetching from start.
I0404 20:40:19.663811 24164 solver.cpp:398]     Test net output #0: accuracy = 0.9851
I0404 20:40:19.663900 24164 solver.cpp:398]     Test net output #1: loss = 0.0765408 (* 1 = 0.0765408 loss)
I0404 20:40:19.705729 24164 solver.cpp:219] Iteration 12000 (6.56685 iter/s, 91.368s/600 iters), loss = 0.000272811
I0404 20:40:19.705796 24164 solver.cpp:238]     Train net output #0: accuracy = 1
I0404 20:40:19.705818 24164 solver.cpp:238]     Train net output #1: loss = 0.000272811 (* 1 = 0.000272811 loss)
I0404 20:40:19.705834 24164 sgd_solver.cpp:107] Iteration 12000, lr = 0.0553583
I0404 20:41:49.628949 24168 data_layer.cpp:73] Restarting data prefetching from start.
I0404 20:41:50.237045 24164 solver.cpp:331] Iteration 12600, Testing net (#0)
I0404 20:41:52.171392 24169 data_layer.cpp:73] Restarting data prefetching from start.
I0404 20:41:52.246882 24164 solver.cpp:398]     Test net output #0: accuracy = 0.9849
I0404 20:41:52.246948 24164 solver.cpp:398]     Test net output #1: loss = 0.0771352 (* 1 = 0.0771352 loss)
I0404 20:41:52.286630 24164 solver.cpp:219] Iteration 12600 (6.48088 iter/s, 92.58s/600 iters), loss = 0.000300022
I0404 20:41:52.286705 24164 solver.cpp:238]     Train net output #0: accuracy = 1
I0404 20:41:52.286727 24164 solver.cpp:238]     Train net output #1: loss = 0.000300022 (* 1 = 0.000300022 loss)
I0404 20:41:52.286743 24164 sgd_solver.cpp:107] Iteration 12600, lr = 0.0542524
I0404 20:43:23.208160 24168 data_layer.cpp:73] Restarting data prefetching from start.
I0404 20:43:23.823523 24164 solver.cpp:331] Iteration 13200, Testing net (#0)
I0404 20:43:25.662715 24169 data_layer.cpp:73] Restarting data prefetching from start.
I0404 20:43:25.740960 24164 solver.cpp:398]     Test net output #0: accuracy = 0.9851
I0404 20:43:25.741084 24164 solver.cpp:398]     Test net output #1: loss = 0.0775898 (* 1 = 0.0775898 loss)
I0404 20:43:25.780800 24164 solver.cpp:219] Iteration 13200 (6.41752 iter/s, 93.494s/600 iters), loss = 0.00031399
I0404 20:43:25.780869 24164 solver.cpp:238]     Train net output #0: accuracy = 1
I0404 20:43:25.780892 24164 solver.cpp:238]     Train net output #1: loss = 0.00031399 (* 1 = 0.00031399 loss)
I0404 20:43:25.780908 24164 sgd_solver.cpp:107] Iteration 13200, lr = 0.0531966
I0404 20:44:57.880280 24168 data_layer.cpp:73] Restarting data prefetching from start.
I0404 20:44:58.493479 24164 solver.cpp:331] Iteration 13800, Testing net (#0)
I0404 20:45:00.342213 24169 data_layer.cpp:73] Restarting data prefetching from start.
I0404 20:45:00.417738 24164 solver.cpp:398]     Test net output #0: accuracy = 0.9856
I0404 20:45:00.417805 24164 solver.cpp:398]     Test net output #1: loss = 0.0782967 (* 1 = 0.0782967 loss)
I0404 20:45:00.457550 24164 solver.cpp:219] Iteration 13800 (6.3374 iter/s, 94.676s/600 iters), loss = 0.000283026
I0404 20:45:00.457619 24164 solver.cpp:238]     Train net output #0: accuracy = 1
I0404 20:45:00.457641 24164 solver.cpp:238]     Train net output #1: loss = 0.000283026 (* 1 = 0.000283026 loss)
I0404 20:45:00.457659 24164 sgd_solver.cpp:107] Iteration 13800, lr = 0.0521876
I0404 20:46:32.822621 24168 data_layer.cpp:73] Restarting data prefetching from start.
I0404 20:46:33.446938 24164 solver.cpp:331] Iteration 14400, Testing net (#0)
I0404 20:46:35.284903 24169 data_layer.cpp:73] Restarting data prefetching from start.
I0404 20:46:35.360472 24164 solver.cpp:398]     Test net output #0: accuracy = 0.9854
I0404 20:46:35.360540 24164 solver.cpp:398]     Test net output #1: loss = 0.0792501 (* 1 = 0.0792501 loss)
I0404 20:46:35.402969 24164 solver.cpp:219] Iteration 14400 (6.31945 iter/s, 94.945s/600 iters), loss = 0.000264134
I0404 20:46:35.403038 24164 solver.cpp:238]     Train net output #0: accuracy = 1
I0404 20:46:35.403059 24164 solver.cpp:238]     Train net output #1: loss = 0.000264134 (* 1 = 0.000264134 loss)
I0404 20:46:35.403076 24164 sgd_solver.cpp:107] Iteration 14400, lr = 0.0512221
I0404 20:48:08.548420 24168 data_layer.cpp:73] Restarting data prefetching from start.
I0404 20:48:09.172627 24164 solver.cpp:331] Iteration 15000, Testing net (#0)
I0404 20:48:11.013779 24169 data_layer.cpp:73] Restarting data prefetching from start.
I0404 20:48:11.088556 24164 solver.cpp:398]     Test net output #0: accuracy = 0.9854
I0404 20:48:11.088620 24164 solver.cpp:398]     Test net output #1: loss = 0.079784 (* 1 = 0.079784 loss)
I0404 20:48:11.127617 24164 solver.cpp:219] Iteration 15000 (6.26802 iter/s, 95.724s/600 iters), loss = 0.000226556
I0404 20:48:11.127684 24164 solver.cpp:238]     Train net output #0: accuracy = 1
I0404 20:48:11.127707 24164 solver.cpp:238]     Train net output #1: loss = 0.000226556 (* 1 = 0.000226556 loss)
I0404 20:48:11.127722 24164 sgd_solver.cpp:107] Iteration 15000, lr = 0.0502973
I0404 20:49:43.229163 24168 data_layer.cpp:73] Restarting data prefetching from start.
I0404 20:49:43.845221 24164 solver.cpp:331] Iteration 15600, Testing net (#0)
I0404 20:49:45.659160 24169 data_layer.cpp:73] Restarting data prefetching from start.
I0404 20:49:45.736627 24164 solver.cpp:398]     Test net output #0: accuracy = 0.9855
I0404 20:49:45.736695 24164 solver.cpp:398]     Test net output #1: loss = 0.0806769 (* 1 = 0.0806769 loss)
I0404 20:49:45.775871 24164 solver.cpp:219] Iteration 15600 (6.33928 iter/s, 94.648s/600 iters), loss = 0.00019823
I0404 20:49:45.775938 24164 solver.cpp:238]     Train net output #0: accuracy = 1
I0404 20:49:45.775959 24164 solver.cpp:238]     Train net output #1: loss = 0.00019823 (* 1 = 0.00019823 loss)
I0404 20:49:45.775975 24164 sgd_solver.cpp:107] Iteration 15600, lr = 0.0494106
I0404 20:51:18.130184 24168 data_layer.cpp:73] Restarting data prefetching from start.
I0404 20:51:18.742802 24164 solver.cpp:331] Iteration 16200, Testing net (#0)
I0404 20:51:20.555789 24169 data_layer.cpp:73] Restarting data prefetching from start.
I0404 20:51:20.630525 24164 solver.cpp:398]     Test net output #0: accuracy = 0.9848
I0404 20:51:20.630590 24164 solver.cpp:398]     Test net output #1: loss = 0.080914 (* 1 = 0.080914 loss)
I0404 20:51:20.671612 24164 solver.cpp:219] Iteration 16200 (6.32278 iter/s, 94.895s/600 iters), loss = 0.000176055
I0404 20:51:20.671684 24164 solver.cpp:238]     Train net output #0: accuracy = 1
I0404 20:51:20.671705 24164 solver.cpp:238]     Train net output #1: loss = 0.000176055 (* 1 = 0.000176055 loss)
I0404 20:51:20.671722 24164 sgd_solver.cpp:107] Iteration 16200, lr = 0.0485595
I0404 20:52:53.007099 24168 data_layer.cpp:73] Restarting data prefetching from start.
I0404 20:52:53.629518 24164 solver.cpp:331] Iteration 16800, Testing net (#0)
I0404 20:52:55.517607 24169 data_layer.cpp:73] Restarting data prefetching from start.
I0404 20:52:55.592144 24164 solver.cpp:398]     Test net output #0: accuracy = 0.9846
I0404 20:52:55.592209 24164 solver.cpp:398]     Test net output #1: loss = 0.0819647 (* 1 = 0.0819647 loss)
I0404 20:52:55.631376 24164 solver.cpp:219] Iteration 16800 (6.31852 iter/s, 94.959s/600 iters), loss = 0.000172765
I0404 20:52:55.631445 24164 solver.cpp:238]     Train net output #0: accuracy = 1
I0404 20:52:55.631469 24164 solver.cpp:238]     Train net output #1: loss = 0.000172765 (* 1 = 0.000172765 loss)
I0404 20:52:55.631484 24164 sgd_solver.cpp:107] Iteration 16800, lr = 0.0477418
I0404 20:54:27.978309 24168 data_layer.cpp:73] Restarting data prefetching from start.
I0404 20:54:28.604809 24164 solver.cpp:331] Iteration 17400, Testing net (#0)
I0404 20:54:30.420553 24169 data_layer.cpp:73] Restarting data prefetching from start.
I0404 20:54:30.497036 24164 solver.cpp:398]     Test net output #0: accuracy = 0.9848
I0404 20:54:30.497115 24164 solver.cpp:398]     Test net output #1: loss = 0.0820245 (* 1 = 0.0820245 loss)
I0404 20:54:30.536211 24164 solver.cpp:219] Iteration 17400 (6.32218 iter/s, 94.904s/600 iters), loss = 0.000188206
I0404 20:54:30.536278 24164 solver.cpp:238]     Train net output #0: accuracy = 1
I0404 20:54:30.536300 24164 solver.cpp:238]     Train net output #1: loss = 0.000188206 (* 1 = 0.000188206 loss)
I0404 20:54:30.536315 24164 sgd_solver.cpp:107] Iteration 17400, lr = 0.0469556
I0404 20:56:04.531801 24168 data_layer.cpp:73] Restarting data prefetching from start.
I0404 20:56:05.153523 24164 solver.cpp:448] Snapshotting to binary proto file _iter_18000.caffemodel
I0404 20:56:05.204888 24164 sgd_solver.cpp:287] Snapshotting solver state to binary proto file _iter_18000.solverstate
I0404 20:56:05.256083 24164 solver.cpp:311] Iteration 18000, loss = 0.000191788
I0404 20:56:05.256213 24164 solver.cpp:331] Iteration 18000, Testing net (#0)
I0404 20:56:07.080628 24169 data_layer.cpp:73] Restarting data prefetching from start.
I0404 20:56:07.155563 24164 solver.cpp:398]     Test net output #0: accuracy = 0.9849
I0404 20:56:07.155625 24164 solver.cpp:398]     Test net output #1: loss = 0.082254 (* 1 = 0.082254 loss)
I0404 20:56:07.155640 24164 solver.cpp:316] Optimization Done.
I0404 20:56:07.155648 24164 caffe_double.cpp:259] Optimization Done.
