I0405 02:10:46.729008 14963 caffe_double.cpp:211] Use CPU.
I0405 02:10:46.729586 14963 solver.cpp:44] Initializing solver from parameters: 
test_iter: 100
test_interval: 600
base_lr: 0.1
display: 600
max_iter: 18000
lr_policy: "inv"
gamma: 0.0001
power: 0.75
momentum: 0.9
solver_mode: CPU
net_param {
  name: "LeNet"
  layer {
    name: "mnist"
    type: "Data"
    top: "data"
    top: "label"
    include {
      phase: TRAIN
    }
    transform_param {
      scale: 0.00390625
    }
    data_param {
      source: "data/mnist_train_lmdb"
      batch_size: 100
      backend: LMDB
    }
  }
  layer {
    name: "mnist"
    type: "Data"
    top: "data"
    top: "label"
    include {
      phase: TEST
    }
    transform_param {
      scale: 0.00390625
    }
    data_param {
      source: "data/mnist_test_lmdb"
      batch_size: 100
      backend: LMDB
    }
  }
  layer {
    name: "ip1"
    type: "InnerProduct"
    bottom: "data"
    top: "ip1"
    inner_product_param {
      num_output: 1000
      weight_filler {
        type: "gaussian"
        mean: 0
        std: 0.01
      }
    }
    bias_param {
      filler {
        value: 0
      }
    }
    fixed_precision: true
    precision {
      enter: 4
      fraccio: 8
      rounding: "stochastic"
    }
  }
  layer {
    name: "relu1"
    type: "ReLU"
    bottom: "ip1"
    top: "ip1"
    fixed_precision: true
    precision {
      enter: 4
      fraccio: 8
      rounding: "stochastic"
    }
  }
  layer {
    name: "ip2"
    type: "InnerProduct"
    bottom: "ip1"
    top: "ip2"
    inner_product_param {
      num_output: 1000
      weight_filler {
        type: "gaussian"
        mean: 0
        std: 0.01
      }
    }
    bias_param {
      filler {
        value: 0
      }
    }
    fixed_precision: true
    precision {
      enter: 4
      fraccio: 8
      rounding: "stochastic"
    }
  }
  layer {
    name: "relu2"
    type: "ReLU"
    bottom: "ip2"
    top: "ip2"
    bias_param {
      filler {
        value: 0
      }
    }
    fixed_precision: true
    precision {
      enter: 4
      fraccio: 8
      rounding: "stochastic"
    }
  }
  layer {
    name: "ip3"
    type: "InnerProduct"
    bottom: "ip2"
    top: "ip3"
    inner_product_param {
      num_output: 10
      weight_filler {
        type: "gaussian"
        mean: 0
        std: 0.01
      }
    }
    bias_param {
      filler {
        value: 0
      }
    }
    fixed_precision: true
    precision {
      enter: 4
      fraccio: 8
      rounding: "stochastic"
    }
  }
  layer {
    name: "accuracy"
    type: "Accuracy"
    bottom: "ip3"
    bottom: "label"
    top: "accuracy"
  }
  layer {
    name: "loss"
    type: "SoftmaxWithLoss"
    bottom: "ip3"
    bottom: "label"
    top: "loss"
    fixed_precision: true
    precision {
      enter: 4
      fraccio: 8
      rounding: "stochastic"
    }
  }
}
train_state {
  level: 0
  stage: ""
}
fixed_precision: true
precision {
  enter: 4
  fraccio: 8
  rounding: "stochastic"
}
I0405 02:10:46.729650 14963 solver.cpp:82] Creating training net specified in net_param.
I0405 02:10:46.729706 14963 net.cpp:294] The NetState phase (0) differed from the phase (1) specified by a rule in layer mnist
I0405 02:10:46.729874 14963 net.cpp:51] Initializing net from parameters: 
name: "LeNet"
state {
  phase: TRAIN
  level: 0
  stage: ""
}
layer {
  name: "mnist"
  type: "Data"
  top: "data"
  top: "label"
  include {
    phase: TRAIN
  }
  transform_param {
    scale: 0.00390625
  }
  data_param {
    source: "data/mnist_train_lmdb"
    batch_size: 100
    backend: LMDB
  }
}
layer {
  name: "ip1"
  type: "InnerProduct"
  bottom: "data"
  top: "ip1"
  inner_product_param {
    num_output: 1000
    weight_filler {
      type: "gaussian"
      mean: 0
      std: 0.01
    }
  }
  bias_param {
    filler {
      value: 0
    }
  }
  fixed_precision: true
  precision {
    enter: 4
    fraccio: 8
    rounding: "stochastic"
  }
}
layer {
  name: "relu1"
  type: "ReLU"
  bottom: "ip1"
  top: "ip1"
  fixed_precision: true
  precision {
    enter: 4
    fraccio: 8
    rounding: "stochastic"
  }
}
layer {
  name: "ip2"
  type: "InnerProduct"
  bottom: "ip1"
  top: "ip2"
  inner_product_param {
    num_output: 1000
    weight_filler {
      type: "gaussian"
      mean: 0
      std: 0.01
    }
  }
  bias_param {
    filler {
      value: 0
    }
  }
  fixed_precision: true
  precision {
    enter: 4
    fraccio: 8
    rounding: "stochastic"
  }
}
layer {
  name: "relu2"
  type: "ReLU"
  bottom: "ip2"
  top: "ip2"
  bias_param {
    filler {
      value: 0
    }
  }
  fixed_precision: true
  precision {
    enter: 4
    fraccio: 8
    rounding: "stochastic"
  }
}
layer {
  name: "ip3"
  type: "InnerProduct"
  bottom: "ip2"
  top: "ip3"
  inner_product_param {
    num_output: 10
    weight_filler {
      type: "gaussian"
      mean: 0
      std: 0.01
    }
  }
  bias_param {
    filler {
      value: 0
    }
  }
  fixed_precision: true
  precision {
    enter: 4
    fraccio: 8
    rounding: "stochastic"
  }
}
layer {
  name: "accuracy"
  type: "Accuracy"
  bottom: "ip3"
  bottom: "label"
  top: "accuracy"
}
layer {
  name: "loss"
  type: "SoftmaxWithLoss"
  bottom: "ip3"
  bottom: "label"
  top: "loss"
  fixed_precision: true
  precision {
    enter: 4
    fraccio: 8
    rounding: "stochastic"
  }
}
I0405 02:10:46.730002 14963 layer_factory.hpp:77] Creating layer mnist
I0405 02:10:46.730130 14963 db_lmdb.cpp:35] Opened lmdb data/mnist_train_lmdb
I0405 02:10:46.730159 14963 net.cpp:84] Creating Layer mnist
I0405 02:10:46.730171 14963 net.cpp:380] mnist -> data
I0405 02:10:46.730201 14963 net.cpp:380] mnist -> label
I0405 02:10:46.730237 14963 data_layer.cpp:45] output data size: 100,1,28,28
I0405 02:10:46.731945 14963 net.cpp:122] Setting up mnist
I0405 02:10:46.731969 14963 net.cpp:129] Top shape: 100 1 28 28 (78400)
I0405 02:10:46.731979 14963 net.cpp:129] Top shape: 100 (100)
I0405 02:10:46.731986 14963 net.cpp:137] Memory required for data: 628000
I0405 02:10:46.731997 14963 layer_factory.hpp:77] Creating layer label_mnist_1_split
I0405 02:10:46.732013 14963 net.cpp:84] Creating Layer label_mnist_1_split
I0405 02:10:46.732023 14963 net.cpp:406] label_mnist_1_split <- label
I0405 02:10:46.732035 14963 net.cpp:380] label_mnist_1_split -> label_mnist_1_split_0
I0405 02:10:46.732048 14963 net.cpp:380] label_mnist_1_split -> label_mnist_1_split_1
I0405 02:10:46.732061 14963 net.cpp:122] Setting up label_mnist_1_split
I0405 02:10:46.732070 14963 net.cpp:129] Top shape: 100 (100)
I0405 02:10:46.732079 14963 net.cpp:129] Top shape: 100 (100)
I0405 02:10:46.732085 14963 net.cpp:137] Memory required for data: 629600
I0405 02:10:46.732092 14963 layer_factory.hpp:77] Creating layer ip1
I0405 02:10:46.732108 14963 net.cpp:84] Creating Layer ip1
I0405 02:10:46.732115 14963 net.cpp:406] ip1 <- data
I0405 02:10:46.732125 14963 net.cpp:380] ip1 -> ip1
I0405 02:10:46.842977 14963 net.cpp:122] Setting up ip1
I0405 02:10:46.843014 14963 net.cpp:129] Top shape: 100 1000 (100000)
I0405 02:10:46.843022 14963 net.cpp:137] Memory required for data: 1429600
I0405 02:10:46.843045 14963 layer_factory.hpp:77] Creating layer relu1
I0405 02:10:46.843063 14963 net.cpp:84] Creating Layer relu1
I0405 02:10:46.843075 14963 net.cpp:406] relu1 <- ip1
I0405 02:10:46.843086 14963 net.cpp:367] relu1 -> ip1 (in-place)
I0405 02:10:46.843109 14963 net.cpp:122] Setting up relu1
I0405 02:10:46.843119 14963 net.cpp:129] Top shape: 100 1000 (100000)
I0405 02:10:46.843127 14963 net.cpp:137] Memory required for data: 2229600
I0405 02:10:46.843137 14963 layer_factory.hpp:77] Creating layer ip2
I0405 02:10:46.843152 14963 net.cpp:84] Creating Layer ip2
I0405 02:10:46.843159 14963 net.cpp:406] ip2 <- ip1
I0405 02:10:46.843171 14963 net.cpp:380] ip2 -> ip2
I0405 02:10:46.944090 14963 net.cpp:122] Setting up ip2
I0405 02:10:46.944139 14963 net.cpp:129] Top shape: 100 1000 (100000)
I0405 02:10:46.944149 14963 net.cpp:137] Memory required for data: 3029600
I0405 02:10:46.944169 14963 layer_factory.hpp:77] Creating layer relu2
I0405 02:10:46.944187 14963 net.cpp:84] Creating Layer relu2
I0405 02:10:46.944200 14963 net.cpp:406] relu2 <- ip2
I0405 02:10:46.944212 14963 net.cpp:367] relu2 -> ip2 (in-place)
I0405 02:10:46.944247 14963 net.cpp:122] Setting up relu2
I0405 02:10:46.944272 14963 net.cpp:129] Top shape: 100 1000 (100000)
I0405 02:10:46.944278 14963 net.cpp:137] Memory required for data: 3829600
I0405 02:10:46.944286 14963 layer_factory.hpp:77] Creating layer ip3
I0405 02:10:46.944300 14963 net.cpp:84] Creating Layer ip3
I0405 02:10:46.944308 14963 net.cpp:406] ip3 <- ip2
I0405 02:10:46.944319 14963 net.cpp:380] ip3 -> ip3
I0405 02:10:46.945407 14963 net.cpp:122] Setting up ip3
I0405 02:10:46.945425 14963 net.cpp:129] Top shape: 100 10 (1000)
I0405 02:10:46.945431 14963 net.cpp:137] Memory required for data: 3837600
I0405 02:10:46.945447 14963 layer_factory.hpp:77] Creating layer ip3_ip3_0_split
I0405 02:10:46.945459 14963 net.cpp:84] Creating Layer ip3_ip3_0_split
I0405 02:10:46.945468 14963 net.cpp:406] ip3_ip3_0_split <- ip3
I0405 02:10:46.945478 14963 net.cpp:380] ip3_ip3_0_split -> ip3_ip3_0_split_0
I0405 02:10:46.945492 14963 net.cpp:380] ip3_ip3_0_split -> ip3_ip3_0_split_1
I0405 02:10:46.945508 14963 net.cpp:122] Setting up ip3_ip3_0_split
I0405 02:10:46.945518 14963 net.cpp:129] Top shape: 100 10 (1000)
I0405 02:10:46.945528 14963 net.cpp:129] Top shape: 100 10 (1000)
I0405 02:10:46.945536 14963 net.cpp:137] Memory required for data: 3853600
I0405 02:10:46.945544 14963 layer_factory.hpp:77] Creating layer accuracy
I0405 02:10:46.945556 14963 net.cpp:84] Creating Layer accuracy
I0405 02:10:46.945564 14963 net.cpp:406] accuracy <- ip3_ip3_0_split_0
I0405 02:10:46.945574 14963 net.cpp:406] accuracy <- label_mnist_1_split_0
I0405 02:10:46.945588 14963 net.cpp:380] accuracy -> accuracy
I0405 02:10:46.945603 14963 net.cpp:122] Setting up accuracy
I0405 02:10:46.945614 14963 net.cpp:129] Top shape: (1)
I0405 02:10:46.945621 14963 net.cpp:137] Memory required for data: 3853608
I0405 02:10:46.945628 14963 layer_factory.hpp:77] Creating layer loss
I0405 02:10:46.945647 14963 net.cpp:84] Creating Layer loss
I0405 02:10:46.945655 14963 net.cpp:406] loss <- ip3_ip3_0_split_1
I0405 02:10:46.945664 14963 net.cpp:406] loss <- label_mnist_1_split_1
I0405 02:10:46.945675 14963 net.cpp:380] loss -> loss
I0405 02:10:46.945698 14963 layer_factory.hpp:77] Creating layer loss
I0405 02:10:46.945724 14963 net.cpp:122] Setting up loss
I0405 02:10:46.945734 14963 net.cpp:129] Top shape: (1)
I0405 02:10:46.945740 14963 net.cpp:132]     with loss weight 1
I0405 02:10:46.945766 14963 net.cpp:137] Memory required for data: 3853616
I0405 02:10:46.945775 14963 net.cpp:198] loss needs backward computation.
I0405 02:10:46.945782 14963 net.cpp:200] accuracy does not need backward computation.
I0405 02:10:46.945791 14963 net.cpp:198] ip3_ip3_0_split needs backward computation.
I0405 02:10:46.945797 14963 net.cpp:198] ip3 needs backward computation.
I0405 02:10:46.945806 14963 net.cpp:198] relu2 needs backward computation.
I0405 02:10:46.945814 14963 net.cpp:198] ip2 needs backward computation.
I0405 02:10:46.945823 14963 net.cpp:198] relu1 needs backward computation.
I0405 02:10:46.945832 14963 net.cpp:198] ip1 needs backward computation.
I0405 02:10:46.945840 14963 net.cpp:200] label_mnist_1_split does not need backward computation.
I0405 02:10:46.945850 14963 net.cpp:200] mnist does not need backward computation.
I0405 02:10:46.945858 14963 net.cpp:242] This network produces output accuracy
I0405 02:10:46.945866 14963 net.cpp:242] This network produces output loss
I0405 02:10:46.945884 14963 net.cpp:255] Network initialization done.
I0405 02:10:46.945945 14963 solver.cpp:173] Creating test net (#0) specified by net_param
I0405 02:10:46.945971 14963 net.cpp:294] The NetState phase (1) differed from the phase (0) specified by a rule in layer mnist
I0405 02:10:46.946101 14963 net.cpp:51] Initializing net from parameters: 
name: "LeNet"
state {
  phase: TEST
}
layer {
  name: "mnist"
  type: "Data"
  top: "data"
  top: "label"
  include {
    phase: TEST
  }
  transform_param {
    scale: 0.00390625
  }
  data_param {
    source: "data/mnist_test_lmdb"
    batch_size: 100
    backend: LMDB
  }
}
layer {
  name: "ip1"
  type: "InnerProduct"
  bottom: "data"
  top: "ip1"
  inner_product_param {
    num_output: 1000
    weight_filler {
      type: "gaussian"
      mean: 0
      std: 0.01
    }
  }
  bias_param {
    filler {
      value: 0
    }
  }
  fixed_precision: true
  precision {
    enter: 4
    fraccio: 8
    rounding: "stochastic"
  }
}
layer {
  name: "relu1"
  type: "ReLU"
  bottom: "ip1"
  top: "ip1"
  fixed_precision: true
  precision {
    enter: 4
    fraccio: 8
    rounding: "stochastic"
  }
}
layer {
  name: "ip2"
  type: "InnerProduct"
  bottom: "ip1"
  top: "ip2"
  inner_product_param {
    num_output: 1000
    weight_filler {
      type: "gaussian"
      mean: 0
      std: 0.01
    }
  }
  bias_param {
    filler {
      value: 0
    }
  }
  fixed_precision: true
  precision {
    enter: 4
    fraccio: 8
    rounding: "stochastic"
  }
}
layer {
  name: "relu2"
  type: "ReLU"
  bottom: "ip2"
  top: "ip2"
  bias_param {
    filler {
      value: 0
    }
  }
  fixed_precision: true
  precision {
    enter: 4
    fraccio: 8
    rounding: "stochastic"
  }
}
layer {
  name: "ip3"
  type: "InnerProduct"
  bottom: "ip2"
  top: "ip3"
  inner_product_param {
    num_output: 10
    weight_filler {
      type: "gaussian"
      mean: 0
      std: 0.01
    }
  }
  bias_param {
    filler {
      value: 0
    }
  }
  fixed_precision: true
  precision {
    enter: 4
    fraccio: 8
    rounding: "stochastic"
  }
}
layer {
  name: "accuracy"
  type: "Accuracy"
  bottom: "ip3"
  bottom: "label"
  top: "accuracy"
}
layer {
  name: "loss"
  type: "SoftmaxWithLoss"
  bottom: "ip3"
  bottom: "label"
  top: "loss"
  fixed_precision: true
  precision {
    enter: 4
    fraccio: 8
    rounding: "stochastic"
  }
}
I0405 02:10:46.946178 14963 layer_factory.hpp:77] Creating layer mnist
I0405 02:10:46.946244 14963 db_lmdb.cpp:35] Opened lmdb data/mnist_test_lmdb
I0405 02:10:46.946264 14963 net.cpp:84] Creating Layer mnist
I0405 02:10:46.946274 14963 net.cpp:380] mnist -> data
I0405 02:10:46.946291 14963 net.cpp:380] mnist -> label
I0405 02:10:46.946312 14963 data_layer.cpp:45] output data size: 100,1,28,28
I0405 02:10:46.947134 14963 net.cpp:122] Setting up mnist
I0405 02:10:46.947150 14963 net.cpp:129] Top shape: 100 1 28 28 (78400)
I0405 02:10:46.947160 14963 net.cpp:129] Top shape: 100 (100)
I0405 02:10:46.947166 14963 net.cpp:137] Memory required for data: 628000
I0405 02:10:46.947175 14963 layer_factory.hpp:77] Creating layer label_mnist_1_split
I0405 02:10:46.947186 14963 net.cpp:84] Creating Layer label_mnist_1_split
I0405 02:10:46.947194 14963 net.cpp:406] label_mnist_1_split <- label
I0405 02:10:46.947207 14963 net.cpp:380] label_mnist_1_split -> label_mnist_1_split_0
I0405 02:10:46.947221 14963 net.cpp:380] label_mnist_1_split -> label_mnist_1_split_1
I0405 02:10:46.947234 14963 net.cpp:122] Setting up label_mnist_1_split
I0405 02:10:46.947247 14963 net.cpp:129] Top shape: 100 (100)
I0405 02:10:46.947257 14963 net.cpp:129] Top shape: 100 (100)
I0405 02:10:46.947265 14963 net.cpp:137] Memory required for data: 629600
I0405 02:10:46.947273 14963 layer_factory.hpp:77] Creating layer ip1
I0405 02:10:46.947286 14963 net.cpp:84] Creating Layer ip1
I0405 02:10:46.947294 14963 net.cpp:406] ip1 <- data
I0405 02:10:46.947305 14963 net.cpp:380] ip1 -> ip1
I0405 02:10:47.017762 14963 net.cpp:122] Setting up ip1
I0405 02:10:47.017799 14963 net.cpp:129] Top shape: 100 1000 (100000)
I0405 02:10:47.017807 14963 net.cpp:137] Memory required for data: 1429600
I0405 02:10:47.017824 14963 layer_factory.hpp:77] Creating layer relu1
I0405 02:10:47.017838 14963 net.cpp:84] Creating Layer relu1
I0405 02:10:47.017848 14963 net.cpp:406] relu1 <- ip1
I0405 02:10:47.017858 14963 net.cpp:367] relu1 -> ip1 (in-place)
I0405 02:10:47.017871 14963 net.cpp:122] Setting up relu1
I0405 02:10:47.017879 14963 net.cpp:129] Top shape: 100 1000 (100000)
I0405 02:10:47.017886 14963 net.cpp:137] Memory required for data: 2229600
I0405 02:10:47.017892 14963 layer_factory.hpp:77] Creating layer ip2
I0405 02:10:47.017909 14963 net.cpp:84] Creating Layer ip2
I0405 02:10:47.017915 14963 net.cpp:406] ip2 <- ip1
I0405 02:10:47.017932 14963 net.cpp:380] ip2 -> ip2
I0405 02:10:47.099911 14963 net.cpp:122] Setting up ip2
I0405 02:10:47.099948 14963 net.cpp:129] Top shape: 100 1000 (100000)
I0405 02:10:47.099954 14963 net.cpp:137] Memory required for data: 3029600
I0405 02:10:47.099972 14963 layer_factory.hpp:77] Creating layer relu2
I0405 02:10:47.099988 14963 net.cpp:84] Creating Layer relu2
I0405 02:10:47.099997 14963 net.cpp:406] relu2 <- ip2
I0405 02:10:47.100006 14963 net.cpp:367] relu2 -> ip2 (in-place)
I0405 02:10:47.100020 14963 net.cpp:122] Setting up relu2
I0405 02:10:47.100029 14963 net.cpp:129] Top shape: 100 1000 (100000)
I0405 02:10:47.100036 14963 net.cpp:137] Memory required for data: 3829600
I0405 02:10:47.100042 14963 layer_factory.hpp:77] Creating layer ip3
I0405 02:10:47.100052 14963 net.cpp:84] Creating Layer ip3
I0405 02:10:47.100059 14963 net.cpp:406] ip3 <- ip2
I0405 02:10:47.100069 14963 net.cpp:380] ip3 -> ip3
I0405 02:10:47.100935 14963 net.cpp:122] Setting up ip3
I0405 02:10:47.100952 14963 net.cpp:129] Top shape: 100 10 (1000)
I0405 02:10:47.100960 14963 net.cpp:137] Memory required for data: 3837600
I0405 02:10:47.100973 14963 layer_factory.hpp:77] Creating layer ip3_ip3_0_split
I0405 02:10:47.100985 14963 net.cpp:84] Creating Layer ip3_ip3_0_split
I0405 02:10:47.100991 14963 net.cpp:406] ip3_ip3_0_split <- ip3
I0405 02:10:47.101001 14963 net.cpp:380] ip3_ip3_0_split -> ip3_ip3_0_split_0
I0405 02:10:47.101011 14963 net.cpp:380] ip3_ip3_0_split -> ip3_ip3_0_split_1
I0405 02:10:47.101027 14963 net.cpp:122] Setting up ip3_ip3_0_split
I0405 02:10:47.101039 14963 net.cpp:129] Top shape: 100 10 (1000)
I0405 02:10:47.101048 14963 net.cpp:129] Top shape: 100 10 (1000)
I0405 02:10:47.101054 14963 net.cpp:137] Memory required for data: 3853600
I0405 02:10:47.101061 14963 layer_factory.hpp:77] Creating layer accuracy
I0405 02:10:47.101073 14963 net.cpp:84] Creating Layer accuracy
I0405 02:10:47.101079 14963 net.cpp:406] accuracy <- ip3_ip3_0_split_0
I0405 02:10:47.101086 14963 net.cpp:406] accuracy <- label_mnist_1_split_0
I0405 02:10:47.101094 14963 net.cpp:380] accuracy -> accuracy
I0405 02:10:47.101105 14963 net.cpp:122] Setting up accuracy
I0405 02:10:47.101114 14963 net.cpp:129] Top shape: (1)
I0405 02:10:47.101121 14963 net.cpp:137] Memory required for data: 3853608
I0405 02:10:47.101127 14963 layer_factory.hpp:77] Creating layer loss
I0405 02:10:47.101137 14963 net.cpp:84] Creating Layer loss
I0405 02:10:47.101145 14963 net.cpp:406] loss <- ip3_ip3_0_split_1
I0405 02:10:47.101151 14963 net.cpp:406] loss <- label_mnist_1_split_1
I0405 02:10:47.101160 14963 net.cpp:380] loss -> loss
I0405 02:10:47.101172 14963 layer_factory.hpp:77] Creating layer loss
I0405 02:10:47.101196 14963 net.cpp:122] Setting up loss
I0405 02:10:47.101203 14963 net.cpp:129] Top shape: (1)
I0405 02:10:47.101209 14963 net.cpp:132]     with loss weight 1
I0405 02:10:47.101223 14963 net.cpp:137] Memory required for data: 3853616
I0405 02:10:47.101229 14963 net.cpp:198] loss needs backward computation.
I0405 02:10:47.101236 14963 net.cpp:200] accuracy does not need backward computation.
I0405 02:10:47.101243 14963 net.cpp:198] ip3_ip3_0_split needs backward computation.
I0405 02:10:47.101249 14963 net.cpp:198] ip3 needs backward computation.
I0405 02:10:47.101256 14963 net.cpp:198] relu2 needs backward computation.
I0405 02:10:47.101263 14963 net.cpp:198] ip2 needs backward computation.
I0405 02:10:47.101269 14963 net.cpp:198] relu1 needs backward computation.
I0405 02:10:47.101274 14963 net.cpp:198] ip1 needs backward computation.
I0405 02:10:47.101280 14963 net.cpp:200] label_mnist_1_split does not need backward computation.
I0405 02:10:47.101287 14963 net.cpp:200] mnist does not need backward computation.
I0405 02:10:47.101292 14963 net.cpp:242] This network produces output accuracy
I0405 02:10:47.101299 14963 net.cpp:242] This network produces output loss
I0405 02:10:47.101315 14963 net.cpp:255] Network initialization done.
I0405 02:10:47.101382 14963 solver.cpp:56] Solver scaffolding done.
I0405 02:10:47.101405 14963 caffe_double.cpp:248] Starting Optimization
I0405 02:10:47.101423 14963 solver.cpp:273] Solving LeNet
I0405 02:10:47.101429 14963 solver.cpp:274] Learning Rate Policy: inv
I0405 02:10:47.104063 14963 solver.cpp:331] Iteration 0, Testing net (#0)
I0405 02:10:48.968780 14969 data_layer.cpp:73] Restarting data prefetching from start.
I0405 02:10:49.046972 14963 solver.cpp:398]     Test net output #0: accuracy = 0.124
I0405 02:10:49.047032 14963 solver.cpp:398]     Test net output #1: loss = 2.30243 (* 1 = 2.30243 loss)
I0405 02:10:49.088032 14963 solver.cpp:219] Iteration 0 (-5.74532e-44 iter/s, 1.986s/600 iters), loss = 2.30184
I0405 02:10:49.088096 14963 solver.cpp:238]     Train net output #0: accuracy = 0.22
I0405 02:10:49.088115 14963 solver.cpp:238]     Train net output #1: loss = 2.30184 (* 1 = 2.30184 loss)
I0405 02:10:49.088131 14963 sgd_solver.cpp:107] Iteration 0, lr = 0.1
I0405 02:11:58.004214 14967 data_layer.cpp:73] Restarting data prefetching from start.
I0405 02:11:58.464887 14963 solver.cpp:331] Iteration 600, Testing net (#0)
I0405 02:12:00.288393 14969 data_layer.cpp:73] Restarting data prefetching from start.
I0405 02:12:00.363028 14963 solver.cpp:398]     Test net output #0: accuracy = 0.9181
I0405 02:12:00.363095 14963 solver.cpp:398]     Test net output #1: loss = 0.275908 (* 1 = 0.275908 loss)
I0405 02:12:00.402258 14963 solver.cpp:219] Iteration 600 (8.4135 iter/s, 71.314s/600 iters), loss = 0.215118
I0405 02:12:00.402329 14963 solver.cpp:238]     Train net output #0: accuracy = 0.93
I0405 02:12:00.402354 14963 solver.cpp:238]     Train net output #1: loss = 0.215118 (* 1 = 0.215118 loss)
I0405 02:12:00.402369 14963 sgd_solver.cpp:107] Iteration 600, lr = 0.0957239
I0405 02:13:08.714927 14967 data_layer.cpp:73] Restarting data prefetching from start.
I0405 02:13:09.171419 14963 solver.cpp:331] Iteration 1200, Testing net (#0)
I0405 02:13:10.980199 14969 data_layer.cpp:73] Restarting data prefetching from start.
I0405 02:13:11.054399 14963 solver.cpp:398]     Test net output #0: accuracy = 0.9424
I0405 02:13:11.054467 14963 solver.cpp:398]     Test net output #1: loss = 0.220859 (* 1 = 0.220859 loss)
I0405 02:13:11.093705 14963 solver.cpp:219] Iteration 1200 (8.48764 iter/s, 70.691s/600 iters), loss = 0.106792
I0405 02:13:11.093772 14963 solver.cpp:238]     Train net output #0: accuracy = 0.98
I0405 02:13:11.093793 14963 solver.cpp:238]     Train net output #1: loss = 0.106792 (* 1 = 0.106792 loss)
I0405 02:13:11.093811 14963 sgd_solver.cpp:107] Iteration 1200, lr = 0.0918516
I0405 02:14:19.180084 14967 data_layer.cpp:73] Restarting data prefetching from start.
I0405 02:14:19.633574 14963 solver.cpp:331] Iteration 1800, Testing net (#0)
I0405 02:14:21.447335 14969 data_layer.cpp:73] Restarting data prefetching from start.
I0405 02:14:21.521510 14963 solver.cpp:398]     Test net output #0: accuracy = 0.9608
I0405 02:14:21.521575 14963 solver.cpp:398]     Test net output #1: loss = 0.142979 (* 1 = 0.142979 loss)
I0405 02:14:21.560714 14963 solver.cpp:219] Iteration 1800 (8.51474 iter/s, 70.466s/600 iters), loss = 0.0614481
I0405 02:14:21.560781 14963 solver.cpp:238]     Train net output #0: accuracy = 0.99
I0405 02:14:21.560804 14963 solver.cpp:238]     Train net output #1: loss = 0.0614481 (* 1 = 0.0614481 loss)
I0405 02:14:21.560819 14963 sgd_solver.cpp:107] Iteration 1800, lr = 0.088326
I0405 02:15:29.770941 14967 data_layer.cpp:73] Restarting data prefetching from start.
I0405 02:15:30.225941 14963 solver.cpp:331] Iteration 2400, Testing net (#0)
I0405 02:15:32.040647 14969 data_layer.cpp:73] Restarting data prefetching from start.
I0405 02:15:32.113471 14963 solver.cpp:398]     Test net output #0: accuracy = 0.949
I0405 02:15:32.113538 14963 solver.cpp:398]     Test net output #1: loss = 0.217618 (* 1 = 0.217618 loss)
I0405 02:15:32.151939 14963 solver.cpp:219] Iteration 2400 (8.49967 iter/s, 70.591s/600 iters), loss = 0.099761
I0405 02:15:32.152009 14963 solver.cpp:238]     Train net output #0: accuracy = 0.96
I0405 02:15:32.152030 14963 solver.cpp:238]     Train net output #1: loss = 0.099761 (* 1 = 0.099761 loss)
I0405 02:15:32.152060 14963 sgd_solver.cpp:107] Iteration 2400, lr = 0.0851008
I0405 02:16:40.699105 14967 data_layer.cpp:73] Restarting data prefetching from start.
I0405 02:16:41.153882 14963 solver.cpp:331] Iteration 3000, Testing net (#0)
I0405 02:16:42.974594 14969 data_layer.cpp:73] Restarting data prefetching from start.
I0405 02:16:43.048812 14963 solver.cpp:398]     Test net output #0: accuracy = 0.9607
I0405 02:16:43.048880 14963 solver.cpp:398]     Test net output #1: loss = 0.144572 (* 1 = 0.144572 loss)
I0405 02:16:43.088088 14963 solver.cpp:219] Iteration 3000 (8.45833 iter/s, 70.936s/600 iters), loss = 0.0406272
I0405 02:16:43.088155 14963 solver.cpp:238]     Train net output #0: accuracy = 0.99
I0405 02:16:43.088173 14963 solver.cpp:238]     Train net output #1: loss = 0.0406272 (* 1 = 0.0406272 loss)
I0405 02:16:43.088188 14963 sgd_solver.cpp:107] Iteration 3000, lr = 0.0821377
I0405 02:17:51.702147 14967 data_layer.cpp:73] Restarting data prefetching from start.
I0405 02:17:52.162523 14963 solver.cpp:331] Iteration 3600, Testing net (#0)
I0405 02:17:53.979540 14969 data_layer.cpp:73] Restarting data prefetching from start.
I0405 02:17:54.053508 14963 solver.cpp:398]     Test net output #0: accuracy = 0.9711
I0405 02:17:54.053576 14963 solver.cpp:398]     Test net output #1: loss = 0.116691 (* 1 = 0.116691 loss)
I0405 02:17:54.092653 14963 solver.cpp:219] Iteration 3600 (8.45023 iter/s, 71.004s/600 iters), loss = 0.0525029
I0405 02:17:54.092720 14963 solver.cpp:238]     Train net output #0: accuracy = 0.98
I0405 02:17:54.092741 14963 solver.cpp:238]     Train net output #1: loss = 0.0525029 (* 1 = 0.0525029 loss)
I0405 02:17:54.092756 14963 sgd_solver.cpp:107] Iteration 3600, lr = 0.0794046
I0405 02:19:02.748445 14967 data_layer.cpp:73] Restarting data prefetching from start.
I0405 02:19:03.204336 14963 solver.cpp:331] Iteration 4200, Testing net (#0)
I0405 02:19:05.017920 14969 data_layer.cpp:73] Restarting data prefetching from start.
I0405 02:19:05.091873 14963 solver.cpp:398]     Test net output #0: accuracy = 0.972
I0405 02:19:05.091939 14963 solver.cpp:398]     Test net output #1: loss = 0.114812 (* 1 = 0.114812 loss)
I0405 02:19:05.130987 14963 solver.cpp:219] Iteration 4200 (8.44618 iter/s, 71.038s/600 iters), loss = 0.0446531
I0405 02:19:05.131054 14963 solver.cpp:238]     Train net output #0: accuracy = 0.99
I0405 02:19:05.131074 14963 solver.cpp:238]     Train net output #1: loss = 0.0446531 (* 1 = 0.0446531 loss)
I0405 02:19:05.131089 14963 sgd_solver.cpp:107] Iteration 4200, lr = 0.0768748
I0405 02:20:13.535245 14967 data_layer.cpp:73] Restarting data prefetching from start.
I0405 02:20:13.995862 14963 solver.cpp:331] Iteration 4800, Testing net (#0)
I0405 02:20:15.813045 14969 data_layer.cpp:73] Restarting data prefetching from start.
I0405 02:20:15.887199 14963 solver.cpp:398]     Test net output #0: accuracy = 0.9674
I0405 02:20:15.887264 14963 solver.cpp:398]     Test net output #1: loss = 0.137537 (* 1 = 0.137537 loss)
I0405 02:20:15.926375 14963 solver.cpp:219] Iteration 4800 (8.47517 iter/s, 70.795s/600 iters), loss = 0.0224395
I0405 02:20:15.926441 14963 solver.cpp:238]     Train net output #0: accuracy = 1
I0405 02:20:15.926460 14963 solver.cpp:238]     Train net output #1: loss = 0.0224395 (* 1 = 0.0224395 loss)
I0405 02:20:15.926476 14963 sgd_solver.cpp:107] Iteration 4800, lr = 0.0745253
I0405 02:21:24.991925 14967 data_layer.cpp:73] Restarting data prefetching from start.
I0405 02:21:25.450156 14963 solver.cpp:331] Iteration 5400, Testing net (#0)
I0405 02:21:27.277636 14969 data_layer.cpp:73] Restarting data prefetching from start.
I0405 02:21:27.353143 14963 solver.cpp:398]     Test net output #0: accuracy = 0.9766
I0405 02:21:27.353210 14963 solver.cpp:398]     Test net output #1: loss = 0.110458 (* 1 = 0.110458 loss)
I0405 02:21:27.392837 14963 solver.cpp:219] Iteration 5400 (8.3956 iter/s, 71.466s/600 iters), loss = 0.0354909
I0405 02:21:27.392906 14963 solver.cpp:238]     Train net output #0: accuracy = 0.99
I0405 02:21:27.392930 14963 solver.cpp:238]     Train net output #1: loss = 0.0354909 (* 1 = 0.0354909 loss)
I0405 02:21:27.392961 14963 sgd_solver.cpp:107] Iteration 5400, lr = 0.0723368
I0405 02:22:36.101239 14967 data_layer.cpp:73] Restarting data prefetching from start.
I0405 02:22:36.560367 14963 solver.cpp:331] Iteration 6000, Testing net (#0)
I0405 02:22:38.390029 14969 data_layer.cpp:73] Restarting data prefetching from start.
I0405 02:22:38.465931 14963 solver.cpp:398]     Test net output #0: accuracy = 0.9748
I0405 02:22:38.465998 14963 solver.cpp:398]     Test net output #1: loss = 0.123009 (* 1 = 0.123009 loss)
I0405 02:22:38.505720 14963 solver.cpp:219] Iteration 6000 (8.43739 iter/s, 71.112s/600 iters), loss = 0.0267103
I0405 02:22:38.505786 14963 solver.cpp:238]     Train net output #0: accuracy = 0.99
I0405 02:22:38.505808 14963 solver.cpp:238]     Train net output #1: loss = 0.0267103 (* 1 = 0.0267103 loss)
I0405 02:22:38.505825 14963 sgd_solver.cpp:107] Iteration 6000, lr = 0.0702927
I0405 02:23:47.293092 14967 data_layer.cpp:73] Restarting data prefetching from start.
I0405 02:23:47.759704 14963 solver.cpp:331] Iteration 6600, Testing net (#0)
I0405 02:23:49.589772 14969 data_layer.cpp:73] Restarting data prefetching from start.
I0405 02:23:49.668074 14963 solver.cpp:398]     Test net output #0: accuracy = 0.9754
I0405 02:23:49.668164 14963 solver.cpp:398]     Test net output #1: loss = 0.113848 (* 1 = 0.113848 loss)
I0405 02:23:49.709034 14963 solver.cpp:219] Iteration 6600 (8.42661 iter/s, 71.203s/600 iters), loss = 0.0487077
I0405 02:23:49.709102 14963 solver.cpp:238]     Train net output #0: accuracy = 0.98
I0405 02:23:49.709125 14963 solver.cpp:238]     Train net output #1: loss = 0.0487077 (* 1 = 0.0487077 loss)
I0405 02:23:49.709141 14963 sgd_solver.cpp:107] Iteration 6600, lr = 0.0683784
I0405 02:26:16.525606 14967 data_layer.cpp:73] Restarting data prefetching from start.
I0405 02:26:17.586243 14963 solver.cpp:331] Iteration 7200, Testing net (#0)
I0405 02:26:19.428743 14969 data_layer.cpp:73] Restarting data prefetching from start.
I0405 02:26:19.506459 14963 solver.cpp:398]     Test net output #0: accuracy = 0.9708
I0405 02:26:19.506525 14963 solver.cpp:398]     Test net output #1: loss = 0.152615 (* 1 = 0.152615 loss)
I0405 02:26:19.546150 14963 solver.cpp:219] Iteration 7200 (4.00435 iter/s, 149.837s/600 iters), loss = 0.0223614
I0405 02:26:19.546219 14963 solver.cpp:238]     Train net output #0: accuracy = 0.99
I0405 02:26:19.546242 14963 solver.cpp:238]     Train net output #1: loss = 0.0223614 (* 1 = 0.0223614 loss)
I0405 02:26:19.546258 14963 sgd_solver.cpp:107] Iteration 7200, lr = 0.0665815
I0405 02:28:59.698640 14967 data_layer.cpp:73] Restarting data prefetching from start.
I0405 02:29:00.783190 14963 solver.cpp:331] Iteration 7800, Testing net (#0)
I0405 02:29:02.630619 14969 data_layer.cpp:73] Restarting data prefetching from start.
I0405 02:29:02.709239 14963 solver.cpp:398]     Test net output #0: accuracy = 0.9747
I0405 02:29:02.709306 14963 solver.cpp:398]     Test net output #1: loss = 0.131234 (* 1 = 0.131234 loss)
I0405 02:29:02.748899 14963 solver.cpp:219] Iteration 7800 (3.67643 iter/s, 163.202s/600 iters), loss = 0.0187691
I0405 02:29:02.748970 14963 solver.cpp:238]     Train net output #0: accuracy = 0.99
I0405 02:29:02.748992 14963 solver.cpp:238]     Train net output #1: loss = 0.0187691 (* 1 = 0.0187691 loss)
I0405 02:29:02.749008 14963 sgd_solver.cpp:107] Iteration 7800, lr = 0.0648911
I0405 02:31:45.330171 14967 data_layer.cpp:73] Restarting data prefetching from start.
I0405 02:31:46.429366 14963 solver.cpp:331] Iteration 8400, Testing net (#0)
I0405 02:31:48.294894 14969 data_layer.cpp:73] Restarting data prefetching from start.
I0405 02:31:48.370350 14963 solver.cpp:398]     Test net output #0: accuracy = 0.9765
I0405 02:31:48.370417 14963 solver.cpp:398]     Test net output #1: loss = 0.123064 (* 1 = 0.123064 loss)
I0405 02:31:48.409981 14963 solver.cpp:219] Iteration 8400 (3.62185 iter/s, 165.661s/600 iters), loss = 0.00150326
I0405 02:31:48.410053 14963 solver.cpp:238]     Train net output #0: accuracy = 1
I0405 02:31:48.410091 14963 solver.cpp:238]     Train net output #1: loss = 0.00150326 (* 1 = 0.00150326 loss)
I0405 02:31:48.410109 14963 sgd_solver.cpp:107] Iteration 8400, lr = 0.0632975
I0405 02:34:32.646436 14967 data_layer.cpp:73] Restarting data prefetching from start.
I0405 02:34:33.751862 14963 solver.cpp:331] Iteration 9000, Testing net (#0)
I0405 02:34:35.563578 14969 data_layer.cpp:73] Restarting data prefetching from start.
I0405 02:34:35.639650 14963 solver.cpp:398]     Test net output #0: accuracy = 0.9741
I0405 02:34:35.639717 14963 solver.cpp:398]     Test net output #1: loss = 0.137773 (* 1 = 0.137773 loss)
I0405 02:34:35.684118 14963 solver.cpp:219] Iteration 9000 (3.58693 iter/s, 167.274s/600 iters), loss = 0.00200344
I0405 02:34:35.684185 14963 solver.cpp:238]     Train net output #0: accuracy = 1
I0405 02:34:35.684204 14963 solver.cpp:238]     Train net output #1: loss = 0.00200344 (* 1 = 0.00200344 loss)
I0405 02:34:35.684219 14963 sgd_solver.cpp:107] Iteration 9000, lr = 0.0617924
I0405 02:37:21.087757 14967 data_layer.cpp:73] Restarting data prefetching from start.
I0405 02:37:22.202965 14963 solver.cpp:331] Iteration 9600, Testing net (#0)
I0405 02:37:24.030046 14969 data_layer.cpp:73] Restarting data prefetching from start.
I0405 02:37:24.104974 14963 solver.cpp:398]     Test net output #0: accuracy = 0.9785
I0405 02:37:24.105047 14963 solver.cpp:398]     Test net output #1: loss = 0.123842 (* 1 = 0.123842 loss)
I0405 02:37:24.144632 14963 solver.cpp:219] Iteration 9600 (3.56168 iter/s, 168.46s/600 iters), loss = 0.00315722
I0405 02:37:24.144701 14963 solver.cpp:238]     Train net output #0: accuracy = 1
I0405 02:37:24.144724 14963 solver.cpp:238]     Train net output #1: loss = 0.00315722 (* 1 = 0.00315722 loss)
I0405 02:37:24.144740 14963 sgd_solver.cpp:107] Iteration 9600, lr = 0.0603682
I0405 02:40:09.683970 14967 data_layer.cpp:73] Restarting data prefetching from start.
I0405 02:40:10.786068 14963 solver.cpp:331] Iteration 10200, Testing net (#0)
I0405 02:40:12.590276 14969 data_layer.cpp:73] Restarting data prefetching from start.
I0405 02:40:12.667398 14963 solver.cpp:398]     Test net output #0: accuracy = 0.9736
I0405 02:40:12.667469 14963 solver.cpp:398]     Test net output #1: loss = 0.150152 (* 1 = 0.150152 loss)
I0405 02:40:12.707607 14963 solver.cpp:219] Iteration 10200 (3.55952 iter/s, 168.562s/600 iters), loss = 0.0175371
I0405 02:40:12.707674 14963 solver.cpp:238]     Train net output #0: accuracy = 0.99
I0405 02:40:12.707697 14963 solver.cpp:238]     Train net output #1: loss = 0.0175371 (* 1 = 0.0175371 loss)
I0405 02:40:12.707712 14963 sgd_solver.cpp:107] Iteration 10200, lr = 0.0590183
I0405 02:42:57.691687 14967 data_layer.cpp:73] Restarting data prefetching from start.
I0405 02:42:58.782539 14963 solver.cpp:331] Iteration 10800, Testing net (#0)
I0405 02:43:00.608729 14969 data_layer.cpp:73] Restarting data prefetching from start.
I0405 02:43:00.685092 14963 solver.cpp:398]     Test net output #0: accuracy = 0.9777
I0405 02:43:00.685154 14963 solver.cpp:398]     Test net output #1: loss = 0.134928 (* 1 = 0.134928 loss)
I0405 02:43:00.723728 14963 solver.cpp:219] Iteration 10800 (3.57109 iter/s, 168.016s/600 iters), loss = 0.000806116
I0405 02:43:00.723798 14963 solver.cpp:238]     Train net output #0: accuracy = 1
I0405 02:43:00.723819 14963 solver.cpp:238]     Train net output #1: loss = 0.000806116 (* 1 = 0.000806116 loss)
I0405 02:43:00.723835 14963 sgd_solver.cpp:107] Iteration 10800, lr = 0.0577368
I0405 02:45:46.255103 14967 data_layer.cpp:73] Restarting data prefetching from start.
I0405 02:45:47.365278 14963 solver.cpp:331] Iteration 11400, Testing net (#0)
I0405 02:45:49.171116 14969 data_layer.cpp:73] Restarting data prefetching from start.
I0405 02:45:49.246397 14963 solver.cpp:398]     Test net output #0: accuracy = 0.9779
I0405 02:45:49.246464 14963 solver.cpp:398]     Test net output #1: loss = 0.139702 (* 1 = 0.139702 loss)
I0405 02:45:49.285482 14963 solver.cpp:219] Iteration 11400 (3.55954 iter/s, 168.561s/600 iters), loss = 0.000573541
I0405 02:45:49.285567 14963 solver.cpp:238]     Train net output #0: accuracy = 1
I0405 02:45:49.285588 14963 solver.cpp:238]     Train net output #1: loss = 0.000573541 (* 1 = 0.000573541 loss)
I0405 02:45:49.285605 14963 sgd_solver.cpp:107] Iteration 11400, lr = 0.0565184
I0405 02:48:35.555690 14967 data_layer.cpp:73] Restarting data prefetching from start.
I0405 02:48:36.672824 14963 solver.cpp:331] Iteration 12000, Testing net (#0)
I0405 02:48:38.470639 14969 data_layer.cpp:73] Restarting data prefetching from start.
I0405 02:48:38.544766 14963 solver.cpp:398]     Test net output #0: accuracy = 0.9784
I0405 02:48:38.544832 14963 solver.cpp:398]     Test net output #1: loss = 0.134448 (* 1 = 0.134448 loss)
I0405 02:48:38.583796 14963 solver.cpp:219] Iteration 12000 (3.54405 iter/s, 169.298s/600 iters), loss = 0.00370683
I0405 02:48:38.583864 14963 solver.cpp:238]     Train net output #0: accuracy = 1
I0405 02:48:38.583887 14963 solver.cpp:238]     Train net output #1: loss = 0.00370683 (* 1 = 0.00370683 loss)
I0405 02:48:38.583904 14963 sgd_solver.cpp:107] Iteration 12000, lr = 0.0553583
I0405 02:51:25.339929 14967 data_layer.cpp:73] Restarting data prefetching from start.
I0405 02:51:26.457432 14963 solver.cpp:331] Iteration 12600, Testing net (#0)
I0405 02:51:28.265913 14969 data_layer.cpp:73] Restarting data prefetching from start.
I0405 02:51:28.340091 14963 solver.cpp:398]     Test net output #0: accuracy = 0.9801
I0405 02:51:28.340154 14963 solver.cpp:398]     Test net output #1: loss = 0.128859 (* 1 = 0.128859 loss)
I0405 02:51:28.379253 14963 solver.cpp:219] Iteration 12600 (3.53367 iter/s, 169.795s/600 iters), loss = 0.0286752
I0405 02:51:28.379323 14963 solver.cpp:238]     Train net output #0: accuracy = 0.99
I0405 02:51:28.379345 14963 solver.cpp:238]     Train net output #1: loss = 0.0286752 (* 1 = 0.0286752 loss)
I0405 02:51:28.379361 14963 sgd_solver.cpp:107] Iteration 12600, lr = 0.0542524
I0405 02:54:15.329659 14967 data_layer.cpp:73] Restarting data prefetching from start.
I0405 02:54:16.451565 14963 solver.cpp:331] Iteration 13200, Testing net (#0)
I0405 02:54:18.257851 14969 data_layer.cpp:73] Restarting data prefetching from start.
I0405 02:54:18.379106 14963 solver.cpp:398]     Test net output #0: accuracy = 0.9775
I0405 02:54:18.379168 14963 solver.cpp:398]     Test net output #1: loss = 0.140235 (* 1 = 0.140235 loss)
I0405 02:54:18.417590 14963 solver.cpp:219] Iteration 13200 (3.52862 iter/s, 170.038s/600 iters), loss = 0.00045832
I0405 02:54:18.417659 14963 solver.cpp:238]     Train net output #0: accuracy = 1
I0405 02:54:18.417680 14963 solver.cpp:238]     Train net output #1: loss = 0.00045832 (* 1 = 0.00045832 loss)
I0405 02:54:18.417695 14963 sgd_solver.cpp:107] Iteration 13200, lr = 0.0531966
I0405 02:57:06.035688 14967 data_layer.cpp:73] Restarting data prefetching from start.
I0405 02:57:07.159826 14963 solver.cpp:331] Iteration 13800, Testing net (#0)
I0405 02:57:08.970996 14969 data_layer.cpp:73] Restarting data prefetching from start.
I0405 02:57:09.045298 14963 solver.cpp:398]     Test net output #0: accuracy = 0.9788
I0405 02:57:09.045362 14963 solver.cpp:398]     Test net output #1: loss = 0.138908 (* 1 = 0.138908 loss)
I0405 02:57:09.084332 14963 solver.cpp:219] Iteration 13800 (3.51564 iter/s, 170.666s/600 iters), loss = 0.000399832
I0405 02:57:09.084401 14963 solver.cpp:238]     Train net output #0: accuracy = 1
I0405 02:57:09.084424 14963 solver.cpp:238]     Train net output #1: loss = 0.000399832 (* 1 = 0.000399832 loss)
I0405 02:57:09.084439 14963 sgd_solver.cpp:107] Iteration 13800, lr = 0.0521876
I0405 02:59:56.892230 14967 data_layer.cpp:73] Restarting data prefetching from start.
I0405 02:59:58.017590 14963 solver.cpp:331] Iteration 14400, Testing net (#0)
I0405 02:59:59.820159 14969 data_layer.cpp:73] Restarting data prefetching from start.
I0405 02:59:59.893996 14963 solver.cpp:398]     Test net output #0: accuracy = 0.9801
I0405 02:59:59.894062 14963 solver.cpp:398]     Test net output #1: loss = 0.134933 (* 1 = 0.134933 loss)
I0405 02:59:59.932924 14963 solver.cpp:219] Iteration 14400 (3.51189 iter/s, 170.848s/600 iters), loss = 0.00221801
I0405 02:59:59.933009 14963 solver.cpp:238]     Train net output #0: accuracy = 1
I0405 02:59:59.933107 14963 solver.cpp:238]     Train net output #1: loss = 0.00221801 (* 1 = 0.00221801 loss)
I0405 02:59:59.933128 14963 sgd_solver.cpp:107] Iteration 14400, lr = 0.0512221
I0405 03:02:48.219590 14967 data_layer.cpp:73] Restarting data prefetching from start.
I0405 03:02:49.345980 14963 solver.cpp:331] Iteration 15000, Testing net (#0)
I0405 03:02:51.149452 14969 data_layer.cpp:73] Restarting data prefetching from start.
I0405 03:02:51.227988 14963 solver.cpp:398]     Test net output #0: accuracy = 0.9802
I0405 03:02:51.228054 14963 solver.cpp:398]     Test net output #1: loss = 0.137115 (* 1 = 0.137115 loss)
I0405 03:02:51.267207 14963 solver.cpp:219] Iteration 15000 (3.50193 iter/s, 171.334s/600 iters), loss = 8.3824e-05
I0405 03:02:51.267278 14963 solver.cpp:238]     Train net output #0: accuracy = 1
I0405 03:02:51.267300 14963 solver.cpp:238]     Train net output #1: loss = 8.3824e-05 (* 1 = 8.3824e-05 loss)
I0405 03:02:51.267316 14963 sgd_solver.cpp:107] Iteration 15000, lr = 0.0502973
I0405 03:05:39.688654 14967 data_layer.cpp:73] Restarting data prefetching from start.
I0405 03:05:40.816344 14963 solver.cpp:331] Iteration 15600, Testing net (#0)
I0405 03:05:42.624070 14969 data_layer.cpp:73] Restarting data prefetching from start.
I0405 03:05:42.700388 14963 solver.cpp:398]     Test net output #0: accuracy = 0.9793
I0405 03:05:42.700458 14963 solver.cpp:398]     Test net output #1: loss = 0.141147 (* 1 = 0.141147 loss)
I0405 03:05:42.739783 14963 solver.cpp:219] Iteration 15600 (3.49911 iter/s, 171.472s/600 iters), loss = 6.26995e-05
I0405 03:05:42.739853 14963 solver.cpp:238]     Train net output #0: accuracy = 1
I0405 03:05:42.739877 14963 solver.cpp:238]     Train net output #1: loss = 6.26995e-05 (* 1 = 6.26995e-05 loss)
I0405 03:05:42.739893 14963 sgd_solver.cpp:107] Iteration 15600, lr = 0.0494106
I0405 03:08:32.882877 14967 data_layer.cpp:73] Restarting data prefetching from start.
I0405 03:08:34.026651 14963 solver.cpp:331] Iteration 16200, Testing net (#0)
I0405 03:08:35.838472 14969 data_layer.cpp:73] Restarting data prefetching from start.
I0405 03:08:35.911922 14963 solver.cpp:398]     Test net output #0: accuracy = 0.9799
I0405 03:08:35.911990 14963 solver.cpp:398]     Test net output #1: loss = 0.142287 (* 1 = 0.142287 loss)
I0405 03:08:35.950714 14963 solver.cpp:219] Iteration 16200 (3.464 iter/s, 173.21s/600 iters), loss = 0.00167308
I0405 03:08:35.950784 14963 solver.cpp:238]     Train net output #0: accuracy = 1
I0405 03:08:35.950805 14963 solver.cpp:238]     Train net output #1: loss = 0.00167308 (* 1 = 0.00167308 loss)
I0405 03:08:35.950821 14963 sgd_solver.cpp:107] Iteration 16200, lr = 0.0485595
I0405 03:11:26.525261 14967 data_layer.cpp:73] Restarting data prefetching from start.
I0405 03:11:27.672010 14963 solver.cpp:331] Iteration 16800, Testing net (#0)
I0405 03:11:29.501893 14969 data_layer.cpp:73] Restarting data prefetching from start.
I0405 03:11:29.577644 14963 solver.cpp:398]     Test net output #0: accuracy = 0.9794
I0405 03:11:29.577713 14963 solver.cpp:398]     Test net output #1: loss = 0.14608 (* 1 = 0.14608 loss)
I0405 03:11:29.617216 14963 solver.cpp:219] Iteration 16800 (3.45491 iter/s, 173.666s/600 iters), loss = 0.00021837
I0405 03:11:29.617286 14963 solver.cpp:238]     Train net output #0: accuracy = 1
I0405 03:11:29.617308 14963 solver.cpp:238]     Train net output #1: loss = 0.00021837 (* 1 = 0.00021837 loss)
I0405 03:11:29.617324 14963 sgd_solver.cpp:107] Iteration 16800, lr = 0.0477418
I0405 03:14:20.652931 14967 data_layer.cpp:73] Restarting data prefetching from start.
I0405 03:14:21.802446 14963 solver.cpp:331] Iteration 17400, Testing net (#0)
I0405 03:14:23.631067 14969 data_layer.cpp:73] Restarting data prefetching from start.
I0405 03:14:23.710108 14963 solver.cpp:398]     Test net output #0: accuracy = 0.9807
I0405 03:14:23.710186 14963 solver.cpp:398]     Test net output #1: loss = 0.145539 (* 1 = 0.145539 loss)
I0405 03:14:23.749914 14963 solver.cpp:219] Iteration 17400 (3.44566 iter/s, 174.132s/600 iters), loss = 0.00166799
I0405 03:14:23.749984 14963 solver.cpp:238]     Train net output #0: accuracy = 1
I0405 03:14:23.750005 14963 solver.cpp:238]     Train net output #1: loss = 0.00166799 (* 1 = 0.00166799 loss)
I0405 03:14:23.750020 14963 sgd_solver.cpp:107] Iteration 17400, lr = 0.0469556
I0405 03:17:15.181910 14967 data_layer.cpp:73] Restarting data prefetching from start.
I0405 03:17:16.328989 14963 solver.cpp:448] Snapshotting to binary proto file _iter_18000.caffemodel
I0405 03:17:16.375061 14963 sgd_solver.cpp:287] Snapshotting solver state to binary proto file _iter_18000.solverstate
I0405 03:17:16.420701 14963 solver.cpp:311] Iteration 18000, loss = 0.000459129
I0405 03:17:16.420759 14963 solver.cpp:331] Iteration 18000, Testing net (#0)
I0405 03:17:18.273725 14969 data_layer.cpp:73] Restarting data prefetching from start.
I0405 03:17:18.349200 14963 solver.cpp:398]     Test net output #0: accuracy = 0.9808
I0405 03:17:18.349272 14963 solver.cpp:398]     Test net output #1: loss = 0.150566 (* 1 = 0.150566 loss)
I0405 03:17:18.349288 14963 solver.cpp:316] Optimization Done.
I0405 03:17:18.349298 14963 caffe_double.cpp:259] Optimization Done.
